-- The C compiler identification is GNU 11.4.0
-- The CXX compiler identification is GNU 11.4.0
-- Detecting C compiler ABI info
-- Detecting C compiler ABI info - done
-- Check for working C compiler: /usr/bin/cc - skipped
-- Detecting C compile features
-- Detecting C compile features - done
-- Detecting CXX compiler ABI info
-- Detecting CXX compiler ABI info - done
-- Check for working CXX compiler: /usr/bin/c++ - skipped
-- Detecting CXX compile features
-- Detecting CXX compile features - done
-- Found ament_cmake: 1.3.10 (/home/anlh/ros2_humble/install/ament_cmake/share/ament_cmake/cmake)
-- Found Python3: /usr/bin/python3 (found version "3.10.12") found components: Interpreter
-- Found rosidl_default_generators: 1.2.0 (/home/anlh/ros2_humble/install/rosidl_default_generators/share/rosidl_default_generators/cmake)
-- Using all available rosidl_typesupport_c: rosidl_typesupport_fastrtps_c;rosidl_typesupport_introspection_c
-- Found rosidl_adapter: 3.1.5 (/home/anlh/ros2_humble/install/rosidl_adapter/share/rosidl_adapter/cmake)
-- Using all available rosidl_typesupport_cpp: rosidl_typesupport_fastrtps_cpp;rosidl_typesupport_introspection_cpp
-- Found std_msgs: 4.2.4 (/home/anlh/ros2_humble/install/std_msgs/share/std_msgs/cmake)
-- Found ament_cmake_ros: 0.10.0 (/home/anlh/ros2_humble/install/ament_cmake_ros/share/ament_cmake_ros/cmake)
-- Using all available rosidl_typesupport_c: rosidl_typesupport_fastrtps_c;rosidl_typesupport_introspection_c
-- Using all available rosidl_typesupport_cpp: rosidl_typesupport_fastrtps_cpp;rosidl_typesupport_introspection_cpp
[33mCMake Warning (dev) at /home/anlh/ros2_humble/install/rosidl_generator_py/share/rosidl_generator_py/cmake/rosidl_generator_py_generate_interfaces.cmake:20 (find_package):
  Policy CMP0148 is not set: The FindPythonInterp and FindPythonLibs modules
  are removed.  Run "cmake --help-policy CMP0148" for policy details.  Use
  the cmake_policy command to set the policy and suppress this warning.

Call Stack (most recent call first):
  /home/anlh/ros2_humble/install/ament_cmake_core/share/ament_cmake_core/cmake/core/ament_execute_extensions.cmake:48 (include)
  /home/anlh/ros2_humble/install/rosidl_cmake/share/rosidl_cmake/cmake/rosidl_generate_interfaces.cmake:286 (ament_execute_extensions)
  CMakeLists.txt:24 (rosidl_generate_interfaces)
This warning is for project developers.  Use -Wno-dev to suppress it.
[0m
-- Found PythonInterp: /usr/bin/python3 (found suitable version "3.10.12", minimum required is "3.6")
-- Found python_cmake_module: 0.10.0 (/home/anlh/ros2_humble/install/python_cmake_module/share/python_cmake_module/cmake)
[33mCMake Warning (dev) at /home/anlh/ros2_humble/install/python_cmake_module/share/python_cmake_module/cmake/Modules/FindPythonExtra.cmake:52 (find_package):
  Policy CMP0148 is not set: The FindPythonInterp and FindPythonLibs modules
  are removed.  Run "cmake --help-policy CMP0148" for policy details.  Use
  the cmake_policy command to set the policy and suppress this warning.

Call Stack (most recent call first):
  /home/anlh/ros2_humble/install/rosidl_generator_py/share/rosidl_generator_py/cmake/rosidl_generator_py_generate_interfaces.cmake:23 (find_package)
  /home/anlh/ros2_humble/install/ament_cmake_core/share/ament_cmake_core/cmake/core/ament_execute_extensions.cmake:48 (include)
  /home/anlh/ros2_humble/install/rosidl_cmake/share/rosidl_cmake/cmake/rosidl_generate_interfaces.cmake:286 (ament_execute_extensions)
  CMakeLists.txt:24 (rosidl_generate_interfaces)
This warning is for project developers.  Use -Wno-dev to suppress it.
[0m
[33mCMake Warning (dev) at /home/anlh/ros2_humble/install/python_cmake_module/share/python_cmake_module/cmake/Modules/FindPythonExtra.cmake:140 (find_package):
  Policy CMP0148 is not set: The FindPythonInterp and FindPythonLibs modules
  are removed.  Run "cmake --help-policy CMP0148" for policy details.  Use
  the cmake_policy command to set the policy and suppress this warning.

Call Stack (most recent call first):
  /home/anlh/ros2_humble/install/rosidl_generator_py/share/rosidl_generator_py/cmake/rosidl_generator_py_generate_interfaces.cmake:23 (find_package)
  /home/anlh/ros2_humble/install/ament_cmake_core/share/ament_cmake_core/cmake/core/ament_execute_extensions.cmake:48 (include)
  /home/anlh/ros2_humble/install/rosidl_cmake/share/rosidl_cmake/cmake/rosidl_generate_interfaces.cmake:286 (ament_execute_extensions)
  CMakeLists.txt:24 (rosidl_generate_interfaces)
This warning is for project developers.  Use -Wno-dev to suppress it.
[0m
-- Found PythonLibs: /usr/lib/x86_64-linux-gnu/libpython3.10.so (found suitable version "3.10.12", minimum required is "3.5")
-- Using PYTHON_EXECUTABLE: /usr/bin/python3
-- Using PYTHON_INCLUDE_DIRS: /usr/include/python3.10
-- Using PYTHON_LIBRARIES: /usr/lib/x86_64-linux-gnu/libpython3.10.so
-- Found PythonExtra: .so
-- Configuring done (4.3s)
-- Generating done (0.0s)
-- Build files have been written to: /home/anlh/DRL_Velocity_Obstacles/build/cnn_msgs
[  3%] [34m[1mGenerating C code for ROS interfaces[0m
[  6%] [34m[1mGenerating C++ code for ROS interfaces[0m
[  6%] Built target ament_cmake_python_copy_cnn_msgs
[  6%] Built target cnn_msgs__cpp
[  9%] [32mBuilding C object CMakeFiles/cnn_msgs__rosidl_generator_c.dir/rosidl_generator_c/cnn_msgs/msg/detail/cnn_data__functions.c.o[0m
[ 19%] [34m[1mGenerating C++ introspection for ROS interfaces[0m
[ 19%] [34m[1mGenerating C++ type support dispatch for ROS interfaces[0m
[ 19%] [34m[1mGenerating C++ type support for eProsima Fast-RTPS[0m
running egg_info
creating cnn_msgs.egg-info
writing cnn_msgs.egg-info/PKG-INFO
writing dependency_links to cnn_msgs.egg-info/dependency_links.txt
writing top-level names to cnn_msgs.egg-info/top_level.txt
writing manifest file 'cnn_msgs.egg-info/SOURCES.txt'
reading manifest file 'cnn_msgs.egg-info/SOURCES.txt'
writing manifest file 'cnn_msgs.egg-info/SOURCES.txt'
[ 19%] Built target ament_cmake_python_build_cnn_msgs_egg
[ 22%] [32m[1mLinking C shared library libcnn_msgs__rosidl_generator_c.so[0m
[ 22%] Built target cnn_msgs__rosidl_generator_c
[ 25%] [34m[1mGenerating C type support dispatch for ROS interfaces[0m
[ 29%] [34m[1mGenerating C type support for eProsima Fast-RTPS[0m
[ 32%] [34m[1mGenerating C introspection for ROS interfaces[0m
[ 35%] [32mBuilding CXX object CMakeFiles/cnn_msgs__rosidl_typesupport_introspection_cpp.dir/rosidl_typesupport_introspection_cpp/cnn_msgs/msg/detail/cnn_data__type_support.cpp.o[0m
[ 38%] [32mBuilding CXX object CMakeFiles/cnn_msgs__rosidl_typesupport_cpp.dir/rosidl_typesupport_cpp/cnn_msgs/msg/cnn_data__type_support.cpp.o[0m
[ 41%] [32mBuilding CXX object CMakeFiles/cnn_msgs__rosidl_typesupport_fastrtps_cpp.dir/rosidl_typesupport_fastrtps_cpp/cnn_msgs/msg/detail/dds_fastrtps/cnn_data__type_support.cpp.o[0m
[ 45%] [32mBuilding C object CMakeFiles/cnn_msgs__rosidl_typesupport_introspection_c.dir/rosidl_typesupport_introspection_c/cnn_msgs/msg/detail/cnn_data__type_support.c.o[0m
[ 48%] [32m[1mLinking C shared library libcnn_msgs__rosidl_typesupport_introspection_c.so[0m
[ 51%] [32mBuilding CXX object CMakeFiles/cnn_msgs__rosidl_typesupport_c.dir/rosidl_typesupport_c/cnn_msgs/msg/cnn_data__type_support.cpp.o[0m
[ 51%] Built target cnn_msgs__rosidl_typesupport_introspection_c
[ 54%] [32m[1mLinking CXX shared library libcnn_msgs__rosidl_typesupport_c.so[0m
[ 58%] [32mBuilding CXX object CMakeFiles/cnn_msgs__rosidl_typesupport_fastrtps_c.dir/rosidl_typesupport_fastrtps_c/cnn_msgs/msg/detail/cnn_data__type_support_c.cpp.o[0m
[ 61%] [32m[1mLinking CXX shared library libcnn_msgs__rosidl_typesupport_cpp.so[0m
[ 64%] [32m[1mLinking CXX shared library libcnn_msgs__rosidl_typesupport_introspection_cpp.so[0m
[ 64%] Built target cnn_msgs__rosidl_typesupport_c
[ 64%] Built target cnn_msgs__rosidl_typesupport_cpp
[ 64%] Built target cnn_msgs__rosidl_typesupport_introspection_cpp
[ 67%] [32m[1mLinking CXX shared library libcnn_msgs__rosidl_typesupport_fastrtps_cpp.so[0m
[ 67%] Built target cnn_msgs__rosidl_typesupport_fastrtps_cpp
[ 70%] [32m[1mLinking CXX shared library libcnn_msgs__rosidl_typesupport_fastrtps_c.so[0m
[ 70%] Built target cnn_msgs__rosidl_typesupport_fastrtps_c
[ 70%] Built target cnn_msgs
[ 74%] [34m[1mGenerating Python code for ROS interfaces[0m
[ 74%] Built target cnn_msgs__py
[ 77%] [32mBuilding C object CMakeFiles/cnn_msgs__rosidl_generator_py.dir/rosidl_generator_py/cnn_msgs/msg/_cnn_data_s.c.o[0m
[ 80%] [32m[1mLinking C shared library rosidl_generator_py/cnn_msgs/libcnn_msgs__rosidl_generator_py.so[0m
[ 80%] Built target cnn_msgs__rosidl_generator_py
[ 87%] [32mBuilding C object CMakeFiles/cnn_msgs__rosidl_typesupport_c__pyext.dir/rosidl_generator_py/cnn_msgs/_cnn_msgs_s.ep.rosidl_typesupport_c.c.o[0m
[ 87%] [32mBuilding C object CMakeFiles/cnn_msgs__rosidl_typesupport_fastrtps_c__pyext.dir/rosidl_generator_py/cnn_msgs/_cnn_msgs_s.ep.rosidl_typesupport_fastrtps_c.c.o[0m
[ 90%] [32mBuilding C object CMakeFiles/cnn_msgs__rosidl_typesupport_introspection_c__pyext.dir/rosidl_generator_py/cnn_msgs/_cnn_msgs_s.ep.rosidl_typesupport_introspection_c.c.o[0m
[100%] [32m[1mLinking C shared library rosidl_generator_py/cnn_msgs/cnn_msgs_s__rosidl_typesupport_c.cpython-310-x86_64-linux-gnu.so[0m
[100%] [32m[1mLinking C shared library rosidl_generator_py/cnn_msgs/cnn_msgs_s__rosidl_typesupport_fastrtps_c.cpython-310-x86_64-linux-gnu.so[0m
[100%] [32m[1mLinking C shared library rosidl_generator_py/cnn_msgs/cnn_msgs_s__rosidl_typesupport_introspection_c.cpython-310-x86_64-linux-gnu.so[0m
[100%] Built target cnn_msgs__rosidl_typesupport_fastrtps_c__pyext
[100%] Built target cnn_msgs__rosidl_typesupport_c__pyext
[100%] Built target cnn_msgs__rosidl_typesupport_introspection_c__pyext
-- Install configuration: ""
-- Installing: /home/anlh/DRL_Velocity_Obstacles/install/cnn_msgs/share/ament_index/resource_index/rosidl_interfaces/cnn_msgs
-- Installing: /home/anlh/DRL_Velocity_Obstacles/install/cnn_msgs/include/cnn_msgs/cnn_msgs
-- Installing: /home/anlh/DRL_Velocity_Obstacles/install/cnn_msgs/include/cnn_msgs/cnn_msgs/msg
-- Installing: /home/anlh/DRL_Velocity_Obstacles/install/cnn_msgs/include/cnn_msgs/cnn_msgs/msg/rosidl_generator_c__visibility_control.h
-- Installing: /home/anlh/DRL_Velocity_Obstacles/install/cnn_msgs/include/cnn_msgs/cnn_msgs/msg/detail
-- Installing: /home/anlh/DRL_Velocity_Obstacles/install/cnn_msgs/include/cnn_msgs/cnn_msgs/msg/detail/cnn_data__functions.c
-- Installing: /home/anlh/DRL_Velocity_Obstacles/install/cnn_msgs/include/cnn_msgs/cnn_msgs/msg/detail/cnn_data__type_support.h
-- Installing: /home/anlh/DRL_Velocity_Obstacles/install/cnn_msgs/include/cnn_msgs/cnn_msgs/msg/detail/cnn_data__functions.h
-- Installing: /home/anlh/DRL_Velocity_Obstacles/install/cnn_msgs/include/cnn_msgs/cnn_msgs/msg/detail/cnn_data__struct.h
-- Installing: /home/anlh/DRL_Velocity_Obstacles/install/cnn_msgs/include/cnn_msgs/cnn_msgs/msg/cnn_data.h
-- Installing: /home/anlh/DRL_Velocity_Obstacles/install/cnn_msgs/share/cnn_msgs/environment/library_path.sh
-- Installing: /home/anlh/DRL_Velocity_Obstacles/install/cnn_msgs/share/cnn_msgs/environment/library_path.dsv
-- Installing: /home/anlh/DRL_Velocity_Obstacles/install/cnn_msgs/lib/libcnn_msgs__rosidl_generator_c.so
-- Set non-toolchain portion of runtime path of "/home/anlh/DRL_Velocity_Obstacles/install/cnn_msgs/lib/libcnn_msgs__rosidl_generator_c.so" to ""
-- Up-to-date: /home/anlh/DRL_Velocity_Obstacles/install/cnn_msgs/include/cnn_msgs/cnn_msgs
-- Up-to-date: /home/anlh/DRL_Velocity_Obstacles/install/cnn_msgs/include/cnn_msgs/cnn_msgs/msg
-- Installing: /home/anlh/DRL_Velocity_Obstacles/install/cnn_msgs/include/cnn_msgs/cnn_msgs/msg/rosidl_typesupport_fastrtps_c__visibility_control.h
-- Up-to-date: /home/anlh/DRL_Velocity_Obstacles/install/cnn_msgs/include/cnn_msgs/cnn_msgs/msg/detail
-- Installing: /home/anlh/DRL_Velocity_Obstacles/install/cnn_msgs/include/cnn_msgs/cnn_msgs/msg/detail/cnn_data__rosidl_typesupport_fastrtps_c.h
-- Installing: /home/anlh/DRL_Velocity_Obstacles/install/cnn_msgs/lib/libcnn_msgs__rosidl_typesupport_fastrtps_c.so
-- Set non-toolchain portion of runtime path of "/home/anlh/DRL_Velocity_Obstacles/install/cnn_msgs/lib/libcnn_msgs__rosidl_typesupport_fastrtps_c.so" to ""
-- Up-to-date: /home/anlh/DRL_Velocity_Obstacles/install/cnn_msgs/include/cnn_msgs/cnn_msgs
-- Up-to-date: /home/anlh/DRL_Velocity_Obstacles/install/cnn_msgs/include/cnn_msgs/cnn_msgs/msg
-- Up-to-date: /home/anlh/DRL_Velocity_Obstacles/install/cnn_msgs/include/cnn_msgs/cnn_msgs/msg/detail
-- Installing: /home/anlh/DRL_Velocity_Obstacles/install/cnn_msgs/include/cnn_msgs/cnn_msgs/msg/detail/cnn_data__type_support.c
-- Installing: /home/anlh/DRL_Velocity_Obstacles/install/cnn_msgs/include/cnn_msgs/cnn_msgs/msg/detail/cnn_data__rosidl_typesupport_introspection_c.h
-- Installing: /home/anlh/DRL_Velocity_Obstacles/install/cnn_msgs/include/cnn_msgs/cnn_msgs/msg/rosidl_typesupport_introspection_c__visibility_control.h
-- Installing: /home/anlh/DRL_Velocity_Obstacles/install/cnn_msgs/lib/libcnn_msgs__rosidl_typesupport_introspection_c.so
-- Set non-toolchain portion of runtime path of "/home/anlh/DRL_Velocity_Obstacles/install/cnn_msgs/lib/libcnn_msgs__rosidl_typesupport_introspection_c.so" to ""
-- Installing: /home/anlh/DRL_Velocity_Obstacles/install/cnn_msgs/lib/libcnn_msgs__rosidl_typesupport_c.so
-- Set non-toolchain portion of runtime path of "/home/anlh/DRL_Velocity_Obstacles/install/cnn_msgs/lib/libcnn_msgs__rosidl_typesupport_c.so" to ""
-- Up-to-date: /home/anlh/DRL_Velocity_Obstacles/install/cnn_msgs/include/cnn_msgs/cnn_msgs
-- Up-to-date: /home/anlh/DRL_Velocity_Obstacles/install/cnn_msgs/include/cnn_msgs/cnn_msgs/msg
-- Up-to-date: /home/anlh/DRL_Velocity_Obstacles/install/cnn_msgs/include/cnn_msgs/cnn_msgs/msg/detail
-- Installing: /home/anlh/DRL_Velocity_Obstacles/install/cnn_msgs/include/cnn_msgs/cnn_msgs/msg/detail/cnn_data__struct.hpp
-- Installing: /home/anlh/DRL_Velocity_Obstacles/install/cnn_msgs/include/cnn_msgs/cnn_msgs/msg/detail/cnn_data__builder.hpp
-- Installing: /home/anlh/DRL_Velocity_Obstacles/install/cnn_msgs/include/cnn_msgs/cnn_msgs/msg/detail/cnn_data__traits.hpp
-- Installing: /home/anlh/DRL_Velocity_Obstacles/install/cnn_msgs/include/cnn_msgs/cnn_msgs/msg/cnn_data.hpp
-- Up-to-date: /home/anlh/DRL_Velocity_Obstacles/install/cnn_msgs/include/cnn_msgs/cnn_msgs
-- Up-to-date: /home/anlh/DRL_Velocity_Obstacles/install/cnn_msgs/include/cnn_msgs/cnn_msgs/msg
-- Installing: /home/anlh/DRL_Velocity_Obstacles/install/cnn_msgs/include/cnn_msgs/cnn_msgs/msg/rosidl_typesupport_fastrtps_cpp__visibility_control.h
-- Up-to-date: /home/anlh/DRL_Velocity_Obstacles/install/cnn_msgs/include/cnn_msgs/cnn_msgs/msg/detail
-- Installing: /home/anlh/DRL_Velocity_Obstacles/install/cnn_msgs/include/cnn_msgs/cnn_msgs/msg/detail/dds_fastrtps
-- Installing: /home/anlh/DRL_Velocity_Obstacles/install/cnn_msgs/include/cnn_msgs/cnn_msgs/msg/detail/cnn_data__rosidl_typesupport_fastrtps_cpp.hpp
-- Installing: /home/anlh/DRL_Velocity_Obstacles/install/cnn_msgs/lib/libcnn_msgs__rosidl_typesupport_fastrtps_cpp.so
-- Set non-toolchain portion of runtime path of "/home/anlh/DRL_Velocity_Obstacles/install/cnn_msgs/lib/libcnn_msgs__rosidl_typesupport_fastrtps_cpp.so" to ""
-- Up-to-date: /home/anlh/DRL_Velocity_Obstacles/install/cnn_msgs/include/cnn_msgs/cnn_msgs
-- Up-to-date: /home/anlh/DRL_Velocity_Obstacles/install/cnn_msgs/include/cnn_msgs/cnn_msgs/msg
-- Up-to-date: /home/anlh/DRL_Velocity_Obstacles/install/cnn_msgs/include/cnn_msgs/cnn_msgs/msg/detail
-- Installing: /home/anlh/DRL_Velocity_Obstacles/install/cnn_msgs/include/cnn_msgs/cnn_msgs/msg/detail/cnn_data__type_support.cpp
-- Installing: /home/anlh/DRL_Velocity_Obstacles/install/cnn_msgs/include/cnn_msgs/cnn_msgs/msg/detail/cnn_data__rosidl_typesupport_introspection_cpp.hpp
-- Installing: /home/anlh/DRL_Velocity_Obstacles/install/cnn_msgs/lib/libcnn_msgs__rosidl_typesupport_introspection_cpp.so
-- Set non-toolchain portion of runtime path of "/home/anlh/DRL_Velocity_Obstacles/install/cnn_msgs/lib/libcnn_msgs__rosidl_typesupport_introspection_cpp.so" to ""
-- Installing: /home/anlh/DRL_Velocity_Obstacles/install/cnn_msgs/lib/libcnn_msgs__rosidl_typesupport_cpp.so
-- Set non-toolchain portion of runtime path of "/home/anlh/DRL_Velocity_Obstacles/install/cnn_msgs/lib/libcnn_msgs__rosidl_typesupport_cpp.so" to ""
-- Installing: /home/anlh/DRL_Velocity_Obstacles/install/cnn_msgs/share/cnn_msgs/environment/pythonpath.sh
-- Installing: /home/anlh/DRL_Velocity_Obstacles/install/cnn_msgs/share/cnn_msgs/environment/pythonpath.dsv
-- Installing: /home/anlh/DRL_Velocity_Obstacles/install/cnn_msgs/local/lib/python3.10/dist-packages/cnn_msgs-1.1.3-py3.10.egg-info
-- Installing: /home/anlh/DRL_Velocity_Obstacles/install/cnn_msgs/local/lib/python3.10/dist-packages/cnn_msgs-1.1.3-py3.10.egg-info/dependency_links.txt
-- Installing: /home/anlh/DRL_Velocity_Obstacles/install/cnn_msgs/local/lib/python3.10/dist-packages/cnn_msgs-1.1.3-py3.10.egg-info/PKG-INFO
-- Installing: /home/anlh/DRL_Velocity_Obstacles/install/cnn_msgs/local/lib/python3.10/dist-packages/cnn_msgs-1.1.3-py3.10.egg-info/SOURCES.txt
-- Installing: /home/anlh/DRL_Velocity_Obstacles/install/cnn_msgs/local/lib/python3.10/dist-packages/cnn_msgs-1.1.3-py3.10.egg-info/top_level.txt
-- Installing: /home/anlh/DRL_Velocity_Obstacles/install/cnn_msgs/local/lib/python3.10/dist-packages/cnn_msgs
-- Installing: /home/anlh/DRL_Velocity_Obstacles/install/cnn_msgs/local/lib/python3.10/dist-packages/cnn_msgs/cnn_msgs_s__rosidl_typesupport_c.cpython-310-x86_64-linux-gnu.so
-- Installing: /home/anlh/DRL_Velocity_Obstacles/install/cnn_msgs/local/lib/python3.10/dist-packages/cnn_msgs/__init__.py
-- Installing: /home/anlh/DRL_Velocity_Obstacles/install/cnn_msgs/local/lib/python3.10/dist-packages/cnn_msgs/msg
-- Installing: /home/anlh/DRL_Velocity_Obstacles/install/cnn_msgs/local/lib/python3.10/dist-packages/cnn_msgs/msg/__init__.py
-- Installing: /home/anlh/DRL_Velocity_Obstacles/install/cnn_msgs/local/lib/python3.10/dist-packages/cnn_msgs/msg/_cnn_data_s.c
-- Installing: /home/anlh/DRL_Velocity_Obstacles/install/cnn_msgs/local/lib/python3.10/dist-packages/cnn_msgs/msg/_cnn_data.py
-- Installing: /home/anlh/DRL_Velocity_Obstacles/install/cnn_msgs/local/lib/python3.10/dist-packages/cnn_msgs/_cnn_msgs_s.ep.rosidl_typesupport_introspection_c.c
-- Installing: /home/anlh/DRL_Velocity_Obstacles/install/cnn_msgs/local/lib/python3.10/dist-packages/cnn_msgs/cnn_msgs_s__rosidl_typesupport_introspection_c.cpython-310-x86_64-linux-gnu.so
-- Installing: /home/anlh/DRL_Velocity_Obstacles/install/cnn_msgs/local/lib/python3.10/dist-packages/cnn_msgs/libcnn_msgs__rosidl_generator_py.so
-- Installing: /home/anlh/DRL_Velocity_Obstacles/install/cnn_msgs/local/lib/python3.10/dist-packages/cnn_msgs/cnn_msgs_s__rosidl_typesupport_fastrtps_c.cpython-310-x86_64-linux-gnu.so
-- Installing: /home/anlh/DRL_Velocity_Obstacles/install/cnn_msgs/local/lib/python3.10/dist-packages/cnn_msgs/_cnn_msgs_s.ep.rosidl_typesupport_c.c
-- Installing: /home/anlh/DRL_Velocity_Obstacles/install/cnn_msgs/local/lib/python3.10/dist-packages/cnn_msgs/_cnn_msgs_s.ep.rosidl_typesupport_fastrtps_c.c
Listing '/home/anlh/DRL_Velocity_Obstacles/install/cnn_msgs/local/lib/python3.10/dist-packages/cnn_msgs'...
Compiling '/home/anlh/DRL_Velocity_Obstacles/install/cnn_msgs/local/lib/python3.10/dist-packages/cnn_msgs/__init__.py'...
Listing '/home/anlh/DRL_Velocity_Obstacles/install/cnn_msgs/local/lib/python3.10/dist-packages/cnn_msgs/msg'...
Compiling '/home/anlh/DRL_Velocity_Obstacles/install/cnn_msgs/local/lib/python3.10/dist-packages/cnn_msgs/msg/__init__.py'...
Compiling '/home/anlh/DRL_Velocity_Obstacles/install/cnn_msgs/local/lib/python3.10/dist-packages/cnn_msgs/msg/_cnn_data.py'...
-- Installing: /home/anlh/DRL_Velocity_Obstacles/install/cnn_msgs/local/lib/python3.10/dist-packages/cnn_msgs/cnn_msgs_s__rosidl_typesupport_fastrtps_c.cpython-310-x86_64-linux-gnu.so
-- Set non-toolchain portion of runtime path of "/home/anlh/DRL_Velocity_Obstacles/install/cnn_msgs/local/lib/python3.10/dist-packages/cnn_msgs/cnn_msgs_s__rosidl_typesupport_fastrtps_c.cpython-310-x86_64-linux-gnu.so" to ""
-- Installing: /home/anlh/DRL_Velocity_Obstacles/install/cnn_msgs/local/lib/python3.10/dist-packages/cnn_msgs/cnn_msgs_s__rosidl_typesupport_introspection_c.cpython-310-x86_64-linux-gnu.so
-- Set non-toolchain portion of runtime path of "/home/anlh/DRL_Velocity_Obstacles/install/cnn_msgs/local/lib/python3.10/dist-packages/cnn_msgs/cnn_msgs_s__rosidl_typesupport_introspection_c.cpython-310-x86_64-linux-gnu.so" to ""
-- Installing: /home/anlh/DRL_Velocity_Obstacles/install/cnn_msgs/local/lib/python3.10/dist-packages/cnn_msgs/cnn_msgs_s__rosidl_typesupport_c.cpython-310-x86_64-linux-gnu.so
-- Set non-toolchain portion of runtime path of "/home/anlh/DRL_Velocity_Obstacles/install/cnn_msgs/local/lib/python3.10/dist-packages/cnn_msgs/cnn_msgs_s__rosidl_typesupport_c.cpython-310-x86_64-linux-gnu.so" to ""
-- Installing: /home/anlh/DRL_Velocity_Obstacles/install/cnn_msgs/lib/libcnn_msgs__rosidl_generator_py.so
-- Set non-toolchain portion of runtime path of "/home/anlh/DRL_Velocity_Obstacles/install/cnn_msgs/lib/libcnn_msgs__rosidl_generator_py.so" to ""
-- Installing: /home/anlh/DRL_Velocity_Obstacles/install/cnn_msgs/share/cnn_msgs/msg/CnnData.idl
-- Installing: /home/anlh/DRL_Velocity_Obstacles/install/cnn_msgs/share/cnn_msgs/msg/CnnData.msg
-- Installing: /home/anlh/DRL_Velocity_Obstacles/install/cnn_msgs/share/ament_index/resource_index/package_run_dependencies/cnn_msgs
-- Installing: /home/anlh/DRL_Velocity_Obstacles/install/cnn_msgs/share/ament_index/resource_index/parent_prefix_path/cnn_msgs
-- Installing: /home/anlh/DRL_Velocity_Obstacles/install/cnn_msgs/share/cnn_msgs/environment/ament_prefix_path.sh
-- Installing: /home/anlh/DRL_Velocity_Obstacles/install/cnn_msgs/share/cnn_msgs/environment/ament_prefix_path.dsv
-- Installing: /home/anlh/DRL_Velocity_Obstacles/install/cnn_msgs/share/cnn_msgs/environment/path.sh
-- Installing: /home/anlh/DRL_Velocity_Obstacles/install/cnn_msgs/share/cnn_msgs/environment/path.dsv
-- Installing: /home/anlh/DRL_Velocity_Obstacles/install/cnn_msgs/share/cnn_msgs/local_setup.bash
-- Installing: /home/anlh/DRL_Velocity_Obstacles/install/cnn_msgs/share/cnn_msgs/local_setup.sh
-- Installing: /home/anlh/DRL_Velocity_Obstacles/install/cnn_msgs/share/cnn_msgs/local_setup.zsh
-- Installing: /home/anlh/DRL_Velocity_Obstacles/install/cnn_msgs/share/cnn_msgs/local_setup.dsv
-- Installing: /home/anlh/DRL_Velocity_Obstacles/install/cnn_msgs/share/cnn_msgs/package.dsv
-- Installing: /home/anlh/DRL_Velocity_Obstacles/install/cnn_msgs/share/ament_index/resource_index/packages/cnn_msgs
-- Installing: /home/anlh/DRL_Velocity_Obstacles/install/cnn_msgs/share/cnn_msgs/cmake/export_cnn_msgs__rosidl_generator_cExport.cmake
-- Installing: /home/anlh/DRL_Velocity_Obstacles/install/cnn_msgs/share/cnn_msgs/cmake/export_cnn_msgs__rosidl_generator_cExport-noconfig.cmake
-- Installing: /home/anlh/DRL_Velocity_Obstacles/install/cnn_msgs/share/cnn_msgs/cmake/export_cnn_msgs__rosidl_typesupport_fastrtps_cExport.cmake
-- Installing: /home/anlh/DRL_Velocity_Obstacles/install/cnn_msgs/share/cnn_msgs/cmake/export_cnn_msgs__rosidl_typesupport_fastrtps_cExport-noconfig.cmake
-- Installing: /home/anlh/DRL_Velocity_Obstacles/install/cnn_msgs/share/cnn_msgs/cmake/cnn_msgs__rosidl_typesupport_introspection_cExport.cmake
-- Installing: /home/anlh/DRL_Velocity_Obstacles/install/cnn_msgs/share/cnn_msgs/cmake/cnn_msgs__rosidl_typesupport_introspection_cExport-noconfig.cmake
-- Installing: /home/anlh/DRL_Velocity_Obstacles/install/cnn_msgs/share/cnn_msgs/cmake/cnn_msgs__rosidl_typesupport_cExport.cmake
-- Installing: /home/anlh/DRL_Velocity_Obstacles/install/cnn_msgs/share/cnn_msgs/cmake/cnn_msgs__rosidl_typesupport_cExport-noconfig.cmake
-- Installing: /home/anlh/DRL_Velocity_Obstacles/install/cnn_msgs/share/cnn_msgs/cmake/export_cnn_msgs__rosidl_generator_cppExport.cmake
-- Installing: /home/anlh/DRL_Velocity_Obstacles/install/cnn_msgs/share/cnn_msgs/cmake/export_cnn_msgs__rosidl_typesupport_fastrtps_cppExport.cmake
-- Installing: /home/anlh/DRL_Velocity_Obstacles/install/cnn_msgs/share/cnn_msgs/cmake/export_cnn_msgs__rosidl_typesupport_fastrtps_cppExport-noconfig.cmake
-- Installing: /home/anlh/DRL_Velocity_Obstacles/install/cnn_msgs/share/cnn_msgs/cmake/cnn_msgs__rosidl_typesupport_introspection_cppExport.cmake
-- Installing: /home/anlh/DRL_Velocity_Obstacles/install/cnn_msgs/share/cnn_msgs/cmake/cnn_msgs__rosidl_typesupport_introspection_cppExport-noconfig.cmake
-- Installing: /home/anlh/DRL_Velocity_Obstacles/install/cnn_msgs/share/cnn_msgs/cmake/cnn_msgs__rosidl_typesupport_cppExport.cmake
-- Installing: /home/anlh/DRL_Velocity_Obstacles/install/cnn_msgs/share/cnn_msgs/cmake/cnn_msgs__rosidl_typesupport_cppExport-noconfig.cmake
-- Installing: /home/anlh/DRL_Velocity_Obstacles/install/cnn_msgs/share/cnn_msgs/cmake/export_cnn_msgs__rosidl_generator_pyExport.cmake
-- Installing: /home/anlh/DRL_Velocity_Obstacles/install/cnn_msgs/share/cnn_msgs/cmake/export_cnn_msgs__rosidl_generator_pyExport-noconfig.cmake
-- Installing: /home/anlh/DRL_Velocity_Obstacles/install/cnn_msgs/share/cnn_msgs/cmake/rosidl_cmake-extras.cmake
-- Installing: /home/anlh/DRL_Velocity_Obstacles/install/cnn_msgs/share/cnn_msgs/cmake/ament_cmake_export_dependencies-extras.cmake
-- Installing: /home/anlh/DRL_Velocity_Obstacles/install/cnn_msgs/share/cnn_msgs/cmake/ament_cmake_export_include_directories-extras.cmake
-- Installing: /home/anlh/DRL_Velocity_Obstacles/install/cnn_msgs/share/cnn_msgs/cmake/ament_cmake_export_libraries-extras.cmake
-- Installing: /home/anlh/DRL_Velocity_Obstacles/install/cnn_msgs/share/cnn_msgs/cmake/ament_cmake_export_targets-extras.cmake
-- Installing: /home/anlh/DRL_Velocity_Obstacles/install/cnn_msgs/share/cnn_msgs/cmake/rosidl_cmake_export_typesupport_targets-extras.cmake
-- Installing: /home/anlh/DRL_Velocity_Obstacles/install/cnn_msgs/share/cnn_msgs/cmake/rosidl_cmake_export_typesupport_libraries-extras.cmake
-- Installing: /home/anlh/DRL_Velocity_Obstacles/install/cnn_msgs/share/cnn_msgs/cmake/cnn_msgsConfig.cmake
-- Installing: /home/anlh/DRL_Velocity_Obstacles/install/cnn_msgs/share/cnn_msgs/cmake/cnn_msgsConfig-version.cmake
-- Installing: /home/anlh/DRL_Velocity_Obstacles/install/cnn_msgs/share/cnn_msgs/package.xml
