[0.046s] Invoking command in '/home/anlh/DRL_Velocity_Obstacles/build/cnn_msgs': CMAKE_PREFIX_PATH=${CMAKE_PREFIX_PATH}:/home/anlh/turtlebot3_ws/install/turtlebot3_teleop:/home/anlh/turtlebot3_ws/install/turtlebot3_example:/opt/ros/humble:/home/anlh/ros2_humble/install/rqt_bag_plugins:/home/anlh/ros2_humble/install/rqt_bag:/home/anlh/ros2_humble/install/ros2bag:/home/anlh/ros2_humble/install/tracetools_test:/home/anlh/ros2_humble/install/tracetools_launch:/home/anlh/ros2_humble/install/topic_monitor:/home/anlh/ros2_humble/install/tf2_tools:/home/anlh/ros2_humble/install/examples_tf2_py:/home/anlh/ros2_humble/install/tf2_ros_py:/home/anlh/ros2_humble/install/sros2:/home/anlh/ros2_humble/install/rqt_topic:/home/anlh/ros2_humble/install/rqt_srv:/home/anlh/ros2_humble/install/rqt_shell:/home/anlh/ros2_humble/install/rqt_service_caller:/home/anlh/ros2_humble/install/rqt_reconfigure:/home/anlh/ros2_humble/install/rqt_py_console:/home/anlh/ros2_humble/install/rqt_publisher:/home/anlh/ros2_humble/install/rqt_plot:/home/anlh/ros2_humble/install/rqt_action:/home/anlh/ros2_humble/install/rqt_msg:/home/anlh/ros2_humble/install/rqt_console:/home/anlh/ros2_humble/install/rqt:/home/anlh/ros2_humble/install/rqt_graph:/home/anlh/ros2_humble/install/rqt_gui_py:/home/anlh/ros2_humble/install/rqt_gui:/home/anlh/ros2_humble/install/ros2trace:/home/anlh/ros2_humble/install/ros2topic:/home/anlh/ros2_humble/install/ros2test:/home/anlh/ros2_humble/install/ros2component:/home/anlh/ros2_humble/install/ros2param:/home/anlh/ros2_humble/install/ros2lifecycle:/home/anlh/ros2_humble/install/ros2service:/home/anlh/ros2_humble/install/ros2run:/home/anlh/ros2_humble/install/ros2launch:/home/anlh/ros2_humble/install/ros2pkg:/home/anlh/ros2_humble/install/ros2node:/home/anlh/ros2_humble/install/ros2multicast:/home/anlh/ros2_humble/install/ros2interface:/home/anlh/ros2_humble/install/ros2doctor:/home/anlh/ros2_humble/install/ros2action:/home/anlh/ros2_humble/install/ros2cli:/home/anlh/ros2_humble/install/quality_of_service_demo_py:/home/anlh/ros2_humble/install/lifecycle_py:/home/anlh/ros2_humble/install/launch_testing_ros:/home/anlh/ros2_humble/install/launch_ros:/home/anlh/ros2_humble/install/examples_rclpy_pointcloud_publisher:/home/anlh/ros2_humble/install/examples_rclpy_minimal_subscriber:/home/anlh/ros2_humble/install/examples_rclpy_minimal_service:/home/anlh/ros2_humble/install/examples_rclpy_minimal_publisher:/home/anlh/ros2_humble/install/examples_rclpy_minimal_client:/home/anlh/ros2_humble/install/examples_rclpy_minimal_action_server:/home/anlh/ros2_humble/install/examples_rclpy_minimal_action_client:/home/anlh/ros2_humble/install/examples_rclpy_guard_conditions:/home/anlh/ros2_humble/install/examples_rclpy_executors:/home/anlh/ros2_humble/install/demo_nodes_py:/home/anlh/ros2_humble/install/action_tutorials_py:/home/anlh/ros2_humble/install/ament_uncrustify:/home/anlh/ros2_humble/install/tracetools_trace:/home/anlh/ros2_humble/install/tracetools_read:/home/anlh/ros2_humble/install/test_tracetools_launch:/home/anlh/ros2_humble/install/test_launch_ros:/home/anlh/ros2_humble/install/sensor_msgs_py:/home/anlh/ros2_humble/install/rpyutils:/home/anlh/ros2_humble/install/rosidl_runtime_py:/home/anlh/ros2_humble/install/rosidl_cli:/home/anlh/ros2_humble/install/launch_pytest:/home/anlh/ros2_humble/install/launch_testing:/home/anlh/ros2_humble/install/launch_yaml:/home/anlh/ros2_humble/install/launch_xml:/home/anlh/ros2_humble/install/launch:/home/anlh/ros2_humble/install/osrf_pycommon:/home/anlh/ros2_humble/install/launch_testing_examples:/home/anlh/ros2_humble/install/domain_coordinator:/home/anlh/ros2_humble/install/ament_xmllint:/home/anlh/ros2_humble/install/ament_pyflakes:/home/anlh/ros2_humble/install/ament_pycodestyle:/home/anlh/ros2_humble/install/ament_pep257:/home/anlh/ros2_humble/install/ament_pclint:/home/anlh/ros2_humble/install/ament_package:/home/anlh/ros2_humble/install/ament_mypy:/home/anlh/ros2_humble/install/ament_lint_cmake:/home/anlh/ros2_humble/install/ament_flake8:/home/anlh/ros2_humble/install/ament_copyright:/home/anlh/ros2_humble/install/ament_lint:/home/anlh/ros2_humble/install/ament_index_python:/home/anlh/ros2_humble/install/ament_cpplint:/home/anlh/ros2_humble/install/ament_cppcheck:/home/anlh/ros2_humble/install/ament_clang_tidy:/home/anlh/ros2_humble/install/ament_clang_format /usr/local/bin/cmake /home/anlh/DRL_Velocity_Obstacles/src/cnn_msgs -DCMAKE_INSTALL_PREFIX=/home/anlh/DRL_Velocity_Obstacles/install/cnn_msgs
[0.112s] -- The C compiler identification is GNU 11.4.0
[0.165s] -- The CXX compiler identification is GNU 11.4.0
[0.178s] -- Detecting C compiler ABI info
[0.258s] -- Detecting C compiler ABI info - done
[0.272s] -- Check for working C compiler: /usr/bin/cc - skipped
[0.272s] -- Detecting C compile features
[0.272s] -- Detecting C compile features - done
[0.274s] -- Detecting CXX compiler ABI info
[0.366s] -- Detecting CXX compiler ABI info - done
[0.380s] -- Check for working CXX compiler: /usr/bin/c++ - skipped
[0.380s] -- Detecting CXX compile features
[0.380s] -- Detecting CXX compile features - done
[0.391s] -- Found ament_cmake: 1.3.10 (/home/anlh/ros2_humble/install/ament_cmake/share/ament_cmake/cmake)
[0.678s] -- Found Python3: /usr/bin/python3 (found version "3.10.12") found components: Interpreter
[0.940s] -- Found rosidl_default_generators: 1.2.0 (/home/anlh/ros2_humble/install/rosidl_default_generators/share/rosidl_default_generators/cmake)
[1.027s] -- Using all available rosidl_typesupport_c: rosidl_typesupport_fastrtps_c;rosidl_typesupport_introspection_c
[1.055s] -- Found rosidl_adapter: 3.1.5 (/home/anlh/ros2_humble/install/rosidl_adapter/share/rosidl_adapter/cmake)
[1.175s] -- Using all available rosidl_typesupport_cpp: rosidl_typesupport_fastrtps_cpp;rosidl_typesupport_introspection_cpp
[1.249s] -- Found std_msgs: 4.2.4 (/home/anlh/ros2_humble/install/std_msgs/share/std_msgs/cmake)
[2.138s] -- Found ament_cmake_ros: 0.10.0 (/home/anlh/ros2_humble/install/ament_cmake_ros/share/ament_cmake_ros/cmake)
[2.920s] -- Using all available rosidl_typesupport_c: rosidl_typesupport_fastrtps_c;rosidl_typesupport_introspection_c
[3.920s] -- Using all available rosidl_typesupport_cpp: rosidl_typesupport_fastrtps_cpp;rosidl_typesupport_introspection_cpp
[3.921s] [33mCMake Warning (dev) at /home/anlh/ros2_humble/install/rosidl_generator_py/share/rosidl_generator_py/cmake/rosidl_generator_py_generate_interfaces.cmake:20 (find_package):
[3.921s]   Policy CMP0148 is not set: The FindPythonInterp and FindPythonLibs modules
[3.922s]   are removed.  Run "cmake --help-policy CMP0148" for policy details.  Use
[3.922s]   the cmake_policy command to set the policy and suppress this warning.
[3.922s] 
[3.922s] Call Stack (most recent call first):
[3.922s]   /home/anlh/ros2_humble/install/ament_cmake_core/share/ament_cmake_core/cmake/core/ament_execute_extensions.cmake:48 (include)
[3.922s]   /home/anlh/ros2_humble/install/rosidl_cmake/share/rosidl_cmake/cmake/rosidl_generate_interfaces.cmake:286 (ament_execute_extensions)
[3.922s]   CMakeLists.txt:24 (rosidl_generate_interfaces)
[3.922s] This warning is for project developers.  Use -Wno-dev to suppress it.
[3.922s] [0m
[3.963s] -- Found PythonInterp: /usr/bin/python3 (found suitable version "3.10.12", minimum required is "3.6")
[3.970s] -- Found python_cmake_module: 0.10.0 (/home/anlh/ros2_humble/install/python_cmake_module/share/python_cmake_module/cmake)
[3.971s] [33mCMake Warning (dev) at /home/anlh/ros2_humble/install/python_cmake_module/share/python_cmake_module/cmake/Modules/FindPythonExtra.cmake:52 (find_package):
[3.971s]   Policy CMP0148 is not set: The FindPythonInterp and FindPythonLibs modules
[3.971s]   are removed.  Run "cmake --help-policy CMP0148" for policy details.  Use
[3.971s]   the cmake_policy command to set the policy and suppress this warning.
[3.971s] 
[3.971s] Call Stack (most recent call first):
[3.971s]   /home/anlh/ros2_humble/install/rosidl_generator_py/share/rosidl_generator_py/cmake/rosidl_generator_py_generate_interfaces.cmake:23 (find_package)
[3.971s]   /home/anlh/ros2_humble/install/ament_cmake_core/share/ament_cmake_core/cmake/core/ament_execute_extensions.cmake:48 (include)
[3.971s]   /home/anlh/ros2_humble/install/rosidl_cmake/share/rosidl_cmake/cmake/rosidl_generate_interfaces.cmake:286 (ament_execute_extensions)
[3.971s]   CMakeLists.txt:24 (rosidl_generate_interfaces)
[3.971s] This warning is for project developers.  Use -Wno-dev to suppress it.
[3.971s] [0m
[4.005s] [33mCMake Warning (dev) at /home/anlh/ros2_humble/install/python_cmake_module/share/python_cmake_module/cmake/Modules/FindPythonExtra.cmake:140 (find_package):
[4.005s]   Policy CMP0148 is not set: The FindPythonInterp and FindPythonLibs modules
[4.005s]   are removed.  Run "cmake --help-policy CMP0148" for policy details.  Use
[4.005s]   the cmake_policy command to set the policy and suppress this warning.
[4.005s] 
[4.005s] Call Stack (most recent call first):
[4.005s]   /home/anlh/ros2_humble/install/rosidl_generator_py/share/rosidl_generator_py/cmake/rosidl_generator_py_generate_interfaces.cmake:23 (find_package)
[4.005s]   /home/anlh/ros2_humble/install/ament_cmake_core/share/ament_cmake_core/cmake/core/ament_execute_extensions.cmake:48 (include)
[4.005s]   /home/anlh/ros2_humble/install/rosidl_cmake/share/rosidl_cmake/cmake/rosidl_generate_interfaces.cmake:286 (ament_execute_extensions)
[4.005s]   CMakeLists.txt:24 (rosidl_generate_interfaces)
[4.005s] This warning is for project developers.  Use -Wno-dev to suppress it.
[4.005s] [0m
[4.019s] -- Found PythonLibs: /usr/lib/x86_64-linux-gnu/libpython3.10.so (found suitable version "3.10.12", minimum required is "3.5")
[4.019s] -- Using PYTHON_EXECUTABLE: /usr/bin/python3
[4.019s] -- Using PYTHON_INCLUDE_DIRS: /usr/include/python3.10
[4.019s] -- Using PYTHON_LIBRARIES: /usr/lib/x86_64-linux-gnu/libpython3.10.so
[4.057s] -- Found PythonExtra: .so
[4.380s] -- Configuring done (4.3s)
[4.401s] -- Generating done (0.0s)
[4.403s] -- Build files have been written to: /home/anlh/DRL_Velocity_Obstacles/build/cnn_msgs
[4.409s] Invoked command in '/home/anlh/DRL_Velocity_Obstacles/build/cnn_msgs' returned '0': CMAKE_PREFIX_PATH=${CMAKE_PREFIX_PATH}:/home/anlh/turtlebot3_ws/install/turtlebot3_teleop:/home/anlh/turtlebot3_ws/install/turtlebot3_example:/opt/ros/humble:/home/anlh/ros2_humble/install/rqt_bag_plugins:/home/anlh/ros2_humble/install/rqt_bag:/home/anlh/ros2_humble/install/ros2bag:/home/anlh/ros2_humble/install/tracetools_test:/home/anlh/ros2_humble/install/tracetools_launch:/home/anlh/ros2_humble/install/topic_monitor:/home/anlh/ros2_humble/install/tf2_tools:/home/anlh/ros2_humble/install/examples_tf2_py:/home/anlh/ros2_humble/install/tf2_ros_py:/home/anlh/ros2_humble/install/sros2:/home/anlh/ros2_humble/install/rqt_topic:/home/anlh/ros2_humble/install/rqt_srv:/home/anlh/ros2_humble/install/rqt_shell:/home/anlh/ros2_humble/install/rqt_service_caller:/home/anlh/ros2_humble/install/rqt_reconfigure:/home/anlh/ros2_humble/install/rqt_py_console:/home/anlh/ros2_humble/install/rqt_publisher:/home/anlh/ros2_humble/install/rqt_plot:/home/anlh/ros2_humble/install/rqt_action:/home/anlh/ros2_humble/install/rqt_msg:/home/anlh/ros2_humble/install/rqt_console:/home/anlh/ros2_humble/install/rqt:/home/anlh/ros2_humble/install/rqt_graph:/home/anlh/ros2_humble/install/rqt_gui_py:/home/anlh/ros2_humble/install/rqt_gui:/home/anlh/ros2_humble/install/ros2trace:/home/anlh/ros2_humble/install/ros2topic:/home/anlh/ros2_humble/install/ros2test:/home/anlh/ros2_humble/install/ros2component:/home/anlh/ros2_humble/install/ros2param:/home/anlh/ros2_humble/install/ros2lifecycle:/home/anlh/ros2_humble/install/ros2service:/home/anlh/ros2_humble/install/ros2run:/home/anlh/ros2_humble/install/ros2launch:/home/anlh/ros2_humble/install/ros2pkg:/home/anlh/ros2_humble/install/ros2node:/home/anlh/ros2_humble/install/ros2multicast:/home/anlh/ros2_humble/install/ros2interface:/home/anlh/ros2_humble/install/ros2doctor:/home/anlh/ros2_humble/install/ros2action:/home/anlh/ros2_humble/install/ros2cli:/home/anlh/ros2_humble/install/quality_of_service_demo_py:/home/anlh/ros2_humble/install/lifecycle_py:/home/anlh/ros2_humble/install/launch_testing_ros:/home/anlh/ros2_humble/install/launch_ros:/home/anlh/ros2_humble/install/examples_rclpy_pointcloud_publisher:/home/anlh/ros2_humble/install/examples_rclpy_minimal_subscriber:/home/anlh/ros2_humble/install/examples_rclpy_minimal_service:/home/anlh/ros2_humble/install/examples_rclpy_minimal_publisher:/home/anlh/ros2_humble/install/examples_rclpy_minimal_client:/home/anlh/ros2_humble/install/examples_rclpy_minimal_action_server:/home/anlh/ros2_humble/install/examples_rclpy_minimal_action_client:/home/anlh/ros2_humble/install/examples_rclpy_guard_conditions:/home/anlh/ros2_humble/install/examples_rclpy_executors:/home/anlh/ros2_humble/install/demo_nodes_py:/home/anlh/ros2_humble/install/action_tutorials_py:/home/anlh/ros2_humble/install/ament_uncrustify:/home/anlh/ros2_humble/install/tracetools_trace:/home/anlh/ros2_humble/install/tracetools_read:/home/anlh/ros2_humble/install/test_tracetools_launch:/home/anlh/ros2_humble/install/test_launch_ros:/home/anlh/ros2_humble/install/sensor_msgs_py:/home/anlh/ros2_humble/install/rpyutils:/home/anlh/ros2_humble/install/rosidl_runtime_py:/home/anlh/ros2_humble/install/rosidl_cli:/home/anlh/ros2_humble/install/launch_pytest:/home/anlh/ros2_humble/install/launch_testing:/home/anlh/ros2_humble/install/launch_yaml:/home/anlh/ros2_humble/install/launch_xml:/home/anlh/ros2_humble/install/launch:/home/anlh/ros2_humble/install/osrf_pycommon:/home/anlh/ros2_humble/install/launch_testing_examples:/home/anlh/ros2_humble/install/domain_coordinator:/home/anlh/ros2_humble/install/ament_xmllint:/home/anlh/ros2_humble/install/ament_pyflakes:/home/anlh/ros2_humble/install/ament_pycodestyle:/home/anlh/ros2_humble/install/ament_pep257:/home/anlh/ros2_humble/install/ament_pclint:/home/anlh/ros2_humble/install/ament_package:/home/anlh/ros2_humble/install/ament_mypy:/home/anlh/ros2_humble/install/ament_lint_cmake:/home/anlh/ros2_humble/install/ament_flake8:/home/anlh/ros2_humble/install/ament_copyright:/home/anlh/ros2_humble/install/ament_lint:/home/anlh/ros2_humble/install/ament_index_python:/home/anlh/ros2_humble/install/ament_cpplint:/home/anlh/ros2_humble/install/ament_cppcheck:/home/anlh/ros2_humble/install/ament_clang_tidy:/home/anlh/ros2_humble/install/ament_clang_format /usr/local/bin/cmake /home/anlh/DRL_Velocity_Obstacles/src/cnn_msgs -DCMAKE_INSTALL_PREFIX=/home/anlh/DRL_Velocity_Obstacles/install/cnn_msgs
[4.410s] Invoking command in '/home/anlh/DRL_Velocity_Obstacles/build/cnn_msgs': CMAKE_PREFIX_PATH=${CMAKE_PREFIX_PATH}:/home/anlh/turtlebot3_ws/install/turtlebot3_teleop:/home/anlh/turtlebot3_ws/install/turtlebot3_example:/opt/ros/humble:/home/anlh/ros2_humble/install/rqt_bag_plugins:/home/anlh/ros2_humble/install/rqt_bag:/home/anlh/ros2_humble/install/ros2bag:/home/anlh/ros2_humble/install/tracetools_test:/home/anlh/ros2_humble/install/tracetools_launch:/home/anlh/ros2_humble/install/topic_monitor:/home/anlh/ros2_humble/install/tf2_tools:/home/anlh/ros2_humble/install/examples_tf2_py:/home/anlh/ros2_humble/install/tf2_ros_py:/home/anlh/ros2_humble/install/sros2:/home/anlh/ros2_humble/install/rqt_topic:/home/anlh/ros2_humble/install/rqt_srv:/home/anlh/ros2_humble/install/rqt_shell:/home/anlh/ros2_humble/install/rqt_service_caller:/home/anlh/ros2_humble/install/rqt_reconfigure:/home/anlh/ros2_humble/install/rqt_py_console:/home/anlh/ros2_humble/install/rqt_publisher:/home/anlh/ros2_humble/install/rqt_plot:/home/anlh/ros2_humble/install/rqt_action:/home/anlh/ros2_humble/install/rqt_msg:/home/anlh/ros2_humble/install/rqt_console:/home/anlh/ros2_humble/install/rqt:/home/anlh/ros2_humble/install/rqt_graph:/home/anlh/ros2_humble/install/rqt_gui_py:/home/anlh/ros2_humble/install/rqt_gui:/home/anlh/ros2_humble/install/ros2trace:/home/anlh/ros2_humble/install/ros2topic:/home/anlh/ros2_humble/install/ros2test:/home/anlh/ros2_humble/install/ros2component:/home/anlh/ros2_humble/install/ros2param:/home/anlh/ros2_humble/install/ros2lifecycle:/home/anlh/ros2_humble/install/ros2service:/home/anlh/ros2_humble/install/ros2run:/home/anlh/ros2_humble/install/ros2launch:/home/anlh/ros2_humble/install/ros2pkg:/home/anlh/ros2_humble/install/ros2node:/home/anlh/ros2_humble/install/ros2multicast:/home/anlh/ros2_humble/install/ros2interface:/home/anlh/ros2_humble/install/ros2doctor:/home/anlh/ros2_humble/install/ros2action:/home/anlh/ros2_humble/install/ros2cli:/home/anlh/ros2_humble/install/quality_of_service_demo_py:/home/anlh/ros2_humble/install/lifecycle_py:/home/anlh/ros2_humble/install/launch_testing_ros:/home/anlh/ros2_humble/install/launch_ros:/home/anlh/ros2_humble/install/examples_rclpy_pointcloud_publisher:/home/anlh/ros2_humble/install/examples_rclpy_minimal_subscriber:/home/anlh/ros2_humble/install/examples_rclpy_minimal_service:/home/anlh/ros2_humble/install/examples_rclpy_minimal_publisher:/home/anlh/ros2_humble/install/examples_rclpy_minimal_client:/home/anlh/ros2_humble/install/examples_rclpy_minimal_action_server:/home/anlh/ros2_humble/install/examples_rclpy_minimal_action_client:/home/anlh/ros2_humble/install/examples_rclpy_guard_conditions:/home/anlh/ros2_humble/install/examples_rclpy_executors:/home/anlh/ros2_humble/install/demo_nodes_py:/home/anlh/ros2_humble/install/action_tutorials_py:/home/anlh/ros2_humble/install/ament_uncrustify:/home/anlh/ros2_humble/install/tracetools_trace:/home/anlh/ros2_humble/install/tracetools_read:/home/anlh/ros2_humble/install/test_tracetools_launch:/home/anlh/ros2_humble/install/test_launch_ros:/home/anlh/ros2_humble/install/sensor_msgs_py:/home/anlh/ros2_humble/install/rpyutils:/home/anlh/ros2_humble/install/rosidl_runtime_py:/home/anlh/ros2_humble/install/rosidl_cli:/home/anlh/ros2_humble/install/launch_pytest:/home/anlh/ros2_humble/install/launch_testing:/home/anlh/ros2_humble/install/launch_yaml:/home/anlh/ros2_humble/install/launch_xml:/home/anlh/ros2_humble/install/launch:/home/anlh/ros2_humble/install/osrf_pycommon:/home/anlh/ros2_humble/install/launch_testing_examples:/home/anlh/ros2_humble/install/domain_coordinator:/home/anlh/ros2_humble/install/ament_xmllint:/home/anlh/ros2_humble/install/ament_pyflakes:/home/anlh/ros2_humble/install/ament_pycodestyle:/home/anlh/ros2_humble/install/ament_pep257:/home/anlh/ros2_humble/install/ament_pclint:/home/anlh/ros2_humble/install/ament_package:/home/anlh/ros2_humble/install/ament_mypy:/home/anlh/ros2_humble/install/ament_lint_cmake:/home/anlh/ros2_humble/install/ament_flake8:/home/anlh/ros2_humble/install/ament_copyright:/home/anlh/ros2_humble/install/ament_lint:/home/anlh/ros2_humble/install/ament_index_python:/home/anlh/ros2_humble/install/ament_cpplint:/home/anlh/ros2_humble/install/ament_cppcheck:/home/anlh/ros2_humble/install/ament_clang_tidy:/home/anlh/ros2_humble/install/ament_clang_format /usr/local/bin/cmake --build /home/anlh/DRL_Velocity_Obstacles/build/cnn_msgs -- -j16 -l16
[4.448s] [  3%] [34m[1mGenerating C code for ROS interfaces[0m
[4.460s] [  6%] [34m[1mGenerating C++ code for ROS interfaces[0m
[4.465s] [  6%] Built target ament_cmake_python_copy_cnn_msgs
[4.793s] [  6%] Built target cnn_msgs__cpp
[4.799s] [  9%] [32mBuilding C object CMakeFiles/cnn_msgs__rosidl_generator_c.dir/rosidl_generator_c/cnn_msgs/msg/detail/cnn_data__functions.c.o[0m
[4.805s] [ 19%] [34m[1mGenerating C++ introspection for ROS interfaces[0m
[4.805s] [ 19%] [34m[1mGenerating C++ type support dispatch for ROS interfaces[0m
[4.805s] [ 19%] [34m[1mGenerating C++ type support for eProsima Fast-RTPS[0m
[4.808s] running egg_info
[4.808s] creating cnn_msgs.egg-info
[4.808s] writing cnn_msgs.egg-info/PKG-INFO
[4.809s] writing dependency_links to cnn_msgs.egg-info/dependency_links.txt
[4.809s] writing top-level names to cnn_msgs.egg-info/top_level.txt
[4.809s] writing manifest file 'cnn_msgs.egg-info/SOURCES.txt'
[4.810s] reading manifest file 'cnn_msgs.egg-info/SOURCES.txt'
[4.810s] writing manifest file 'cnn_msgs.egg-info/SOURCES.txt'
[4.837s] [ 19%] Built target ament_cmake_python_build_cnn_msgs_egg
[4.846s] [ 22%] [32m[1mLinking C shared library libcnn_msgs__rosidl_generator_c.so[0m
[4.881s] [ 22%] Built target cnn_msgs__rosidl_generator_c
[4.894s] [ 25%] [34m[1mGenerating C type support dispatch for ROS interfaces[0m
[4.896s] [ 29%] [34m[1mGenerating C type support for eProsima Fast-RTPS[0m
[4.902s] [ 32%] [34m[1mGenerating C introspection for ROS interfaces[0m
[5.206s] [ 35%] [32mBuilding CXX object CMakeFiles/cnn_msgs__rosidl_typesupport_introspection_cpp.dir/rosidl_typesupport_introspection_cpp/cnn_msgs/msg/detail/cnn_data__type_support.cpp.o[0m
[5.208s] [ 38%] [32mBuilding CXX object CMakeFiles/cnn_msgs__rosidl_typesupport_cpp.dir/rosidl_typesupport_cpp/cnn_msgs/msg/cnn_data__type_support.cpp.o[0m
[5.212s] [ 41%] [32mBuilding CXX object CMakeFiles/cnn_msgs__rosidl_typesupport_fastrtps_cpp.dir/rosidl_typesupport_fastrtps_cpp/cnn_msgs/msg/detail/dds_fastrtps/cnn_data__type_support.cpp.o[0m
[5.336s] [ 45%] [32mBuilding C object CMakeFiles/cnn_msgs__rosidl_typesupport_introspection_c.dir/rosidl_typesupport_introspection_c/cnn_msgs/msg/detail/cnn_data__type_support.c.o[0m
[5.388s] [ 48%] [32m[1mLinking C shared library libcnn_msgs__rosidl_typesupport_introspection_c.so[0m
[5.429s] [ 51%] [32mBuilding CXX object CMakeFiles/cnn_msgs__rosidl_typesupport_c.dir/rosidl_typesupport_c/cnn_msgs/msg/cnn_data__type_support.cpp.o[0m
[5.434s] [ 51%] Built target cnn_msgs__rosidl_typesupport_introspection_c
[5.487s] [ 54%] [32m[1mLinking CXX shared library libcnn_msgs__rosidl_typesupport_c.so[0m
[5.494s] [ 58%] [32mBuilding CXX object CMakeFiles/cnn_msgs__rosidl_typesupport_fastrtps_c.dir/rosidl_typesupport_fastrtps_c/cnn_msgs/msg/detail/cnn_data__type_support_c.cpp.o[0m
[5.512s] [ 61%] [32m[1mLinking CXX shared library libcnn_msgs__rosidl_typesupport_cpp.so[0m
[5.540s] [ 64%] [32m[1mLinking CXX shared library libcnn_msgs__rosidl_typesupport_introspection_cpp.so[0m
[5.540s] [ 64%] Built target cnn_msgs__rosidl_typesupport_c
[5.580s] [ 64%] Built target cnn_msgs__rosidl_typesupport_cpp
[5.664s] [ 64%] Built target cnn_msgs__rosidl_typesupport_introspection_cpp
[5.712s] [ 67%] [32m[1mLinking CXX shared library libcnn_msgs__rosidl_typesupport_fastrtps_cpp.so[0m
[5.805s] [ 67%] Built target cnn_msgs__rosidl_typesupport_fastrtps_cpp
[5.879s] [ 70%] [32m[1mLinking CXX shared library libcnn_msgs__rosidl_typesupport_fastrtps_c.so[0m
[5.948s] [ 70%] Built target cnn_msgs__rosidl_typesupport_fastrtps_c
[5.979s] [ 70%] Built target cnn_msgs
[6.006s] [ 74%] [34m[1mGenerating Python code for ROS interfaces[0m
[6.421s] [ 74%] Built target cnn_msgs__py
[6.444s] [ 77%] [32mBuilding C object CMakeFiles/cnn_msgs__rosidl_generator_py.dir/rosidl_generator_py/cnn_msgs/msg/_cnn_data_s.c.o[0m
[6.538s] [ 80%] [32m[1mLinking C shared library rosidl_generator_py/cnn_msgs/libcnn_msgs__rosidl_generator_py.so[0m
[6.573s] [ 80%] Built target cnn_msgs__rosidl_generator_py
[6.596s] [ 87%] [32mBuilding C object CMakeFiles/cnn_msgs__rosidl_typesupport_c__pyext.dir/rosidl_generator_py/cnn_msgs/_cnn_msgs_s.ep.rosidl_typesupport_c.c.o[0m
[6.597s] [ 87%] [32mBuilding C object CMakeFiles/cnn_msgs__rosidl_typesupport_fastrtps_c__pyext.dir/rosidl_generator_py/cnn_msgs/_cnn_msgs_s.ep.rosidl_typesupport_fastrtps_c.c.o[0m
[6.597s] [ 90%] [32mBuilding C object CMakeFiles/cnn_msgs__rosidl_typesupport_introspection_c__pyext.dir/rosidl_generator_py/cnn_msgs/_cnn_msgs_s.ep.rosidl_typesupport_introspection_c.c.o[0m
[6.671s] [100%] [32m[1mLinking C shared library rosidl_generator_py/cnn_msgs/cnn_msgs_s__rosidl_typesupport_c.cpython-310-x86_64-linux-gnu.so[0m
[6.671s] [100%] [32m[1mLinking C shared library rosidl_generator_py/cnn_msgs/cnn_msgs_s__rosidl_typesupport_fastrtps_c.cpython-310-x86_64-linux-gnu.so[0m
[6.671s] [100%] [32m[1mLinking C shared library rosidl_generator_py/cnn_msgs/cnn_msgs_s__rosidl_typesupport_introspection_c.cpython-310-x86_64-linux-gnu.so[0m
[6.707s] [100%] Built target cnn_msgs__rosidl_typesupport_fastrtps_c__pyext
[6.707s] [100%] Built target cnn_msgs__rosidl_typesupport_c__pyext
[6.707s] [100%] Built target cnn_msgs__rosidl_typesupport_introspection_c__pyext
[6.715s] Invoked command in '/home/anlh/DRL_Velocity_Obstacles/build/cnn_msgs' returned '0': CMAKE_PREFIX_PATH=${CMAKE_PREFIX_PATH}:/home/anlh/turtlebot3_ws/install/turtlebot3_teleop:/home/anlh/turtlebot3_ws/install/turtlebot3_example:/opt/ros/humble:/home/anlh/ros2_humble/install/rqt_bag_plugins:/home/anlh/ros2_humble/install/rqt_bag:/home/anlh/ros2_humble/install/ros2bag:/home/anlh/ros2_humble/install/tracetools_test:/home/anlh/ros2_humble/install/tracetools_launch:/home/anlh/ros2_humble/install/topic_monitor:/home/anlh/ros2_humble/install/tf2_tools:/home/anlh/ros2_humble/install/examples_tf2_py:/home/anlh/ros2_humble/install/tf2_ros_py:/home/anlh/ros2_humble/install/sros2:/home/anlh/ros2_humble/install/rqt_topic:/home/anlh/ros2_humble/install/rqt_srv:/home/anlh/ros2_humble/install/rqt_shell:/home/anlh/ros2_humble/install/rqt_service_caller:/home/anlh/ros2_humble/install/rqt_reconfigure:/home/anlh/ros2_humble/install/rqt_py_console:/home/anlh/ros2_humble/install/rqt_publisher:/home/anlh/ros2_humble/install/rqt_plot:/home/anlh/ros2_humble/install/rqt_action:/home/anlh/ros2_humble/install/rqt_msg:/home/anlh/ros2_humble/install/rqt_console:/home/anlh/ros2_humble/install/rqt:/home/anlh/ros2_humble/install/rqt_graph:/home/anlh/ros2_humble/install/rqt_gui_py:/home/anlh/ros2_humble/install/rqt_gui:/home/anlh/ros2_humble/install/ros2trace:/home/anlh/ros2_humble/install/ros2topic:/home/anlh/ros2_humble/install/ros2test:/home/anlh/ros2_humble/install/ros2component:/home/anlh/ros2_humble/install/ros2param:/home/anlh/ros2_humble/install/ros2lifecycle:/home/anlh/ros2_humble/install/ros2service:/home/anlh/ros2_humble/install/ros2run:/home/anlh/ros2_humble/install/ros2launch:/home/anlh/ros2_humble/install/ros2pkg:/home/anlh/ros2_humble/install/ros2node:/home/anlh/ros2_humble/install/ros2multicast:/home/anlh/ros2_humble/install/ros2interface:/home/anlh/ros2_humble/install/ros2doctor:/home/anlh/ros2_humble/install/ros2action:/home/anlh/ros2_humble/install/ros2cli:/home/anlh/ros2_humble/install/quality_of_service_demo_py:/home/anlh/ros2_humble/install/lifecycle_py:/home/anlh/ros2_humble/install/launch_testing_ros:/home/anlh/ros2_humble/install/launch_ros:/home/anlh/ros2_humble/install/examples_rclpy_pointcloud_publisher:/home/anlh/ros2_humble/install/examples_rclpy_minimal_subscriber:/home/anlh/ros2_humble/install/examples_rclpy_minimal_service:/home/anlh/ros2_humble/install/examples_rclpy_minimal_publisher:/home/anlh/ros2_humble/install/examples_rclpy_minimal_client:/home/anlh/ros2_humble/install/examples_rclpy_minimal_action_server:/home/anlh/ros2_humble/install/examples_rclpy_minimal_action_client:/home/anlh/ros2_humble/install/examples_rclpy_guard_conditions:/home/anlh/ros2_humble/install/examples_rclpy_executors:/home/anlh/ros2_humble/install/demo_nodes_py:/home/anlh/ros2_humble/install/action_tutorials_py:/home/anlh/ros2_humble/install/ament_uncrustify:/home/anlh/ros2_humble/install/tracetools_trace:/home/anlh/ros2_humble/install/tracetools_read:/home/anlh/ros2_humble/install/test_tracetools_launch:/home/anlh/ros2_humble/install/test_launch_ros:/home/anlh/ros2_humble/install/sensor_msgs_py:/home/anlh/ros2_humble/install/rpyutils:/home/anlh/ros2_humble/install/rosidl_runtime_py:/home/anlh/ros2_humble/install/rosidl_cli:/home/anlh/ros2_humble/install/launch_pytest:/home/anlh/ros2_humble/install/launch_testing:/home/anlh/ros2_humble/install/launch_yaml:/home/anlh/ros2_humble/install/launch_xml:/home/anlh/ros2_humble/install/launch:/home/anlh/ros2_humble/install/osrf_pycommon:/home/anlh/ros2_humble/install/launch_testing_examples:/home/anlh/ros2_humble/install/domain_coordinator:/home/anlh/ros2_humble/install/ament_xmllint:/home/anlh/ros2_humble/install/ament_pyflakes:/home/anlh/ros2_humble/install/ament_pycodestyle:/home/anlh/ros2_humble/install/ament_pep257:/home/anlh/ros2_humble/install/ament_pclint:/home/anlh/ros2_humble/install/ament_package:/home/anlh/ros2_humble/install/ament_mypy:/home/anlh/ros2_humble/install/ament_lint_cmake:/home/anlh/ros2_humble/install/ament_flake8:/home/anlh/ros2_humble/install/ament_copyright:/home/anlh/ros2_humble/install/ament_lint:/home/anlh/ros2_humble/install/ament_index_python:/home/anlh/ros2_humble/install/ament_cpplint:/home/anlh/ros2_humble/install/ament_cppcheck:/home/anlh/ros2_humble/install/ament_clang_tidy:/home/anlh/ros2_humble/install/ament_clang_format /usr/local/bin/cmake --build /home/anlh/DRL_Velocity_Obstacles/build/cnn_msgs -- -j16 -l16
[6.913s] Invoking command in '/home/anlh/DRL_Velocity_Obstacles/build/cnn_msgs': CMAKE_PREFIX_PATH=${CMAKE_PREFIX_PATH}:/home/anlh/turtlebot3_ws/install/turtlebot3_teleop:/home/anlh/turtlebot3_ws/install/turtlebot3_example:/opt/ros/humble:/home/anlh/ros2_humble/install/rqt_bag_plugins:/home/anlh/ros2_humble/install/rqt_bag:/home/anlh/ros2_humble/install/ros2bag:/home/anlh/ros2_humble/install/tracetools_test:/home/anlh/ros2_humble/install/tracetools_launch:/home/anlh/ros2_humble/install/topic_monitor:/home/anlh/ros2_humble/install/tf2_tools:/home/anlh/ros2_humble/install/examples_tf2_py:/home/anlh/ros2_humble/install/tf2_ros_py:/home/anlh/ros2_humble/install/sros2:/home/anlh/ros2_humble/install/rqt_topic:/home/anlh/ros2_humble/install/rqt_srv:/home/anlh/ros2_humble/install/rqt_shell:/home/anlh/ros2_humble/install/rqt_service_caller:/home/anlh/ros2_humble/install/rqt_reconfigure:/home/anlh/ros2_humble/install/rqt_py_console:/home/anlh/ros2_humble/install/rqt_publisher:/home/anlh/ros2_humble/install/rqt_plot:/home/anlh/ros2_humble/install/rqt_action:/home/anlh/ros2_humble/install/rqt_msg:/home/anlh/ros2_humble/install/rqt_console:/home/anlh/ros2_humble/install/rqt:/home/anlh/ros2_humble/install/rqt_graph:/home/anlh/ros2_humble/install/rqt_gui_py:/home/anlh/ros2_humble/install/rqt_gui:/home/anlh/ros2_humble/install/ros2trace:/home/anlh/ros2_humble/install/ros2topic:/home/anlh/ros2_humble/install/ros2test:/home/anlh/ros2_humble/install/ros2component:/home/anlh/ros2_humble/install/ros2param:/home/anlh/ros2_humble/install/ros2lifecycle:/home/anlh/ros2_humble/install/ros2service:/home/anlh/ros2_humble/install/ros2run:/home/anlh/ros2_humble/install/ros2launch:/home/anlh/ros2_humble/install/ros2pkg:/home/anlh/ros2_humble/install/ros2node:/home/anlh/ros2_humble/install/ros2multicast:/home/anlh/ros2_humble/install/ros2interface:/home/anlh/ros2_humble/install/ros2doctor:/home/anlh/ros2_humble/install/ros2action:/home/anlh/ros2_humble/install/ros2cli:/home/anlh/ros2_humble/install/quality_of_service_demo_py:/home/anlh/ros2_humble/install/lifecycle_py:/home/anlh/ros2_humble/install/launch_testing_ros:/home/anlh/ros2_humble/install/launch_ros:/home/anlh/ros2_humble/install/examples_rclpy_pointcloud_publisher:/home/anlh/ros2_humble/install/examples_rclpy_minimal_subscriber:/home/anlh/ros2_humble/install/examples_rclpy_minimal_service:/home/anlh/ros2_humble/install/examples_rclpy_minimal_publisher:/home/anlh/ros2_humble/install/examples_rclpy_minimal_client:/home/anlh/ros2_humble/install/examples_rclpy_minimal_action_server:/home/anlh/ros2_humble/install/examples_rclpy_minimal_action_client:/home/anlh/ros2_humble/install/examples_rclpy_guard_conditions:/home/anlh/ros2_humble/install/examples_rclpy_executors:/home/anlh/ros2_humble/install/demo_nodes_py:/home/anlh/ros2_humble/install/action_tutorials_py:/home/anlh/ros2_humble/install/ament_uncrustify:/home/anlh/ros2_humble/install/tracetools_trace:/home/anlh/ros2_humble/install/tracetools_read:/home/anlh/ros2_humble/install/test_tracetools_launch:/home/anlh/ros2_humble/install/test_launch_ros:/home/anlh/ros2_humble/install/sensor_msgs_py:/home/anlh/ros2_humble/install/rpyutils:/home/anlh/ros2_humble/install/rosidl_runtime_py:/home/anlh/ros2_humble/install/rosidl_cli:/home/anlh/ros2_humble/install/launch_pytest:/home/anlh/ros2_humble/install/launch_testing:/home/anlh/ros2_humble/install/launch_yaml:/home/anlh/ros2_humble/install/launch_xml:/home/anlh/ros2_humble/install/launch:/home/anlh/ros2_humble/install/osrf_pycommon:/home/anlh/ros2_humble/install/launch_testing_examples:/home/anlh/ros2_humble/install/domain_coordinator:/home/anlh/ros2_humble/install/ament_xmllint:/home/anlh/ros2_humble/install/ament_pyflakes:/home/anlh/ros2_humble/install/ament_pycodestyle:/home/anlh/ros2_humble/install/ament_pep257:/home/anlh/ros2_humble/install/ament_pclint:/home/anlh/ros2_humble/install/ament_package:/home/anlh/ros2_humble/install/ament_mypy:/home/anlh/ros2_humble/install/ament_lint_cmake:/home/anlh/ros2_humble/install/ament_flake8:/home/anlh/ros2_humble/install/ament_copyright:/home/anlh/ros2_humble/install/ament_lint:/home/anlh/ros2_humble/install/ament_index_python:/home/anlh/ros2_humble/install/ament_cpplint:/home/anlh/ros2_humble/install/ament_cppcheck:/home/anlh/ros2_humble/install/ament_clang_tidy:/home/anlh/ros2_humble/install/ament_clang_format /usr/local/bin/cmake --install /home/anlh/DRL_Velocity_Obstacles/build/cnn_msgs
[6.919s] -- Install configuration: ""
[6.919s] -- Installing: /home/anlh/DRL_Velocity_Obstacles/install/cnn_msgs/share/ament_index/resource_index/rosidl_interfaces/cnn_msgs
[6.919s] -- Installing: /home/anlh/DRL_Velocity_Obstacles/install/cnn_msgs/include/cnn_msgs/cnn_msgs
[6.919s] -- Installing: /home/anlh/DRL_Velocity_Obstacles/install/cnn_msgs/include/cnn_msgs/cnn_msgs/msg
[6.919s] -- Installing: /home/anlh/DRL_Velocity_Obstacles/install/cnn_msgs/include/cnn_msgs/cnn_msgs/msg/rosidl_generator_c__visibility_control.h
[6.919s] -- Installing: /home/anlh/DRL_Velocity_Obstacles/install/cnn_msgs/include/cnn_msgs/cnn_msgs/msg/detail
[6.919s] -- Installing: /home/anlh/DRL_Velocity_Obstacles/install/cnn_msgs/include/cnn_msgs/cnn_msgs/msg/detail/cnn_data__functions.c
[6.919s] -- Installing: /home/anlh/DRL_Velocity_Obstacles/install/cnn_msgs/include/cnn_msgs/cnn_msgs/msg/detail/cnn_data__type_support.h
[6.919s] -- Installing: /home/anlh/DRL_Velocity_Obstacles/install/cnn_msgs/include/cnn_msgs/cnn_msgs/msg/detail/cnn_data__functions.h
[6.919s] -- Installing: /home/anlh/DRL_Velocity_Obstacles/install/cnn_msgs/include/cnn_msgs/cnn_msgs/msg/detail/cnn_data__struct.h
[6.919s] -- Installing: /home/anlh/DRL_Velocity_Obstacles/install/cnn_msgs/include/cnn_msgs/cnn_msgs/msg/cnn_data.h
[6.919s] -- Installing: /home/anlh/DRL_Velocity_Obstacles/install/cnn_msgs/share/cnn_msgs/environment/library_path.sh
[6.919s] -- Installing: /home/anlh/DRL_Velocity_Obstacles/install/cnn_msgs/share/cnn_msgs/environment/library_path.dsv
[6.919s] -- Installing: /home/anlh/DRL_Velocity_Obstacles/install/cnn_msgs/lib/libcnn_msgs__rosidl_generator_c.so
[6.920s] -- Set non-toolchain portion of runtime path of "/home/anlh/DRL_Velocity_Obstacles/install/cnn_msgs/lib/libcnn_msgs__rosidl_generator_c.so" to ""
[6.920s] -- Up-to-date: /home/anlh/DRL_Velocity_Obstacles/install/cnn_msgs/include/cnn_msgs/cnn_msgs
[6.920s] -- Up-to-date: /home/anlh/DRL_Velocity_Obstacles/install/cnn_msgs/include/cnn_msgs/cnn_msgs/msg
[6.920s] -- Installing: /home/anlh/DRL_Velocity_Obstacles/install/cnn_msgs/include/cnn_msgs/cnn_msgs/msg/rosidl_typesupport_fastrtps_c__visibility_control.h
[6.920s] -- Up-to-date: /home/anlh/DRL_Velocity_Obstacles/install/cnn_msgs/include/cnn_msgs/cnn_msgs/msg/detail
[6.920s] -- Installing: /home/anlh/DRL_Velocity_Obstacles/install/cnn_msgs/include/cnn_msgs/cnn_msgs/msg/detail/cnn_data__rosidl_typesupport_fastrtps_c.h
[6.920s] -- Installing: /home/anlh/DRL_Velocity_Obstacles/install/cnn_msgs/lib/libcnn_msgs__rosidl_typesupport_fastrtps_c.so
[6.920s] -- Set non-toolchain portion of runtime path of "/home/anlh/DRL_Velocity_Obstacles/install/cnn_msgs/lib/libcnn_msgs__rosidl_typesupport_fastrtps_c.so" to ""
[6.920s] -- Up-to-date: /home/anlh/DRL_Velocity_Obstacles/install/cnn_msgs/include/cnn_msgs/cnn_msgs
[6.920s] -- Up-to-date: /home/anlh/DRL_Velocity_Obstacles/install/cnn_msgs/include/cnn_msgs/cnn_msgs/msg
[6.921s] -- Up-to-date: /home/anlh/DRL_Velocity_Obstacles/install/cnn_msgs/include/cnn_msgs/cnn_msgs/msg/detail
[6.921s] -- Installing: /home/anlh/DRL_Velocity_Obstacles/install/cnn_msgs/include/cnn_msgs/cnn_msgs/msg/detail/cnn_data__type_support.c
[6.921s] -- Installing: /home/anlh/DRL_Velocity_Obstacles/install/cnn_msgs/include/cnn_msgs/cnn_msgs/msg/detail/cnn_data__rosidl_typesupport_introspection_c.h
[6.921s] -- Installing: /home/anlh/DRL_Velocity_Obstacles/install/cnn_msgs/include/cnn_msgs/cnn_msgs/msg/rosidl_typesupport_introspection_c__visibility_control.h
[6.921s] -- Installing: /home/anlh/DRL_Velocity_Obstacles/install/cnn_msgs/lib/libcnn_msgs__rosidl_typesupport_introspection_c.so
[6.921s] -- Set non-toolchain portion of runtime path of "/home/anlh/DRL_Velocity_Obstacles/install/cnn_msgs/lib/libcnn_msgs__rosidl_typesupport_introspection_c.so" to ""
[6.921s] -- Installing: /home/anlh/DRL_Velocity_Obstacles/install/cnn_msgs/lib/libcnn_msgs__rosidl_typesupport_c.so
[6.921s] -- Set non-toolchain portion of runtime path of "/home/anlh/DRL_Velocity_Obstacles/install/cnn_msgs/lib/libcnn_msgs__rosidl_typesupport_c.so" to ""
[6.921s] -- Up-to-date: /home/anlh/DRL_Velocity_Obstacles/install/cnn_msgs/include/cnn_msgs/cnn_msgs
[6.922s] -- Up-to-date: /home/anlh/DRL_Velocity_Obstacles/install/cnn_msgs/include/cnn_msgs/cnn_msgs/msg
[6.922s] -- Up-to-date: /home/anlh/DRL_Velocity_Obstacles/install/cnn_msgs/include/cnn_msgs/cnn_msgs/msg/detail
[6.922s] -- Installing: /home/anlh/DRL_Velocity_Obstacles/install/cnn_msgs/include/cnn_msgs/cnn_msgs/msg/detail/cnn_data__struct.hpp
[6.922s] -- Installing: /home/anlh/DRL_Velocity_Obstacles/install/cnn_msgs/include/cnn_msgs/cnn_msgs/msg/detail/cnn_data__builder.hpp
[6.922s] -- Installing: /home/anlh/DRL_Velocity_Obstacles/install/cnn_msgs/include/cnn_msgs/cnn_msgs/msg/detail/cnn_data__traits.hpp
[6.922s] -- Installing: /home/anlh/DRL_Velocity_Obstacles/install/cnn_msgs/include/cnn_msgs/cnn_msgs/msg/cnn_data.hpp
[6.922s] -- Up-to-date: /home/anlh/DRL_Velocity_Obstacles/install/cnn_msgs/include/cnn_msgs/cnn_msgs
[6.922s] -- Up-to-date: /home/anlh/DRL_Velocity_Obstacles/install/cnn_msgs/include/cnn_msgs/cnn_msgs/msg
[6.922s] -- Installing: /home/anlh/DRL_Velocity_Obstacles/install/cnn_msgs/include/cnn_msgs/cnn_msgs/msg/rosidl_typesupport_fastrtps_cpp__visibility_control.h
[6.922s] -- Up-to-date: /home/anlh/DRL_Velocity_Obstacles/install/cnn_msgs/include/cnn_msgs/cnn_msgs/msg/detail
[6.922s] -- Installing: /home/anlh/DRL_Velocity_Obstacles/install/cnn_msgs/include/cnn_msgs/cnn_msgs/msg/detail/dds_fastrtps
[6.922s] -- Installing: /home/anlh/DRL_Velocity_Obstacles/install/cnn_msgs/include/cnn_msgs/cnn_msgs/msg/detail/cnn_data__rosidl_typesupport_fastrtps_cpp.hpp
[6.922s] -- Installing: /home/anlh/DRL_Velocity_Obstacles/install/cnn_msgs/lib/libcnn_msgs__rosidl_typesupport_fastrtps_cpp.so
[6.923s] -- Set non-toolchain portion of runtime path of "/home/anlh/DRL_Velocity_Obstacles/install/cnn_msgs/lib/libcnn_msgs__rosidl_typesupport_fastrtps_cpp.so" to ""
[6.923s] -- Up-to-date: /home/anlh/DRL_Velocity_Obstacles/install/cnn_msgs/include/cnn_msgs/cnn_msgs
[6.923s] -- Up-to-date: /home/anlh/DRL_Velocity_Obstacles/install/cnn_msgs/include/cnn_msgs/cnn_msgs/msg
[6.923s] -- Up-to-date: /home/anlh/DRL_Velocity_Obstacles/install/cnn_msgs/include/cnn_msgs/cnn_msgs/msg/detail
[6.923s] -- Installing: /home/anlh/DRL_Velocity_Obstacles/install/cnn_msgs/include/cnn_msgs/cnn_msgs/msg/detail/cnn_data__type_support.cpp
[6.923s] -- Installing: /home/anlh/DRL_Velocity_Obstacles/install/cnn_msgs/include/cnn_msgs/cnn_msgs/msg/detail/cnn_data__rosidl_typesupport_introspection_cpp.hpp
[6.923s] -- Installing: /home/anlh/DRL_Velocity_Obstacles/install/cnn_msgs/lib/libcnn_msgs__rosidl_typesupport_introspection_cpp.so
[6.923s] -- Set non-toolchain portion of runtime path of "/home/anlh/DRL_Velocity_Obstacles/install/cnn_msgs/lib/libcnn_msgs__rosidl_typesupport_introspection_cpp.so" to ""
[6.923s] -- Installing: /home/anlh/DRL_Velocity_Obstacles/install/cnn_msgs/lib/libcnn_msgs__rosidl_typesupport_cpp.so
[6.924s] -- Set non-toolchain portion of runtime path of "/home/anlh/DRL_Velocity_Obstacles/install/cnn_msgs/lib/libcnn_msgs__rosidl_typesupport_cpp.so" to ""
[6.924s] -- Installing: /home/anlh/DRL_Velocity_Obstacles/install/cnn_msgs/share/cnn_msgs/environment/pythonpath.sh
[6.924s] -- Installing: /home/anlh/DRL_Velocity_Obstacles/install/cnn_msgs/share/cnn_msgs/environment/pythonpath.dsv
[6.924s] -- Installing: /home/anlh/DRL_Velocity_Obstacles/install/cnn_msgs/local/lib/python3.10/dist-packages/cnn_msgs-1.1.3-py3.10.egg-info
[6.924s] -- Installing: /home/anlh/DRL_Velocity_Obstacles/install/cnn_msgs/local/lib/python3.10/dist-packages/cnn_msgs-1.1.3-py3.10.egg-info/dependency_links.txt
[6.924s] -- Installing: /home/anlh/DRL_Velocity_Obstacles/install/cnn_msgs/local/lib/python3.10/dist-packages/cnn_msgs-1.1.3-py3.10.egg-info/PKG-INFO
[6.924s] -- Installing: /home/anlh/DRL_Velocity_Obstacles/install/cnn_msgs/local/lib/python3.10/dist-packages/cnn_msgs-1.1.3-py3.10.egg-info/SOURCES.txt
[6.924s] -- Installing: /home/anlh/DRL_Velocity_Obstacles/install/cnn_msgs/local/lib/python3.10/dist-packages/cnn_msgs-1.1.3-py3.10.egg-info/top_level.txt
[6.924s] -- Installing: /home/anlh/DRL_Velocity_Obstacles/install/cnn_msgs/local/lib/python3.10/dist-packages/cnn_msgs
[6.924s] -- Installing: /home/anlh/DRL_Velocity_Obstacles/install/cnn_msgs/local/lib/python3.10/dist-packages/cnn_msgs/cnn_msgs_s__rosidl_typesupport_c.cpython-310-x86_64-linux-gnu.so
[6.924s] -- Installing: /home/anlh/DRL_Velocity_Obstacles/install/cnn_msgs/local/lib/python3.10/dist-packages/cnn_msgs/__init__.py
[6.924s] -- Installing: /home/anlh/DRL_Velocity_Obstacles/install/cnn_msgs/local/lib/python3.10/dist-packages/cnn_msgs/msg
[6.924s] -- Installing: /home/anlh/DRL_Velocity_Obstacles/install/cnn_msgs/local/lib/python3.10/dist-packages/cnn_msgs/msg/__init__.py
[6.924s] -- Installing: /home/anlh/DRL_Velocity_Obstacles/install/cnn_msgs/local/lib/python3.10/dist-packages/cnn_msgs/msg/_cnn_data_s.c
[6.924s] -- Installing: /home/anlh/DRL_Velocity_Obstacles/install/cnn_msgs/local/lib/python3.10/dist-packages/cnn_msgs/msg/_cnn_data.py
[6.924s] -- Installing: /home/anlh/DRL_Velocity_Obstacles/install/cnn_msgs/local/lib/python3.10/dist-packages/cnn_msgs/_cnn_msgs_s.ep.rosidl_typesupport_introspection_c.c
[6.924s] -- Installing: /home/anlh/DRL_Velocity_Obstacles/install/cnn_msgs/local/lib/python3.10/dist-packages/cnn_msgs/cnn_msgs_s__rosidl_typesupport_introspection_c.cpython-310-x86_64-linux-gnu.so
[6.924s] -- Installing: /home/anlh/DRL_Velocity_Obstacles/install/cnn_msgs/local/lib/python3.10/dist-packages/cnn_msgs/libcnn_msgs__rosidl_generator_py.so
[6.924s] -- Installing: /home/anlh/DRL_Velocity_Obstacles/install/cnn_msgs/local/lib/python3.10/dist-packages/cnn_msgs/cnn_msgs_s__rosidl_typesupport_fastrtps_c.cpython-310-x86_64-linux-gnu.so
[6.924s] -- Installing: /home/anlh/DRL_Velocity_Obstacles/install/cnn_msgs/local/lib/python3.10/dist-packages/cnn_msgs/_cnn_msgs_s.ep.rosidl_typesupport_c.c
[6.925s] -- Installing: /home/anlh/DRL_Velocity_Obstacles/install/cnn_msgs/local/lib/python3.10/dist-packages/cnn_msgs/_cnn_msgs_s.ep.rosidl_typesupport_fastrtps_c.c
[7.018s] Listing '/home/anlh/DRL_Velocity_Obstacles/install/cnn_msgs/local/lib/python3.10/dist-packages/cnn_msgs'...
[7.018s] Compiling '/home/anlh/DRL_Velocity_Obstacles/install/cnn_msgs/local/lib/python3.10/dist-packages/cnn_msgs/__init__.py'...
[7.018s] Listing '/home/anlh/DRL_Velocity_Obstacles/install/cnn_msgs/local/lib/python3.10/dist-packages/cnn_msgs/msg'...
[7.018s] Compiling '/home/anlh/DRL_Velocity_Obstacles/install/cnn_msgs/local/lib/python3.10/dist-packages/cnn_msgs/msg/__init__.py'...
[7.018s] Compiling '/home/anlh/DRL_Velocity_Obstacles/install/cnn_msgs/local/lib/python3.10/dist-packages/cnn_msgs/msg/_cnn_data.py'...
[7.021s] -- Installing: /home/anlh/DRL_Velocity_Obstacles/install/cnn_msgs/local/lib/python3.10/dist-packages/cnn_msgs/cnn_msgs_s__rosidl_typesupport_fastrtps_c.cpython-310-x86_64-linux-gnu.so
[7.022s] -- Set non-toolchain portion of runtime path of "/home/anlh/DRL_Velocity_Obstacles/install/cnn_msgs/local/lib/python3.10/dist-packages/cnn_msgs/cnn_msgs_s__rosidl_typesupport_fastrtps_c.cpython-310-x86_64-linux-gnu.so" to ""
[7.022s] -- Installing: /home/anlh/DRL_Velocity_Obstacles/install/cnn_msgs/local/lib/python3.10/dist-packages/cnn_msgs/cnn_msgs_s__rosidl_typesupport_introspection_c.cpython-310-x86_64-linux-gnu.so
[7.022s] -- Set non-toolchain portion of runtime path of "/home/anlh/DRL_Velocity_Obstacles/install/cnn_msgs/local/lib/python3.10/dist-packages/cnn_msgs/cnn_msgs_s__rosidl_typesupport_introspection_c.cpython-310-x86_64-linux-gnu.so" to ""
[7.022s] -- Installing: /home/anlh/DRL_Velocity_Obstacles/install/cnn_msgs/local/lib/python3.10/dist-packages/cnn_msgs/cnn_msgs_s__rosidl_typesupport_c.cpython-310-x86_64-linux-gnu.so
[7.022s] -- Set non-toolchain portion of runtime path of "/home/anlh/DRL_Velocity_Obstacles/install/cnn_msgs/local/lib/python3.10/dist-packages/cnn_msgs/cnn_msgs_s__rosidl_typesupport_c.cpython-310-x86_64-linux-gnu.so" to ""
[7.022s] -- Installing: /home/anlh/DRL_Velocity_Obstacles/install/cnn_msgs/lib/libcnn_msgs__rosidl_generator_py.so
[7.022s] -- Set non-toolchain portion of runtime path of "/home/anlh/DRL_Velocity_Obstacles/install/cnn_msgs/lib/libcnn_msgs__rosidl_generator_py.so" to ""
[7.023s] -- Installing: /home/anlh/DRL_Velocity_Obstacles/install/cnn_msgs/share/cnn_msgs/msg/CnnData.idl
[7.023s] -- Installing: /home/anlh/DRL_Velocity_Obstacles/install/cnn_msgs/share/cnn_msgs/msg/CnnData.msg
[7.023s] -- Installing: /home/anlh/DRL_Velocity_Obstacles/install/cnn_msgs/share/ament_index/resource_index/package_run_dependencies/cnn_msgs
[7.023s] -- Installing: /home/anlh/DRL_Velocity_Obstacles/install/cnn_msgs/share/ament_index/resource_index/parent_prefix_path/cnn_msgs
[7.023s] -- Installing: /home/anlh/DRL_Velocity_Obstacles/install/cnn_msgs/share/cnn_msgs/environment/ament_prefix_path.sh
[7.023s] -- Installing: /home/anlh/DRL_Velocity_Obstacles/install/cnn_msgs/share/cnn_msgs/environment/ament_prefix_path.dsv
[7.023s] -- Installing: /home/anlh/DRL_Velocity_Obstacles/install/cnn_msgs/share/cnn_msgs/environment/path.sh
[7.023s] -- Installing: /home/anlh/DRL_Velocity_Obstacles/install/cnn_msgs/share/cnn_msgs/environment/path.dsv
[7.023s] -- Installing: /home/anlh/DRL_Velocity_Obstacles/install/cnn_msgs/share/cnn_msgs/local_setup.bash
[7.023s] -- Installing: /home/anlh/DRL_Velocity_Obstacles/install/cnn_msgs/share/cnn_msgs/local_setup.sh
[7.023s] -- Installing: /home/anlh/DRL_Velocity_Obstacles/install/cnn_msgs/share/cnn_msgs/local_setup.zsh
[7.023s] -- Installing: /home/anlh/DRL_Velocity_Obstacles/install/cnn_msgs/share/cnn_msgs/local_setup.dsv
[7.023s] -- Installing: /home/anlh/DRL_Velocity_Obstacles/install/cnn_msgs/share/cnn_msgs/package.dsv
[7.023s] -- Installing: /home/anlh/DRL_Velocity_Obstacles/install/cnn_msgs/share/ament_index/resource_index/packages/cnn_msgs
[7.023s] -- Installing: /home/anlh/DRL_Velocity_Obstacles/install/cnn_msgs/share/cnn_msgs/cmake/export_cnn_msgs__rosidl_generator_cExport.cmake
[7.023s] -- Installing: /home/anlh/DRL_Velocity_Obstacles/install/cnn_msgs/share/cnn_msgs/cmake/export_cnn_msgs__rosidl_generator_cExport-noconfig.cmake
[7.024s] -- Installing: /home/anlh/DRL_Velocity_Obstacles/install/cnn_msgs/share/cnn_msgs/cmake/export_cnn_msgs__rosidl_typesupport_fastrtps_cExport.cmake
[7.024s] -- Installing: /home/anlh/DRL_Velocity_Obstacles/install/cnn_msgs/share/cnn_msgs/cmake/export_cnn_msgs__rosidl_typesupport_fastrtps_cExport-noconfig.cmake
[7.024s] -- Installing: /home/anlh/DRL_Velocity_Obstacles/install/cnn_msgs/share/cnn_msgs/cmake/cnn_msgs__rosidl_typesupport_introspection_cExport.cmake
[7.024s] -- Installing: /home/anlh/DRL_Velocity_Obstacles/install/cnn_msgs/share/cnn_msgs/cmake/cnn_msgs__rosidl_typesupport_introspection_cExport-noconfig.cmake
[7.024s] -- Installing: /home/anlh/DRL_Velocity_Obstacles/install/cnn_msgs/share/cnn_msgs/cmake/cnn_msgs__rosidl_typesupport_cExport.cmake
[7.024s] -- Installing: /home/anlh/DRL_Velocity_Obstacles/install/cnn_msgs/share/cnn_msgs/cmake/cnn_msgs__rosidl_typesupport_cExport-noconfig.cmake
[7.024s] -- Installing: /home/anlh/DRL_Velocity_Obstacles/install/cnn_msgs/share/cnn_msgs/cmake/export_cnn_msgs__rosidl_generator_cppExport.cmake
[7.024s] -- Installing: /home/anlh/DRL_Velocity_Obstacles/install/cnn_msgs/share/cnn_msgs/cmake/export_cnn_msgs__rosidl_typesupport_fastrtps_cppExport.cmake
[7.024s] -- Installing: /home/anlh/DRL_Velocity_Obstacles/install/cnn_msgs/share/cnn_msgs/cmake/export_cnn_msgs__rosidl_typesupport_fastrtps_cppExport-noconfig.cmake
[7.024s] -- Installing: /home/anlh/DRL_Velocity_Obstacles/install/cnn_msgs/share/cnn_msgs/cmake/cnn_msgs__rosidl_typesupport_introspection_cppExport.cmake
[7.024s] -- Installing: /home/anlh/DRL_Velocity_Obstacles/install/cnn_msgs/share/cnn_msgs/cmake/cnn_msgs__rosidl_typesupport_introspection_cppExport-noconfig.cmake
[7.024s] -- Installing: /home/anlh/DRL_Velocity_Obstacles/install/cnn_msgs/share/cnn_msgs/cmake/cnn_msgs__rosidl_typesupport_cppExport.cmake
[7.024s] -- Installing: /home/anlh/DRL_Velocity_Obstacles/install/cnn_msgs/share/cnn_msgs/cmake/cnn_msgs__rosidl_typesupport_cppExport-noconfig.cmake
[7.024s] -- Installing: /home/anlh/DRL_Velocity_Obstacles/install/cnn_msgs/share/cnn_msgs/cmake/export_cnn_msgs__rosidl_generator_pyExport.cmake
[7.024s] -- Installing: /home/anlh/DRL_Velocity_Obstacles/install/cnn_msgs/share/cnn_msgs/cmake/export_cnn_msgs__rosidl_generator_pyExport-noconfig.cmake
[7.025s] -- Installing: /home/anlh/DRL_Velocity_Obstacles/install/cnn_msgs/share/cnn_msgs/cmake/rosidl_cmake-extras.cmake
[7.025s] -- Installing: /home/anlh/DRL_Velocity_Obstacles/install/cnn_msgs/share/cnn_msgs/cmake/ament_cmake_export_dependencies-extras.cmake
[7.025s] -- Installing: /home/anlh/DRL_Velocity_Obstacles/install/cnn_msgs/share/cnn_msgs/cmake/ament_cmake_export_include_directories-extras.cmake
[7.025s] -- Installing: /home/anlh/DRL_Velocity_Obstacles/install/cnn_msgs/share/cnn_msgs/cmake/ament_cmake_export_libraries-extras.cmake
[7.025s] -- Installing: /home/anlh/DRL_Velocity_Obstacles/install/cnn_msgs/share/cnn_msgs/cmake/ament_cmake_export_targets-extras.cmake
[7.025s] -- Installing: /home/anlh/DRL_Velocity_Obstacles/install/cnn_msgs/share/cnn_msgs/cmake/rosidl_cmake_export_typesupport_targets-extras.cmake
[7.025s] -- Installing: /home/anlh/DRL_Velocity_Obstacles/install/cnn_msgs/share/cnn_msgs/cmake/rosidl_cmake_export_typesupport_libraries-extras.cmake
[7.025s] -- Installing: /home/anlh/DRL_Velocity_Obstacles/install/cnn_msgs/share/cnn_msgs/cmake/cnn_msgsConfig.cmake
[7.025s] -- Installing: /home/anlh/DRL_Velocity_Obstacles/install/cnn_msgs/share/cnn_msgs/cmake/cnn_msgsConfig-version.cmake
[7.025s] -- Installing: /home/anlh/DRL_Velocity_Obstacles/install/cnn_msgs/share/cnn_msgs/package.xml
[7.026s] Invoked command in '/home/anlh/DRL_Velocity_Obstacles/build/cnn_msgs' returned '0': CMAKE_PREFIX_PATH=${CMAKE_PREFIX_PATH}:/home/anlh/turtlebot3_ws/install/turtlebot3_teleop:/home/anlh/turtlebot3_ws/install/turtlebot3_example:/opt/ros/humble:/home/anlh/ros2_humble/install/rqt_bag_plugins:/home/anlh/ros2_humble/install/rqt_bag:/home/anlh/ros2_humble/install/ros2bag:/home/anlh/ros2_humble/install/tracetools_test:/home/anlh/ros2_humble/install/tracetools_launch:/home/anlh/ros2_humble/install/topic_monitor:/home/anlh/ros2_humble/install/tf2_tools:/home/anlh/ros2_humble/install/examples_tf2_py:/home/anlh/ros2_humble/install/tf2_ros_py:/home/anlh/ros2_humble/install/sros2:/home/anlh/ros2_humble/install/rqt_topic:/home/anlh/ros2_humble/install/rqt_srv:/home/anlh/ros2_humble/install/rqt_shell:/home/anlh/ros2_humble/install/rqt_service_caller:/home/anlh/ros2_humble/install/rqt_reconfigure:/home/anlh/ros2_humble/install/rqt_py_console:/home/anlh/ros2_humble/install/rqt_publisher:/home/anlh/ros2_humble/install/rqt_plot:/home/anlh/ros2_humble/install/rqt_action:/home/anlh/ros2_humble/install/rqt_msg:/home/anlh/ros2_humble/install/rqt_console:/home/anlh/ros2_humble/install/rqt:/home/anlh/ros2_humble/install/rqt_graph:/home/anlh/ros2_humble/install/rqt_gui_py:/home/anlh/ros2_humble/install/rqt_gui:/home/anlh/ros2_humble/install/ros2trace:/home/anlh/ros2_humble/install/ros2topic:/home/anlh/ros2_humble/install/ros2test:/home/anlh/ros2_humble/install/ros2component:/home/anlh/ros2_humble/install/ros2param:/home/anlh/ros2_humble/install/ros2lifecycle:/home/anlh/ros2_humble/install/ros2service:/home/anlh/ros2_humble/install/ros2run:/home/anlh/ros2_humble/install/ros2launch:/home/anlh/ros2_humble/install/ros2pkg:/home/anlh/ros2_humble/install/ros2node:/home/anlh/ros2_humble/install/ros2multicast:/home/anlh/ros2_humble/install/ros2interface:/home/anlh/ros2_humble/install/ros2doctor:/home/anlh/ros2_humble/install/ros2action:/home/anlh/ros2_humble/install/ros2cli:/home/anlh/ros2_humble/install/quality_of_service_demo_py:/home/anlh/ros2_humble/install/lifecycle_py:/home/anlh/ros2_humble/install/launch_testing_ros:/home/anlh/ros2_humble/install/launch_ros:/home/anlh/ros2_humble/install/examples_rclpy_pointcloud_publisher:/home/anlh/ros2_humble/install/examples_rclpy_minimal_subscriber:/home/anlh/ros2_humble/install/examples_rclpy_minimal_service:/home/anlh/ros2_humble/install/examples_rclpy_minimal_publisher:/home/anlh/ros2_humble/install/examples_rclpy_minimal_client:/home/anlh/ros2_humble/install/examples_rclpy_minimal_action_server:/home/anlh/ros2_humble/install/examples_rclpy_minimal_action_client:/home/anlh/ros2_humble/install/examples_rclpy_guard_conditions:/home/anlh/ros2_humble/install/examples_rclpy_executors:/home/anlh/ros2_humble/install/demo_nodes_py:/home/anlh/ros2_humble/install/action_tutorials_py:/home/anlh/ros2_humble/install/ament_uncrustify:/home/anlh/ros2_humble/install/tracetools_trace:/home/anlh/ros2_humble/install/tracetools_read:/home/anlh/ros2_humble/install/test_tracetools_launch:/home/anlh/ros2_humble/install/test_launch_ros:/home/anlh/ros2_humble/install/sensor_msgs_py:/home/anlh/ros2_humble/install/rpyutils:/home/anlh/ros2_humble/install/rosidl_runtime_py:/home/anlh/ros2_humble/install/rosidl_cli:/home/anlh/ros2_humble/install/launch_pytest:/home/anlh/ros2_humble/install/launch_testing:/home/anlh/ros2_humble/install/launch_yaml:/home/anlh/ros2_humble/install/launch_xml:/home/anlh/ros2_humble/install/launch:/home/anlh/ros2_humble/install/osrf_pycommon:/home/anlh/ros2_humble/install/launch_testing_examples:/home/anlh/ros2_humble/install/domain_coordinator:/home/anlh/ros2_humble/install/ament_xmllint:/home/anlh/ros2_humble/install/ament_pyflakes:/home/anlh/ros2_humble/install/ament_pycodestyle:/home/anlh/ros2_humble/install/ament_pep257:/home/anlh/ros2_humble/install/ament_pclint:/home/anlh/ros2_humble/install/ament_package:/home/anlh/ros2_humble/install/ament_mypy:/home/anlh/ros2_humble/install/ament_lint_cmake:/home/anlh/ros2_humble/install/ament_flake8:/home/anlh/ros2_humble/install/ament_copyright:/home/anlh/ros2_humble/install/ament_lint:/home/anlh/ros2_humble/install/ament_index_python:/home/anlh/ros2_humble/install/ament_cpplint:/home/anlh/ros2_humble/install/ament_cppcheck:/home/anlh/ros2_humble/install/ament_clang_tidy:/home/anlh/ros2_humble/install/ament_clang_format /usr/local/bin/cmake --install /home/anlh/DRL_Velocity_Obstacles/build/cnn_msgs
