[0.034s] Invoking command in '/home/anlh/DRL_Velocity_Obstacles/build/track_ped_msgs': /usr/local/bin/cmake /home/anlh/DRL_Velocity_Obstacles/src/track_ped_msgs -DCATKIN_INSTALL_INTO_PREFIX_ROOT=0 -DCMAKE_INSTALL_PREFIX=/home/anlh/DRL_Velocity_Obstacles/install/track_ped_msgs
[0.131s] -- The C compiler identification is GNU 11.4.0
[0.225s] -- The CXX compiler identification is GNU 11.4.0
[0.252s] -- Detecting C compiler ABI info
[0.397s] -- Detecting C compiler ABI info - done
[0.416s] -- Check for working C compiler: /usr/bin/cc - skipped
[0.416s] -- Detecting C compile features
[0.417s] -- Detecting C compile features - done
[0.420s] -- Detecting CXX compiler ABI info
[0.559s] -- Detecting CXX compiler ABI info - done
[0.586s] -- Check for working CXX compiler: /usr/bin/c++ - skipped
[0.587s] -- Detecting CXX compile features
[0.587s] -- Detecting CXX compile features - done
[0.610s] -- Found ament_cmake: 1.3.10 (/home/anlh/ros2_humble/install/ament_cmake/share/ament_cmake/cmake)
[1.087s] -- Found Python3: /usr/bin/python3 (found version "3.10.12") found components: Interpreter
[1.479s] -- Found rosidl_default_generators: 1.2.0 (/home/anlh/ros2_humble/install/rosidl_default_generators/share/rosidl_default_generators/cmake)
[1.594s] -- Using all available rosidl_typesupport_c: rosidl_typesupport_fastrtps_c;rosidl_typesupport_introspection_c
[1.624s] -- Found rosidl_adapter: 3.1.5 (/home/anlh/ros2_humble/install/rosidl_adapter/share/rosidl_adapter/cmake)
[1.778s] -- Using all available rosidl_typesupport_cpp: rosidl_typesupport_fastrtps_cpp;rosidl_typesupport_introspection_cpp
[1.870s] -- Found std_msgs: 4.2.4 (/home/anlh/ros2_humble/install/std_msgs/share/std_msgs/cmake)
[1.951s] -- Found geometry_msgs: 4.2.4 (/home/anlh/ros2_humble/install/geometry_msgs/share/geometry_msgs/cmake)
[3.189s] -- Found ament_cmake_ros: 0.10.0 (/home/anlh/ros2_humble/install/ament_cmake_ros/share/ament_cmake_ros/cmake)
[4.427s] -- Using all available rosidl_typesupport_c: rosidl_typesupport_fastrtps_c;rosidl_typesupport_introspection_c
[5.977s] -- Using all available rosidl_typesupport_cpp: rosidl_typesupport_fastrtps_cpp;rosidl_typesupport_introspection_cpp
[5.978s] [33mCMake Warning (dev) at /home/anlh/ros2_humble/install/rosidl_generator_py/share/rosidl_generator_py/cmake/rosidl_generator_py_generate_interfaces.cmake:20 (find_package):
[5.978s]   Policy CMP0148 is not set: The FindPythonInterp and FindPythonLibs modules
[5.978s]   are removed.  Run "cmake --help-policy CMP0148" for policy details.  Use
[5.979s]   the cmake_policy command to set the policy and suppress this warning.
[5.979s] 
[5.979s] Call Stack (most recent call first):
[5.979s]   /home/anlh/ros2_humble/install/ament_cmake_core/share/ament_cmake_core/cmake/core/ament_execute_extensions.cmake:48 (include)
[5.979s]   /home/anlh/ros2_humble/install/rosidl_cmake/share/rosidl_cmake/cmake/rosidl_generate_interfaces.cmake:286 (ament_execute_extensions)
[5.979s]   CMakeLists.txt:15 (rosidl_generate_interfaces)
[5.979s] This warning is for project developers.  Use -Wno-dev to suppress it.
[5.979s] [0m
[6.029s] -- Found PythonInterp: /usr/bin/python3 (found suitable version "3.10.12", minimum required is "3.6")
[6.039s] -- Found python_cmake_module: 0.10.0 (/home/anlh/ros2_humble/install/python_cmake_module/share/python_cmake_module/cmake)
[6.040s] [33mCMake Warning (dev) at /home/anlh/ros2_humble/install/python_cmake_module/share/python_cmake_module/cmake/Modules/FindPythonExtra.cmake:52 (find_package):
[6.040s]   Policy CMP0148 is not set: The FindPythonInterp and FindPythonLibs modules
[6.040s]   are removed.  Run "cmake --help-policy CMP0148" for policy details.  Use
[6.040s]   the cmake_policy command to set the policy and suppress this warning.
[6.040s] 
[6.040s] Call Stack (most recent call first):
[6.040s]   /home/anlh/ros2_humble/install/rosidl_generator_py/share/rosidl_generator_py/cmake/rosidl_generator_py_generate_interfaces.cmake:23 (find_package)
[6.040s]   /home/anlh/ros2_humble/install/ament_cmake_core/share/ament_cmake_core/cmake/core/ament_execute_extensions.cmake:48 (include)
[6.040s]   /home/anlh/ros2_humble/install/rosidl_cmake/share/rosidl_cmake/cmake/rosidl_generate_interfaces.cmake:286 (ament_execute_extensions)
[6.040s]   CMakeLists.txt:15 (rosidl_generate_interfaces)
[6.040s] This warning is for project developers.  Use -Wno-dev to suppress it.
[6.040s] [0m
[6.094s] [33mCMake Warning (dev) at /home/anlh/ros2_humble/install/python_cmake_module/share/python_cmake_module/cmake/Modules/FindPythonExtra.cmake:140 (find_package):
[6.094s]   Policy CMP0148 is not set: The FindPythonInterp and FindPythonLibs modules
[6.094s]   are removed.  Run "cmake --help-policy CMP0148" for policy details.  Use
[6.094s]   the cmake_policy command to set the policy and suppress this warning.
[6.094s] 
[6.094s] Call Stack (most recent call first):
[6.094s]   /home/anlh/ros2_humble/install/rosidl_generator_py/share/rosidl_generator_py/cmake/rosidl_generator_py_generate_interfaces.cmake:23 (find_package)
[6.094s]   /home/anlh/ros2_humble/install/ament_cmake_core/share/ament_cmake_core/cmake/core/ament_execute_extensions.cmake:48 (include)
[6.094s]   /home/anlh/ros2_humble/install/rosidl_cmake/share/rosidl_cmake/cmake/rosidl_generate_interfaces.cmake:286 (ament_execute_extensions)
[6.095s]   CMakeLists.txt:15 (rosidl_generate_interfaces)
[6.095s] This warning is for project developers.  Use -Wno-dev to suppress it.
[6.095s] [0m
[6.112s] -- Found PythonLibs: /usr/lib/x86_64-linux-gnu/libpython3.10.so (found suitable version "3.10.12", minimum required is "3.5")
[6.112s] -- Using PYTHON_EXECUTABLE: /usr/bin/python3
[6.112s] -- Using PYTHON_INCLUDE_DIRS: /usr/include/python3.10
[6.112s] -- Using PYTHON_LIBRARIES: /usr/lib/x86_64-linux-gnu/libpython3.10.so
[6.173s] -- Found PythonExtra: .so
[6.687s] -- Configuring done (6.6s)
[6.721s] -- Generating done (0.0s)
[6.722s] [33mCMake Warning:
[6.722s]   Manually-specified variables were not used by the project:
[6.723s] 
[6.723s]     CATKIN_INSTALL_INTO_PREFIX_ROOT
[6.723s] 
[6.723s] [0m
[6.723s] -- Build files have been written to: /home/anlh/DRL_Velocity_Obstacles/build/track_ped_msgs
[6.730s] Invoked command in '/home/anlh/DRL_Velocity_Obstacles/build/track_ped_msgs' returned '0': /usr/local/bin/cmake /home/anlh/DRL_Velocity_Obstacles/src/track_ped_msgs -DCATKIN_INSTALL_INTO_PREFIX_ROOT=0 -DCMAKE_INSTALL_PREFIX=/home/anlh/DRL_Velocity_Obstacles/install/track_ped_msgs
[6.732s] Invoking command in '/home/anlh/DRL_Velocity_Obstacles/build/track_ped_msgs': /usr/local/bin/cmake --build /home/anlh/DRL_Velocity_Obstacles/build/track_ped_msgs -- -j16 -l16
[6.788s] [  2%] [34m[1mGenerating C code for ROS interfaces[0m
[6.805s] [  5%] [34m[1mGenerating C++ code for ROS interfaces[0m
[6.812s] [  5%] Built target ament_cmake_python_copy_track_ped_msgs
[7.341s] running egg_info
[7.345s] creating track_ped_msgs.egg-info
[7.345s] writing track_ped_msgs.egg-info/PKG-INFO
[7.345s] writing dependency_links to track_ped_msgs.egg-info/dependency_links.txt
[7.346s] writing top-level names to track_ped_msgs.egg-info/top_level.txt
[7.346s] writing manifest file 'track_ped_msgs.egg-info/SOURCES.txt'
[7.353s] reading manifest file 'track_ped_msgs.egg-info/SOURCES.txt'
[7.354s] writing manifest file 'track_ped_msgs.egg-info/SOURCES.txt'
[7.369s] [  5%] Built target track_ped_msgs__cpp
[7.379s] [ 10%] [32mBuilding C object CMakeFiles/track_ped_msgs__rosidl_generator_c.dir/rosidl_generator_c/track_ped_msgs/msg/detail/tracked_person__functions.c.o[0m
[7.379s] [ 10%] [32mBuilding C object CMakeFiles/track_ped_msgs__rosidl_generator_c.dir/rosidl_generator_c/track_ped_msgs/msg/detail/tracked_persons__functions.c.o[0m
[7.388s] [ 15%] [34m[1mGenerating C++ type support for eProsima Fast-RTPS[0m
[7.388s] [ 15%] [34m[1mGenerating C++ type support dispatch for ROS interfaces[0m
[7.389s] [ 17%] [34m[1mGenerating C++ introspection for ROS interfaces[0m
[7.391s] [ 17%] Built target ament_cmake_python_build_track_ped_msgs_egg
[7.447s] [ 20%] [32m[1mLinking C shared library libtrack_ped_msgs__rosidl_generator_c.so[0m
[7.508s] [ 20%] Built target track_ped_msgs__rosidl_generator_c
[7.527s] [ 28%] [34m[1mGenerating C type support for eProsima Fast-RTPS[0m
[7.527s] [ 28%] [34m[1mGenerating C type support dispatch for ROS interfaces[0m
[7.528s] [ 28%] [34m[1mGenerating C introspection for ROS interfaces[0m
[7.971s] [ 30%] [32mBuilding CXX object CMakeFiles/track_ped_msgs__rosidl_typesupport_cpp.dir/rosidl_typesupport_cpp/track_ped_msgs/msg/tracked_person__type_support.cpp.o[0m
[7.976s] [ 33%] [32mBuilding CXX object CMakeFiles/track_ped_msgs__rosidl_typesupport_cpp.dir/rosidl_typesupport_cpp/track_ped_msgs/msg/tracked_persons__type_support.cpp.o[0m
[7.994s] [ 35%] [32mBuilding CXX object CMakeFiles/track_ped_msgs__rosidl_typesupport_introspection_cpp.dir/rosidl_typesupport_introspection_cpp/track_ped_msgs/msg/detail/tracked_person__type_support.cpp.o[0m
[8.000s] [ 38%] [32mBuilding CXX object CMakeFiles/track_ped_msgs__rosidl_typesupport_introspection_cpp.dir/rosidl_typesupport_introspection_cpp/track_ped_msgs/msg/detail/tracked_persons__type_support.cpp.o[0m
[8.007s] [ 41%] [32mBuilding CXX object CMakeFiles/track_ped_msgs__rosidl_typesupport_fastrtps_cpp.dir/rosidl_typesupport_fastrtps_cpp/track_ped_msgs/msg/detail/dds_fastrtps/tracked_person__type_support.cpp.o[0m
[8.012s] [ 43%] [32mBuilding CXX object CMakeFiles/track_ped_msgs__rosidl_typesupport_fastrtps_cpp.dir/rosidl_typesupport_fastrtps_cpp/track_ped_msgs/msg/detail/dds_fastrtps/tracked_persons__type_support.cpp.o[0m
[8.142s] [ 48%] [32mBuilding CXX object CMakeFiles/track_ped_msgs__rosidl_typesupport_c.dir/rosidl_typesupport_c/track_ped_msgs/msg/tracked_persons__type_support.cpp.o[0m
[8.142s] [ 48%] [32mBuilding CXX object CMakeFiles/track_ped_msgs__rosidl_typesupport_c.dir/rosidl_typesupport_c/track_ped_msgs/msg/tracked_person__type_support.cpp.o[0m
[8.226s] [ 53%] [32mBuilding CXX object CMakeFiles/track_ped_msgs__rosidl_typesupport_fastrtps_c.dir/rosidl_typesupport_fastrtps_c/track_ped_msgs/msg/detail/tracked_persons__type_support_c.cpp.o[0m
[8.226s] [ 53%] [32mBuilding CXX object CMakeFiles/track_ped_msgs__rosidl_typesupport_fastrtps_c.dir/rosidl_typesupport_fastrtps_c/track_ped_msgs/msg/detail/tracked_person__type_support_c.cpp.o[0m
[8.233s] [ 56%] [32m[1mLinking CXX shared library libtrack_ped_msgs__rosidl_typesupport_c.so[0m
[8.268s] [ 58%] [32mBuilding C object CMakeFiles/track_ped_msgs__rosidl_typesupport_introspection_c.dir/rosidl_typesupport_introspection_c/track_ped_msgs/msg/detail/tracked_person__type_support.c.o[0m
[8.271s] [ 61%] [32mBuilding C object CMakeFiles/track_ped_msgs__rosidl_typesupport_introspection_c.dir/rosidl_typesupport_introspection_c/track_ped_msgs/msg/detail/tracked_persons__type_support.c.o[0m
[8.328s] [ 61%] Built target track_ped_msgs__rosidl_typesupport_c
[8.353s] [ 64%] [32m[1mLinking C shared library libtrack_ped_msgs__rosidl_typesupport_introspection_c.so[0m
[8.402s] [ 66%] [32m[1mLinking CXX shared library libtrack_ped_msgs__rosidl_typesupport_cpp.so[0m
[8.429s] [ 66%] Built target track_ped_msgs__rosidl_typesupport_introspection_c
[8.469s] [ 66%] Built target track_ped_msgs__rosidl_typesupport_cpp
[8.580s] [ 69%] [32m[1mLinking CXX shared library libtrack_ped_msgs__rosidl_typesupport_introspection_cpp.so[0m
[8.633s] [ 71%] [32m[1mLinking CXX shared library libtrack_ped_msgs__rosidl_typesupport_fastrtps_cpp.so[0m
[8.697s] [ 71%] Built target track_ped_msgs__rosidl_typesupport_introspection_cpp
[8.701s] [ 74%] [32m[1mLinking CXX shared library libtrack_ped_msgs__rosidl_typesupport_fastrtps_c.so[0m
[8.732s] [ 74%] Built target track_ped_msgs__rosidl_typesupport_fastrtps_cpp
[8.799s] [ 74%] Built target track_ped_msgs__rosidl_typesupport_fastrtps_c
[8.831s] [ 74%] Built target track_ped_msgs
[8.861s] [ 76%] [34m[1mGenerating Python code for ROS interfaces[0m
[9.504s] [ 76%] Built target track_ped_msgs__py
[9.537s] [ 82%] [32mBuilding C object CMakeFiles/track_ped_msgs__rosidl_generator_py.dir/rosidl_generator_py/track_ped_msgs/msg/_tracked_persons_s.c.o[0m
[9.537s] [ 82%] [32mBuilding C object CMakeFiles/track_ped_msgs__rosidl_generator_py.dir/rosidl_generator_py/track_ped_msgs/msg/_tracked_person_s.c.o[0m
[9.648s] [ 84%] [32m[1mLinking C shared library rosidl_generator_py/track_ped_msgs/libtrack_ped_msgs__rosidl_generator_py.so[0m
[9.696s] [ 84%] Built target track_ped_msgs__rosidl_generator_py
[9.732s] [ 92%] [32mBuilding C object CMakeFiles/track_ped_msgs__rosidl_typesupport_c__pyext.dir/rosidl_generator_py/track_ped_msgs/_track_ped_msgs_s.ep.rosidl_typesupport_c.c.o[0m
[9.732s] [ 92%] [32mBuilding C object CMakeFiles/track_ped_msgs__rosidl_typesupport_introspection_c__pyext.dir/rosidl_generator_py/track_ped_msgs/_track_ped_msgs_s.ep.rosidl_typesupport_introspection_c.c.o[0m
[9.732s] [ 92%] [32mBuilding C object CMakeFiles/track_ped_msgs__rosidl_typesupport_fastrtps_c__pyext.dir/rosidl_generator_py/track_ped_msgs/_track_ped_msgs_s.ep.rosidl_typesupport_fastrtps_c.c.o[0m
[9.846s] [100%] [32m[1mLinking C shared library rosidl_generator_py/track_ped_msgs/track_ped_msgs_s__rosidl_typesupport_fastrtps_c.cpython-310-x86_64-linux-gnu.so[0m
[9.846s] [100%] [32m[1mLinking C shared library rosidl_generator_py/track_ped_msgs/track_ped_msgs_s__rosidl_typesupport_c.cpython-310-x86_64-linux-gnu.so[0m
[9.846s] [100%] [32m[1mLinking C shared library rosidl_generator_py/track_ped_msgs/track_ped_msgs_s__rosidl_typesupport_introspection_c.cpython-310-x86_64-linux-gnu.so[0m
[9.899s] [100%] Built target track_ped_msgs__rosidl_typesupport_fastrtps_c__pyext
[9.899s] [100%] Built target track_ped_msgs__rosidl_typesupport_c__pyext
[9.899s] [100%] Built target track_ped_msgs__rosidl_typesupport_introspection_c__pyext
[9.909s] Invoked command in '/home/anlh/DRL_Velocity_Obstacles/build/track_ped_msgs' returned '0': /usr/local/bin/cmake --build /home/anlh/DRL_Velocity_Obstacles/build/track_ped_msgs -- -j16 -l16
[10.634s] Invoking command in '/home/anlh/DRL_Velocity_Obstacles/build/track_ped_msgs': /usr/local/bin/cmake --install /home/anlh/DRL_Velocity_Obstacles/build/track_ped_msgs
[10.641s] -- Install configuration: ""
[10.641s] -- Installing: /home/anlh/DRL_Velocity_Obstacles/install/track_ped_msgs/share/ament_index/resource_index/rosidl_interfaces/track_ped_msgs
[10.641s] -- Installing: /home/anlh/DRL_Velocity_Obstacles/install/track_ped_msgs/include/track_ped_msgs/track_ped_msgs
[10.641s] -- Installing: /home/anlh/DRL_Velocity_Obstacles/install/track_ped_msgs/include/track_ped_msgs/track_ped_msgs/msg
[10.641s] -- Installing: /home/anlh/DRL_Velocity_Obstacles/install/track_ped_msgs/include/track_ped_msgs/track_ped_msgs/msg/rosidl_generator_c__visibility_control.h
[10.641s] -- Installing: /home/anlh/DRL_Velocity_Obstacles/install/track_ped_msgs/include/track_ped_msgs/track_ped_msgs/msg/tracked_persons.h
[10.641s] -- Installing: /home/anlh/DRL_Velocity_Obstacles/install/track_ped_msgs/include/track_ped_msgs/track_ped_msgs/msg/tracked_person.h
[10.641s] -- Installing: /home/anlh/DRL_Velocity_Obstacles/install/track_ped_msgs/include/track_ped_msgs/track_ped_msgs/msg/detail
[10.641s] -- Installing: /home/anlh/DRL_Velocity_Obstacles/install/track_ped_msgs/include/track_ped_msgs/track_ped_msgs/msg/detail/tracked_persons__functions.c
[10.641s] -- Installing: /home/anlh/DRL_Velocity_Obstacles/install/track_ped_msgs/include/track_ped_msgs/track_ped_msgs/msg/detail/tracked_person__struct.h
[10.642s] -- Installing: /home/anlh/DRL_Velocity_Obstacles/install/track_ped_msgs/include/track_ped_msgs/track_ped_msgs/msg/detail/tracked_persons__struct.h
[10.642s] -- Installing: /home/anlh/DRL_Velocity_Obstacles/install/track_ped_msgs/include/track_ped_msgs/track_ped_msgs/msg/detail/tracked_person__functions.h
[10.642s] -- Installing: /home/anlh/DRL_Velocity_Obstacles/install/track_ped_msgs/include/track_ped_msgs/track_ped_msgs/msg/detail/tracked_person__type_support.h
[10.642s] -- Installing: /home/anlh/DRL_Velocity_Obstacles/install/track_ped_msgs/include/track_ped_msgs/track_ped_msgs/msg/detail/tracked_person__functions.c
[10.642s] -- Installing: /home/anlh/DRL_Velocity_Obstacles/install/track_ped_msgs/include/track_ped_msgs/track_ped_msgs/msg/detail/tracked_persons__functions.h
[10.642s] -- Installing: /home/anlh/DRL_Velocity_Obstacles/install/track_ped_msgs/include/track_ped_msgs/track_ped_msgs/msg/detail/tracked_persons__type_support.h
[10.642s] -- Installing: /home/anlh/DRL_Velocity_Obstacles/install/track_ped_msgs/share/track_ped_msgs/environment/library_path.sh
[10.642s] -- Installing: /home/anlh/DRL_Velocity_Obstacles/install/track_ped_msgs/share/track_ped_msgs/environment/library_path.dsv
[10.642s] -- Installing: /home/anlh/DRL_Velocity_Obstacles/install/track_ped_msgs/lib/libtrack_ped_msgs__rosidl_generator_c.so
[10.643s] -- Set non-toolchain portion of runtime path of "/home/anlh/DRL_Velocity_Obstacles/install/track_ped_msgs/lib/libtrack_ped_msgs__rosidl_generator_c.so" to ""
[10.643s] -- Up-to-date: /home/anlh/DRL_Velocity_Obstacles/install/track_ped_msgs/include/track_ped_msgs/track_ped_msgs
[10.643s] -- Up-to-date: /home/anlh/DRL_Velocity_Obstacles/install/track_ped_msgs/include/track_ped_msgs/track_ped_msgs/msg
[10.643s] -- Installing: /home/anlh/DRL_Velocity_Obstacles/install/track_ped_msgs/include/track_ped_msgs/track_ped_msgs/msg/rosidl_typesupport_fastrtps_c__visibility_control.h
[10.643s] -- Up-to-date: /home/anlh/DRL_Velocity_Obstacles/install/track_ped_msgs/include/track_ped_msgs/track_ped_msgs/msg/detail
[10.643s] -- Installing: /home/anlh/DRL_Velocity_Obstacles/install/track_ped_msgs/include/track_ped_msgs/track_ped_msgs/msg/detail/tracked_persons__rosidl_typesupport_fastrtps_c.h
[10.643s] -- Installing: /home/anlh/DRL_Velocity_Obstacles/install/track_ped_msgs/include/track_ped_msgs/track_ped_msgs/msg/detail/tracked_person__rosidl_typesupport_fastrtps_c.h
[10.643s] -- Installing: /home/anlh/DRL_Velocity_Obstacles/install/track_ped_msgs/lib/libtrack_ped_msgs__rosidl_typesupport_fastrtps_c.so
[10.643s] -- Set non-toolchain portion of runtime path of "/home/anlh/DRL_Velocity_Obstacles/install/track_ped_msgs/lib/libtrack_ped_msgs__rosidl_typesupport_fastrtps_c.so" to ""
[10.643s] -- Up-to-date: /home/anlh/DRL_Velocity_Obstacles/install/track_ped_msgs/include/track_ped_msgs/track_ped_msgs
[10.644s] -- Up-to-date: /home/anlh/DRL_Velocity_Obstacles/install/track_ped_msgs/include/track_ped_msgs/track_ped_msgs/msg
[10.644s] -- Up-to-date: /home/anlh/DRL_Velocity_Obstacles/install/track_ped_msgs/include/track_ped_msgs/track_ped_msgs/msg/detail
[10.644s] -- Installing: /home/anlh/DRL_Velocity_Obstacles/install/track_ped_msgs/include/track_ped_msgs/track_ped_msgs/msg/detail/tracked_person__rosidl_typesupport_introspection_c.h
[10.644s] -- Installing: /home/anlh/DRL_Velocity_Obstacles/install/track_ped_msgs/include/track_ped_msgs/track_ped_msgs/msg/detail/tracked_persons__rosidl_typesupport_introspection_c.h
[10.644s] -- Installing: /home/anlh/DRL_Velocity_Obstacles/install/track_ped_msgs/include/track_ped_msgs/track_ped_msgs/msg/detail/tracked_person__type_support.c
[10.644s] -- Installing: /home/anlh/DRL_Velocity_Obstacles/install/track_ped_msgs/include/track_ped_msgs/track_ped_msgs/msg/detail/tracked_persons__type_support.c
[10.644s] -- Installing: /home/anlh/DRL_Velocity_Obstacles/install/track_ped_msgs/include/track_ped_msgs/track_ped_msgs/msg/rosidl_typesupport_introspection_c__visibility_control.h
[10.644s] -- Installing: /home/anlh/DRL_Velocity_Obstacles/install/track_ped_msgs/lib/libtrack_ped_msgs__rosidl_typesupport_introspection_c.so
[10.644s] -- Set non-toolchain portion of runtime path of "/home/anlh/DRL_Velocity_Obstacles/install/track_ped_msgs/lib/libtrack_ped_msgs__rosidl_typesupport_introspection_c.so" to ""
[10.644s] -- Installing: /home/anlh/DRL_Velocity_Obstacles/install/track_ped_msgs/lib/libtrack_ped_msgs__rosidl_typesupport_c.so
[10.644s] -- Set non-toolchain portion of runtime path of "/home/anlh/DRL_Velocity_Obstacles/install/track_ped_msgs/lib/libtrack_ped_msgs__rosidl_typesupport_c.so" to ""
[10.645s] -- Up-to-date: /home/anlh/DRL_Velocity_Obstacles/install/track_ped_msgs/include/track_ped_msgs/track_ped_msgs
[10.645s] -- Up-to-date: /home/anlh/DRL_Velocity_Obstacles/install/track_ped_msgs/include/track_ped_msgs/track_ped_msgs/msg
[10.645s] -- Installing: /home/anlh/DRL_Velocity_Obstacles/install/track_ped_msgs/include/track_ped_msgs/track_ped_msgs/msg/tracked_person.hpp
[10.645s] -- Installing: /home/anlh/DRL_Velocity_Obstacles/install/track_ped_msgs/include/track_ped_msgs/track_ped_msgs/msg/tracked_persons.hpp
[10.645s] -- Up-to-date: /home/anlh/DRL_Velocity_Obstacles/install/track_ped_msgs/include/track_ped_msgs/track_ped_msgs/msg/detail
[10.645s] -- Installing: /home/anlh/DRL_Velocity_Obstacles/install/track_ped_msgs/include/track_ped_msgs/track_ped_msgs/msg/detail/tracked_persons__traits.hpp
[10.645s] -- Installing: /home/anlh/DRL_Velocity_Obstacles/install/track_ped_msgs/include/track_ped_msgs/track_ped_msgs/msg/detail/tracked_person__struct.hpp
[10.645s] -- Installing: /home/anlh/DRL_Velocity_Obstacles/install/track_ped_msgs/include/track_ped_msgs/track_ped_msgs/msg/detail/tracked_persons__builder.hpp
[10.645s] -- Installing: /home/anlh/DRL_Velocity_Obstacles/install/track_ped_msgs/include/track_ped_msgs/track_ped_msgs/msg/detail/tracked_persons__struct.hpp
[10.645s] -- Installing: /home/anlh/DRL_Velocity_Obstacles/install/track_ped_msgs/include/track_ped_msgs/track_ped_msgs/msg/detail/tracked_person__traits.hpp
[10.645s] -- Installing: /home/anlh/DRL_Velocity_Obstacles/install/track_ped_msgs/include/track_ped_msgs/track_ped_msgs/msg/detail/tracked_person__builder.hpp
[10.645s] -- Up-to-date: /home/anlh/DRL_Velocity_Obstacles/install/track_ped_msgs/include/track_ped_msgs/track_ped_msgs
[10.645s] -- Up-to-date: /home/anlh/DRL_Velocity_Obstacles/install/track_ped_msgs/include/track_ped_msgs/track_ped_msgs/msg
[10.645s] -- Installing: /home/anlh/DRL_Velocity_Obstacles/install/track_ped_msgs/include/track_ped_msgs/track_ped_msgs/msg/rosidl_typesupport_fastrtps_cpp__visibility_control.h
[10.645s] -- Up-to-date: /home/anlh/DRL_Velocity_Obstacles/install/track_ped_msgs/include/track_ped_msgs/track_ped_msgs/msg/detail
[10.645s] -- Installing: /home/anlh/DRL_Velocity_Obstacles/install/track_ped_msgs/include/track_ped_msgs/track_ped_msgs/msg/detail/tracked_person__rosidl_typesupport_fastrtps_cpp.hpp
[10.646s] -- Installing: /home/anlh/DRL_Velocity_Obstacles/install/track_ped_msgs/include/track_ped_msgs/track_ped_msgs/msg/detail/dds_fastrtps
[10.646s] -- Installing: /home/anlh/DRL_Velocity_Obstacles/install/track_ped_msgs/include/track_ped_msgs/track_ped_msgs/msg/detail/tracked_persons__rosidl_typesupport_fastrtps_cpp.hpp
[10.646s] -- Installing: /home/anlh/DRL_Velocity_Obstacles/install/track_ped_msgs/lib/libtrack_ped_msgs__rosidl_typesupport_fastrtps_cpp.so
[10.646s] -- Set non-toolchain portion of runtime path of "/home/anlh/DRL_Velocity_Obstacles/install/track_ped_msgs/lib/libtrack_ped_msgs__rosidl_typesupport_fastrtps_cpp.so" to ""
[10.646s] -- Up-to-date: /home/anlh/DRL_Velocity_Obstacles/install/track_ped_msgs/include/track_ped_msgs/track_ped_msgs
[10.646s] -- Up-to-date: /home/anlh/DRL_Velocity_Obstacles/install/track_ped_msgs/include/track_ped_msgs/track_ped_msgs/msg
[10.646s] -- Up-to-date: /home/anlh/DRL_Velocity_Obstacles/install/track_ped_msgs/include/track_ped_msgs/track_ped_msgs/msg/detail
[10.646s] -- Installing: /home/anlh/DRL_Velocity_Obstacles/install/track_ped_msgs/include/track_ped_msgs/track_ped_msgs/msg/detail/tracked_person__type_support.cpp
[10.646s] -- Installing: /home/anlh/DRL_Velocity_Obstacles/install/track_ped_msgs/include/track_ped_msgs/track_ped_msgs/msg/detail/tracked_persons__type_support.cpp
[10.646s] -- Installing: /home/anlh/DRL_Velocity_Obstacles/install/track_ped_msgs/include/track_ped_msgs/track_ped_msgs/msg/detail/tracked_person__rosidl_typesupport_introspection_cpp.hpp
[10.646s] -- Installing: /home/anlh/DRL_Velocity_Obstacles/install/track_ped_msgs/include/track_ped_msgs/track_ped_msgs/msg/detail/tracked_persons__rosidl_typesupport_introspection_cpp.hpp
[10.647s] -- Installing: /home/anlh/DRL_Velocity_Obstacles/install/track_ped_msgs/lib/libtrack_ped_msgs__rosidl_typesupport_introspection_cpp.so
[10.647s] -- Set non-toolchain portion of runtime path of "/home/anlh/DRL_Velocity_Obstacles/install/track_ped_msgs/lib/libtrack_ped_msgs__rosidl_typesupport_introspection_cpp.so" to ""
[10.647s] -- Installing: /home/anlh/DRL_Velocity_Obstacles/install/track_ped_msgs/lib/libtrack_ped_msgs__rosidl_typesupport_cpp.so
[10.647s] -- Set non-toolchain portion of runtime path of "/home/anlh/DRL_Velocity_Obstacles/install/track_ped_msgs/lib/libtrack_ped_msgs__rosidl_typesupport_cpp.so" to ""
[10.647s] -- Installing: /home/anlh/DRL_Velocity_Obstacles/install/track_ped_msgs/share/track_ped_msgs/environment/pythonpath.sh
[10.647s] -- Installing: /home/anlh/DRL_Velocity_Obstacles/install/track_ped_msgs/share/track_ped_msgs/environment/pythonpath.dsv
[10.647s] -- Installing: /home/anlh/DRL_Velocity_Obstacles/install/track_ped_msgs/local/lib/python3.10/dist-packages/track_ped_msgs-0.0.0-py3.10.egg-info
[10.647s] -- Installing: /home/anlh/DRL_Velocity_Obstacles/install/track_ped_msgs/local/lib/python3.10/dist-packages/track_ped_msgs-0.0.0-py3.10.egg-info/dependency_links.txt
[10.647s] -- Installing: /home/anlh/DRL_Velocity_Obstacles/install/track_ped_msgs/local/lib/python3.10/dist-packages/track_ped_msgs-0.0.0-py3.10.egg-info/PKG-INFO
[10.647s] -- Installing: /home/anlh/DRL_Velocity_Obstacles/install/track_ped_msgs/local/lib/python3.10/dist-packages/track_ped_msgs-0.0.0-py3.10.egg-info/SOURCES.txt
[10.648s] -- Installing: /home/anlh/DRL_Velocity_Obstacles/install/track_ped_msgs/local/lib/python3.10/dist-packages/track_ped_msgs-0.0.0-py3.10.egg-info/top_level.txt
[10.648s] -- Installing: /home/anlh/DRL_Velocity_Obstacles/install/track_ped_msgs/local/lib/python3.10/dist-packages/track_ped_msgs
[10.648s] -- Installing: /home/anlh/DRL_Velocity_Obstacles/install/track_ped_msgs/local/lib/python3.10/dist-packages/track_ped_msgs/track_ped_msgs_s__rosidl_typesupport_c.cpython-310-x86_64-linux-gnu.so
[10.648s] -- Installing: /home/anlh/DRL_Velocity_Obstacles/install/track_ped_msgs/local/lib/python3.10/dist-packages/track_ped_msgs/track_ped_msgs_s__rosidl_typesupport_introspection_c.cpython-310-x86_64-linux-gnu.so
[10.648s] -- Installing: /home/anlh/DRL_Velocity_Obstacles/install/track_ped_msgs/local/lib/python3.10/dist-packages/track_ped_msgs/__init__.py
[10.648s] -- Installing: /home/anlh/DRL_Velocity_Obstacles/install/track_ped_msgs/local/lib/python3.10/dist-packages/track_ped_msgs/_track_ped_msgs_s.ep.rosidl_typesupport_c.c
[10.648s] -- Installing: /home/anlh/DRL_Velocity_Obstacles/install/track_ped_msgs/local/lib/python3.10/dist-packages/track_ped_msgs/_track_ped_msgs_s.ep.rosidl_typesupport_introspection_c.c
[10.648s] -- Installing: /home/anlh/DRL_Velocity_Obstacles/install/track_ped_msgs/local/lib/python3.10/dist-packages/track_ped_msgs/msg
[10.648s] -- Installing: /home/anlh/DRL_Velocity_Obstacles/install/track_ped_msgs/local/lib/python3.10/dist-packages/track_ped_msgs/msg/__init__.py
[10.648s] -- Installing: /home/anlh/DRL_Velocity_Obstacles/install/track_ped_msgs/local/lib/python3.10/dist-packages/track_ped_msgs/msg/_tracked_person_s.c
[10.648s] -- Installing: /home/anlh/DRL_Velocity_Obstacles/install/track_ped_msgs/local/lib/python3.10/dist-packages/track_ped_msgs/msg/_tracked_persons_s.c
[10.648s] -- Installing: /home/anlh/DRL_Velocity_Obstacles/install/track_ped_msgs/local/lib/python3.10/dist-packages/track_ped_msgs/msg/_tracked_persons.py
[10.648s] -- Installing: /home/anlh/DRL_Velocity_Obstacles/install/track_ped_msgs/local/lib/python3.10/dist-packages/track_ped_msgs/msg/_tracked_person.py
[10.648s] -- Installing: /home/anlh/DRL_Velocity_Obstacles/install/track_ped_msgs/local/lib/python3.10/dist-packages/track_ped_msgs/libtrack_ped_msgs__rosidl_generator_py.so
[10.649s] -- Installing: /home/anlh/DRL_Velocity_Obstacles/install/track_ped_msgs/local/lib/python3.10/dist-packages/track_ped_msgs/_track_ped_msgs_s.ep.rosidl_typesupport_fastrtps_c.c
[10.649s] -- Installing: /home/anlh/DRL_Velocity_Obstacles/install/track_ped_msgs/local/lib/python3.10/dist-packages/track_ped_msgs/track_ped_msgs_s__rosidl_typesupport_fastrtps_c.cpython-310-x86_64-linux-gnu.so
[10.789s] Listing '/home/anlh/DRL_Velocity_Obstacles/install/track_ped_msgs/local/lib/python3.10/dist-packages/track_ped_msgs'...
[10.789s] Compiling '/home/anlh/DRL_Velocity_Obstacles/install/track_ped_msgs/local/lib/python3.10/dist-packages/track_ped_msgs/__init__.py'...
[10.789s] Listing '/home/anlh/DRL_Velocity_Obstacles/install/track_ped_msgs/local/lib/python3.10/dist-packages/track_ped_msgs/msg'...
[10.789s] Compiling '/home/anlh/DRL_Velocity_Obstacles/install/track_ped_msgs/local/lib/python3.10/dist-packages/track_ped_msgs/msg/__init__.py'...
[10.789s] Compiling '/home/anlh/DRL_Velocity_Obstacles/install/track_ped_msgs/local/lib/python3.10/dist-packages/track_ped_msgs/msg/_tracked_person.py'...
[10.789s] Compiling '/home/anlh/DRL_Velocity_Obstacles/install/track_ped_msgs/local/lib/python3.10/dist-packages/track_ped_msgs/msg/_tracked_persons.py'...
[10.794s] -- Installing: /home/anlh/DRL_Velocity_Obstacles/install/track_ped_msgs/local/lib/python3.10/dist-packages/track_ped_msgs/track_ped_msgs_s__rosidl_typesupport_fastrtps_c.cpython-310-x86_64-linux-gnu.so
[10.794s] -- Set non-toolchain portion of runtime path of "/home/anlh/DRL_Velocity_Obstacles/install/track_ped_msgs/local/lib/python3.10/dist-packages/track_ped_msgs/track_ped_msgs_s__rosidl_typesupport_fastrtps_c.cpython-310-x86_64-linux-gnu.so" to ""
[10.794s] -- Installing: /home/anlh/DRL_Velocity_Obstacles/install/track_ped_msgs/local/lib/python3.10/dist-packages/track_ped_msgs/track_ped_msgs_s__rosidl_typesupport_introspection_c.cpython-310-x86_64-linux-gnu.so
[10.794s] -- Set non-toolchain portion of runtime path of "/home/anlh/DRL_Velocity_Obstacles/install/track_ped_msgs/local/lib/python3.10/dist-packages/track_ped_msgs/track_ped_msgs_s__rosidl_typesupport_introspection_c.cpython-310-x86_64-linux-gnu.so" to ""
[10.794s] -- Installing: /home/anlh/DRL_Velocity_Obstacles/install/track_ped_msgs/local/lib/python3.10/dist-packages/track_ped_msgs/track_ped_msgs_s__rosidl_typesupport_c.cpython-310-x86_64-linux-gnu.so
[10.795s] -- Set non-toolchain portion of runtime path of "/home/anlh/DRL_Velocity_Obstacles/install/track_ped_msgs/local/lib/python3.10/dist-packages/track_ped_msgs/track_ped_msgs_s__rosidl_typesupport_c.cpython-310-x86_64-linux-gnu.so" to ""
[10.795s] -- Installing: /home/anlh/DRL_Velocity_Obstacles/install/track_ped_msgs/lib/libtrack_ped_msgs__rosidl_generator_py.so
[10.795s] -- Set non-toolchain portion of runtime path of "/home/anlh/DRL_Velocity_Obstacles/install/track_ped_msgs/lib/libtrack_ped_msgs__rosidl_generator_py.so" to ""
[10.795s] -- Installing: /home/anlh/DRL_Velocity_Obstacles/install/track_ped_msgs/share/track_ped_msgs/msg/TrackedPerson.idl
[10.795s] -- Installing: /home/anlh/DRL_Velocity_Obstacles/install/track_ped_msgs/share/track_ped_msgs/msg/TrackedPersons.idl
[10.795s] -- Installing: /home/anlh/DRL_Velocity_Obstacles/install/track_ped_msgs/share/track_ped_msgs/msg/TrackedPerson.msg
[10.804s] -- Installing: /home/anlh/DRL_Velocity_Obstacles/install/track_ped_msgs/share/track_ped_msgs/msg/TrackedPersons.msg
[10.804s] -- Installing: /home/anlh/DRL_Velocity_Obstacles/install/track_ped_msgs/share/ament_index/resource_index/package_run_dependencies/track_ped_msgs
[10.805s] -- Installing: /home/anlh/DRL_Velocity_Obstacles/install/track_ped_msgs/share/ament_index/resource_index/parent_prefix_path/track_ped_msgs
[10.805s] -- Installing: /home/anlh/DRL_Velocity_Obstacles/install/track_ped_msgs/share/track_ped_msgs/environment/ament_prefix_path.sh
[10.805s] -- Installing: /home/anlh/DRL_Velocity_Obstacles/install/track_ped_msgs/share/track_ped_msgs/environment/ament_prefix_path.dsv
[10.805s] -- Installing: /home/anlh/DRL_Velocity_Obstacles/install/track_ped_msgs/share/track_ped_msgs/environment/path.sh
[10.805s] -- Installing: /home/anlh/DRL_Velocity_Obstacles/install/track_ped_msgs/share/track_ped_msgs/environment/path.dsv
[10.805s] -- Installing: /home/anlh/DRL_Velocity_Obstacles/install/track_ped_msgs/share/track_ped_msgs/local_setup.bash
[10.805s] -- Installing: /home/anlh/DRL_Velocity_Obstacles/install/track_ped_msgs/share/track_ped_msgs/local_setup.sh
[10.805s] -- Installing: /home/anlh/DRL_Velocity_Obstacles/install/track_ped_msgs/share/track_ped_msgs/local_setup.zsh
[10.805s] -- Installing: /home/anlh/DRL_Velocity_Obstacles/install/track_ped_msgs/share/track_ped_msgs/local_setup.dsv
[10.805s] -- Installing: /home/anlh/DRL_Velocity_Obstacles/install/track_ped_msgs/share/track_ped_msgs/package.dsv
[10.806s] -- Installing: /home/anlh/DRL_Velocity_Obstacles/install/track_ped_msgs/share/ament_index/resource_index/packages/track_ped_msgs
[10.806s] -- Installing: /home/anlh/DRL_Velocity_Obstacles/install/track_ped_msgs/share/track_ped_msgs/cmake/export_track_ped_msgs__rosidl_generator_cExport.cmake
[10.806s] -- Installing: /home/anlh/DRL_Velocity_Obstacles/install/track_ped_msgs/share/track_ped_msgs/cmake/export_track_ped_msgs__rosidl_generator_cExport-noconfig.cmake
[10.806s] -- Installing: /home/anlh/DRL_Velocity_Obstacles/install/track_ped_msgs/share/track_ped_msgs/cmake/export_track_ped_msgs__rosidl_typesupport_fastrtps_cExport.cmake
[10.806s] -- Installing: /home/anlh/DRL_Velocity_Obstacles/install/track_ped_msgs/share/track_ped_msgs/cmake/export_track_ped_msgs__rosidl_typesupport_fastrtps_cExport-noconfig.cmake
[10.806s] -- Installing: /home/anlh/DRL_Velocity_Obstacles/install/track_ped_msgs/share/track_ped_msgs/cmake/track_ped_msgs__rosidl_typesupport_introspection_cExport.cmake
[10.806s] -- Installing: /home/anlh/DRL_Velocity_Obstacles/install/track_ped_msgs/share/track_ped_msgs/cmake/track_ped_msgs__rosidl_typesupport_introspection_cExport-noconfig.cmake
[10.806s] -- Installing: /home/anlh/DRL_Velocity_Obstacles/install/track_ped_msgs/share/track_ped_msgs/cmake/track_ped_msgs__rosidl_typesupport_cExport.cmake
[10.806s] -- Installing: /home/anlh/DRL_Velocity_Obstacles/install/track_ped_msgs/share/track_ped_msgs/cmake/track_ped_msgs__rosidl_typesupport_cExport-noconfig.cmake
[10.806s] -- Installing: /home/anlh/DRL_Velocity_Obstacles/install/track_ped_msgs/share/track_ped_msgs/cmake/export_track_ped_msgs__rosidl_generator_cppExport.cmake
[10.807s] -- Installing: /home/anlh/DRL_Velocity_Obstacles/install/track_ped_msgs/share/track_ped_msgs/cmake/export_track_ped_msgs__rosidl_typesupport_fastrtps_cppExport.cmake
[10.807s] -- Installing: /home/anlh/DRL_Velocity_Obstacles/install/track_ped_msgs/share/track_ped_msgs/cmake/export_track_ped_msgs__rosidl_typesupport_fastrtps_cppExport-noconfig.cmake
[10.807s] -- Installing: /home/anlh/DRL_Velocity_Obstacles/install/track_ped_msgs/share/track_ped_msgs/cmake/track_ped_msgs__rosidl_typesupport_introspection_cppExport.cmake
[10.807s] -- Installing: /home/anlh/DRL_Velocity_Obstacles/install/track_ped_msgs/share/track_ped_msgs/cmake/track_ped_msgs__rosidl_typesupport_introspection_cppExport-noconfig.cmake
[10.807s] -- Installing: /home/anlh/DRL_Velocity_Obstacles/install/track_ped_msgs/share/track_ped_msgs/cmake/track_ped_msgs__rosidl_typesupport_cppExport.cmake
[10.807s] -- Installing: /home/anlh/DRL_Velocity_Obstacles/install/track_ped_msgs/share/track_ped_msgs/cmake/track_ped_msgs__rosidl_typesupport_cppExport-noconfig.cmake
[10.807s] -- Installing: /home/anlh/DRL_Velocity_Obstacles/install/track_ped_msgs/share/track_ped_msgs/cmake/export_track_ped_msgs__rosidl_generator_pyExport.cmake
[10.807s] -- Installing: /home/anlh/DRL_Velocity_Obstacles/install/track_ped_msgs/share/track_ped_msgs/cmake/export_track_ped_msgs__rosidl_generator_pyExport-noconfig.cmake
[10.807s] -- Installing: /home/anlh/DRL_Velocity_Obstacles/install/track_ped_msgs/share/track_ped_msgs/cmake/rosidl_cmake-extras.cmake
[10.807s] -- Installing: /home/anlh/DRL_Velocity_Obstacles/install/track_ped_msgs/share/track_ped_msgs/cmake/ament_cmake_export_dependencies-extras.cmake
[10.807s] -- Installing: /home/anlh/DRL_Velocity_Obstacles/install/track_ped_msgs/share/track_ped_msgs/cmake/ament_cmake_export_include_directories-extras.cmake
[10.808s] -- Installing: /home/anlh/DRL_Velocity_Obstacles/install/track_ped_msgs/share/track_ped_msgs/cmake/ament_cmake_export_libraries-extras.cmake
[10.808s] -- Installing: /home/anlh/DRL_Velocity_Obstacles/install/track_ped_msgs/share/track_ped_msgs/cmake/ament_cmake_export_targets-extras.cmake
[10.808s] -- Installing: /home/anlh/DRL_Velocity_Obstacles/install/track_ped_msgs/share/track_ped_msgs/cmake/rosidl_cmake_export_typesupport_targets-extras.cmake
[10.808s] -- Installing: /home/anlh/DRL_Velocity_Obstacles/install/track_ped_msgs/share/track_ped_msgs/cmake/rosidl_cmake_export_typesupport_libraries-extras.cmake
[10.808s] -- Installing: /home/anlh/DRL_Velocity_Obstacles/install/track_ped_msgs/share/track_ped_msgs/cmake/track_ped_msgsConfig.cmake
[10.808s] -- Installing: /home/anlh/DRL_Velocity_Obstacles/install/track_ped_msgs/share/track_ped_msgs/cmake/track_ped_msgsConfig-version.cmake
[10.808s] -- Installing: /home/anlh/DRL_Velocity_Obstacles/install/track_ped_msgs/share/track_ped_msgs/package.xml
[10.810s] Invoked command in '/home/anlh/DRL_Velocity_Obstacles/build/track_ped_msgs' returned '0': /usr/local/bin/cmake --install /home/anlh/DRL_Velocity_Obstacles/build/track_ped_msgs
