[0.130s] DEBUG:colcon:Command line arguments: ['/usr/bin/colcon', 'build', '--packages-select', 'cnn_msgs', 'drl_vo']
[0.130s] DEBUG:colcon:Parsed command line arguments: Namespace(log_base=None, log_level=None, verb_name='build', build_base='build', install_base='install', merge_install=False, symlink_install=False, test_result_base=None, continue_on_error=False, executor='parallel', parallel_workers=16, event_handlers=None, ignore_user_meta=False, metas=['./colcon.meta'], base_paths=['.'], packages_ignore=None, packages_ignore_regex=None, paths=None, packages_up_to=None, packages_up_to_regex=None, packages_above=None, packages_above_and_dependencies=None, packages_above_depth=None, packages_select_by_dep=None, packages_skip_by_dep=None, packages_skip_up_to=None, packages_select_build_failed=False, packages_skip_build_finished=False, packages_select_test_failures=False, packages_skip_test_passed=False, packages_select=['cnn_msgs', 'drl_vo'], packages_skip=None, packages_select_regex=None, packages_skip_regex=None, packages_start=None, packages_end=None, allow_overriding=[], cmake_args=None, cmake_target=None, cmake_target_skip_unavailable=False, cmake_clean_cache=False, cmake_clean_first=False, cmake_force_configure=False, ament_cmake_args=None, catkin_cmake_args=None, catkin_skip_building_tests=False, verb_parser=<colcon_defaults.argument_parser.defaults.DefaultArgumentsDecorator object at 0x7e9e25157e50>, verb_extension=<colcon_core.verb.build.BuildVerb object at 0x7e9e252a07c0>, main=<bound method BuildVerb.main of <colcon_core.verb.build.BuildVerb object at 0x7e9e252a07c0>>)
[0.329s] Level 1:colcon.colcon_core.package_discovery:discover_packages(colcon_meta) check parameters
[0.330s] Level 1:colcon.colcon_core.package_discovery:discover_packages(recursive) check parameters
[0.330s] Level 1:colcon.colcon_core.package_discovery:discover_packages(ignore) check parameters
[0.330s] Level 1:colcon.colcon_core.package_discovery:discover_packages(path) check parameters
[0.330s] Level 1:colcon.colcon_core.package_discovery:discover_packages(colcon_meta) discover
[0.330s] Level 1:colcon.colcon_core.package_discovery:discover_packages(recursive) discover
[0.330s] INFO:colcon.colcon_core.package_discovery:Crawling recursively for packages in '/home/anlh/DRL_Velocity_Obstacles'
[0.330s] Level 1:colcon.colcon_core.package_identification:_identify(.) by extensions ['ignore', 'ignore_ament_install']
[0.330s] Level 1:colcon.colcon_core.package_identification:_identify(.) by extension 'ignore'
[0.330s] Level 1:colcon.colcon_core.package_identification:_identify(.) by extension 'ignore_ament_install'
[0.330s] Level 1:colcon.colcon_core.package_identification:_identify(.) by extensions ['colcon_pkg']
[0.330s] Level 1:colcon.colcon_core.package_identification:_identify(.) by extension 'colcon_pkg'
[0.330s] Level 1:colcon.colcon_core.package_identification:_identify(.) by extensions ['colcon_meta']
[0.330s] Level 1:colcon.colcon_core.package_identification:_identify(.) by extension 'colcon_meta'
[0.330s] Level 1:colcon.colcon_core.package_identification:_identify(.) by extensions ['ros']
[0.330s] Level 1:colcon.colcon_core.package_identification:_identify(.) by extension 'ros'
[0.338s] Level 1:colcon.colcon_core.package_identification:_identify(.) by extensions ['cmake', 'python']
[0.338s] Level 1:colcon.colcon_core.package_identification:_identify(.) by extension 'cmake'
[0.338s] Level 1:colcon.colcon_core.package_identification:_identify(.) by extension 'python'
[0.338s] Level 1:colcon.colcon_core.package_identification:_identify(.) by extensions ['python_setup_py']
[0.338s] Level 1:colcon.colcon_core.package_identification:_identify(.) by extension 'python_setup_py'
[0.338s] Level 1:colcon.colcon_core.package_identification:_identify(build) by extensions ['ignore', 'ignore_ament_install']
[0.338s] Level 1:colcon.colcon_core.package_identification:_identify(build) by extension 'ignore'
[0.338s] Level 1:colcon.colcon_core.package_identification:_identify(build) ignored
[0.338s] Level 1:colcon.colcon_core.package_identification:_identify(install) by extensions ['ignore', 'ignore_ament_install']
[0.338s] Level 1:colcon.colcon_core.package_identification:_identify(install) by extension 'ignore'
[0.338s] Level 1:colcon.colcon_core.package_identification:_identify(install) ignored
[0.338s] Level 1:colcon.colcon_core.package_identification:_identify(log) by extensions ['ignore', 'ignore_ament_install']
[0.338s] Level 1:colcon.colcon_core.package_identification:_identify(log) by extension 'ignore'
[0.338s] Level 1:colcon.colcon_core.package_identification:_identify(log) ignored
[0.338s] Level 1:colcon.colcon_core.package_identification:_identify(src) by extensions ['ignore', 'ignore_ament_install']
[0.338s] Level 1:colcon.colcon_core.package_identification:_identify(src) by extension 'ignore'
[0.338s] Level 1:colcon.colcon_core.package_identification:_identify(src) by extension 'ignore_ament_install'
[0.338s] Level 1:colcon.colcon_core.package_identification:_identify(src) by extensions ['colcon_pkg']
[0.339s] Level 1:colcon.colcon_core.package_identification:_identify(src) by extension 'colcon_pkg'
[0.339s] Level 1:colcon.colcon_core.package_identification:_identify(src) by extensions ['colcon_meta']
[0.339s] Level 1:colcon.colcon_core.package_identification:_identify(src) by extension 'colcon_meta'
[0.339s] Level 1:colcon.colcon_core.package_identification:_identify(src) by extensions ['ros']
[0.339s] Level 1:colcon.colcon_core.package_identification:_identify(src) by extension 'ros'
[0.339s] Level 1:colcon.colcon_core.package_identification:_identify(src) by extensions ['cmake', 'python']
[0.339s] Level 1:colcon.colcon_core.package_identification:_identify(src) by extension 'cmake'
[0.339s] Level 1:colcon.colcon_core.package_identification:_identify(src) by extension 'python'
[0.339s] Level 1:colcon.colcon_core.package_identification:_identify(src) by extensions ['python_setup_py']
[0.339s] Level 1:colcon.colcon_core.package_identification:_identify(src) by extension 'python_setup_py'
[0.339s] Level 1:colcon.colcon_core.package_identification:_identify(src/cnn_msgs) by extensions ['ignore', 'ignore_ament_install']
[0.339s] Level 1:colcon.colcon_core.package_identification:_identify(src/cnn_msgs) by extension 'ignore'
[0.339s] Level 1:colcon.colcon_core.package_identification:_identify(src/cnn_msgs) by extension 'ignore_ament_install'
[0.339s] Level 1:colcon.colcon_core.package_identification:_identify(src/cnn_msgs) by extensions ['colcon_pkg']
[0.339s] Level 1:colcon.colcon_core.package_identification:_identify(src/cnn_msgs) by extension 'colcon_pkg'
[0.339s] Level 1:colcon.colcon_core.package_identification:_identify(src/cnn_msgs) by extensions ['colcon_meta']
[0.339s] Level 1:colcon.colcon_core.package_identification:_identify(src/cnn_msgs) by extension 'colcon_meta'
[0.339s] Level 1:colcon.colcon_core.package_identification:_identify(src/cnn_msgs) by extensions ['ros']
[0.339s] Level 1:colcon.colcon_core.package_identification:_identify(src/cnn_msgs) by extension 'ros'
[0.341s] DEBUG:colcon.colcon_core.package_identification:Package 'src/cnn_msgs' with type 'ros.ament_cmake' and name 'cnn_msgs'
[0.341s] Level 1:colcon.colcon_core.package_identification:_identify(src/drl_vo) by extensions ['ignore', 'ignore_ament_install']
[0.341s] Level 1:colcon.colcon_core.package_identification:_identify(src/drl_vo) by extension 'ignore'
[0.341s] Level 1:colcon.colcon_core.package_identification:_identify(src/drl_vo) by extension 'ignore_ament_install'
[0.341s] Level 1:colcon.colcon_core.package_identification:_identify(src/drl_vo) by extensions ['colcon_pkg']
[0.341s] Level 1:colcon.colcon_core.package_identification:_identify(src/drl_vo) by extension 'colcon_pkg'
[0.341s] Level 1:colcon.colcon_core.package_identification:_identify(src/drl_vo) by extensions ['colcon_meta']
[0.341s] Level 1:colcon.colcon_core.package_identification:_identify(src/drl_vo) by extension 'colcon_meta'
[0.341s] Level 1:colcon.colcon_core.package_identification:_identify(src/drl_vo) by extensions ['ros']
[0.341s] Level 1:colcon.colcon_core.package_identification:_identify(src/drl_vo) by extension 'ros'
[0.341s] Level 1:colcon.colcon_core.package_identification:_identify(src/drl_vo) by extensions ['cmake', 'python']
[0.341s] Level 1:colcon.colcon_core.package_identification:_identify(src/drl_vo) by extension 'cmake'
[0.341s] Level 1:colcon.colcon_core.package_identification:_identify(src/drl_vo) by extension 'python'
[0.341s] Level 1:colcon.colcon_core.package_identification:_identify(src/drl_vo) by extensions ['python_setup_py']
[0.341s] Level 1:colcon.colcon_core.package_identification:_identify(src/drl_vo) by extension 'python_setup_py'
[0.341s] Level 1:colcon.colcon_core.package_identification:_identify(src/drl_vo/launch) by extensions ['ignore', 'ignore_ament_install']
[0.341s] Level 1:colcon.colcon_core.package_identification:_identify(src/drl_vo/launch) by extension 'ignore'
[0.341s] Level 1:colcon.colcon_core.package_identification:_identify(src/drl_vo/launch) by extension 'ignore_ament_install'
[0.341s] Level 1:colcon.colcon_core.package_identification:_identify(src/drl_vo/launch) by extensions ['colcon_pkg']
[0.341s] Level 1:colcon.colcon_core.package_identification:_identify(src/drl_vo/launch) by extension 'colcon_pkg'
[0.341s] Level 1:colcon.colcon_core.package_identification:_identify(src/drl_vo/launch) by extensions ['colcon_meta']
[0.341s] Level 1:colcon.colcon_core.package_identification:_identify(src/drl_vo/launch) by extension 'colcon_meta'
[0.341s] Level 1:colcon.colcon_core.package_identification:_identify(src/drl_vo/launch) by extensions ['ros']
[0.341s] Level 1:colcon.colcon_core.package_identification:_identify(src/drl_vo/launch) by extension 'ros'
[0.342s] Level 1:colcon.colcon_core.package_identification:_identify(src/drl_vo/launch) by extensions ['cmake', 'python']
[0.342s] Level 1:colcon.colcon_core.package_identification:_identify(src/drl_vo/launch) by extension 'cmake'
[0.342s] Level 1:colcon.colcon_core.package_identification:_identify(src/drl_vo/launch) by extension 'python'
[0.342s] Level 1:colcon.colcon_core.package_identification:_identify(src/drl_vo/launch) by extensions ['python_setup_py']
[0.342s] Level 1:colcon.colcon_core.package_identification:_identify(src/drl_vo/launch) by extension 'python_setup_py'
[0.342s] Level 1:colcon.colcon_core.package_identification:_identify(src/drl_vo/src) by extensions ['ignore', 'ignore_ament_install']
[0.342s] Level 1:colcon.colcon_core.package_identification:_identify(src/drl_vo/src) by extension 'ignore'
[0.342s] Level 1:colcon.colcon_core.package_identification:_identify(src/drl_vo/src) by extension 'ignore_ament_install'
[0.342s] Level 1:colcon.colcon_core.package_identification:_identify(src/drl_vo/src) by extensions ['colcon_pkg']
[0.342s] Level 1:colcon.colcon_core.package_identification:_identify(src/drl_vo/src) by extension 'colcon_pkg'
[0.342s] Level 1:colcon.colcon_core.package_identification:_identify(src/drl_vo/src) by extensions ['colcon_meta']
[0.342s] Level 1:colcon.colcon_core.package_identification:_identify(src/drl_vo/src) by extension 'colcon_meta'
[0.342s] Level 1:colcon.colcon_core.package_identification:_identify(src/drl_vo/src) by extensions ['ros']
[0.342s] Level 1:colcon.colcon_core.package_identification:_identify(src/drl_vo/src) by extension 'ros'
[0.342s] Level 1:colcon.colcon_core.package_identification:_identify(src/drl_vo/src) by extensions ['cmake', 'python']
[0.342s] Level 1:colcon.colcon_core.package_identification:_identify(src/drl_vo/src) by extension 'cmake'
[0.342s] Level 1:colcon.colcon_core.package_identification:_identify(src/drl_vo/src) by extension 'python'
[0.342s] Level 1:colcon.colcon_core.package_identification:_identify(src/drl_vo/src) by extensions ['python_setup_py']
[0.342s] Level 1:colcon.colcon_core.package_identification:_identify(src/drl_vo/src) by extension 'python_setup_py'
[0.342s] Level 1:colcon.colcon_core.package_identification:_identify(src/drl_vo/src/turtlebot_gym) by extensions ['ignore', 'ignore_ament_install']
[0.342s] Level 1:colcon.colcon_core.package_identification:_identify(src/drl_vo/src/turtlebot_gym) by extension 'ignore'
[0.342s] Level 1:colcon.colcon_core.package_identification:_identify(src/drl_vo/src/turtlebot_gym) by extension 'ignore_ament_install'
[0.342s] Level 1:colcon.colcon_core.package_identification:_identify(src/drl_vo/src/turtlebot_gym) by extensions ['colcon_pkg']
[0.342s] Level 1:colcon.colcon_core.package_identification:_identify(src/drl_vo/src/turtlebot_gym) by extension 'colcon_pkg'
[0.342s] Level 1:colcon.colcon_core.package_identification:_identify(src/drl_vo/src/turtlebot_gym) by extensions ['colcon_meta']
[0.342s] Level 1:colcon.colcon_core.package_identification:_identify(src/drl_vo/src/turtlebot_gym) by extension 'colcon_meta'
[0.342s] Level 1:colcon.colcon_core.package_identification:_identify(src/drl_vo/src/turtlebot_gym) by extensions ['ros']
[0.342s] Level 1:colcon.colcon_core.package_identification:_identify(src/drl_vo/src/turtlebot_gym) by extension 'ros'
[0.342s] Level 1:colcon.colcon_core.package_identification:_identify(src/drl_vo/src/turtlebot_gym) by extensions ['cmake', 'python']
[0.342s] Level 1:colcon.colcon_core.package_identification:_identify(src/drl_vo/src/turtlebot_gym) by extension 'cmake'
[0.342s] Level 1:colcon.colcon_core.package_identification:_identify(src/drl_vo/src/turtlebot_gym) by extension 'python'
[0.342s] Level 1:colcon.colcon_core.package_identification:_identify(src/drl_vo/src/turtlebot_gym) by extensions ['python_setup_py']
[0.342s] Level 1:colcon.colcon_core.package_identification:_identify(src/drl_vo/src/turtlebot_gym) by extension 'python_setup_py'
[0.643s] DEBUG:colcon.colcon_core.package_identification:Package 'src/drl_vo/src/turtlebot_gym' with type 'python' and name 'turtlebot_gym'
[0.643s] Level 1:colcon.colcon_core.package_discovery:discover_packages(recursive) using defaults
[0.644s] Level 1:colcon.colcon_core.package_discovery:discover_packages(ignore) discover
[0.644s] Level 1:colcon.colcon_core.package_discovery:discover_packages(ignore) using defaults
[0.644s] Level 1:colcon.colcon_core.package_discovery:discover_packages(path) discover
[0.644s] Level 1:colcon.colcon_core.package_discovery:discover_packages(path) using defaults
[0.644s] WARNING:colcon.colcon_core.package_selection:ignoring unknown package 'drl_vo' in --packages-select
[0.671s] INFO:colcon.colcon_core.package_selection:Skipping not selected package 'turtlebot_gym' in 'src/drl_vo/src/turtlebot_gym'
[0.671s] Level 1:colcon.colcon_core.package_discovery:discover_packages(prefix_path) check parameters
[0.672s] Level 1:colcon.colcon_core.package_discovery:discover_packages(prefix_path) discover
[0.679s] DEBUG:colcon.colcon_installed_package_information.package_discovery:Found 15 installed packages in /home/anlh/turtlebot3_ws/install
[0.684s] DEBUG:colcon.colcon_installed_package_information.package_discovery:Found 345 installed packages in /home/anlh/ros2_humble/install
[0.685s] DEBUG:colcon.colcon_installed_package_information.package_discovery:Found 203 installed packages in /opt/ros/humble
[0.689s] Level 1:colcon.colcon_core.package_discovery:discover_packages(prefix_path) using defaults
[0.950s] Level 5:colcon.colcon_core.verb:set package 'cnn_msgs' build argument 'cmake_args' from command line to 'None'
[0.950s] Level 5:colcon.colcon_core.verb:set package 'cnn_msgs' build argument 'cmake_target' from command line to 'None'
[0.950s] Level 5:colcon.colcon_core.verb:set package 'cnn_msgs' build argument 'cmake_target_skip_unavailable' from command line to 'False'
[0.950s] Level 5:colcon.colcon_core.verb:set package 'cnn_msgs' build argument 'cmake_clean_cache' from command line to 'False'
[0.950s] Level 5:colcon.colcon_core.verb:set package 'cnn_msgs' build argument 'cmake_clean_first' from command line to 'False'
[0.950s] Level 5:colcon.colcon_core.verb:set package 'cnn_msgs' build argument 'cmake_force_configure' from command line to 'False'
[0.950s] Level 5:colcon.colcon_core.verb:set package 'cnn_msgs' build argument 'ament_cmake_args' from command line to 'None'
[0.950s] Level 5:colcon.colcon_core.verb:set package 'cnn_msgs' build argument 'catkin_cmake_args' from command line to 'None'
[0.950s] Level 5:colcon.colcon_core.verb:set package 'cnn_msgs' build argument 'catkin_skip_building_tests' from command line to 'False'
[0.950s] DEBUG:colcon.colcon_core.verb:Building package 'cnn_msgs' with the following arguments: {'ament_cmake_args': None, 'build_base': '/home/anlh/DRL_Velocity_Obstacles/build/cnn_msgs', 'catkin_cmake_args': None, 'catkin_skip_building_tests': False, 'cmake_args': None, 'cmake_clean_cache': False, 'cmake_clean_first': False, 'cmake_force_configure': False, 'cmake_target': None, 'cmake_target_skip_unavailable': False, 'install_base': '/home/anlh/DRL_Velocity_Obstacles/install/cnn_msgs', 'merge_install': False, 'path': '/home/anlh/DRL_Velocity_Obstacles/src/cnn_msgs', 'symlink_install': False, 'test_result_base': None}
[0.950s] INFO:colcon.colcon_core.executor:Executing jobs using 'parallel' executor
[0.951s] DEBUG:colcon.colcon_parallel_executor.executor.parallel:run_until_complete
[0.951s] INFO:colcon.colcon_ros.task.ament_cmake.build:Building ROS package in '/home/anlh/DRL_Velocity_Obstacles/src/cnn_msgs' with build type 'ament_cmake'
[0.951s] INFO:colcon.colcon_cmake.task.cmake.build:Building CMake package in '/home/anlh/DRL_Velocity_Obstacles/src/cnn_msgs'
[0.954s] INFO:colcon.colcon_core.plugin_system:Skipping extension 'colcon_core.shell.bat': Not used on non-Windows systems
[0.954s] INFO:colcon.colcon_core.shell:Skip shell extension 'powershell' for command environment: Not usable outside of PowerShell
[0.954s] DEBUG:colcon.colcon_core.shell:Skip shell extension 'dsv' for command environment
[0.976s] DEBUG:colcon.colcon_core.event_handler.log_command:Invoking command in '/home/anlh/DRL_Velocity_Obstacles/build/cnn_msgs': CMAKE_PREFIX_PATH=${CMAKE_PREFIX_PATH}:/home/anlh/turtlebot3_ws/install/turtlebot3_teleop:/home/anlh/turtlebot3_ws/install/turtlebot3_example:/opt/ros/humble:/home/anlh/ros2_humble/install/rqt_bag_plugins:/home/anlh/ros2_humble/install/rqt_bag:/home/anlh/ros2_humble/install/ros2bag:/home/anlh/ros2_humble/install/tracetools_test:/home/anlh/ros2_humble/install/tracetools_launch:/home/anlh/ros2_humble/install/topic_monitor:/home/anlh/ros2_humble/install/tf2_tools:/home/anlh/ros2_humble/install/examples_tf2_py:/home/anlh/ros2_humble/install/tf2_ros_py:/home/anlh/ros2_humble/install/sros2:/home/anlh/ros2_humble/install/rqt_topic:/home/anlh/ros2_humble/install/rqt_srv:/home/anlh/ros2_humble/install/rqt_shell:/home/anlh/ros2_humble/install/rqt_service_caller:/home/anlh/ros2_humble/install/rqt_reconfigure:/home/anlh/ros2_humble/install/rqt_py_console:/home/anlh/ros2_humble/install/rqt_publisher:/home/anlh/ros2_humble/install/rqt_plot:/home/anlh/ros2_humble/install/rqt_action:/home/anlh/ros2_humble/install/rqt_msg:/home/anlh/ros2_humble/install/rqt_console:/home/anlh/ros2_humble/install/rqt:/home/anlh/ros2_humble/install/rqt_graph:/home/anlh/ros2_humble/install/rqt_gui_py:/home/anlh/ros2_humble/install/rqt_gui:/home/anlh/ros2_humble/install/ros2trace:/home/anlh/ros2_humble/install/ros2topic:/home/anlh/ros2_humble/install/ros2test:/home/anlh/ros2_humble/install/ros2component:/home/anlh/ros2_humble/install/ros2param:/home/anlh/ros2_humble/install/ros2lifecycle:/home/anlh/ros2_humble/install/ros2service:/home/anlh/ros2_humble/install/ros2run:/home/anlh/ros2_humble/install/ros2launch:/home/anlh/ros2_humble/install/ros2pkg:/home/anlh/ros2_humble/install/ros2node:/home/anlh/ros2_humble/install/ros2multicast:/home/anlh/ros2_humble/install/ros2interface:/home/anlh/ros2_humble/install/ros2doctor:/home/anlh/ros2_humble/install/ros2action:/home/anlh/ros2_humble/install/ros2cli:/home/anlh/ros2_humble/install/quality_of_service_demo_py:/home/anlh/ros2_humble/install/lifecycle_py:/home/anlh/ros2_humble/install/launch_testing_ros:/home/anlh/ros2_humble/install/launch_ros:/home/anlh/ros2_humble/install/examples_rclpy_pointcloud_publisher:/home/anlh/ros2_humble/install/examples_rclpy_minimal_subscriber:/home/anlh/ros2_humble/install/examples_rclpy_minimal_service:/home/anlh/ros2_humble/install/examples_rclpy_minimal_publisher:/home/anlh/ros2_humble/install/examples_rclpy_minimal_client:/home/anlh/ros2_humble/install/examples_rclpy_minimal_action_server:/home/anlh/ros2_humble/install/examples_rclpy_minimal_action_client:/home/anlh/ros2_humble/install/examples_rclpy_guard_conditions:/home/anlh/ros2_humble/install/examples_rclpy_executors:/home/anlh/ros2_humble/install/demo_nodes_py:/home/anlh/ros2_humble/install/action_tutorials_py:/home/anlh/ros2_humble/install/ament_uncrustify:/home/anlh/ros2_humble/install/tracetools_trace:/home/anlh/ros2_humble/install/tracetools_read:/home/anlh/ros2_humble/install/test_tracetools_launch:/home/anlh/ros2_humble/install/test_launch_ros:/home/anlh/ros2_humble/install/sensor_msgs_py:/home/anlh/ros2_humble/install/rpyutils:/home/anlh/ros2_humble/install/rosidl_runtime_py:/home/anlh/ros2_humble/install/rosidl_cli:/home/anlh/ros2_humble/install/launch_pytest:/home/anlh/ros2_humble/install/launch_testing:/home/anlh/ros2_humble/install/launch_yaml:/home/anlh/ros2_humble/install/launch_xml:/home/anlh/ros2_humble/install/launch:/home/anlh/ros2_humble/install/osrf_pycommon:/home/anlh/ros2_humble/install/launch_testing_examples:/home/anlh/ros2_humble/install/domain_coordinator:/home/anlh/ros2_humble/install/ament_xmllint:/home/anlh/ros2_humble/install/ament_pyflakes:/home/anlh/ros2_humble/install/ament_pycodestyle:/home/anlh/ros2_humble/install/ament_pep257:/home/anlh/ros2_humble/install/ament_pclint:/home/anlh/ros2_humble/install/ament_package:/home/anlh/ros2_humble/install/ament_mypy:/home/anlh/ros2_humble/install/ament_lint_cmake:/home/anlh/ros2_humble/install/ament_flake8:/home/anlh/ros2_humble/install/ament_copyright:/home/anlh/ros2_humble/install/ament_lint:/home/anlh/ros2_humble/install/ament_index_python:/home/anlh/ros2_humble/install/ament_cpplint:/home/anlh/ros2_humble/install/ament_cppcheck:/home/anlh/ros2_humble/install/ament_clang_tidy:/home/anlh/ros2_humble/install/ament_clang_format /usr/local/bin/cmake /home/anlh/DRL_Velocity_Obstacles/src/cnn_msgs -DCMAKE_INSTALL_PREFIX=/home/anlh/DRL_Velocity_Obstacles/install/cnn_msgs
[2.741s] DEBUG:colcon.colcon_core.event_handler.log_command:Invoked command in '/home/anlh/DRL_Velocity_Obstacles/build/cnn_msgs' returned '1': CMAKE_PREFIX_PATH=${CMAKE_PREFIX_PATH}:/home/anlh/turtlebot3_ws/install/turtlebot3_teleop:/home/anlh/turtlebot3_ws/install/turtlebot3_example:/opt/ros/humble:/home/anlh/ros2_humble/install/rqt_bag_plugins:/home/anlh/ros2_humble/install/rqt_bag:/home/anlh/ros2_humble/install/ros2bag:/home/anlh/ros2_humble/install/tracetools_test:/home/anlh/ros2_humble/install/tracetools_launch:/home/anlh/ros2_humble/install/topic_monitor:/home/anlh/ros2_humble/install/tf2_tools:/home/anlh/ros2_humble/install/examples_tf2_py:/home/anlh/ros2_humble/install/tf2_ros_py:/home/anlh/ros2_humble/install/sros2:/home/anlh/ros2_humble/install/rqt_topic:/home/anlh/ros2_humble/install/rqt_srv:/home/anlh/ros2_humble/install/rqt_shell:/home/anlh/ros2_humble/install/rqt_service_caller:/home/anlh/ros2_humble/install/rqt_reconfigure:/home/anlh/ros2_humble/install/rqt_py_console:/home/anlh/ros2_humble/install/rqt_publisher:/home/anlh/ros2_humble/install/rqt_plot:/home/anlh/ros2_humble/install/rqt_action:/home/anlh/ros2_humble/install/rqt_msg:/home/anlh/ros2_humble/install/rqt_console:/home/anlh/ros2_humble/install/rqt:/home/anlh/ros2_humble/install/rqt_graph:/home/anlh/ros2_humble/install/rqt_gui_py:/home/anlh/ros2_humble/install/rqt_gui:/home/anlh/ros2_humble/install/ros2trace:/home/anlh/ros2_humble/install/ros2topic:/home/anlh/ros2_humble/install/ros2test:/home/anlh/ros2_humble/install/ros2component:/home/anlh/ros2_humble/install/ros2param:/home/anlh/ros2_humble/install/ros2lifecycle:/home/anlh/ros2_humble/install/ros2service:/home/anlh/ros2_humble/install/ros2run:/home/anlh/ros2_humble/install/ros2launch:/home/anlh/ros2_humble/install/ros2pkg:/home/anlh/ros2_humble/install/ros2node:/home/anlh/ros2_humble/install/ros2multicast:/home/anlh/ros2_humble/install/ros2interface:/home/anlh/ros2_humble/install/ros2doctor:/home/anlh/ros2_humble/install/ros2action:/home/anlh/ros2_humble/install/ros2cli:/home/anlh/ros2_humble/install/quality_of_service_demo_py:/home/anlh/ros2_humble/install/lifecycle_py:/home/anlh/ros2_humble/install/launch_testing_ros:/home/anlh/ros2_humble/install/launch_ros:/home/anlh/ros2_humble/install/examples_rclpy_pointcloud_publisher:/home/anlh/ros2_humble/install/examples_rclpy_minimal_subscriber:/home/anlh/ros2_humble/install/examples_rclpy_minimal_service:/home/anlh/ros2_humble/install/examples_rclpy_minimal_publisher:/home/anlh/ros2_humble/install/examples_rclpy_minimal_client:/home/anlh/ros2_humble/install/examples_rclpy_minimal_action_server:/home/anlh/ros2_humble/install/examples_rclpy_minimal_action_client:/home/anlh/ros2_humble/install/examples_rclpy_guard_conditions:/home/anlh/ros2_humble/install/examples_rclpy_executors:/home/anlh/ros2_humble/install/demo_nodes_py:/home/anlh/ros2_humble/install/action_tutorials_py:/home/anlh/ros2_humble/install/ament_uncrustify:/home/anlh/ros2_humble/install/tracetools_trace:/home/anlh/ros2_humble/install/tracetools_read:/home/anlh/ros2_humble/install/test_tracetools_launch:/home/anlh/ros2_humble/install/test_launch_ros:/home/anlh/ros2_humble/install/sensor_msgs_py:/home/anlh/ros2_humble/install/rpyutils:/home/anlh/ros2_humble/install/rosidl_runtime_py:/home/anlh/ros2_humble/install/rosidl_cli:/home/anlh/ros2_humble/install/launch_pytest:/home/anlh/ros2_humble/install/launch_testing:/home/anlh/ros2_humble/install/launch_yaml:/home/anlh/ros2_humble/install/launch_xml:/home/anlh/ros2_humble/install/launch:/home/anlh/ros2_humble/install/osrf_pycommon:/home/anlh/ros2_humble/install/launch_testing_examples:/home/anlh/ros2_humble/install/domain_coordinator:/home/anlh/ros2_humble/install/ament_xmllint:/home/anlh/ros2_humble/install/ament_pyflakes:/home/anlh/ros2_humble/install/ament_pycodestyle:/home/anlh/ros2_humble/install/ament_pep257:/home/anlh/ros2_humble/install/ament_pclint:/home/anlh/ros2_humble/install/ament_package:/home/anlh/ros2_humble/install/ament_mypy:/home/anlh/ros2_humble/install/ament_lint_cmake:/home/anlh/ros2_humble/install/ament_flake8:/home/anlh/ros2_humble/install/ament_copyright:/home/anlh/ros2_humble/install/ament_lint:/home/anlh/ros2_humble/install/ament_index_python:/home/anlh/ros2_humble/install/ament_cpplint:/home/anlh/ros2_humble/install/ament_cppcheck:/home/anlh/ros2_humble/install/ament_clang_tidy:/home/anlh/ros2_humble/install/ament_clang_format /usr/local/bin/cmake /home/anlh/DRL_Velocity_Obstacles/src/cnn_msgs -DCMAKE_INSTALL_PREFIX=/home/anlh/DRL_Velocity_Obstacles/install/cnn_msgs
[2.752s] Level 1:colcon.colcon_core.environment:create_environment_scripts_only(cnn_msgs)
[2.757s] Level 1:colcon.colcon_core.environment:checking '/home/anlh/DRL_Velocity_Obstacles/install/cnn_msgs' for CMake module files
[2.757s] Level 1:colcon.colcon_core.environment:checking '/home/anlh/DRL_Velocity_Obstacles/install/cnn_msgs' for CMake config files
[2.758s] Level 1:colcon.colcon_core.environment:checking '/home/anlh/DRL_Velocity_Obstacles/install/cnn_msgs/bin'
[2.758s] Level 1:colcon.colcon_core.environment:checking '/home/anlh/DRL_Velocity_Obstacles/install/cnn_msgs/lib/pkgconfig/cnn_msgs.pc'
[2.758s] Level 1:colcon.colcon_core.environment:checking '/home/anlh/DRL_Velocity_Obstacles/install/cnn_msgs/lib/python3.10/site-packages'
[2.758s] Level 1:colcon.colcon_core.environment:checking '/home/anlh/DRL_Velocity_Obstacles/install/cnn_msgs/bin'
[2.758s] INFO:colcon.colcon_core.shell:Creating package script '/home/anlh/DRL_Velocity_Obstacles/install/cnn_msgs/share/cnn_msgs/package.ps1'
[2.758s] INFO:colcon.colcon_core.shell:Creating package descriptor '/home/anlh/DRL_Velocity_Obstacles/install/cnn_msgs/share/cnn_msgs/package.dsv'
[2.759s] INFO:colcon.colcon_core.shell:Creating package script '/home/anlh/DRL_Velocity_Obstacles/install/cnn_msgs/share/cnn_msgs/package.sh'
[2.759s] INFO:colcon.colcon_core.shell:Creating package script '/home/anlh/DRL_Velocity_Obstacles/install/cnn_msgs/share/cnn_msgs/package.bash'
[2.759s] INFO:colcon.colcon_core.shell:Creating package script '/home/anlh/DRL_Velocity_Obstacles/install/cnn_msgs/share/cnn_msgs/package.zsh'
[2.760s] Level 1:colcon.colcon_core.environment:create_file_with_runtime_dependencies(/home/anlh/DRL_Velocity_Obstacles/install/cnn_msgs/share/colcon-core/packages/cnn_msgs)
[2.770s] DEBUG:colcon.colcon_parallel_executor.executor.parallel:closing loop
[2.770s] DEBUG:colcon.colcon_parallel_executor.executor.parallel:loop closed
[2.770s] DEBUG:colcon.colcon_parallel_executor.executor.parallel:run_until_complete finished with '1'
[2.770s] DEBUG:colcon.colcon_core.event_reactor:joining thread
[2.782s] INFO:colcon.colcon_core.plugin_system:Skipping extension 'colcon_notification.desktop_notification.terminal_notifier': Not used on non-Darwin systems
[2.782s] INFO:colcon.colcon_core.plugin_system:Skipping extension 'colcon_notification.desktop_notification.win32': Not used on non-Windows systems
[2.782s] INFO:colcon.colcon_notification.desktop_notification:Sending desktop notification using 'notify2'
[2.793s] DEBUG:colcon.colcon_core.event_reactor:joined thread
[2.793s] INFO:colcon.colcon_core.shell:Creating prefix script '/home/anlh/DRL_Velocity_Obstacles/install/local_setup.ps1'
[2.794s] INFO:colcon.colcon_core.shell:Creating prefix util module '/home/anlh/DRL_Velocity_Obstacles/install/_local_setup_util_ps1.py'
[2.795s] INFO:colcon.colcon_core.shell:Creating prefix chain script '/home/anlh/DRL_Velocity_Obstacles/install/setup.ps1'
[2.804s] INFO:colcon.colcon_core.shell:Creating prefix script '/home/anlh/DRL_Velocity_Obstacles/install/local_setup.sh'
[2.804s] INFO:colcon.colcon_core.shell:Creating prefix util module '/home/anlh/DRL_Velocity_Obstacles/install/_local_setup_util_sh.py'
[2.804s] INFO:colcon.colcon_core.shell:Creating prefix chain script '/home/anlh/DRL_Velocity_Obstacles/install/setup.sh'
[2.814s] INFO:colcon.colcon_core.shell:Creating prefix script '/home/anlh/DRL_Velocity_Obstacles/install/local_setup.bash'
[2.814s] INFO:colcon.colcon_core.shell:Creating prefix chain script '/home/anlh/DRL_Velocity_Obstacles/install/setup.bash'
[2.822s] INFO:colcon.colcon_core.shell:Creating prefix script '/home/anlh/DRL_Velocity_Obstacles/install/local_setup.zsh'
[2.823s] INFO:colcon.colcon_core.shell:Creating prefix chain script '/home/anlh/DRL_Velocity_Obstacles/install/setup.zsh'
