[0.249s] [34mcolcon[0m [1;30mDEBUG[0m [32mCommand line arguments: ['/usr/bin/colcon', 'build', '--packages-select', 'track_ped_msgs'][0m
[0.249s] [34mcolcon[0m [1;30mDEBUG[0m [32mParsed command line arguments: Namespace(log_base=None, log_level=None, verb_name='build', build_base='build', install_base='install', merge_install=False, symlink_install=False, test_result_base=None, continue_on_error=False, executor='parallel', parallel_workers=16, event_handlers=None, ignore_user_meta=False, metas=['./colcon.meta'], base_paths=['.'], packages_ignore=None, packages_ignore_regex=None, paths=None, packages_up_to=None, packages_up_to_regex=None, packages_above=None, packages_above_and_dependencies=None, packages_above_depth=None, packages_select_by_dep=None, packages_skip_by_dep=None, packages_skip_up_to=None, packages_select_build_failed=False, packages_skip_build_finished=False, packages_select_test_failures=False, packages_skip_test_passed=False, packages_select=['track_ped_msgs'], packages_skip=None, packages_select_regex=None, packages_skip_regex=None, packages_start=None, packages_end=None, allow_overriding=[], cmake_args=None, cmake_target=None, cmake_target_skip_unavailable=False, cmake_clean_cache=False, cmake_clean_first=False, cmake_force_configure=False, ament_cmake_args=None, catkin_cmake_args=None, catkin_skip_building_tests=False, verb_parser=<colcon_defaults.argument_parser.defaults.DefaultArgumentsDecorator object at 0x737a6d37e530>, verb_extension=<colcon_core.verb.build.BuildVerb object at 0x737a6d8b7070>, main=<bound method BuildVerb.main of <colcon_core.verb.build.BuildVerb object at 0x737a6d8b7070>>)[0m
[0.493s] [34mcolcon.colcon_core.package_discovery[0m [1;30mLevel 1[0m discover_packages(colcon_meta) check parameters
[0.493s] [34mcolcon.colcon_core.package_discovery[0m [1;30mLevel 1[0m discover_packages(recursive) check parameters
[0.493s] [34mcolcon.colcon_core.package_discovery[0m [1;30mLevel 1[0m discover_packages(ignore) check parameters
[0.493s] [34mcolcon.colcon_core.package_discovery[0m [1;30mLevel 1[0m discover_packages(path) check parameters
[0.493s] [34mcolcon.colcon_core.package_discovery[0m [1;30mLevel 1[0m discover_packages(colcon_meta) discover
[0.493s] [34mcolcon.colcon_core.package_discovery[0m [1;30mLevel 1[0m discover_packages(recursive) discover
[0.493s] [34mcolcon.colcon_core.package_discovery[0m [1;30mINFO[0m Crawling recursively for packages in '/home/anlh/DRL_Velocity_Obstacles'
[0.494s] [34mcolcon.colcon_core.package_identification[0m [1;30mLevel 1[0m _identify(.) by extensions ['ignore', 'ignore_ament_install']
[0.494s] [34mcolcon.colcon_core.package_identification[0m [1;30mLevel 1[0m _identify(.) by extension 'ignore'
[0.494s] [34mcolcon.colcon_core.package_identification[0m [1;30mLevel 1[0m _identify(.) by extension 'ignore_ament_install'
[0.494s] [34mcolcon.colcon_core.package_identification[0m [1;30mLevel 1[0m _identify(.) by extensions ['colcon_pkg']
[0.494s] [34mcolcon.colcon_core.package_identification[0m [1;30mLevel 1[0m _identify(.) by extension 'colcon_pkg'
[0.494s] [34mcolcon.colcon_core.package_identification[0m [1;30mLevel 1[0m _identify(.) by extensions ['colcon_meta']
[0.494s] [34mcolcon.colcon_core.package_identification[0m [1;30mLevel 1[0m _identify(.) by extension 'colcon_meta'
[0.494s] [34mcolcon.colcon_core.package_identification[0m [1;30mLevel 1[0m _identify(.) by extensions ['ros']
[0.494s] [34mcolcon.colcon_core.package_identification[0m [1;30mLevel 1[0m _identify(.) by extension 'ros'
[0.509s] [34mcolcon.colcon_core.package_identification[0m [1;30mLevel 1[0m _identify(.) by extensions ['cmake', 'python']
[0.509s] [34mcolcon.colcon_core.package_identification[0m [1;30mLevel 1[0m _identify(.) by extension 'cmake'
[0.509s] [34mcolcon.colcon_core.package_identification[0m [1;30mLevel 1[0m _identify(.) by extension 'python'
[0.509s] [34mcolcon.colcon_core.package_identification[0m [1;30mLevel 1[0m _identify(.) by extensions ['python_setup_py']
[0.509s] [34mcolcon.colcon_core.package_identification[0m [1;30mLevel 1[0m _identify(.) by extension 'python_setup_py'
[0.510s] [34mcolcon.colcon_core.package_identification[0m [1;30mLevel 1[0m _identify(build) by extensions ['ignore', 'ignore_ament_install']
[0.510s] [34mcolcon.colcon_core.package_identification[0m [1;30mLevel 1[0m _identify(build) by extension 'ignore'
[0.510s] [34mcolcon.colcon_core.package_identification[0m [1;30mLevel 1[0m _identify(build) ignored
[0.511s] [34mcolcon.colcon_core.package_identification[0m [1;30mLevel 1[0m _identify(install) by extensions ['ignore', 'ignore_ament_install']
[0.511s] [34mcolcon.colcon_core.package_identification[0m [1;30mLevel 1[0m _identify(install) by extension 'ignore'
[0.511s] [34mcolcon.colcon_core.package_identification[0m [1;30mLevel 1[0m _identify(install) ignored
[0.511s] [34mcolcon.colcon_core.package_identification[0m [1;30mLevel 1[0m _identify(log) by extensions ['ignore', 'ignore_ament_install']
[0.511s] [34mcolcon.colcon_core.package_identification[0m [1;30mLevel 1[0m _identify(log) by extension 'ignore'
[0.511s] [34mcolcon.colcon_core.package_identification[0m [1;30mLevel 1[0m _identify(log) ignored
[0.511s] [34mcolcon.colcon_core.package_identification[0m [1;30mLevel 1[0m _identify(src) by extensions ['ignore', 'ignore_ament_install']
[0.511s] [34mcolcon.colcon_core.package_identification[0m [1;30mLevel 1[0m _identify(src) by extension 'ignore'
[0.511s] [34mcolcon.colcon_core.package_identification[0m [1;30mLevel 1[0m _identify(src) by extension 'ignore_ament_install'
[0.511s] [34mcolcon.colcon_core.package_identification[0m [1;30mLevel 1[0m _identify(src) by extensions ['colcon_pkg']
[0.512s] [34mcolcon.colcon_core.package_identification[0m [1;30mLevel 1[0m _identify(src) by extension 'colcon_pkg'
[0.512s] [34mcolcon.colcon_core.package_identification[0m [1;30mLevel 1[0m _identify(src) by extensions ['colcon_meta']
[0.512s] [34mcolcon.colcon_core.package_identification[0m [1;30mLevel 1[0m _identify(src) by extension 'colcon_meta'
[0.512s] [34mcolcon.colcon_core.package_identification[0m [1;30mLevel 1[0m _identify(src) by extensions ['ros']
[0.512s] [34mcolcon.colcon_core.package_identification[0m [1;30mLevel 1[0m _identify(src) by extension 'ros'
[0.512s] [34mcolcon.colcon_core.package_identification[0m [1;30mLevel 1[0m _identify(src) by extensions ['cmake', 'python']
[0.512s] [34mcolcon.colcon_core.package_identification[0m [1;30mLevel 1[0m _identify(src) by extension 'cmake'
[0.512s] [34mcolcon.colcon_core.package_identification[0m [1;30mLevel 1[0m _identify(src) by extension 'python'
[0.512s] [34mcolcon.colcon_core.package_identification[0m [1;30mLevel 1[0m _identify(src) by extensions ['python_setup_py']
[0.512s] [34mcolcon.colcon_core.package_identification[0m [1;30mLevel 1[0m _identify(src) by extension 'python_setup_py'
[0.512s] [34mcolcon.colcon_core.package_identification[0m [1;30mLevel 1[0m _identify(src/cnn_msgs) by extensions ['ignore', 'ignore_ament_install']
[0.512s] [34mcolcon.colcon_core.package_identification[0m [1;30mLevel 1[0m _identify(src/cnn_msgs) by extension 'ignore'
[0.512s] [34mcolcon.colcon_core.package_identification[0m [1;30mLevel 1[0m _identify(src/cnn_msgs) by extension 'ignore_ament_install'
[0.512s] [34mcolcon.colcon_core.package_identification[0m [1;30mLevel 1[0m _identify(src/cnn_msgs) by extensions ['colcon_pkg']
[0.513s] [34mcolcon.colcon_core.package_identification[0m [1;30mLevel 1[0m _identify(src/cnn_msgs) by extension 'colcon_pkg'
[0.513s] [34mcolcon.colcon_core.package_identification[0m [1;30mLevel 1[0m _identify(src/cnn_msgs) by extensions ['colcon_meta']
[0.513s] [34mcolcon.colcon_core.package_identification[0m [1;30mLevel 1[0m _identify(src/cnn_msgs) by extension 'colcon_meta'
[0.513s] [34mcolcon.colcon_core.package_identification[0m [1;30mLevel 1[0m _identify(src/cnn_msgs) by extensions ['ros']
[0.513s] [34mcolcon.colcon_core.package_identification[0m [1;30mLevel 1[0m _identify(src/cnn_msgs) by extension 'ros'
[0.516s] [34mcolcon.colcon_core.package_identification[0m [1;30mDEBUG[0m [32mPackage 'src/cnn_msgs' with type 'ros.ament_cmake' and name 'cnn_msgs'[0m
[0.517s] [34mcolcon.colcon_core.package_identification[0m [1;30mLevel 1[0m _identify(src/drl_vo) by extensions ['ignore', 'ignore_ament_install']
[0.517s] [34mcolcon.colcon_core.package_identification[0m [1;30mLevel 1[0m _identify(src/drl_vo) by extension 'ignore'
[0.517s] [34mcolcon.colcon_core.package_identification[0m [1;30mLevel 1[0m _identify(src/drl_vo) by extension 'ignore_ament_install'
[0.517s] [34mcolcon.colcon_core.package_identification[0m [1;30mLevel 1[0m _identify(src/drl_vo) by extensions ['colcon_pkg']
[0.517s] [34mcolcon.colcon_core.package_identification[0m [1;30mLevel 1[0m _identify(src/drl_vo) by extension 'colcon_pkg'
[0.517s] [34mcolcon.colcon_core.package_identification[0m [1;30mLevel 1[0m _identify(src/drl_vo) by extensions ['colcon_meta']
[0.517s] [34mcolcon.colcon_core.package_identification[0m [1;30mLevel 1[0m _identify(src/drl_vo) by extension 'colcon_meta'
[0.517s] [34mcolcon.colcon_core.package_identification[0m [1;30mLevel 1[0m _identify(src/drl_vo) by extensions ['ros']
[0.517s] [34mcolcon.colcon_core.package_identification[0m [1;30mLevel 1[0m _identify(src/drl_vo) by extension 'ros'
[0.518s] [34mcolcon.colcon_core.package_identification[0m [1;30mDEBUG[0m [32mPackage 'src/drl_vo' with type 'ros.ament_cmake' and name 'drl_vo'[0m
[0.519s] [34mcolcon.colcon_core.package_identification[0m [1;30mLevel 1[0m _identify(src/track_ped_msgs) by extensions ['ignore', 'ignore_ament_install']
[0.519s] [34mcolcon.colcon_core.package_identification[0m [1;30mLevel 1[0m _identify(src/track_ped_msgs) by extension 'ignore'
[0.519s] [34mcolcon.colcon_core.package_identification[0m [1;30mLevel 1[0m _identify(src/track_ped_msgs) by extension 'ignore_ament_install'
[0.519s] [34mcolcon.colcon_core.package_identification[0m [1;30mLevel 1[0m _identify(src/track_ped_msgs) by extensions ['colcon_pkg']
[0.519s] [34mcolcon.colcon_core.package_identification[0m [1;30mLevel 1[0m _identify(src/track_ped_msgs) by extension 'colcon_pkg'
[0.519s] [34mcolcon.colcon_core.package_identification[0m [1;30mLevel 1[0m _identify(src/track_ped_msgs) by extensions ['colcon_meta']
[0.519s] [34mcolcon.colcon_core.package_identification[0m [1;30mLevel 1[0m _identify(src/track_ped_msgs) by extension 'colcon_meta'
[0.519s] [34mcolcon.colcon_core.package_identification[0m [1;30mLevel 1[0m _identify(src/track_ped_msgs) by extensions ['ros']
[0.519s] [34mcolcon.colcon_core.package_identification[0m [1;30mLevel 1[0m _identify(src/track_ped_msgs) by extension 'ros'
[0.520s] [34mcolcon.colcon_core.package_identification[0m [1;30mDEBUG[0m [32mPackage 'src/track_ped_msgs' with type 'ros.catkin' and name 'track_ped_msgs'[0m
[0.520s] [34mcolcon.colcon_core.package_discovery[0m [1;30mLevel 1[0m discover_packages(recursive) using defaults
[0.520s] [34mcolcon.colcon_core.package_discovery[0m [1;30mLevel 1[0m discover_packages(ignore) discover
[0.520s] [34mcolcon.colcon_core.package_discovery[0m [1;30mLevel 1[0m discover_packages(ignore) using defaults
[0.520s] [34mcolcon.colcon_core.package_discovery[0m [1;30mLevel 1[0m discover_packages(path) discover
[0.520s] [34mcolcon.colcon_core.package_discovery[0m [1;30mLevel 1[0m discover_packages(path) using defaults
[0.550s] [34mcolcon.colcon_core.package_selection[0m [1;30mINFO[0m Skipping not selected package 'cnn_msgs' in 'src/cnn_msgs'
[0.550s] [34mcolcon.colcon_core.package_selection[0m [1;30mINFO[0m Skipping not selected package 'drl_vo' in 'src/drl_vo'
[0.551s] [34mcolcon.colcon_core.package_discovery[0m [1;30mLevel 1[0m discover_packages(prefix_path) check parameters
[0.551s] [34mcolcon.colcon_core.package_discovery[0m [1;30mLevel 1[0m discover_packages(prefix_path) discover
[0.552s] [34mcolcon.colcon_ros.prefix_path.ament[0m [1;30mWARNING[0m [33mThe path '/home/anlh/DRL_Velocity_Obstacles/install/cnn_msgs' in the environment variable AMENT_PREFIX_PATH doesn't exist[0m
[0.558s] [34mcolcon.colcon_ros.prefix_path.catkin[0m [1;30mWARNING[0m [33mThe path '/home/anlh/DRL_Velocity_Obstacles/install/track_ped_msgs' in the environment variable CMAKE_PREFIX_PATH doesn't exist[0m
[0.558s] [34mcolcon.colcon_ros.prefix_path.catkin[0m [1;30mWARNING[0m [33mThe path '/home/anlh/DRL_Velocity_Obstacles/install/cnn_msgs' in the environment variable CMAKE_PREFIX_PATH doesn't exist[0m
[0.560s] [34mcolcon.colcon_ros.prefix_path.catkin[0m [1;30mWARNING[0m [33mThe path '/path/to/libtorch' in the environment variable CMAKE_PREFIX_PATH doesn't exist[0m
[0.561s] [34mcolcon.colcon_installed_package_information.package_discovery[0m [1;30mDEBUG[0m [32mFound 1 installed packages in /home/anlh/DRL_Velocity_Obstacles/install[0m
[0.561s] [34mcolcon.colcon_installed_package_information.package_discovery[0m [1;30mDEBUG[0m [32mFound 15 installed packages in /home/anlh/turtlebot3_ws/install[0m
[0.568s] [34mcolcon.colcon_installed_package_information.package_discovery[0m [1;30mDEBUG[0m [32mFound 345 installed packages in /home/anlh/ros2_humble/install[0m
[0.570s] [34mcolcon.colcon_installed_package_information.package_discovery[0m [1;30mDEBUG[0m [32mFound 212 installed packages in /opt/ros/humble[0m
[0.576s] [34mcolcon.colcon_core.package_discovery[0m [1;30mLevel 1[0m discover_packages(prefix_path) using defaults
[0.627s] [34mcolcon.colcon_core.verb[0m [1;30mLevel 5[0m set package 'track_ped_msgs' build argument 'cmake_args' from command line to 'None'
[0.628s] [34mcolcon.colcon_core.verb[0m [1;30mLevel 5[0m set package 'track_ped_msgs' build argument 'cmake_target' from command line to 'None'
[0.628s] [34mcolcon.colcon_core.verb[0m [1;30mLevel 5[0m set package 'track_ped_msgs' build argument 'cmake_target_skip_unavailable' from command line to 'False'
[0.628s] [34mcolcon.colcon_core.verb[0m [1;30mLevel 5[0m set package 'track_ped_msgs' build argument 'cmake_clean_cache' from command line to 'False'
[0.628s] [34mcolcon.colcon_core.verb[0m [1;30mLevel 5[0m set package 'track_ped_msgs' build argument 'cmake_clean_first' from command line to 'False'
[0.628s] [34mcolcon.colcon_core.verb[0m [1;30mLevel 5[0m set package 'track_ped_msgs' build argument 'cmake_force_configure' from command line to 'False'
[0.628s] [34mcolcon.colcon_core.verb[0m [1;30mLevel 5[0m set package 'track_ped_msgs' build argument 'ament_cmake_args' from command line to 'None'
[0.628s] [34mcolcon.colcon_core.verb[0m [1;30mLevel 5[0m set package 'track_ped_msgs' build argument 'catkin_cmake_args' from command line to 'None'
[0.628s] [34mcolcon.colcon_core.verb[0m [1;30mLevel 5[0m set package 'track_ped_msgs' build argument 'catkin_skip_building_tests' from command line to 'False'
[0.628s] [34mcolcon.colcon_core.verb[0m [1;30mDEBUG[0m [32mBuilding package 'track_ped_msgs' with the following arguments: {'ament_cmake_args': None, 'build_base': '/home/anlh/DRL_Velocity_Obstacles/build/track_ped_msgs', 'catkin_cmake_args': None, 'catkin_skip_building_tests': False, 'cmake_args': None, 'cmake_clean_cache': False, 'cmake_clean_first': False, 'cmake_force_configure': False, 'cmake_target': None, 'cmake_target_skip_unavailable': False, 'install_base': '/home/anlh/DRL_Velocity_Obstacles/install/track_ped_msgs', 'merge_install': False, 'path': '/home/anlh/DRL_Velocity_Obstacles/src/track_ped_msgs', 'symlink_install': False, 'test_result_base': None}[0m
[0.628s] [34mcolcon.colcon_core.executor[0m [1;30mINFO[0m Executing jobs using 'parallel' executor
[0.629s] [34mcolcon.colcon_parallel_executor.executor.parallel[0m [1;30mDEBUG[0m [32mrun_until_complete[0m
[0.629s] [34mcolcon.colcon_ros.task.catkin.build[0m [1;30mINFO[0m Building ROS package in '/home/anlh/DRL_Velocity_Obstacles/src/track_ped_msgs' with build type 'catkin'
[0.630s] [34mcolcon.colcon_cmake.task.cmake.build[0m [1;30mINFO[0m Building CMake package in '/home/anlh/DRL_Velocity_Obstacles/src/track_ped_msgs'
[0.635s] [34mcolcon.colcon_core.plugin_system[0m [1;30mINFO[0m Skipping extension 'colcon_core.shell.bat': Not used on non-Windows systems
[0.635s] [34mcolcon.colcon_core.shell[0m [1;30mINFO[0m Skip shell extension 'powershell' for command environment: Not usable outside of PowerShell
[0.635s] [34mcolcon.colcon_core.shell[0m [1;30mDEBUG[0m [32mSkip shell extension 'dsv' for command environment[0m
[0.664s] [34mcolcon.colcon_core.event_handler.log_command[0m [1;30mDEBUG[0m [32mInvoking command in '/home/anlh/DRL_Velocity_Obstacles/build/track_ped_msgs': /usr/local/bin/cmake /home/anlh/DRL_Velocity_Obstacles/src/track_ped_msgs -DCATKIN_INSTALL_INTO_PREFIX_ROOT=0 -DCMAKE_INSTALL_PREFIX=/home/anlh/DRL_Velocity_Obstacles/install/track_ped_msgs[0m
[7.360s] [34mcolcon.colcon_core.event_handler.log_command[0m [1;30mDEBUG[0m [32mInvoked command in '/home/anlh/DRL_Velocity_Obstacles/build/track_ped_msgs' returned '0': /usr/local/bin/cmake /home/anlh/DRL_Velocity_Obstacles/src/track_ped_msgs -DCATKIN_INSTALL_INTO_PREFIX_ROOT=0 -DCMAKE_INSTALL_PREFIX=/home/anlh/DRL_Velocity_Obstacles/install/track_ped_msgs[0m
[7.362s] [34mcolcon.colcon_core.event_handler.log_command[0m [1;30mDEBUG[0m [32mInvoking command in '/home/anlh/DRL_Velocity_Obstacles/build/track_ped_msgs': /usr/local/bin/cmake --build /home/anlh/DRL_Velocity_Obstacles/build/track_ped_msgs -- -j16 -l16[0m
[10.538s] [34mcolcon.colcon_core.event_handler.log_command[0m [1;30mDEBUG[0m [32mInvoked command in '/home/anlh/DRL_Velocity_Obstacles/build/track_ped_msgs' returned '0': /usr/local/bin/cmake --build /home/anlh/DRL_Velocity_Obstacles/build/track_ped_msgs -- -j16 -l16[0m
[11.264s] [34mcolcon.colcon_core.event_handler.log_command[0m [1;30mDEBUG[0m [32mInvoking command in '/home/anlh/DRL_Velocity_Obstacles/build/track_ped_msgs': /usr/local/bin/cmake --install /home/anlh/DRL_Velocity_Obstacles/build/track_ped_msgs[0m
[11.440s] [34mcolcon.colcon_core.event_handler.log_command[0m [1;30mDEBUG[0m [32mInvoked command in '/home/anlh/DRL_Velocity_Obstacles/build/track_ped_msgs' returned '0': /usr/local/bin/cmake --install /home/anlh/DRL_Velocity_Obstacles/build/track_ped_msgs[0m
[11.796s] [34mcolcon.colcon_core.shell[0m [1;30mLevel 1[0m create_environment_hook('track_ped_msgs', 'ros_package_path')
[11.796s] [34mcolcon.colcon_core.shell[0m [1;30mINFO[0m Creating environment hook '/home/anlh/DRL_Velocity_Obstacles/install/track_ped_msgs/share/track_ped_msgs/hook/ros_package_path.ps1'
[11.797s] [34mcolcon.colcon_core.shell[0m [1;30mINFO[0m Creating environment descriptor '/home/anlh/DRL_Velocity_Obstacles/install/track_ped_msgs/share/track_ped_msgs/hook/ros_package_path.dsv'
[11.798s] [34mcolcon.colcon_core.shell[0m [1;30mINFO[0m Creating environment hook '/home/anlh/DRL_Velocity_Obstacles/install/track_ped_msgs/share/track_ped_msgs/hook/ros_package_path.sh'
[11.799s] [34mcolcon.colcon_ros.task.catkin[0m [1;30mLevel 1[0m checking '/home/anlh/DRL_Velocity_Obstacles/install/track_ped_msgs/local/lib/python3.10/dist-packages'
[11.799s] [34mcolcon.colcon_core.shell[0m [1;30mLevel 1[0m create_environment_hook('track_ped_msgs', 'catkin_pythonpath')
[11.799s] [34mcolcon.colcon_core.shell[0m [1;30mINFO[0m Creating environment hook '/home/anlh/DRL_Velocity_Obstacles/install/track_ped_msgs/share/track_ped_msgs/hook/catkin_pythonpath.ps1'
[11.799s] [34mcolcon.colcon_core.shell[0m [1;30mINFO[0m Creating environment descriptor '/home/anlh/DRL_Velocity_Obstacles/install/track_ped_msgs/share/track_ped_msgs/hook/catkin_pythonpath.dsv'
[11.800s] [34mcolcon.colcon_core.shell[0m [1;30mINFO[0m Creating environment hook '/home/anlh/DRL_Velocity_Obstacles/install/track_ped_msgs/share/track_ped_msgs/hook/catkin_pythonpath.sh'
[11.800s] [34mcolcon.colcon_core.shell[0m [1;30mLevel 1[0m create_environment_hook('track_ped_msgs', 'pkg_config_path')
[11.800s] [34mcolcon.colcon_core.shell[0m [1;30mINFO[0m Creating environment hook '/home/anlh/DRL_Velocity_Obstacles/install/track_ped_msgs/share/track_ped_msgs/hook/pkg_config_path.ps1'
[11.801s] [34mcolcon.colcon_core.shell[0m [1;30mINFO[0m Creating environment descriptor '/home/anlh/DRL_Velocity_Obstacles/install/track_ped_msgs/share/track_ped_msgs/hook/pkg_config_path.dsv'
[11.801s] [34mcolcon.colcon_core.shell[0m [1;30mINFO[0m Creating environment hook '/home/anlh/DRL_Velocity_Obstacles/install/track_ped_msgs/share/track_ped_msgs/hook/pkg_config_path.sh'
[11.810s] [34mcolcon.colcon_core.shell[0m [1;30mLevel 1[0m create_environment_hook('track_ped_msgs', 'pkg_config_path_multiarch')
[11.810s] [34mcolcon.colcon_core.shell[0m [1;30mINFO[0m Creating environment hook '/home/anlh/DRL_Velocity_Obstacles/install/track_ped_msgs/share/track_ped_msgs/hook/pkg_config_path_multiarch.ps1'
[11.811s] [34mcolcon.colcon_core.shell[0m [1;30mINFO[0m Creating environment descriptor '/home/anlh/DRL_Velocity_Obstacles/install/track_ped_msgs/share/track_ped_msgs/hook/pkg_config_path_multiarch.dsv'
[11.812s] [34mcolcon.colcon_core.shell[0m [1;30mINFO[0m Creating environment hook '/home/anlh/DRL_Velocity_Obstacles/install/track_ped_msgs/share/track_ped_msgs/hook/pkg_config_path_multiarch.sh'
[11.813s] [34mcolcon.colcon_core.environment[0m [1;30mLevel 1[0m create_environment_scripts_only(track_ped_msgs)
[11.822s] [34mcolcon.colcon_core.environment[0m [1;30mLevel 1[0m checking '/home/anlh/DRL_Velocity_Obstacles/install/track_ped_msgs' for CMake module files
[11.822s] [34mcolcon.colcon_core.environment[0m [1;30mLevel 1[0m checking '/home/anlh/DRL_Velocity_Obstacles/install/track_ped_msgs' for CMake config files
[11.823s] [34mcolcon.colcon_core.shell[0m [1;30mLevel 1[0m create_environment_hook('track_ped_msgs', 'cmake_prefix_path')
[11.823s] [34mcolcon.colcon_core.shell[0m [1;30mINFO[0m Creating environment hook '/home/anlh/DRL_Velocity_Obstacles/install/track_ped_msgs/share/track_ped_msgs/hook/cmake_prefix_path.ps1'
[11.823s] [34mcolcon.colcon_core.shell[0m [1;30mINFO[0m Creating environment descriptor '/home/anlh/DRL_Velocity_Obstacles/install/track_ped_msgs/share/track_ped_msgs/hook/cmake_prefix_path.dsv'
[11.824s] [34mcolcon.colcon_core.shell[0m [1;30mINFO[0m Creating environment hook '/home/anlh/DRL_Velocity_Obstacles/install/track_ped_msgs/share/track_ped_msgs/hook/cmake_prefix_path.sh'
[11.824s] [34mcolcon.colcon_core.environment[0m [1;30mLevel 1[0m checking '/home/anlh/DRL_Velocity_Obstacles/install/track_ped_msgs/lib'
[11.824s] [34mcolcon.colcon_core.shell[0m [1;30mLevel 1[0m create_environment_hook('track_ped_msgs', 'ld_library_path_lib')
[11.825s] [34mcolcon.colcon_core.shell[0m [1;30mINFO[0m Creating environment hook '/home/anlh/DRL_Velocity_Obstacles/install/track_ped_msgs/share/track_ped_msgs/hook/ld_library_path_lib.ps1'
[11.825s] [34mcolcon.colcon_core.shell[0m [1;30mINFO[0m Creating environment descriptor '/home/anlh/DRL_Velocity_Obstacles/install/track_ped_msgs/share/track_ped_msgs/hook/ld_library_path_lib.dsv'
[11.825s] [34mcolcon.colcon_core.shell[0m [1;30mINFO[0m Creating environment hook '/home/anlh/DRL_Velocity_Obstacles/install/track_ped_msgs/share/track_ped_msgs/hook/ld_library_path_lib.sh'
[11.826s] [34mcolcon.colcon_core.environment[0m [1;30mLevel 1[0m checking '/home/anlh/DRL_Velocity_Obstacles/install/track_ped_msgs/bin'
[11.826s] [34mcolcon.colcon_core.environment[0m [1;30mLevel 1[0m checking '/home/anlh/DRL_Velocity_Obstacles/install/track_ped_msgs/lib/pkgconfig/track_ped_msgs.pc'
[11.826s] [34mcolcon.colcon_core.environment[0m [1;30mLevel 1[0m checking '/home/anlh/DRL_Velocity_Obstacles/install/track_ped_msgs/lib/python3.10/site-packages'
[11.826s] [34mcolcon.colcon_core.environment[0m [1;30mLevel 1[0m checking '/home/anlh/DRL_Velocity_Obstacles/install/track_ped_msgs/bin'
[11.827s] [34mcolcon.colcon_core.shell[0m [1;30mINFO[0m Creating package script '/home/anlh/DRL_Velocity_Obstacles/install/track_ped_msgs/share/track_ped_msgs/package.ps1'
[11.828s] [34mcolcon.colcon_core.shell[0m [1;30mINFO[0m Creating package descriptor '/home/anlh/DRL_Velocity_Obstacles/install/track_ped_msgs/share/track_ped_msgs/package.dsv'
[11.828s] [34mcolcon.colcon_core.shell[0m [1;30mINFO[0m Creating package script '/home/anlh/DRL_Velocity_Obstacles/install/track_ped_msgs/share/track_ped_msgs/package.sh'
[11.829s] [34mcolcon.colcon_core.shell[0m [1;30mINFO[0m Creating package script '/home/anlh/DRL_Velocity_Obstacles/install/track_ped_msgs/share/track_ped_msgs/package.bash'
[11.829s] [34mcolcon.colcon_core.shell[0m [1;30mINFO[0m Creating package script '/home/anlh/DRL_Velocity_Obstacles/install/track_ped_msgs/share/track_ped_msgs/package.zsh'
[11.830s] [34mcolcon.colcon_core.environment[0m [1;30mLevel 1[0m create_file_with_runtime_dependencies(/home/anlh/DRL_Velocity_Obstacles/install/track_ped_msgs/share/colcon-core/packages/track_ped_msgs)
[11.830s] [34mcolcon.colcon_parallel_executor.executor.parallel[0m [1;30mDEBUG[0m [32mclosing loop[0m
[11.831s] [34mcolcon.colcon_parallel_executor.executor.parallel[0m [1;30mDEBUG[0m [32mloop closed[0m
[11.831s] [34mcolcon.colcon_parallel_executor.executor.parallel[0m [1;30mDEBUG[0m [32mrun_until_complete finished with '0'[0m
[11.831s] [34mcolcon.colcon_core.event_reactor[0m [1;30mDEBUG[0m [32mjoining thread[0m
[11.843s] [34mcolcon.colcon_core.plugin_system[0m [1;30mINFO[0m Skipping extension 'colcon_notification.desktop_notification.terminal_notifier': Not used on non-Darwin systems
[11.843s] [34mcolcon.colcon_core.plugin_system[0m [1;30mINFO[0m Skipping extension 'colcon_notification.desktop_notification.win32': Not used on non-Windows systems
[11.843s] [34mcolcon.colcon_notification.desktop_notification[0m [1;30mINFO[0m Sending desktop notification using 'notify2'
[11.857s] [34mcolcon.colcon_core.event_reactor[0m [1;30mDEBUG[0m [32mjoined thread[0m
[11.858s] [34mcolcon.colcon_core.shell[0m [1;30mINFO[0m Creating prefix script '/home/anlh/DRL_Velocity_Obstacles/install/local_setup.ps1'
[11.859s] [34mcolcon.colcon_core.shell[0m [1;30mINFO[0m Creating prefix util module '/home/anlh/DRL_Velocity_Obstacles/install/_local_setup_util_ps1.py'
[11.860s] [34mcolcon.colcon_core.shell[0m [1;30mINFO[0m Creating prefix chain script '/home/anlh/DRL_Velocity_Obstacles/install/setup.ps1'
[11.872s] [34mcolcon.colcon_core.shell[0m [1;30mINFO[0m Creating prefix script '/home/anlh/DRL_Velocity_Obstacles/install/local_setup.sh'
[11.872s] [34mcolcon.colcon_core.shell[0m [1;30mINFO[0m Creating prefix util module '/home/anlh/DRL_Velocity_Obstacles/install/_local_setup_util_sh.py'
[11.873s] [34mcolcon.colcon_core.shell[0m [1;30mINFO[0m Creating prefix chain script '/home/anlh/DRL_Velocity_Obstacles/install/setup.sh'
[11.883s] [34mcolcon.colcon_core.shell[0m [1;30mINFO[0m Creating prefix script '/home/anlh/DRL_Velocity_Obstacles/install/local_setup.bash'
[11.884s] [34mcolcon.colcon_core.shell[0m [1;30mINFO[0m Creating prefix chain script '/home/anlh/DRL_Velocity_Obstacles/install/setup.bash'
[11.894s] [34mcolcon.colcon_core.shell[0m [1;30mINFO[0m Creating prefix script '/home/anlh/DRL_Velocity_Obstacles/install/local_setup.zsh'
[11.895s] [34mcolcon.colcon_core.shell[0m [1;30mINFO[0m Creating prefix chain script '/home/anlh/DRL_Velocity_Obstacles/install/setup.zsh'
