[0.024s] Invoking command in '/home/anlh/DRL_Velocity_Obstacles/build/track_ped_msgs': /usr/local/bin/cmake /home/anlh/DRL_Velocity_Obstacles/src/track_ped_msgs -DCATKIN_INSTALL_INTO_PREFIX_ROOT=0 -DCMAKE_INSTALL_PREFIX=/home/anlh/DRL_Velocity_Obstacles/install/track_ped_msgs
[0.083s] -- The C compiler identification is GNU 11.4.0
[0.136s] -- The CXX compiler identification is GNU 11.4.0
[0.148s] -- Detecting C compiler ABI info
[0.229s] -- Detecting C compiler ABI info - done
[0.242s] -- Check for working C compiler: /usr/bin/cc - skipped
[0.242s] -- Detecting C compile features
[0.242s] -- Detecting C compile features - done
[0.245s] -- Detecting CXX compiler ABI info
[0.336s] -- Detecting CXX compiler ABI info - done
[0.350s] -- Check for working CXX compiler: /usr/bin/c++ - skipped
[0.351s] -- Detecting CXX compile features
[0.351s] -- Detecting CXX compile features - done
[0.362s] -- Found ament_cmake: 1.3.10 (/home/anlh/ros2_humble/install/ament_cmake/share/ament_cmake/cmake)
[0.649s] -- Found Python3: /usr/bin/python3 (found version "3.10.12") found components: Interpreter
[0.911s] -- Found rosidl_default_generators: 1.2.0 (/home/anlh/ros2_humble/install/rosidl_default_generators/share/rosidl_default_generators/cmake)
[0.997s] -- Using all available rosidl_typesupport_c: rosidl_typesupport_fastrtps_c;rosidl_typesupport_introspection_c
[1.025s] -- Found rosidl_adapter: 3.1.5 (/home/anlh/ros2_humble/install/rosidl_adapter/share/rosidl_adapter/cmake)
[1.145s] -- Using all available rosidl_typesupport_cpp: rosidl_typesupport_fastrtps_cpp;rosidl_typesupport_introspection_cpp
[1.219s] -- Found std_msgs: 4.2.4 (/home/anlh/ros2_humble/install/std_msgs/share/std_msgs/cmake)
[1.283s] -- Found geometry_msgs: 4.2.4 (/home/anlh/ros2_humble/install/geometry_msgs/share/geometry_msgs/cmake)
[2.144s] -- Found ament_cmake_ros: 0.10.0 (/home/anlh/ros2_humble/install/ament_cmake_ros/share/ament_cmake_ros/cmake)
[2.952s] -- Using all available rosidl_typesupport_c: rosidl_typesupport_fastrtps_c;rosidl_typesupport_introspection_c
[3.994s] -- Using all available rosidl_typesupport_cpp: rosidl_typesupport_fastrtps_cpp;rosidl_typesupport_introspection_cpp
[3.995s] [33mCMake Warning (dev) at /home/anlh/ros2_humble/install/rosidl_generator_py/share/rosidl_generator_py/cmake/rosidl_generator_py_generate_interfaces.cmake:20 (find_package):
[3.995s]   Policy CMP0148 is not set: The FindPythonInterp and FindPythonLibs modules
[3.995s]   are removed.  Run "cmake --help-policy CMP0148" for policy details.  Use
[3.995s]   the cmake_policy command to set the policy and suppress this warning.
[3.995s] 
[3.995s] Call Stack (most recent call first):
[3.995s]   /home/anlh/ros2_humble/install/ament_cmake_core/share/ament_cmake_core/cmake/core/ament_execute_extensions.cmake:48 (include)
[3.995s]   /home/anlh/ros2_humble/install/rosidl_cmake/share/rosidl_cmake/cmake/rosidl_generate_interfaces.cmake:286 (ament_execute_extensions)
[3.995s]   CMakeLists.txt:15 (rosidl_generate_interfaces)
[3.996s] This warning is for project developers.  Use -Wno-dev to suppress it.
[3.996s] [0m
[4.034s] -- Found PythonInterp: /usr/bin/python3 (found suitable version "3.10.12", minimum required is "3.6")
[4.042s] -- Found python_cmake_module: 0.10.0 (/home/anlh/ros2_humble/install/python_cmake_module/share/python_cmake_module/cmake)
[4.042s] [33mCMake Warning (dev) at /home/anlh/ros2_humble/install/python_cmake_module/share/python_cmake_module/cmake/Modules/FindPythonExtra.cmake:52 (find_package):
[4.042s]   Policy CMP0148 is not set: The FindPythonInterp and FindPythonLibs modules
[4.042s]   are removed.  Run "cmake --help-policy CMP0148" for policy details.  Use
[4.042s]   the cmake_policy command to set the policy and suppress this warning.
[4.043s] 
[4.043s] Call Stack (most recent call first):
[4.043s]   /home/anlh/ros2_humble/install/rosidl_generator_py/share/rosidl_generator_py/cmake/rosidl_generator_py_generate_interfaces.cmake:23 (find_package)
[4.043s]   /home/anlh/ros2_humble/install/ament_cmake_core/share/ament_cmake_core/cmake/core/ament_execute_extensions.cmake:48 (include)
[4.043s]   /home/anlh/ros2_humble/install/rosidl_cmake/share/rosidl_cmake/cmake/rosidl_generate_interfaces.cmake:286 (ament_execute_extensions)
[4.043s]   CMakeLists.txt:15 (rosidl_generate_interfaces)
[4.043s] This warning is for project developers.  Use -Wno-dev to suppress it.
[4.043s] [0m
[4.078s] [33mCMake Warning (dev) at /home/anlh/ros2_humble/install/python_cmake_module/share/python_cmake_module/cmake/Modules/FindPythonExtra.cmake:140 (find_package):
[4.078s]   Policy CMP0148 is not set: The FindPythonInterp and FindPythonLibs modules
[4.078s]   are removed.  Run "cmake --help-policy CMP0148" for policy details.  Use
[4.078s]   the cmake_policy command to set the policy and suppress this warning.
[4.078s] 
[4.078s] Call Stack (most recent call first):
[4.078s]   /home/anlh/ros2_humble/install/rosidl_generator_py/share/rosidl_generator_py/cmake/rosidl_generator_py_generate_interfaces.cmake:23 (find_package)
[4.078s]   /home/anlh/ros2_humble/install/ament_cmake_core/share/ament_cmake_core/cmake/core/ament_execute_extensions.cmake:48 (include)
[4.078s]   /home/anlh/ros2_humble/install/rosidl_cmake/share/rosidl_cmake/cmake/rosidl_generate_interfaces.cmake:286 (ament_execute_extensions)
[4.078s]   CMakeLists.txt:15 (rosidl_generate_interfaces)
[4.078s] This warning is for project developers.  Use -Wno-dev to suppress it.
[4.078s] [0m
[4.089s] -- Found PythonLibs: /usr/lib/x86_64-linux-gnu/libpython3.10.so (found suitable version "3.10.12", minimum required is "3.5")
[4.089s] -- Using PYTHON_EXECUTABLE: /usr/bin/python3
[4.089s] -- Using PYTHON_INCLUDE_DIRS: /usr/include/python3.10
[4.089s] -- Using PYTHON_LIBRARIES: /usr/lib/x86_64-linux-gnu/libpython3.10.so
[4.127s] -- Found PythonExtra: .so
[4.501s] -- Configuring done (4.5s)
[4.530s] -- Generating done (0.0s)
[4.531s] [33mCMake Warning:
[4.531s]   Manually-specified variables were not used by the project:
[4.531s] 
[4.531s]     CATKIN_INSTALL_INTO_PREFIX_ROOT
[4.531s] 
[4.531s] [0m
[4.531s] -- Build files have been written to: /home/anlh/DRL_Velocity_Obstacles/build/track_ped_msgs
[4.539s] Invoked command in '/home/anlh/DRL_Velocity_Obstacles/build/track_ped_msgs' returned '0': /usr/local/bin/cmake /home/anlh/DRL_Velocity_Obstacles/src/track_ped_msgs -DCATKIN_INSTALL_INTO_PREFIX_ROOT=0 -DCMAKE_INSTALL_PREFIX=/home/anlh/DRL_Velocity_Obstacles/install/track_ped_msgs
[4.540s] Invoking command in '/home/anlh/DRL_Velocity_Obstacles/build/track_ped_msgs': /usr/local/bin/cmake --build /home/anlh/DRL_Velocity_Obstacles/build/track_ped_msgs -- -j16 -l16
[4.578s] [  2%] [34m[1mGenerating C code for ROS interfaces[0m
[4.591s] [  5%] [34m[1mGenerating C++ code for ROS interfaces[0m
[4.596s] [  5%] Built target ament_cmake_python_copy_track_ped_msgs
[4.981s] running egg_info
[4.981s] creating track_ped_msgs.egg-info
[4.982s] writing track_ped_msgs.egg-info/PKG-INFO
[4.982s] writing dependency_links to track_ped_msgs.egg-info/dependency_links.txt
[4.982s] writing top-level names to track_ped_msgs.egg-info/top_level.txt
[4.982s] writing manifest file 'track_ped_msgs.egg-info/SOURCES.txt'
[4.983s] [  5%] Built target track_ped_msgs__cpp
[4.984s] reading manifest file 'track_ped_msgs.egg-info/SOURCES.txt'
[4.984s] writing manifest file 'track_ped_msgs.egg-info/SOURCES.txt'
[5.001s] [  7%] [34m[1mGenerating C++ type support for eProsima Fast-RTPS[0m
[5.004s] [ 17%] [32mBuilding C object CMakeFiles/track_ped_msgs__rosidl_generator_c.dir/rosidl_generator_c/track_ped_msgs/msg/detail/tracked_persons__functions.c.o[0m
[5.004s] [ 17%] [34m[1mGenerating C++ type support dispatch for ROS interfaces[0m
[5.004s] [ 17%] [32mBuilding C object CMakeFiles/track_ped_msgs__rosidl_generator_c.dir/rosidl_generator_c/track_ped_msgs/msg/detail/tracked_person__functions.c.o[0m
[5.004s] [ 17%] [34m[1mGenerating C++ introspection for ROS interfaces[0m
[5.019s] [ 17%] Built target ament_cmake_python_build_track_ped_msgs_egg
[5.067s] [ 20%] [32m[1mLinking C shared library libtrack_ped_msgs__rosidl_generator_c.so[0m
[5.104s] [ 20%] Built target track_ped_msgs__rosidl_generator_c
[5.123s] [ 23%] [34m[1mGenerating C type support for eProsima Fast-RTPS[0m
[5.126s] [ 28%] [34m[1mGenerating C introspection for ROS interfaces[0m
[5.126s] [ 28%] [34m[1mGenerating C type support dispatch for ROS interfaces[0m
[5.477s] [ 30%] [32mBuilding CXX object CMakeFiles/track_ped_msgs__rosidl_typesupport_introspection_cpp.dir/rosidl_typesupport_introspection_cpp/track_ped_msgs/msg/detail/tracked_persons__type_support.cpp.o[0m
[5.478s] [ 33%] [32mBuilding CXX object CMakeFiles/track_ped_msgs__rosidl_typesupport_introspection_cpp.dir/rosidl_typesupport_introspection_cpp/track_ped_msgs/msg/detail/tracked_person__type_support.cpp.o[0m
[5.485s] [ 35%] [32mBuilding CXX object CMakeFiles/track_ped_msgs__rosidl_typesupport_cpp.dir/rosidl_typesupport_cpp/track_ped_msgs/msg/tracked_person__type_support.cpp.o[0m
[5.490s] [ 38%] [32mBuilding CXX object CMakeFiles/track_ped_msgs__rosidl_typesupport_cpp.dir/rosidl_typesupport_cpp/track_ped_msgs/msg/tracked_persons__type_support.cpp.o[0m
[5.634s] [ 41%] [32mBuilding CXX object CMakeFiles/track_ped_msgs__rosidl_typesupport_fastrtps_cpp.dir/rosidl_typesupport_fastrtps_cpp/track_ped_msgs/msg/detail/dds_fastrtps/tracked_person__type_support.cpp.o[0m
[5.640s] [ 43%] [32mBuilding CXX object CMakeFiles/track_ped_msgs__rosidl_typesupport_fastrtps_cpp.dir/rosidl_typesupport_fastrtps_cpp/track_ped_msgs/msg/detail/dds_fastrtps/tracked_persons__type_support.cpp.o[0m
[5.720s] [ 46%] [32mBuilding CXX object CMakeFiles/track_ped_msgs__rosidl_typesupport_c.dir/rosidl_typesupport_c/track_ped_msgs/msg/tracked_persons__type_support.cpp.o[0m
[5.725s] [ 48%] [32mBuilding CXX object CMakeFiles/track_ped_msgs__rosidl_typesupport_c.dir/rosidl_typesupport_c/track_ped_msgs/msg/tracked_person__type_support.cpp.o[0m
[5.743s] [ 53%] [32mBuilding C object CMakeFiles/track_ped_msgs__rosidl_typesupport_introspection_c.dir/rosidl_typesupport_introspection_c/track_ped_msgs/msg/detail/tracked_persons__type_support.c.o[0m
[5.743s] [ 53%] [32mBuilding C object CMakeFiles/track_ped_msgs__rosidl_typesupport_introspection_c.dir/rosidl_typesupport_introspection_c/track_ped_msgs/msg/detail/tracked_person__type_support.c.o[0m
[5.782s] [ 56%] [32m[1mLinking CXX shared library libtrack_ped_msgs__rosidl_typesupport_c.so[0m
[5.793s] [ 58%] [32m[1mLinking CXX shared library libtrack_ped_msgs__rosidl_typesupport_cpp.so[0m
[5.800s] [ 61%] [32m[1mLinking C shared library libtrack_ped_msgs__rosidl_typesupport_introspection_c.so[0m
[5.814s] [ 64%] [32mBuilding CXX object CMakeFiles/track_ped_msgs__rosidl_typesupport_fastrtps_c.dir/rosidl_typesupport_fastrtps_c/track_ped_msgs/msg/detail/tracked_persons__type_support_c.cpp.o[0m
[5.818s] [ 66%] [32mBuilding CXX object CMakeFiles/track_ped_msgs__rosidl_typesupport_fastrtps_c.dir/rosidl_typesupport_fastrtps_c/track_ped_msgs/msg/detail/tracked_person__type_support_c.cpp.o[0m
[5.825s] [ 66%] Built target track_ped_msgs__rosidl_typesupport_c
[5.836s] [ 66%] Built target track_ped_msgs__rosidl_typesupport_cpp
[5.839s] [ 66%] Built target track_ped_msgs__rosidl_typesupport_introspection_c
[5.898s] [ 69%] [32m[1mLinking CXX shared library libtrack_ped_msgs__rosidl_typesupport_introspection_cpp.so[0m
[5.971s] [ 69%] Built target track_ped_msgs__rosidl_typesupport_introspection_cpp
[6.011s] [ 71%] [32m[1mLinking CXX shared library libtrack_ped_msgs__rosidl_typesupport_fastrtps_cpp.so[0m
[6.065s] [ 74%] [32m[1mLinking CXX shared library libtrack_ped_msgs__rosidl_typesupport_fastrtps_c.so[0m
[6.072s] [ 74%] Built target track_ped_msgs__rosidl_typesupport_fastrtps_cpp
[6.121s] [ 74%] Built target track_ped_msgs__rosidl_typesupport_fastrtps_c
[6.143s] [ 74%] Built target track_ped_msgs
[6.165s] [ 76%] [34m[1mGenerating Python code for ROS interfaces[0m
[6.616s] [ 76%] Built target track_ped_msgs__py
[6.642s] [ 82%] [32mBuilding C object CMakeFiles/track_ped_msgs__rosidl_generator_py.dir/rosidl_generator_py/track_ped_msgs/msg/_tracked_person_s.c.o[0m
[6.642s] [ 82%] [32mBuilding C object CMakeFiles/track_ped_msgs__rosidl_generator_py.dir/rosidl_generator_py/track_ped_msgs/msg/_tracked_persons_s.c.o[0m
[6.720s] [ 84%] [32m[1mLinking C shared library rosidl_generator_py/track_ped_msgs/libtrack_ped_msgs__rosidl_generator_py.so[0m
[6.756s] [ 84%] Built target track_ped_msgs__rosidl_generator_py
[6.780s] [ 92%] [32mBuilding C object CMakeFiles/track_ped_msgs__rosidl_typesupport_c__pyext.dir/rosidl_generator_py/track_ped_msgs/_track_ped_msgs_s.ep.rosidl_typesupport_c.c.o[0m
[6.780s] [ 92%] [32mBuilding C object CMakeFiles/track_ped_msgs__rosidl_typesupport_fastrtps_c__pyext.dir/rosidl_generator_py/track_ped_msgs/_track_ped_msgs_s.ep.rosidl_typesupport_fastrtps_c.c.o[0m
[6.780s] [ 92%] [32mBuilding C object CMakeFiles/track_ped_msgs__rosidl_typesupport_introspection_c__pyext.dir/rosidl_generator_py/track_ped_msgs/_track_ped_msgs_s.ep.rosidl_typesupport_introspection_c.c.o[0m
[6.856s] [100%] [32m[1mLinking C shared library rosidl_generator_py/track_ped_msgs/track_ped_msgs_s__rosidl_typesupport_fastrtps_c.cpython-310-x86_64-linux-gnu.so[0m
[6.856s] [100%] [32m[1mLinking C shared library rosidl_generator_py/track_ped_msgs/track_ped_msgs_s__rosidl_typesupport_introspection_c.cpython-310-x86_64-linux-gnu.so[0m
[6.856s] [100%] [32m[1mLinking C shared library rosidl_generator_py/track_ped_msgs/track_ped_msgs_s__rosidl_typesupport_c.cpython-310-x86_64-linux-gnu.so[0m
[6.893s] [100%] Built target track_ped_msgs__rosidl_typesupport_introspection_c__pyext
[6.893s] [100%] Built target track_ped_msgs__rosidl_typesupport_fastrtps_c__pyext
[6.893s] [100%] Built target track_ped_msgs__rosidl_typesupport_c__pyext
[6.900s] Invoked command in '/home/anlh/DRL_Velocity_Obstacles/build/track_ped_msgs' returned '0': /usr/local/bin/cmake --build /home/anlh/DRL_Velocity_Obstacles/build/track_ped_msgs -- -j16 -l16
[7.418s] Invoking command in '/home/anlh/DRL_Velocity_Obstacles/build/track_ped_msgs': /usr/local/bin/cmake --install /home/anlh/DRL_Velocity_Obstacles/build/track_ped_msgs
[7.425s] -- Install configuration: ""
[7.426s] -- Installing: /home/anlh/DRL_Velocity_Obstacles/install/track_ped_msgs/share/ament_index/resource_index/rosidl_interfaces/track_ped_msgs
[7.426s] -- Installing: /home/anlh/DRL_Velocity_Obstacles/install/track_ped_msgs/include/track_ped_msgs/track_ped_msgs
[7.426s] -- Installing: /home/anlh/DRL_Velocity_Obstacles/install/track_ped_msgs/include/track_ped_msgs/track_ped_msgs/msg
[7.426s] -- Installing: /home/anlh/DRL_Velocity_Obstacles/install/track_ped_msgs/include/track_ped_msgs/track_ped_msgs/msg/rosidl_generator_c__visibility_control.h
[7.426s] -- Installing: /home/anlh/DRL_Velocity_Obstacles/install/track_ped_msgs/include/track_ped_msgs/track_ped_msgs/msg/tracked_persons.h
[7.426s] -- Installing: /home/anlh/DRL_Velocity_Obstacles/install/track_ped_msgs/include/track_ped_msgs/track_ped_msgs/msg/tracked_person.h
[7.426s] -- Installing: /home/anlh/DRL_Velocity_Obstacles/install/track_ped_msgs/include/track_ped_msgs/track_ped_msgs/msg/detail
[7.426s] -- Installing: /home/anlh/DRL_Velocity_Obstacles/install/track_ped_msgs/include/track_ped_msgs/track_ped_msgs/msg/detail/tracked_persons__functions.c
[7.426s] -- Installing: /home/anlh/DRL_Velocity_Obstacles/install/track_ped_msgs/include/track_ped_msgs/track_ped_msgs/msg/detail/tracked_person__struct.h
[7.426s] -- Installing: /home/anlh/DRL_Velocity_Obstacles/install/track_ped_msgs/include/track_ped_msgs/track_ped_msgs/msg/detail/tracked_persons__struct.h
[7.426s] -- Installing: /home/anlh/DRL_Velocity_Obstacles/install/track_ped_msgs/include/track_ped_msgs/track_ped_msgs/msg/detail/tracked_person__functions.h
[7.426s] -- Installing: /home/anlh/DRL_Velocity_Obstacles/install/track_ped_msgs/include/track_ped_msgs/track_ped_msgs/msg/detail/tracked_person__type_support.h
[7.426s] -- Installing: /home/anlh/DRL_Velocity_Obstacles/install/track_ped_msgs/include/track_ped_msgs/track_ped_msgs/msg/detail/tracked_person__functions.c
[7.426s] -- Installing: /home/anlh/DRL_Velocity_Obstacles/install/track_ped_msgs/include/track_ped_msgs/track_ped_msgs/msg/detail/tracked_persons__functions.h
[7.426s] -- Installing: /home/anlh/DRL_Velocity_Obstacles/install/track_ped_msgs/include/track_ped_msgs/track_ped_msgs/msg/detail/tracked_persons__type_support.h
[7.426s] -- Installing: /home/anlh/DRL_Velocity_Obstacles/install/track_ped_msgs/share/track_ped_msgs/environment/library_path.sh
[7.426s] -- Installing: /home/anlh/DRL_Velocity_Obstacles/install/track_ped_msgs/share/track_ped_msgs/environment/library_path.dsv
[7.426s] -- Installing: /home/anlh/DRL_Velocity_Obstacles/install/track_ped_msgs/lib/libtrack_ped_msgs__rosidl_generator_c.so
[7.427s] -- Set non-toolchain portion of runtime path of "/home/anlh/DRL_Velocity_Obstacles/install/track_ped_msgs/lib/libtrack_ped_msgs__rosidl_generator_c.so" to ""
[7.427s] -- Up-to-date: /home/anlh/DRL_Velocity_Obstacles/install/track_ped_msgs/include/track_ped_msgs/track_ped_msgs
[7.427s] -- Up-to-date: /home/anlh/DRL_Velocity_Obstacles/install/track_ped_msgs/include/track_ped_msgs/track_ped_msgs/msg
[7.427s] -- Installing: /home/anlh/DRL_Velocity_Obstacles/install/track_ped_msgs/include/track_ped_msgs/track_ped_msgs/msg/rosidl_typesupport_fastrtps_c__visibility_control.h
[7.427s] -- Up-to-date: /home/anlh/DRL_Velocity_Obstacles/install/track_ped_msgs/include/track_ped_msgs/track_ped_msgs/msg/detail
[7.427s] -- Installing: /home/anlh/DRL_Velocity_Obstacles/install/track_ped_msgs/include/track_ped_msgs/track_ped_msgs/msg/detail/tracked_persons__rosidl_typesupport_fastrtps_c.h
[7.427s] -- Installing: /home/anlh/DRL_Velocity_Obstacles/install/track_ped_msgs/include/track_ped_msgs/track_ped_msgs/msg/detail/tracked_person__rosidl_typesupport_fastrtps_c.h
[7.427s] -- Installing: /home/anlh/DRL_Velocity_Obstacles/install/track_ped_msgs/lib/libtrack_ped_msgs__rosidl_typesupport_fastrtps_c.so
[7.427s] -- Set non-toolchain portion of runtime path of "/home/anlh/DRL_Velocity_Obstacles/install/track_ped_msgs/lib/libtrack_ped_msgs__rosidl_typesupport_fastrtps_c.so" to ""
[7.427s] -- Up-to-date: /home/anlh/DRL_Velocity_Obstacles/install/track_ped_msgs/include/track_ped_msgs/track_ped_msgs
[7.427s] -- Up-to-date: /home/anlh/DRL_Velocity_Obstacles/install/track_ped_msgs/include/track_ped_msgs/track_ped_msgs/msg
[7.427s] -- Up-to-date: /home/anlh/DRL_Velocity_Obstacles/install/track_ped_msgs/include/track_ped_msgs/track_ped_msgs/msg/detail
[7.427s] -- Installing: /home/anlh/DRL_Velocity_Obstacles/install/track_ped_msgs/include/track_ped_msgs/track_ped_msgs/msg/detail/tracked_person__rosidl_typesupport_introspection_c.h
[7.427s] -- Installing: /home/anlh/DRL_Velocity_Obstacles/install/track_ped_msgs/include/track_ped_msgs/track_ped_msgs/msg/detail/tracked_persons__rosidl_typesupport_introspection_c.h
[7.428s] -- Installing: /home/anlh/DRL_Velocity_Obstacles/install/track_ped_msgs/include/track_ped_msgs/track_ped_msgs/msg/detail/tracked_person__type_support.c
[7.428s] -- Installing: /home/anlh/DRL_Velocity_Obstacles/install/track_ped_msgs/include/track_ped_msgs/track_ped_msgs/msg/detail/tracked_persons__type_support.c
[7.428s] -- Installing: /home/anlh/DRL_Velocity_Obstacles/install/track_ped_msgs/include/track_ped_msgs/track_ped_msgs/msg/rosidl_typesupport_introspection_c__visibility_control.h
[7.428s] -- Installing: /home/anlh/DRL_Velocity_Obstacles/install/track_ped_msgs/lib/libtrack_ped_msgs__rosidl_typesupport_introspection_c.so
[7.428s] -- Set non-toolchain portion of runtime path of "/home/anlh/DRL_Velocity_Obstacles/install/track_ped_msgs/lib/libtrack_ped_msgs__rosidl_typesupport_introspection_c.so" to ""
[7.428s] -- Installing: /home/anlh/DRL_Velocity_Obstacles/install/track_ped_msgs/lib/libtrack_ped_msgs__rosidl_typesupport_c.so
[7.428s] -- Set non-toolchain portion of runtime path of "/home/anlh/DRL_Velocity_Obstacles/install/track_ped_msgs/lib/libtrack_ped_msgs__rosidl_typesupport_c.so" to ""
[7.428s] -- Up-to-date: /home/anlh/DRL_Velocity_Obstacles/install/track_ped_msgs/include/track_ped_msgs/track_ped_msgs
[7.428s] -- Up-to-date: /home/anlh/DRL_Velocity_Obstacles/install/track_ped_msgs/include/track_ped_msgs/track_ped_msgs/msg
[7.428s] -- Installing: /home/anlh/DRL_Velocity_Obstacles/install/track_ped_msgs/include/track_ped_msgs/track_ped_msgs/msg/tracked_person.hpp
[7.428s] -- Installing: /home/anlh/DRL_Velocity_Obstacles/install/track_ped_msgs/include/track_ped_msgs/track_ped_msgs/msg/tracked_persons.hpp
[7.428s] -- Up-to-date: /home/anlh/DRL_Velocity_Obstacles/install/track_ped_msgs/include/track_ped_msgs/track_ped_msgs/msg/detail
[7.428s] -- Installing: /home/anlh/DRL_Velocity_Obstacles/install/track_ped_msgs/include/track_ped_msgs/track_ped_msgs/msg/detail/tracked_persons__traits.hpp
[7.428s] -- Installing: /home/anlh/DRL_Velocity_Obstacles/install/track_ped_msgs/include/track_ped_msgs/track_ped_msgs/msg/detail/tracked_person__struct.hpp
[7.428s] -- Installing: /home/anlh/DRL_Velocity_Obstacles/install/track_ped_msgs/include/track_ped_msgs/track_ped_msgs/msg/detail/tracked_persons__builder.hpp
[7.429s] -- Installing: /home/anlh/DRL_Velocity_Obstacles/install/track_ped_msgs/include/track_ped_msgs/track_ped_msgs/msg/detail/tracked_persons__struct.hpp
[7.429s] -- Installing: /home/anlh/DRL_Velocity_Obstacles/install/track_ped_msgs/include/track_ped_msgs/track_ped_msgs/msg/detail/tracked_person__traits.hpp
[7.429s] -- Installing: /home/anlh/DRL_Velocity_Obstacles/install/track_ped_msgs/include/track_ped_msgs/track_ped_msgs/msg/detail/tracked_person__builder.hpp
[7.429s] -- Up-to-date: /home/anlh/DRL_Velocity_Obstacles/install/track_ped_msgs/include/track_ped_msgs/track_ped_msgs
[7.429s] -- Up-to-date: /home/anlh/DRL_Velocity_Obstacles/install/track_ped_msgs/include/track_ped_msgs/track_ped_msgs/msg
[7.429s] -- Installing: /home/anlh/DRL_Velocity_Obstacles/install/track_ped_msgs/include/track_ped_msgs/track_ped_msgs/msg/rosidl_typesupport_fastrtps_cpp__visibility_control.h
[7.429s] -- Up-to-date: /home/anlh/DRL_Velocity_Obstacles/install/track_ped_msgs/include/track_ped_msgs/track_ped_msgs/msg/detail
[7.429s] -- Installing: /home/anlh/DRL_Velocity_Obstacles/install/track_ped_msgs/include/track_ped_msgs/track_ped_msgs/msg/detail/tracked_person__rosidl_typesupport_fastrtps_cpp.hpp
[7.429s] -- Installing: /home/anlh/DRL_Velocity_Obstacles/install/track_ped_msgs/include/track_ped_msgs/track_ped_msgs/msg/detail/dds_fastrtps
[7.429s] -- Installing: /home/anlh/DRL_Velocity_Obstacles/install/track_ped_msgs/include/track_ped_msgs/track_ped_msgs/msg/detail/tracked_persons__rosidl_typesupport_fastrtps_cpp.hpp
[7.429s] -- Installing: /home/anlh/DRL_Velocity_Obstacles/install/track_ped_msgs/lib/libtrack_ped_msgs__rosidl_typesupport_fastrtps_cpp.so
[7.429s] -- Set non-toolchain portion of runtime path of "/home/anlh/DRL_Velocity_Obstacles/install/track_ped_msgs/lib/libtrack_ped_msgs__rosidl_typesupport_fastrtps_cpp.so" to ""
[7.429s] -- Up-to-date: /home/anlh/DRL_Velocity_Obstacles/install/track_ped_msgs/include/track_ped_msgs/track_ped_msgs
[7.429s] -- Up-to-date: /home/anlh/DRL_Velocity_Obstacles/install/track_ped_msgs/include/track_ped_msgs/track_ped_msgs/msg
[7.429s] -- Up-to-date: /home/anlh/DRL_Velocity_Obstacles/install/track_ped_msgs/include/track_ped_msgs/track_ped_msgs/msg/detail
[7.429s] -- Installing: /home/anlh/DRL_Velocity_Obstacles/install/track_ped_msgs/include/track_ped_msgs/track_ped_msgs/msg/detail/tracked_person__type_support.cpp
[7.429s] -- Installing: /home/anlh/DRL_Velocity_Obstacles/install/track_ped_msgs/include/track_ped_msgs/track_ped_msgs/msg/detail/tracked_persons__type_support.cpp
[7.429s] -- Installing: /home/anlh/DRL_Velocity_Obstacles/install/track_ped_msgs/include/track_ped_msgs/track_ped_msgs/msg/detail/tracked_person__rosidl_typesupport_introspection_cpp.hpp
[7.429s] -- Installing: /home/anlh/DRL_Velocity_Obstacles/install/track_ped_msgs/include/track_ped_msgs/track_ped_msgs/msg/detail/tracked_persons__rosidl_typesupport_introspection_cpp.hpp
[7.429s] -- Installing: /home/anlh/DRL_Velocity_Obstacles/install/track_ped_msgs/lib/libtrack_ped_msgs__rosidl_typesupport_introspection_cpp.so
[7.430s] -- Set non-toolchain portion of runtime path of "/home/anlh/DRL_Velocity_Obstacles/install/track_ped_msgs/lib/libtrack_ped_msgs__rosidl_typesupport_introspection_cpp.so" to ""
[7.430s] -- Installing: /home/anlh/DRL_Velocity_Obstacles/install/track_ped_msgs/lib/libtrack_ped_msgs__rosidl_typesupport_cpp.so
[7.430s] -- Set non-toolchain portion of runtime path of "/home/anlh/DRL_Velocity_Obstacles/install/track_ped_msgs/lib/libtrack_ped_msgs__rosidl_typesupport_cpp.so" to ""
[7.430s] -- Installing: /home/anlh/DRL_Velocity_Obstacles/install/track_ped_msgs/share/track_ped_msgs/environment/pythonpath.sh
[7.430s] -- Installing: /home/anlh/DRL_Velocity_Obstacles/install/track_ped_msgs/share/track_ped_msgs/environment/pythonpath.dsv
[7.430s] -- Installing: /home/anlh/DRL_Velocity_Obstacles/install/track_ped_msgs/local/lib/python3.10/dist-packages/track_ped_msgs-0.0.0-py3.10.egg-info
[7.430s] -- Installing: /home/anlh/DRL_Velocity_Obstacles/install/track_ped_msgs/local/lib/python3.10/dist-packages/track_ped_msgs-0.0.0-py3.10.egg-info/dependency_links.txt
[7.430s] -- Installing: /home/anlh/DRL_Velocity_Obstacles/install/track_ped_msgs/local/lib/python3.10/dist-packages/track_ped_msgs-0.0.0-py3.10.egg-info/PKG-INFO
[7.430s] -- Installing: /home/anlh/DRL_Velocity_Obstacles/install/track_ped_msgs/local/lib/python3.10/dist-packages/track_ped_msgs-0.0.0-py3.10.egg-info/SOURCES.txt
[7.430s] -- Installing: /home/anlh/DRL_Velocity_Obstacles/install/track_ped_msgs/local/lib/python3.10/dist-packages/track_ped_msgs-0.0.0-py3.10.egg-info/top_level.txt
[7.430s] -- Installing: /home/anlh/DRL_Velocity_Obstacles/install/track_ped_msgs/local/lib/python3.10/dist-packages/track_ped_msgs
[7.430s] -- Installing: /home/anlh/DRL_Velocity_Obstacles/install/track_ped_msgs/local/lib/python3.10/dist-packages/track_ped_msgs/track_ped_msgs_s__rosidl_typesupport_c.cpython-310-x86_64-linux-gnu.so
[7.430s] -- Installing: /home/anlh/DRL_Velocity_Obstacles/install/track_ped_msgs/local/lib/python3.10/dist-packages/track_ped_msgs/track_ped_msgs_s__rosidl_typesupport_introspection_c.cpython-310-x86_64-linux-gnu.so
[7.430s] -- Installing: /home/anlh/DRL_Velocity_Obstacles/install/track_ped_msgs/local/lib/python3.10/dist-packages/track_ped_msgs/__init__.py
[7.430s] -- Installing: /home/anlh/DRL_Velocity_Obstacles/install/track_ped_msgs/local/lib/python3.10/dist-packages/track_ped_msgs/_track_ped_msgs_s.ep.rosidl_typesupport_c.c
[7.430s] -- Installing: /home/anlh/DRL_Velocity_Obstacles/install/track_ped_msgs/local/lib/python3.10/dist-packages/track_ped_msgs/_track_ped_msgs_s.ep.rosidl_typesupport_introspection_c.c
[7.431s] -- Installing: /home/anlh/DRL_Velocity_Obstacles/install/track_ped_msgs/local/lib/python3.10/dist-packages/track_ped_msgs/msg
[7.431s] -- Installing: /home/anlh/DRL_Velocity_Obstacles/install/track_ped_msgs/local/lib/python3.10/dist-packages/track_ped_msgs/msg/__init__.py
[7.431s] -- Installing: /home/anlh/DRL_Velocity_Obstacles/install/track_ped_msgs/local/lib/python3.10/dist-packages/track_ped_msgs/msg/_tracked_person_s.c
[7.431s] -- Installing: /home/anlh/DRL_Velocity_Obstacles/install/track_ped_msgs/local/lib/python3.10/dist-packages/track_ped_msgs/msg/_tracked_persons_s.c
[7.431s] -- Installing: /home/anlh/DRL_Velocity_Obstacles/install/track_ped_msgs/local/lib/python3.10/dist-packages/track_ped_msgs/msg/_tracked_persons.py
[7.431s] -- Installing: /home/anlh/DRL_Velocity_Obstacles/install/track_ped_msgs/local/lib/python3.10/dist-packages/track_ped_msgs/msg/_tracked_person.py
[7.431s] -- Installing: /home/anlh/DRL_Velocity_Obstacles/install/track_ped_msgs/local/lib/python3.10/dist-packages/track_ped_msgs/libtrack_ped_msgs__rosidl_generator_py.so
[7.431s] -- Installing: /home/anlh/DRL_Velocity_Obstacles/install/track_ped_msgs/local/lib/python3.10/dist-packages/track_ped_msgs/_track_ped_msgs_s.ep.rosidl_typesupport_fastrtps_c.c
[7.431s] -- Installing: /home/anlh/DRL_Velocity_Obstacles/install/track_ped_msgs/local/lib/python3.10/dist-packages/track_ped_msgs/track_ped_msgs_s__rosidl_typesupport_fastrtps_c.cpython-310-x86_64-linux-gnu.so
[7.534s] Listing '/home/anlh/DRL_Velocity_Obstacles/install/track_ped_msgs/local/lib/python3.10/dist-packages/track_ped_msgs'...
[7.534s] Compiling '/home/anlh/DRL_Velocity_Obstacles/install/track_ped_msgs/local/lib/python3.10/dist-packages/track_ped_msgs/__init__.py'...
[7.534s] Listing '/home/anlh/DRL_Velocity_Obstacles/install/track_ped_msgs/local/lib/python3.10/dist-packages/track_ped_msgs/msg'...
[7.534s] Compiling '/home/anlh/DRL_Velocity_Obstacles/install/track_ped_msgs/local/lib/python3.10/dist-packages/track_ped_msgs/msg/__init__.py'...
[7.534s] Compiling '/home/anlh/DRL_Velocity_Obstacles/install/track_ped_msgs/local/lib/python3.10/dist-packages/track_ped_msgs/msg/_tracked_person.py'...
[7.534s] Compiling '/home/anlh/DRL_Velocity_Obstacles/install/track_ped_msgs/local/lib/python3.10/dist-packages/track_ped_msgs/msg/_tracked_persons.py'...
[7.537s] -- Installing: /home/anlh/DRL_Velocity_Obstacles/install/track_ped_msgs/local/lib/python3.10/dist-packages/track_ped_msgs/track_ped_msgs_s__rosidl_typesupport_fastrtps_c.cpython-310-x86_64-linux-gnu.so
[7.537s] -- Set non-toolchain portion of runtime path of "/home/anlh/DRL_Velocity_Obstacles/install/track_ped_msgs/local/lib/python3.10/dist-packages/track_ped_msgs/track_ped_msgs_s__rosidl_typesupport_fastrtps_c.cpython-310-x86_64-linux-gnu.so" to ""
[7.537s] -- Installing: /home/anlh/DRL_Velocity_Obstacles/install/track_ped_msgs/local/lib/python3.10/dist-packages/track_ped_msgs/track_ped_msgs_s__rosidl_typesupport_introspection_c.cpython-310-x86_64-linux-gnu.so
[7.538s] -- Set non-toolchain portion of runtime path of "/home/anlh/DRL_Velocity_Obstacles/install/track_ped_msgs/local/lib/python3.10/dist-packages/track_ped_msgs/track_ped_msgs_s__rosidl_typesupport_introspection_c.cpython-310-x86_64-linux-gnu.so" to ""
[7.538s] -- Installing: /home/anlh/DRL_Velocity_Obstacles/install/track_ped_msgs/local/lib/python3.10/dist-packages/track_ped_msgs/track_ped_msgs_s__rosidl_typesupport_c.cpython-310-x86_64-linux-gnu.so
[7.538s] -- Set non-toolchain portion of runtime path of "/home/anlh/DRL_Velocity_Obstacles/install/track_ped_msgs/local/lib/python3.10/dist-packages/track_ped_msgs/track_ped_msgs_s__rosidl_typesupport_c.cpython-310-x86_64-linux-gnu.so" to ""
[7.538s] -- Installing: /home/anlh/DRL_Velocity_Obstacles/install/track_ped_msgs/lib/libtrack_ped_msgs__rosidl_generator_py.so
[7.539s] -- Set non-toolchain portion of runtime path of "/home/anlh/DRL_Velocity_Obstacles/install/track_ped_msgs/lib/libtrack_ped_msgs__rosidl_generator_py.so" to ""
[7.539s] -- Installing: /home/anlh/DRL_Velocity_Obstacles/install/track_ped_msgs/share/track_ped_msgs/msg/TrackedPerson.idl
[7.539s] -- Installing: /home/anlh/DRL_Velocity_Obstacles/install/track_ped_msgs/share/track_ped_msgs/msg/TrackedPersons.idl
[7.539s] -- Installing: /home/anlh/DRL_Velocity_Obstacles/install/track_ped_msgs/share/track_ped_msgs/msg/TrackedPerson.msg
[7.539s] -- Installing: /home/anlh/DRL_Velocity_Obstacles/install/track_ped_msgs/share/track_ped_msgs/msg/TrackedPersons.msg
[7.539s] -- Installing: /home/anlh/DRL_Velocity_Obstacles/install/track_ped_msgs/share/ament_index/resource_index/package_run_dependencies/track_ped_msgs
[7.539s] -- Installing: /home/anlh/DRL_Velocity_Obstacles/install/track_ped_msgs/share/ament_index/resource_index/parent_prefix_path/track_ped_msgs
[7.540s] -- Installing: /home/anlh/DRL_Velocity_Obstacles/install/track_ped_msgs/share/track_ped_msgs/environment/ament_prefix_path.sh
[7.540s] -- Installing: /home/anlh/DRL_Velocity_Obstacles/install/track_ped_msgs/share/track_ped_msgs/environment/ament_prefix_path.dsv
[7.540s] -- Installing: /home/anlh/DRL_Velocity_Obstacles/install/track_ped_msgs/share/track_ped_msgs/environment/path.sh
[7.540s] -- Installing: /home/anlh/DRL_Velocity_Obstacles/install/track_ped_msgs/share/track_ped_msgs/environment/path.dsv
[7.540s] -- Installing: /home/anlh/DRL_Velocity_Obstacles/install/track_ped_msgs/share/track_ped_msgs/local_setup.bash
[7.540s] -- Installing: /home/anlh/DRL_Velocity_Obstacles/install/track_ped_msgs/share/track_ped_msgs/local_setup.sh
[7.540s] -- Installing: /home/anlh/DRL_Velocity_Obstacles/install/track_ped_msgs/share/track_ped_msgs/local_setup.zsh
[7.540s] -- Installing: /home/anlh/DRL_Velocity_Obstacles/install/track_ped_msgs/share/track_ped_msgs/local_setup.dsv
[7.541s] -- Installing: /home/anlh/DRL_Velocity_Obstacles/install/track_ped_msgs/share/track_ped_msgs/package.dsv
[7.541s] -- Installing: /home/anlh/DRL_Velocity_Obstacles/install/track_ped_msgs/share/ament_index/resource_index/packages/track_ped_msgs
[7.541s] -- Installing: /home/anlh/DRL_Velocity_Obstacles/install/track_ped_msgs/share/track_ped_msgs/cmake/export_track_ped_msgs__rosidl_generator_cExport.cmake
[7.541s] -- Installing: /home/anlh/DRL_Velocity_Obstacles/install/track_ped_msgs/share/track_ped_msgs/cmake/export_track_ped_msgs__rosidl_generator_cExport-noconfig.cmake
[7.541s] -- Installing: /home/anlh/DRL_Velocity_Obstacles/install/track_ped_msgs/share/track_ped_msgs/cmake/export_track_ped_msgs__rosidl_typesupport_fastrtps_cExport.cmake
[7.541s] -- Installing: /home/anlh/DRL_Velocity_Obstacles/install/track_ped_msgs/share/track_ped_msgs/cmake/export_track_ped_msgs__rosidl_typesupport_fastrtps_cExport-noconfig.cmake
[7.541s] -- Installing: /home/anlh/DRL_Velocity_Obstacles/install/track_ped_msgs/share/track_ped_msgs/cmake/track_ped_msgs__rosidl_typesupport_introspection_cExport.cmake
[7.542s] -- Installing: /home/anlh/DRL_Velocity_Obstacles/install/track_ped_msgs/share/track_ped_msgs/cmake/track_ped_msgs__rosidl_typesupport_introspection_cExport-noconfig.cmake
[7.542s] -- Installing: /home/anlh/DRL_Velocity_Obstacles/install/track_ped_msgs/share/track_ped_msgs/cmake/track_ped_msgs__rosidl_typesupport_cExport.cmake
[7.542s] -- Installing: /home/anlh/DRL_Velocity_Obstacles/install/track_ped_msgs/share/track_ped_msgs/cmake/track_ped_msgs__rosidl_typesupport_cExport-noconfig.cmake
[7.542s] -- Installing: /home/anlh/DRL_Velocity_Obstacles/install/track_ped_msgs/share/track_ped_msgs/cmake/export_track_ped_msgs__rosidl_generator_cppExport.cmake
[7.542s] -- Installing: /home/anlh/DRL_Velocity_Obstacles/install/track_ped_msgs/share/track_ped_msgs/cmake/export_track_ped_msgs__rosidl_typesupport_fastrtps_cppExport.cmake
[7.542s] -- Installing: /home/anlh/DRL_Velocity_Obstacles/install/track_ped_msgs/share/track_ped_msgs/cmake/export_track_ped_msgs__rosidl_typesupport_fastrtps_cppExport-noconfig.cmake
[7.542s] -- Installing: /home/anlh/DRL_Velocity_Obstacles/install/track_ped_msgs/share/track_ped_msgs/cmake/track_ped_msgs__rosidl_typesupport_introspection_cppExport.cmake
[7.542s] -- Installing: /home/anlh/DRL_Velocity_Obstacles/install/track_ped_msgs/share/track_ped_msgs/cmake/track_ped_msgs__rosidl_typesupport_introspection_cppExport-noconfig.cmake
[7.542s] -- Installing: /home/anlh/DRL_Velocity_Obstacles/install/track_ped_msgs/share/track_ped_msgs/cmake/track_ped_msgs__rosidl_typesupport_cppExport.cmake
[7.542s] -- Installing: /home/anlh/DRL_Velocity_Obstacles/install/track_ped_msgs/share/track_ped_msgs/cmake/track_ped_msgs__rosidl_typesupport_cppExport-noconfig.cmake
[7.542s] -- Installing: /home/anlh/DRL_Velocity_Obstacles/install/track_ped_msgs/share/track_ped_msgs/cmake/export_track_ped_msgs__rosidl_generator_pyExport.cmake
[7.542s] -- Installing: /home/anlh/DRL_Velocity_Obstacles/install/track_ped_msgs/share/track_ped_msgs/cmake/export_track_ped_msgs__rosidl_generator_pyExport-noconfig.cmake
[7.542s] -- Installing: /home/anlh/DRL_Velocity_Obstacles/install/track_ped_msgs/share/track_ped_msgs/cmake/rosidl_cmake-extras.cmake
[7.542s] -- Installing: /home/anlh/DRL_Velocity_Obstacles/install/track_ped_msgs/share/track_ped_msgs/cmake/ament_cmake_export_dependencies-extras.cmake
[7.543s] -- Installing: /home/anlh/DRL_Velocity_Obstacles/install/track_ped_msgs/share/track_ped_msgs/cmake/ament_cmake_export_include_directories-extras.cmake
[7.543s] -- Installing: /home/anlh/DRL_Velocity_Obstacles/install/track_ped_msgs/share/track_ped_msgs/cmake/ament_cmake_export_libraries-extras.cmake
[7.543s] -- Installing: /home/anlh/DRL_Velocity_Obstacles/install/track_ped_msgs/share/track_ped_msgs/cmake/ament_cmake_export_targets-extras.cmake
[7.543s] -- Installing: /home/anlh/DRL_Velocity_Obstacles/install/track_ped_msgs/share/track_ped_msgs/cmake/rosidl_cmake_export_typesupport_targets-extras.cmake
[7.543s] -- Installing: /home/anlh/DRL_Velocity_Obstacles/install/track_ped_msgs/share/track_ped_msgs/cmake/rosidl_cmake_export_typesupport_libraries-extras.cmake
[7.543s] -- Installing: /home/anlh/DRL_Velocity_Obstacles/install/track_ped_msgs/share/track_ped_msgs/cmake/track_ped_msgsConfig.cmake
[7.543s] -- Installing: /home/anlh/DRL_Velocity_Obstacles/install/track_ped_msgs/share/track_ped_msgs/cmake/track_ped_msgsConfig-version.cmake
[7.543s] -- Installing: /home/anlh/DRL_Velocity_Obstacles/install/track_ped_msgs/share/track_ped_msgs/package.xml
[7.544s] Invoked command in '/home/anlh/DRL_Velocity_Obstacles/build/track_ped_msgs' returned '0': /usr/local/bin/cmake --install /home/anlh/DRL_Velocity_Obstacles/build/track_ped_msgs
