[0.025s] Invoking command in '/home/anlh/DRL_Velocity_Obstacles/build/cnn_msgs': CMAKE_PREFIX_PATH=${CMAKE_PREFIX_PATH}:/home/anlh/turtlebot3_ws/install/turtlebot3_teleop:/home/anlh/turtlebot3_ws/install/turtlebot3_example:/opt/ros/humble:/home/anlh/ros2_humble/install/rqt_bag_plugins:/home/anlh/ros2_humble/install/rqt_bag:/home/anlh/ros2_humble/install/ros2bag:/home/anlh/ros2_humble/install/tracetools_test:/home/anlh/ros2_humble/install/tracetools_launch:/home/anlh/ros2_humble/install/topic_monitor:/home/anlh/ros2_humble/install/tf2_tools:/home/anlh/ros2_humble/install/examples_tf2_py:/home/anlh/ros2_humble/install/tf2_ros_py:/home/anlh/ros2_humble/install/sros2:/home/anlh/ros2_humble/install/rqt_topic:/home/anlh/ros2_humble/install/rqt_srv:/home/anlh/ros2_humble/install/rqt_shell:/home/anlh/ros2_humble/install/rqt_service_caller:/home/anlh/ros2_humble/install/rqt_reconfigure:/home/anlh/ros2_humble/install/rqt_py_console:/home/anlh/ros2_humble/install/rqt_publisher:/home/anlh/ros2_humble/install/rqt_plot:/home/anlh/ros2_humble/install/rqt_action:/home/anlh/ros2_humble/install/rqt_msg:/home/anlh/ros2_humble/install/rqt_console:/home/anlh/ros2_humble/install/rqt:/home/anlh/ros2_humble/install/rqt_graph:/home/anlh/ros2_humble/install/rqt_gui_py:/home/anlh/ros2_humble/install/rqt_gui:/home/anlh/ros2_humble/install/ros2trace:/home/anlh/ros2_humble/install/ros2topic:/home/anlh/ros2_humble/install/ros2test:/home/anlh/ros2_humble/install/ros2component:/home/anlh/ros2_humble/install/ros2param:/home/anlh/ros2_humble/install/ros2lifecycle:/home/anlh/ros2_humble/install/ros2service:/home/anlh/ros2_humble/install/ros2run:/home/anlh/ros2_humble/install/ros2launch:/home/anlh/ros2_humble/install/ros2pkg:/home/anlh/ros2_humble/install/ros2node:/home/anlh/ros2_humble/install/ros2multicast:/home/anlh/ros2_humble/install/ros2interface:/home/anlh/ros2_humble/install/ros2doctor:/home/anlh/ros2_humble/install/ros2action:/home/anlh/ros2_humble/install/ros2cli:/home/anlh/ros2_humble/install/quality_of_service_demo_py:/home/anlh/ros2_humble/install/lifecycle_py:/home/anlh/ros2_humble/install/launch_testing_ros:/home/anlh/ros2_humble/install/launch_ros:/home/anlh/ros2_humble/install/examples_rclpy_pointcloud_publisher:/home/anlh/ros2_humble/install/examples_rclpy_minimal_subscriber:/home/anlh/ros2_humble/install/examples_rclpy_minimal_service:/home/anlh/ros2_humble/install/examples_rclpy_minimal_publisher:/home/anlh/ros2_humble/install/examples_rclpy_minimal_client:/home/anlh/ros2_humble/install/examples_rclpy_minimal_action_server:/home/anlh/ros2_humble/install/examples_rclpy_minimal_action_client:/home/anlh/ros2_humble/install/examples_rclpy_guard_conditions:/home/anlh/ros2_humble/install/examples_rclpy_executors:/home/anlh/ros2_humble/install/demo_nodes_py:/home/anlh/ros2_humble/install/action_tutorials_py:/home/anlh/ros2_humble/install/ament_uncrustify:/home/anlh/ros2_humble/install/tracetools_trace:/home/anlh/ros2_humble/install/tracetools_read:/home/anlh/ros2_humble/install/test_tracetools_launch:/home/anlh/ros2_humble/install/test_launch_ros:/home/anlh/ros2_humble/install/sensor_msgs_py:/home/anlh/ros2_humble/install/rpyutils:/home/anlh/ros2_humble/install/rosidl_runtime_py:/home/anlh/ros2_humble/install/rosidl_cli:/home/anlh/ros2_humble/install/launch_pytest:/home/anlh/ros2_humble/install/launch_testing:/home/anlh/ros2_humble/install/launch_yaml:/home/anlh/ros2_humble/install/launch_xml:/home/anlh/ros2_humble/install/launch:/home/anlh/ros2_humble/install/osrf_pycommon:/home/anlh/ros2_humble/install/launch_testing_examples:/home/anlh/ros2_humble/install/domain_coordinator:/home/anlh/ros2_humble/install/ament_xmllint:/home/anlh/ros2_humble/install/ament_pyflakes:/home/anlh/ros2_humble/install/ament_pycodestyle:/home/anlh/ros2_humble/install/ament_pep257:/home/anlh/ros2_humble/install/ament_pclint:/home/anlh/ros2_humble/install/ament_package:/home/anlh/ros2_humble/install/ament_mypy:/home/anlh/ros2_humble/install/ament_lint_cmake:/home/anlh/ros2_humble/install/ament_flake8:/home/anlh/ros2_humble/install/ament_copyright:/home/anlh/ros2_humble/install/ament_lint:/home/anlh/ros2_humble/install/ament_index_python:/home/anlh/ros2_humble/install/ament_cpplint:/home/anlh/ros2_humble/install/ament_cppcheck:/home/anlh/ros2_humble/install/ament_clang_tidy:/home/anlh/ros2_humble/install/ament_clang_format /usr/local/bin/cmake /home/anlh/DRL_Velocity_Obstacles/src/cnn_msgs -DCMAKE_INSTALL_PREFIX=/home/anlh/DRL_Velocity_Obstacles/install/cnn_msgs
[0.112s] -- The C compiler identification is GNU 11.4.0
[0.179s] -- The CXX compiler identification is GNU 11.4.0
[0.193s] -- Detecting C compiler ABI info
[0.272s] -- Detecting C compiler ABI info - done
[0.284s] -- Check for working C compiler: /usr/bin/cc - skipped
[0.285s] -- Detecting C compile features
[0.285s] -- Detecting C compile features - done
[0.288s] -- Detecting CXX compiler ABI info
[0.371s] -- Detecting CXX compiler ABI info - done
[0.384s] -- Check for working CXX compiler: /usr/bin/c++ - skipped
[0.384s] -- Detecting CXX compile features
[0.384s] -- Detecting CXX compile features - done
[0.400s] -- Found ament_cmake: 1.3.10 (/home/anlh/ros2_humble/install/ament_cmake/share/ament_cmake/cmake)
[0.653s] -- Found Python3: /usr/bin/python3 (found version "3.10.12") found components: Interpreter
[0.931s] -- Found rosidl_default_generators: 1.2.0 (/home/anlh/ros2_humble/install/rosidl_default_generators/share/rosidl_default_generators/cmake)
[1.012s] -- Using all available rosidl_typesupport_c: rosidl_typesupport_fastrtps_c;rosidl_typesupport_introspection_c
[1.036s] -- Found rosidl_adapter: 3.1.5 (/home/anlh/ros2_humble/install/rosidl_adapter/share/rosidl_adapter/cmake)
[1.159s] -- Using all available rosidl_typesupport_cpp: rosidl_typesupport_fastrtps_cpp;rosidl_typesupport_introspection_cpp
[1.235s] -- Found std_msgs: 4.2.4 (/home/anlh/ros2_humble/install/std_msgs/share/std_msgs/cmake)
[1.783s] [31mCMake Error at /home/anlh/ros2_humble/install/rosidl_adapter/share/rosidl_adapter/cmake/rosidl_adapt_interfaces.cmake:59 (message):
[1.784s]   execute_process(/usr/bin/python3 -m rosidl_adapter --package-name cnn_msgs
[1.784s]   --arguments-file
[1.784s]   /home/anlh/DRL_Velocity_Obstacles/build/cnn_msgs/rosidl_adapter__arguments__cnn_msgs.json
[1.784s]   --output-dir
[1.784s]   /home/anlh/DRL_Velocity_Obstacles/build/cnn_msgs/rosidl_adapter/cnn_msgs
[1.784s]   --output-file
[1.784s]   /home/anlh/DRL_Velocity_Obstacles/build/cnn_msgs/rosidl_adapter/cnn_msgs.idls)
[1.784s]   returned error code 1:
[1.784s] 
[1.784s]   Traceback (most recent call last):
[1.784s] 
[1.784s]     File "/usr/lib/python3.10/runpy.py", line 196, in _run_module_as_main
[1.784s]       return _run_code(code, main_globals, None,
[1.784s]     File "/usr/lib/python3.10/runpy.py", line 86, in _run_code
[1.784s]       exec(code, run_globals)
[1.784s]     File "/opt/ros/humble/local/lib/python3.10/dist-packages/rosidl_adapter/__main__.py", line 19, in <module>
[1.784s]       sys.exit(main())
[1.785s]     File "/opt/ros/humble/local/lib/python3.10/dist-packages/rosidl_adapter/main.py", line 53, in main
[1.785s]       abs_idl_file = convert_to_idl(
[1.785s]     File "/opt/ros/humble/local/lib/python3.10/dist-packages/rosidl_adapter/__init__.py", line 19, in convert_to_idl
[1.785s]       return convert_msg_to_idl(
[1.785s]     File "/opt/ros/humble/local/lib/python3.10/dist-packages/rosidl_adapter/msg/__init__.py", line 28, in convert_msg_to_idl
[1.785s]       msg = parse_message_string(package_name, input_file.stem, content)
[1.785s]     File "/opt/ros/humble/local/lib/python3.10/dist-packages/rosidl_adapter/parser.py", line 544, in parse_message_string
[1.785s]       msg = MessageSpecification(pkg_name, msg_name, fields, constants)
[1.785s]     File "/opt/ros/humble/local/lib/python3.10/dist-packages/rosidl_adapter/parser.py", line 388, in __init__
[1.785s]       self.base_type = BaseType(
[1.785s]     File "/opt/ros/humble/local/lib/python3.10/dist-packages/rosidl_adapter/parser.py", line 205, in __init__
[1.785s]       raise InvalidResourceName(
[1.785s] 
[1.785s]   rosidl_adapter.parser.InvalidResourceName: 'CNN_data' is an invalid message
[1.785s]   name.  It should have the pattern '^[A-Z][A-Za-z0-9]*$'
[1.785s] 
[1.785s] Call Stack (most recent call first):
[1.785s]   /home/anlh/ros2_humble/install/rosidl_cmake/share/rosidl_cmake/cmake/rosidl_generate_interfaces.cmake:130 (rosidl_adapt_interfaces)
[1.785s]   CMakeLists.txt:24 (rosidl_generate_interfaces)
[1.786s] 
[1.786s] [0m
[1.786s] -- Configuring incomplete, errors occurred!
[1.790s] Invoked command in '/home/anlh/DRL_Velocity_Obstacles/build/cnn_msgs' returned '1': CMAKE_PREFIX_PATH=${CMAKE_PREFIX_PATH}:/home/anlh/turtlebot3_ws/install/turtlebot3_teleop:/home/anlh/turtlebot3_ws/install/turtlebot3_example:/opt/ros/humble:/home/anlh/ros2_humble/install/rqt_bag_plugins:/home/anlh/ros2_humble/install/rqt_bag:/home/anlh/ros2_humble/install/ros2bag:/home/anlh/ros2_humble/install/tracetools_test:/home/anlh/ros2_humble/install/tracetools_launch:/home/anlh/ros2_humble/install/topic_monitor:/home/anlh/ros2_humble/install/tf2_tools:/home/anlh/ros2_humble/install/examples_tf2_py:/home/anlh/ros2_humble/install/tf2_ros_py:/home/anlh/ros2_humble/install/sros2:/home/anlh/ros2_humble/install/rqt_topic:/home/anlh/ros2_humble/install/rqt_srv:/home/anlh/ros2_humble/install/rqt_shell:/home/anlh/ros2_humble/install/rqt_service_caller:/home/anlh/ros2_humble/install/rqt_reconfigure:/home/anlh/ros2_humble/install/rqt_py_console:/home/anlh/ros2_humble/install/rqt_publisher:/home/anlh/ros2_humble/install/rqt_plot:/home/anlh/ros2_humble/install/rqt_action:/home/anlh/ros2_humble/install/rqt_msg:/home/anlh/ros2_humble/install/rqt_console:/home/anlh/ros2_humble/install/rqt:/home/anlh/ros2_humble/install/rqt_graph:/home/anlh/ros2_humble/install/rqt_gui_py:/home/anlh/ros2_humble/install/rqt_gui:/home/anlh/ros2_humble/install/ros2trace:/home/anlh/ros2_humble/install/ros2topic:/home/anlh/ros2_humble/install/ros2test:/home/anlh/ros2_humble/install/ros2component:/home/anlh/ros2_humble/install/ros2param:/home/anlh/ros2_humble/install/ros2lifecycle:/home/anlh/ros2_humble/install/ros2service:/home/anlh/ros2_humble/install/ros2run:/home/anlh/ros2_humble/install/ros2launch:/home/anlh/ros2_humble/install/ros2pkg:/home/anlh/ros2_humble/install/ros2node:/home/anlh/ros2_humble/install/ros2multicast:/home/anlh/ros2_humble/install/ros2interface:/home/anlh/ros2_humble/install/ros2doctor:/home/anlh/ros2_humble/install/ros2action:/home/anlh/ros2_humble/install/ros2cli:/home/anlh/ros2_humble/install/quality_of_service_demo_py:/home/anlh/ros2_humble/install/lifecycle_py:/home/anlh/ros2_humble/install/launch_testing_ros:/home/anlh/ros2_humble/install/launch_ros:/home/anlh/ros2_humble/install/examples_rclpy_pointcloud_publisher:/home/anlh/ros2_humble/install/examples_rclpy_minimal_subscriber:/home/anlh/ros2_humble/install/examples_rclpy_minimal_service:/home/anlh/ros2_humble/install/examples_rclpy_minimal_publisher:/home/anlh/ros2_humble/install/examples_rclpy_minimal_client:/home/anlh/ros2_humble/install/examples_rclpy_minimal_action_server:/home/anlh/ros2_humble/install/examples_rclpy_minimal_action_client:/home/anlh/ros2_humble/install/examples_rclpy_guard_conditions:/home/anlh/ros2_humble/install/examples_rclpy_executors:/home/anlh/ros2_humble/install/demo_nodes_py:/home/anlh/ros2_humble/install/action_tutorials_py:/home/anlh/ros2_humble/install/ament_uncrustify:/home/anlh/ros2_humble/install/tracetools_trace:/home/anlh/ros2_humble/install/tracetools_read:/home/anlh/ros2_humble/install/test_tracetools_launch:/home/anlh/ros2_humble/install/test_launch_ros:/home/anlh/ros2_humble/install/sensor_msgs_py:/home/anlh/ros2_humble/install/rpyutils:/home/anlh/ros2_humble/install/rosidl_runtime_py:/home/anlh/ros2_humble/install/rosidl_cli:/home/anlh/ros2_humble/install/launch_pytest:/home/anlh/ros2_humble/install/launch_testing:/home/anlh/ros2_humble/install/launch_yaml:/home/anlh/ros2_humble/install/launch_xml:/home/anlh/ros2_humble/install/launch:/home/anlh/ros2_humble/install/osrf_pycommon:/home/anlh/ros2_humble/install/launch_testing_examples:/home/anlh/ros2_humble/install/domain_coordinator:/home/anlh/ros2_humble/install/ament_xmllint:/home/anlh/ros2_humble/install/ament_pyflakes:/home/anlh/ros2_humble/install/ament_pycodestyle:/home/anlh/ros2_humble/install/ament_pep257:/home/anlh/ros2_humble/install/ament_pclint:/home/anlh/ros2_humble/install/ament_package:/home/anlh/ros2_humble/install/ament_mypy:/home/anlh/ros2_humble/install/ament_lint_cmake:/home/anlh/ros2_humble/install/ament_flake8:/home/anlh/ros2_humble/install/ament_copyright:/home/anlh/ros2_humble/install/ament_lint:/home/anlh/ros2_humble/install/ament_index_python:/home/anlh/ros2_humble/install/ament_cpplint:/home/anlh/ros2_humble/install/ament_cppcheck:/home/anlh/ros2_humble/install/ament_clang_tidy:/home/anlh/ros2_humble/install/ament_clang_format /usr/local/bin/cmake /home/anlh/DRL_Velocity_Obstacles/src/cnn_msgs -DCMAKE_INSTALL_PREFIX=/home/anlh/DRL_Velocity_Obstacles/install/cnn_msgs
