[0.143s] [34mcolcon[0m [1;30mDEBUG[0m [32mCommand line arguments: ['/usr/bin/colcon', 'build'][0m
[0.143s] [34mcolcon[0m [1;30mDEBUG[0m [32mParsed command line arguments: Namespace(log_base=None, log_level=None, verb_name='build', build_base='build', install_base='install', merge_install=False, symlink_install=False, test_result_base=None, continue_on_error=False, executor='parallel', parallel_workers=16, event_handlers=None, ignore_user_meta=False, metas=['./colcon.meta'], base_paths=['.'], packages_ignore=None, packages_ignore_regex=None, paths=None, packages_up_to=None, packages_up_to_regex=None, packages_above=None, packages_above_and_dependencies=None, packages_above_depth=None, packages_select_by_dep=None, packages_skip_by_dep=None, packages_skip_up_to=None, packages_select_build_failed=False, packages_skip_build_finished=False, packages_select_test_failures=False, packages_skip_test_passed=False, packages_select=None, packages_skip=None, packages_select_regex=None, packages_skip_regex=None, packages_start=None, packages_end=None, allow_overriding=[], cmake_args=None, cmake_target=None, cmake_target_skip_unavailable=False, cmake_clean_cache=False, cmake_clean_first=False, cmake_force_configure=False, ament_cmake_args=None, catkin_cmake_args=None, catkin_skip_building_tests=False, verb_parser=<colcon_defaults.argument_parser.defaults.DefaultArgumentsDecorator object at 0x76bcb7e6ee00>, verb_extension=<colcon_core.verb.build.BuildVerb object at 0x76bcb7f47a60>, main=<bound method BuildVerb.main of <colcon_core.verb.build.BuildVerb object at 0x76bcb7f47a60>>)[0m
[0.295s] [34mcolcon.colcon_core.package_discovery[0m [1;30mLevel 1[0m discover_packages(colcon_meta) check parameters
[0.295s] [34mcolcon.colcon_core.package_discovery[0m [1;30mLevel 1[0m discover_packages(recursive) check parameters
[0.295s] [34mcolcon.colcon_core.package_discovery[0m [1;30mLevel 1[0m discover_packages(ignore) check parameters
[0.295s] [34mcolcon.colcon_core.package_discovery[0m [1;30mLevel 1[0m discover_packages(path) check parameters
[0.295s] [34mcolcon.colcon_core.package_discovery[0m [1;30mLevel 1[0m discover_packages(colcon_meta) discover
[0.295s] [34mcolcon.colcon_core.package_discovery[0m [1;30mLevel 1[0m discover_packages(recursive) discover
[0.295s] [34mcolcon.colcon_core.package_discovery[0m [1;30mINFO[0m Crawling recursively for packages in '/home/anlh/DRL_Velocity_Obstacles'
[0.295s] [34mcolcon.colcon_core.package_identification[0m [1;30mLevel 1[0m _identify(.) by extensions ['ignore', 'ignore_ament_install']
[0.295s] [34mcolcon.colcon_core.package_identification[0m [1;30mLevel 1[0m _identify(.) by extension 'ignore'
[0.295s] [34mcolcon.colcon_core.package_identification[0m [1;30mLevel 1[0m _identify(.) by extension 'ignore_ament_install'
[0.296s] [34mcolcon.colcon_core.package_identification[0m [1;30mLevel 1[0m _identify(.) by extensions ['colcon_pkg']
[0.296s] [34mcolcon.colcon_core.package_identification[0m [1;30mLevel 1[0m _identify(.) by extension 'colcon_pkg'
[0.296s] [34mcolcon.colcon_core.package_identification[0m [1;30mLevel 1[0m _identify(.) by extensions ['colcon_meta']
[0.296s] [34mcolcon.colcon_core.package_identification[0m [1;30mLevel 1[0m _identify(.) by extension 'colcon_meta'
[0.296s] [34mcolcon.colcon_core.package_identification[0m [1;30mLevel 1[0m _identify(.) by extensions ['ros']
[0.296s] [34mcolcon.colcon_core.package_identification[0m [1;30mLevel 1[0m _identify(.) by extension 'ros'
[0.303s] [34mcolcon.colcon_core.package_identification[0m [1;30mLevel 1[0m _identify(.) by extensions ['cmake', 'python']
[0.303s] [34mcolcon.colcon_core.package_identification[0m [1;30mLevel 1[0m _identify(.) by extension 'cmake'
[0.303s] [34mcolcon.colcon_core.package_identification[0m [1;30mLevel 1[0m _identify(.) by extension 'python'
[0.303s] [34mcolcon.colcon_core.package_identification[0m [1;30mLevel 1[0m _identify(.) by extensions ['python_setup_py']
[0.303s] [34mcolcon.colcon_core.package_identification[0m [1;30mLevel 1[0m _identify(.) by extension 'python_setup_py'
[0.303s] [34mcolcon.colcon_core.package_identification[0m [1;30mLevel 1[0m _identify(build) by extensions ['ignore', 'ignore_ament_install']
[0.303s] [34mcolcon.colcon_core.package_identification[0m [1;30mLevel 1[0m _identify(build) by extension 'ignore'
[0.303s] [34mcolcon.colcon_core.package_identification[0m [1;30mLevel 1[0m _identify(build) ignored
[0.303s] [34mcolcon.colcon_core.package_identification[0m [1;30mLevel 1[0m _identify(install) by extensions ['ignore', 'ignore_ament_install']
[0.303s] [34mcolcon.colcon_core.package_identification[0m [1;30mLevel 1[0m _identify(install) by extension 'ignore'
[0.303s] [34mcolcon.colcon_core.package_identification[0m [1;30mLevel 1[0m _identify(install) ignored
[0.303s] [34mcolcon.colcon_core.package_identification[0m [1;30mLevel 1[0m _identify(log) by extensions ['ignore', 'ignore_ament_install']
[0.303s] [34mcolcon.colcon_core.package_identification[0m [1;30mLevel 1[0m _identify(log) by extension 'ignore'
[0.304s] [34mcolcon.colcon_core.package_identification[0m [1;30mLevel 1[0m _identify(log) ignored
[0.304s] [34mcolcon.colcon_core.package_identification[0m [1;30mLevel 1[0m _identify(src) by extensions ['ignore', 'ignore_ament_install']
[0.304s] [34mcolcon.colcon_core.package_identification[0m [1;30mLevel 1[0m _identify(src) by extension 'ignore'
[0.304s] [34mcolcon.colcon_core.package_identification[0m [1;30mLevel 1[0m _identify(src) by extension 'ignore_ament_install'
[0.304s] [34mcolcon.colcon_core.package_identification[0m [1;30mLevel 1[0m _identify(src) by extensions ['colcon_pkg']
[0.304s] [34mcolcon.colcon_core.package_identification[0m [1;30mLevel 1[0m _identify(src) by extension 'colcon_pkg'
[0.304s] [34mcolcon.colcon_core.package_identification[0m [1;30mLevel 1[0m _identify(src) by extensions ['colcon_meta']
[0.304s] [34mcolcon.colcon_core.package_identification[0m [1;30mLevel 1[0m _identify(src) by extension 'colcon_meta'
[0.304s] [34mcolcon.colcon_core.package_identification[0m [1;30mLevel 1[0m _identify(src) by extensions ['ros']
[0.304s] [34mcolcon.colcon_core.package_identification[0m [1;30mLevel 1[0m _identify(src) by extension 'ros'
[0.304s] [34mcolcon.colcon_core.package_identification[0m [1;30mLevel 1[0m _identify(src) by extensions ['cmake', 'python']
[0.304s] [34mcolcon.colcon_core.package_identification[0m [1;30mLevel 1[0m _identify(src) by extension 'cmake'
[0.304s] [34mcolcon.colcon_core.package_identification[0m [1;30mLevel 1[0m _identify(src) by extension 'python'
[0.304s] [34mcolcon.colcon_core.package_identification[0m [1;30mLevel 1[0m _identify(src) by extensions ['python_setup_py']
[0.304s] [34mcolcon.colcon_core.package_identification[0m [1;30mLevel 1[0m _identify(src) by extension 'python_setup_py'
[0.304s] [34mcolcon.colcon_core.package_identification[0m [1;30mLevel 1[0m _identify(src/cnn_msgs) by extensions ['ignore', 'ignore_ament_install']
[0.304s] [34mcolcon.colcon_core.package_identification[0m [1;30mLevel 1[0m _identify(src/cnn_msgs) by extension 'ignore'
[0.304s] [34mcolcon.colcon_core.package_identification[0m [1;30mLevel 1[0m _identify(src/cnn_msgs) by extension 'ignore_ament_install'
[0.304s] [34mcolcon.colcon_core.package_identification[0m [1;30mLevel 1[0m _identify(src/cnn_msgs) by extensions ['colcon_pkg']
[0.304s] [34mcolcon.colcon_core.package_identification[0m [1;30mLevel 1[0m _identify(src/cnn_msgs) by extension 'colcon_pkg'
[0.304s] [34mcolcon.colcon_core.package_identification[0m [1;30mLevel 1[0m _identify(src/cnn_msgs) by extensions ['colcon_meta']
[0.304s] [34mcolcon.colcon_core.package_identification[0m [1;30mLevel 1[0m _identify(src/cnn_msgs) by extension 'colcon_meta'
[0.304s] [34mcolcon.colcon_core.package_identification[0m [1;30mLevel 1[0m _identify(src/cnn_msgs) by extensions ['ros']
[0.304s] [34mcolcon.colcon_core.package_identification[0m [1;30mLevel 1[0m _identify(src/cnn_msgs) by extension 'ros'
[0.306s] [34mcolcon.colcon_core.package_identification[0m [1;30mDEBUG[0m [32mPackage 'src/cnn_msgs' with type 'ros.ament_cmake' and name 'cnn_msgs'[0m
[0.306s] [34mcolcon.colcon_core.package_identification[0m [1;30mLevel 1[0m _identify(src/drl_vo) by extensions ['ignore', 'ignore_ament_install']
[0.306s] [34mcolcon.colcon_core.package_identification[0m [1;30mLevel 1[0m _identify(src/drl_vo) by extension 'ignore'
[0.306s] [34mcolcon.colcon_core.package_identification[0m [1;30mLevel 1[0m _identify(src/drl_vo) by extension 'ignore_ament_install'
[0.306s] [34mcolcon.colcon_core.package_identification[0m [1;30mLevel 1[0m _identify(src/drl_vo) by extensions ['colcon_pkg']
[0.306s] [34mcolcon.colcon_core.package_identification[0m [1;30mLevel 1[0m _identify(src/drl_vo) by extension 'colcon_pkg'
[0.306s] [34mcolcon.colcon_core.package_identification[0m [1;30mLevel 1[0m _identify(src/drl_vo) by extensions ['colcon_meta']
[0.306s] [34mcolcon.colcon_core.package_identification[0m [1;30mLevel 1[0m _identify(src/drl_vo) by extension 'colcon_meta'
[0.306s] [34mcolcon.colcon_core.package_identification[0m [1;30mLevel 1[0m _identify(src/drl_vo) by extensions ['ros']
[0.306s] [34mcolcon.colcon_core.package_identification[0m [1;30mLevel 1[0m _identify(src/drl_vo) by extension 'ros'
[0.306s] [34mcolcon.colcon_core.package_identification[0m [1;30mDEBUG[0m [32mPackage 'src/drl_vo' with type 'ros.ament_cmake' and name 'drl_vo'[0m
[0.306s] [34mcolcon.colcon_core.package_identification[0m [1;30mLevel 1[0m _identify(src/track_ped_msgs) by extensions ['ignore', 'ignore_ament_install']
[0.306s] [34mcolcon.colcon_core.package_identification[0m [1;30mLevel 1[0m _identify(src/track_ped_msgs) by extension 'ignore'
[0.306s] [34mcolcon.colcon_core.package_identification[0m [1;30mLevel 1[0m _identify(src/track_ped_msgs) by extension 'ignore_ament_install'
[0.306s] [34mcolcon.colcon_core.package_identification[0m [1;30mLevel 1[0m _identify(src/track_ped_msgs) by extensions ['colcon_pkg']
[0.306s] [34mcolcon.colcon_core.package_identification[0m [1;30mLevel 1[0m _identify(src/track_ped_msgs) by extension 'colcon_pkg'
[0.306s] [34mcolcon.colcon_core.package_identification[0m [1;30mLevel 1[0m _identify(src/track_ped_msgs) by extensions ['colcon_meta']
[0.307s] [34mcolcon.colcon_core.package_identification[0m [1;30mLevel 1[0m _identify(src/track_ped_msgs) by extension 'colcon_meta'
[0.307s] [34mcolcon.colcon_core.package_identification[0m [1;30mLevel 1[0m _identify(src/track_ped_msgs) by extensions ['ros']
[0.307s] [34mcolcon.colcon_core.package_identification[0m [1;30mLevel 1[0m _identify(src/track_ped_msgs) by extension 'ros'
[0.307s] [34mcolcon.colcon_core.package_identification[0m [1;30mDEBUG[0m [32mPackage 'src/track_ped_msgs' with type 'ros.catkin' and name 'track_ped_msgs'[0m
[0.307s] [34mcolcon.colcon_core.package_discovery[0m [1;30mLevel 1[0m discover_packages(recursive) using defaults
[0.307s] [34mcolcon.colcon_core.package_discovery[0m [1;30mLevel 1[0m discover_packages(ignore) discover
[0.307s] [34mcolcon.colcon_core.package_discovery[0m [1;30mLevel 1[0m discover_packages(ignore) using defaults
[0.307s] [34mcolcon.colcon_core.package_discovery[0m [1;30mLevel 1[0m discover_packages(path) discover
[0.307s] [34mcolcon.colcon_core.package_discovery[0m [1;30mLevel 1[0m discover_packages(path) using defaults
[0.325s] [34mcolcon.colcon_core.package_discovery[0m [1;30mLevel 1[0m discover_packages(prefix_path) check parameters
[0.325s] [34mcolcon.colcon_core.package_discovery[0m [1;30mLevel 1[0m discover_packages(prefix_path) discover
[0.331s] [34mcolcon.colcon_ros.prefix_path.catkin[0m [1;30mWARNING[0m [33mThe path '/path/to/libtorch' in the environment variable CMAKE_PREFIX_PATH doesn't exist[0m
[0.332s] [34mcolcon.colcon_installed_package_information.package_discovery[0m [1;30mDEBUG[0m [32mFound 15 installed packages in /home/anlh/turtlebot3_ws/install[0m
[0.336s] [34mcolcon.colcon_installed_package_information.package_discovery[0m [1;30mDEBUG[0m [32mFound 345 installed packages in /home/anlh/ros2_humble/install[0m
[0.338s] [34mcolcon.colcon_installed_package_information.package_discovery[0m [1;30mDEBUG[0m [32mFound 212 installed packages in /opt/ros/humble[0m
[0.341s] [34mcolcon.colcon_core.package_discovery[0m [1;30mLevel 1[0m discover_packages(prefix_path) using defaults
[0.370s] [34mcolcon.colcon_core.verb[0m [1;30mLevel 5[0m set package 'cnn_msgs' build argument 'cmake_args' from command line to 'None'
[0.370s] [34mcolcon.colcon_core.verb[0m [1;30mLevel 5[0m set package 'cnn_msgs' build argument 'cmake_target' from command line to 'None'
[0.370s] [34mcolcon.colcon_core.verb[0m [1;30mLevel 5[0m set package 'cnn_msgs' build argument 'cmake_target_skip_unavailable' from command line to 'False'
[0.370s] [34mcolcon.colcon_core.verb[0m [1;30mLevel 5[0m set package 'cnn_msgs' build argument 'cmake_clean_cache' from command line to 'False'
[0.370s] [34mcolcon.colcon_core.verb[0m [1;30mLevel 5[0m set package 'cnn_msgs' build argument 'cmake_clean_first' from command line to 'False'
[0.370s] [34mcolcon.colcon_core.verb[0m [1;30mLevel 5[0m set package 'cnn_msgs' build argument 'cmake_force_configure' from command line to 'False'
[0.370s] [34mcolcon.colcon_core.verb[0m [1;30mLevel 5[0m set package 'cnn_msgs' build argument 'ament_cmake_args' from command line to 'None'
[0.370s] [34mcolcon.colcon_core.verb[0m [1;30mLevel 5[0m set package 'cnn_msgs' build argument 'catkin_cmake_args' from command line to 'None'
[0.370s] [34mcolcon.colcon_core.verb[0m [1;30mLevel 5[0m set package 'cnn_msgs' build argument 'catkin_skip_building_tests' from command line to 'False'
[0.370s] [34mcolcon.colcon_core.verb[0m [1;30mDEBUG[0m [32mBuilding package 'cnn_msgs' with the following arguments: {'ament_cmake_args': None, 'build_base': '/home/anlh/DRL_Velocity_Obstacles/build/cnn_msgs', 'catkin_cmake_args': None, 'catkin_skip_building_tests': False, 'cmake_args': None, 'cmake_clean_cache': False, 'cmake_clean_first': False, 'cmake_force_configure': False, 'cmake_target': None, 'cmake_target_skip_unavailable': False, 'install_base': '/home/anlh/DRL_Velocity_Obstacles/install/cnn_msgs', 'merge_install': False, 'path': '/home/anlh/DRL_Velocity_Obstacles/src/cnn_msgs', 'symlink_install': False, 'test_result_base': None}[0m
[0.370s] [34mcolcon.colcon_core.verb[0m [1;30mLevel 5[0m set package 'drl_vo' build argument 'cmake_args' from command line to 'None'
[0.371s] [34mcolcon.colcon_core.verb[0m [1;30mLevel 5[0m set package 'drl_vo' build argument 'cmake_target' from command line to 'None'
[0.371s] [34mcolcon.colcon_core.verb[0m [1;30mLevel 5[0m set package 'drl_vo' build argument 'cmake_target_skip_unavailable' from command line to 'False'
[0.371s] [34mcolcon.colcon_core.verb[0m [1;30mLevel 5[0m set package 'drl_vo' build argument 'cmake_clean_cache' from command line to 'False'
[0.371s] [34mcolcon.colcon_core.verb[0m [1;30mLevel 5[0m set package 'drl_vo' build argument 'cmake_clean_first' from command line to 'False'
[0.371s] [34mcolcon.colcon_core.verb[0m [1;30mLevel 5[0m set package 'drl_vo' build argument 'cmake_force_configure' from command line to 'False'
[0.371s] [34mcolcon.colcon_core.verb[0m [1;30mLevel 5[0m set package 'drl_vo' build argument 'ament_cmake_args' from command line to 'None'
[0.371s] [34mcolcon.colcon_core.verb[0m [1;30mLevel 5[0m set package 'drl_vo' build argument 'catkin_cmake_args' from command line to 'None'
[0.371s] [34mcolcon.colcon_core.verb[0m [1;30mLevel 5[0m set package 'drl_vo' build argument 'catkin_skip_building_tests' from command line to 'False'
[0.371s] [34mcolcon.colcon_core.verb[0m [1;30mDEBUG[0m [32mBuilding package 'drl_vo' with the following arguments: {'ament_cmake_args': None, 'build_base': '/home/anlh/DRL_Velocity_Obstacles/build/drl_vo', 'catkin_cmake_args': None, 'catkin_skip_building_tests': False, 'cmake_args': None, 'cmake_clean_cache': False, 'cmake_clean_first': False, 'cmake_force_configure': False, 'cmake_target': None, 'cmake_target_skip_unavailable': False, 'install_base': '/home/anlh/DRL_Velocity_Obstacles/install/drl_vo', 'merge_install': False, 'path': '/home/anlh/DRL_Velocity_Obstacles/src/drl_vo', 'symlink_install': False, 'test_result_base': None}[0m
[0.371s] [34mcolcon.colcon_core.verb[0m [1;30mLevel 5[0m set package 'track_ped_msgs' build argument 'cmake_args' from command line to 'None'
[0.371s] [34mcolcon.colcon_core.verb[0m [1;30mLevel 5[0m set package 'track_ped_msgs' build argument 'cmake_target' from command line to 'None'
[0.371s] [34mcolcon.colcon_core.verb[0m [1;30mLevel 5[0m set package 'track_ped_msgs' build argument 'cmake_target_skip_unavailable' from command line to 'False'
[0.371s] [34mcolcon.colcon_core.verb[0m [1;30mLevel 5[0m set package 'track_ped_msgs' build argument 'cmake_clean_cache' from command line to 'False'
[0.371s] [34mcolcon.colcon_core.verb[0m [1;30mLevel 5[0m set package 'track_ped_msgs' build argument 'cmake_clean_first' from command line to 'False'
[0.371s] [34mcolcon.colcon_core.verb[0m [1;30mLevel 5[0m set package 'track_ped_msgs' build argument 'cmake_force_configure' from command line to 'False'
[0.371s] [34mcolcon.colcon_core.verb[0m [1;30mLevel 5[0m set package 'track_ped_msgs' build argument 'ament_cmake_args' from command line to 'None'
[0.371s] [34mcolcon.colcon_core.verb[0m [1;30mLevel 5[0m set package 'track_ped_msgs' build argument 'catkin_cmake_args' from command line to 'None'
[0.371s] [34mcolcon.colcon_core.verb[0m [1;30mLevel 5[0m set package 'track_ped_msgs' build argument 'catkin_skip_building_tests' from command line to 'False'
[0.371s] [34mcolcon.colcon_core.verb[0m [1;30mDEBUG[0m [32mBuilding package 'track_ped_msgs' with the following arguments: {'ament_cmake_args': None, 'build_base': '/home/anlh/DRL_Velocity_Obstacles/build/track_ped_msgs', 'catkin_cmake_args': None, 'catkin_skip_building_tests': False, 'cmake_args': None, 'cmake_clean_cache': False, 'cmake_clean_first': False, 'cmake_force_configure': False, 'cmake_target': None, 'cmake_target_skip_unavailable': False, 'install_base': '/home/anlh/DRL_Velocity_Obstacles/install/track_ped_msgs', 'merge_install': False, 'path': '/home/anlh/DRL_Velocity_Obstacles/src/track_ped_msgs', 'symlink_install': False, 'test_result_base': None}[0m
[0.371s] [34mcolcon.colcon_core.executor[0m [1;30mINFO[0m Executing jobs using 'parallel' executor
[0.372s] [34mcolcon.colcon_parallel_executor.executor.parallel[0m [1;30mDEBUG[0m [32mrun_until_complete[0m
[0.372s] [34mcolcon.colcon_ros.task.ament_cmake.build[0m [1;30mINFO[0m Building ROS package in '/home/anlh/DRL_Velocity_Obstacles/src/cnn_msgs' with build type 'ament_cmake'
[0.372s] [34mcolcon.colcon_cmake.task.cmake.build[0m [1;30mINFO[0m Building CMake package in '/home/anlh/DRL_Velocity_Obstacles/src/cnn_msgs'
[0.375s] [34mcolcon.colcon_core.plugin_system[0m [1;30mINFO[0m Skipping extension 'colcon_core.shell.bat': Not used on non-Windows systems
[0.375s] [34mcolcon.colcon_core.shell[0m [1;30mINFO[0m Skip shell extension 'powershell' for command environment: Not usable outside of PowerShell
[0.375s] [34mcolcon.colcon_core.shell[0m [1;30mDEBUG[0m [32mSkip shell extension 'dsv' for command environment[0m
[0.387s] [34mcolcon.colcon_ros.task.ament_cmake.build[0m [1;30mINFO[0m Building ROS package in '/home/anlh/DRL_Velocity_Obstacles/src/drl_vo' with build type 'ament_cmake'
[0.387s] [34mcolcon.colcon_cmake.task.cmake.build[0m [1;30mINFO[0m Building CMake package in '/home/anlh/DRL_Velocity_Obstacles/src/drl_vo'
[0.388s] [34mcolcon.colcon_core.shell[0m [1;30mINFO[0m Skip shell extension 'powershell' for command environment: Not usable outside of PowerShell
[0.388s] [34mcolcon.colcon_core.shell[0m [1;30mDEBUG[0m [32mSkip shell extension 'dsv' for command environment[0m
[0.401s] [34mcolcon.colcon_ros.task.catkin.build[0m [1;30mINFO[0m Building ROS package in '/home/anlh/DRL_Velocity_Obstacles/src/track_ped_msgs' with build type 'catkin'
[0.401s] [34mcolcon.colcon_cmake.task.cmake.build[0m [1;30mINFO[0m Building CMake package in '/home/anlh/DRL_Velocity_Obstacles/src/track_ped_msgs'
[0.402s] [34mcolcon.colcon_core.shell[0m [1;30mINFO[0m Skip shell extension 'powershell' for command environment: Not usable outside of PowerShell
[0.402s] [34mcolcon.colcon_core.shell[0m [1;30mDEBUG[0m [32mSkip shell extension 'dsv' for command environment[0m
[0.418s] [34mcolcon.colcon_core.event_handler.log_command[0m [1;30mDEBUG[0m [32mInvoking command in '/home/anlh/DRL_Velocity_Obstacles/build/cnn_msgs': CMAKE_PREFIX_PATH=${CMAKE_PREFIX_PATH}:/home/anlh/turtlebot3_ws/install/turtlebot3_teleop:/home/anlh/turtlebot3_ws/install/turtlebot3_example:/opt/ros/humble:/home/anlh/ros2_humble/install/rqt_bag_plugins:/home/anlh/ros2_humble/install/rqt_bag:/home/anlh/ros2_humble/install/ros2bag:/home/anlh/ros2_humble/install/tracetools_test:/home/anlh/ros2_humble/install/tracetools_launch:/home/anlh/ros2_humble/install/topic_monitor:/home/anlh/ros2_humble/install/tf2_tools:/home/anlh/ros2_humble/install/examples_tf2_py:/home/anlh/ros2_humble/install/tf2_ros_py:/home/anlh/ros2_humble/install/sros2:/home/anlh/ros2_humble/install/rqt_topic:/home/anlh/ros2_humble/install/rqt_srv:/home/anlh/ros2_humble/install/rqt_shell:/home/anlh/ros2_humble/install/rqt_service_caller:/home/anlh/ros2_humble/install/rqt_reconfigure:/home/anlh/ros2_humble/install/rqt_py_console:/home/anlh/ros2_humble/install/rqt_publisher:/home/anlh/ros2_humble/install/rqt_plot:/home/anlh/ros2_humble/install/rqt_action:/home/anlh/ros2_humble/install/rqt_msg:/home/anlh/ros2_humble/install/rqt_console:/home/anlh/ros2_humble/install/rqt:/home/anlh/ros2_humble/install/rqt_graph:/home/anlh/ros2_humble/install/rqt_gui_py:/home/anlh/ros2_humble/install/rqt_gui:/home/anlh/ros2_humble/install/ros2trace:/home/anlh/ros2_humble/install/ros2topic:/home/anlh/ros2_humble/install/ros2test:/home/anlh/ros2_humble/install/ros2component:/home/anlh/ros2_humble/install/ros2param:/home/anlh/ros2_humble/install/ros2lifecycle:/home/anlh/ros2_humble/install/ros2service:/home/anlh/ros2_humble/install/ros2run:/home/anlh/ros2_humble/install/ros2launch:/home/anlh/ros2_humble/install/ros2pkg:/home/anlh/ros2_humble/install/ros2node:/home/anlh/ros2_humble/install/ros2multicast:/home/anlh/ros2_humble/install/ros2interface:/home/anlh/ros2_humble/install/ros2doctor:/home/anlh/ros2_humble/install/ros2action:/home/anlh/ros2_humble/install/ros2cli:/home/anlh/ros2_humble/install/quality_of_service_demo_py:/home/anlh/ros2_humble/install/lifecycle_py:/home/anlh/ros2_humble/install/launch_testing_ros:/home/anlh/ros2_humble/install/launch_ros:/home/anlh/ros2_humble/install/examples_rclpy_pointcloud_publisher:/home/anlh/ros2_humble/install/examples_rclpy_minimal_subscriber:/home/anlh/ros2_humble/install/examples_rclpy_minimal_service:/home/anlh/ros2_humble/install/examples_rclpy_minimal_publisher:/home/anlh/ros2_humble/install/examples_rclpy_minimal_client:/home/anlh/ros2_humble/install/examples_rclpy_minimal_action_server:/home/anlh/ros2_humble/install/examples_rclpy_minimal_action_client:/home/anlh/ros2_humble/install/examples_rclpy_guard_conditions:/home/anlh/ros2_humble/install/examples_rclpy_executors:/home/anlh/ros2_humble/install/demo_nodes_py:/home/anlh/ros2_humble/install/action_tutorials_py:/home/anlh/ros2_humble/install/ament_uncrustify:/home/anlh/ros2_humble/install/tracetools_trace:/home/anlh/ros2_humble/install/tracetools_read:/home/anlh/ros2_humble/install/test_tracetools_launch:/home/anlh/ros2_humble/install/test_launch_ros:/home/anlh/ros2_humble/install/sensor_msgs_py:/home/anlh/ros2_humble/install/rpyutils:/home/anlh/ros2_humble/install/rosidl_runtime_py:/home/anlh/ros2_humble/install/rosidl_cli:/home/anlh/ros2_humble/install/launch_pytest:/home/anlh/ros2_humble/install/launch_testing:/home/anlh/ros2_humble/install/launch_yaml:/home/anlh/ros2_humble/install/launch_xml:/home/anlh/ros2_humble/install/launch:/home/anlh/ros2_humble/install/osrf_pycommon:/home/anlh/ros2_humble/install/launch_testing_examples:/home/anlh/ros2_humble/install/domain_coordinator:/home/anlh/ros2_humble/install/ament_xmllint:/home/anlh/ros2_humble/install/ament_pyflakes:/home/anlh/ros2_humble/install/ament_pycodestyle:/home/anlh/ros2_humble/install/ament_pep257:/home/anlh/ros2_humble/install/ament_pclint:/home/anlh/ros2_humble/install/ament_package:/home/anlh/ros2_humble/install/ament_mypy:/home/anlh/ros2_humble/install/ament_lint_cmake:/home/anlh/ros2_humble/install/ament_flake8:/home/anlh/ros2_humble/install/ament_copyright:/home/anlh/ros2_humble/install/ament_lint:/home/anlh/ros2_humble/install/ament_index_python:/home/anlh/ros2_humble/install/ament_cpplint:/home/anlh/ros2_humble/install/ament_cppcheck:/home/anlh/ros2_humble/install/ament_clang_tidy:/home/anlh/ros2_humble/install/ament_clang_format /usr/local/bin/cmake /home/anlh/DRL_Velocity_Obstacles/src/cnn_msgs -DCMAKE_INSTALL_PREFIX=/home/anlh/DRL_Velocity_Obstacles/install/cnn_msgs[0m
[0.424s] [34mcolcon.colcon_core.event_handler.log_command[0m [1;30mDEBUG[0m [32mInvoking command in '/home/anlh/DRL_Velocity_Obstacles/build/drl_vo': CMAKE_PREFIX_PATH=${CMAKE_PREFIX_PATH}:/home/anlh/turtlebot3_ws/install/turtlebot3_teleop:/home/anlh/turtlebot3_ws/install/turtlebot3_example:/opt/ros/humble:/home/anlh/ros2_humble/install/rqt_bag_plugins:/home/anlh/ros2_humble/install/rqt_bag:/home/anlh/ros2_humble/install/ros2bag:/home/anlh/ros2_humble/install/tracetools_test:/home/anlh/ros2_humble/install/tracetools_launch:/home/anlh/ros2_humble/install/topic_monitor:/home/anlh/ros2_humble/install/tf2_tools:/home/anlh/ros2_humble/install/examples_tf2_py:/home/anlh/ros2_humble/install/tf2_ros_py:/home/anlh/ros2_humble/install/sros2:/home/anlh/ros2_humble/install/rqt_topic:/home/anlh/ros2_humble/install/rqt_srv:/home/anlh/ros2_humble/install/rqt_shell:/home/anlh/ros2_humble/install/rqt_service_caller:/home/anlh/ros2_humble/install/rqt_reconfigure:/home/anlh/ros2_humble/install/rqt_py_console:/home/anlh/ros2_humble/install/rqt_publisher:/home/anlh/ros2_humble/install/rqt_plot:/home/anlh/ros2_humble/install/rqt_action:/home/anlh/ros2_humble/install/rqt_msg:/home/anlh/ros2_humble/install/rqt_console:/home/anlh/ros2_humble/install/rqt:/home/anlh/ros2_humble/install/rqt_graph:/home/anlh/ros2_humble/install/rqt_gui_py:/home/anlh/ros2_humble/install/rqt_gui:/home/anlh/ros2_humble/install/ros2trace:/home/anlh/ros2_humble/install/ros2topic:/home/anlh/ros2_humble/install/ros2test:/home/anlh/ros2_humble/install/ros2component:/home/anlh/ros2_humble/install/ros2param:/home/anlh/ros2_humble/install/ros2lifecycle:/home/anlh/ros2_humble/install/ros2service:/home/anlh/ros2_humble/install/ros2run:/home/anlh/ros2_humble/install/ros2launch:/home/anlh/ros2_humble/install/ros2pkg:/home/anlh/ros2_humble/install/ros2node:/home/anlh/ros2_humble/install/ros2multicast:/home/anlh/ros2_humble/install/ros2interface:/home/anlh/ros2_humble/install/ros2doctor:/home/anlh/ros2_humble/install/ros2action:/home/anlh/ros2_humble/install/ros2cli:/home/anlh/ros2_humble/install/quality_of_service_demo_py:/home/anlh/ros2_humble/install/lifecycle_py:/home/anlh/ros2_humble/install/launch_testing_ros:/home/anlh/ros2_humble/install/launch_ros:/home/anlh/ros2_humble/install/examples_rclpy_pointcloud_publisher:/home/anlh/ros2_humble/install/examples_rclpy_minimal_subscriber:/home/anlh/ros2_humble/install/examples_rclpy_minimal_service:/home/anlh/ros2_humble/install/examples_rclpy_minimal_publisher:/home/anlh/ros2_humble/install/examples_rclpy_minimal_client:/home/anlh/ros2_humble/install/examples_rclpy_minimal_action_server:/home/anlh/ros2_humble/install/examples_rclpy_minimal_action_client:/home/anlh/ros2_humble/install/examples_rclpy_guard_conditions:/home/anlh/ros2_humble/install/examples_rclpy_executors:/home/anlh/ros2_humble/install/demo_nodes_py:/home/anlh/ros2_humble/install/action_tutorials_py:/home/anlh/ros2_humble/install/ament_uncrustify:/home/anlh/ros2_humble/install/tracetools_trace:/home/anlh/ros2_humble/install/tracetools_read:/home/anlh/ros2_humble/install/test_tracetools_launch:/home/anlh/ros2_humble/install/test_launch_ros:/home/anlh/ros2_humble/install/sensor_msgs_py:/home/anlh/ros2_humble/install/rpyutils:/home/anlh/ros2_humble/install/rosidl_runtime_py:/home/anlh/ros2_humble/install/rosidl_cli:/home/anlh/ros2_humble/install/launch_pytest:/home/anlh/ros2_humble/install/launch_testing:/home/anlh/ros2_humble/install/launch_yaml:/home/anlh/ros2_humble/install/launch_xml:/home/anlh/ros2_humble/install/launch:/home/anlh/ros2_humble/install/osrf_pycommon:/home/anlh/ros2_humble/install/launch_testing_examples:/home/anlh/ros2_humble/install/domain_coordinator:/home/anlh/ros2_humble/install/ament_xmllint:/home/anlh/ros2_humble/install/ament_pyflakes:/home/anlh/ros2_humble/install/ament_pycodestyle:/home/anlh/ros2_humble/install/ament_pep257:/home/anlh/ros2_humble/install/ament_pclint:/home/anlh/ros2_humble/install/ament_package:/home/anlh/ros2_humble/install/ament_mypy:/home/anlh/ros2_humble/install/ament_lint_cmake:/home/anlh/ros2_humble/install/ament_flake8:/home/anlh/ros2_humble/install/ament_copyright:/home/anlh/ros2_humble/install/ament_lint:/home/anlh/ros2_humble/install/ament_index_python:/home/anlh/ros2_humble/install/ament_cpplint:/home/anlh/ros2_humble/install/ament_cppcheck:/home/anlh/ros2_humble/install/ament_clang_tidy:/home/anlh/ros2_humble/install/ament_clang_format /usr/local/bin/cmake /home/anlh/DRL_Velocity_Obstacles/src/drl_vo -DCMAKE_INSTALL_PREFIX=/home/anlh/DRL_Velocity_Obstacles/install/drl_vo[0m
[0.426s] [34mcolcon.colcon_core.event_handler.log_command[0m [1;30mDEBUG[0m [32mInvoking command in '/home/anlh/DRL_Velocity_Obstacles/build/track_ped_msgs': /usr/local/bin/cmake /home/anlh/DRL_Velocity_Obstacles/src/track_ped_msgs -DCATKIN_INSTALL_INTO_PREFIX_ROOT=0 -DCMAKE_INSTALL_PREFIX=/home/anlh/DRL_Velocity_Obstacles/install/track_ped_msgs[0m
[1.781s] [34mcolcon.colcon_core.event_handler.log_command[0m [1;30mDEBUG[0m [32mInvoked command in '/home/anlh/DRL_Velocity_Obstacles/build/drl_vo' returned '0': CMAKE_PREFIX_PATH=${CMAKE_PREFIX_PATH}:/home/anlh/turtlebot3_ws/install/turtlebot3_teleop:/home/anlh/turtlebot3_ws/install/turtlebot3_example:/opt/ros/humble:/home/anlh/ros2_humble/install/rqt_bag_plugins:/home/anlh/ros2_humble/install/rqt_bag:/home/anlh/ros2_humble/install/ros2bag:/home/anlh/ros2_humble/install/tracetools_test:/home/anlh/ros2_humble/install/tracetools_launch:/home/anlh/ros2_humble/install/topic_monitor:/home/anlh/ros2_humble/install/tf2_tools:/home/anlh/ros2_humble/install/examples_tf2_py:/home/anlh/ros2_humble/install/tf2_ros_py:/home/anlh/ros2_humble/install/sros2:/home/anlh/ros2_humble/install/rqt_topic:/home/anlh/ros2_humble/install/rqt_srv:/home/anlh/ros2_humble/install/rqt_shell:/home/anlh/ros2_humble/install/rqt_service_caller:/home/anlh/ros2_humble/install/rqt_reconfigure:/home/anlh/ros2_humble/install/rqt_py_console:/home/anlh/ros2_humble/install/rqt_publisher:/home/anlh/ros2_humble/install/rqt_plot:/home/anlh/ros2_humble/install/rqt_action:/home/anlh/ros2_humble/install/rqt_msg:/home/anlh/ros2_humble/install/rqt_console:/home/anlh/ros2_humble/install/rqt:/home/anlh/ros2_humble/install/rqt_graph:/home/anlh/ros2_humble/install/rqt_gui_py:/home/anlh/ros2_humble/install/rqt_gui:/home/anlh/ros2_humble/install/ros2trace:/home/anlh/ros2_humble/install/ros2topic:/home/anlh/ros2_humble/install/ros2test:/home/anlh/ros2_humble/install/ros2component:/home/anlh/ros2_humble/install/ros2param:/home/anlh/ros2_humble/install/ros2lifecycle:/home/anlh/ros2_humble/install/ros2service:/home/anlh/ros2_humble/install/ros2run:/home/anlh/ros2_humble/install/ros2launch:/home/anlh/ros2_humble/install/ros2pkg:/home/anlh/ros2_humble/install/ros2node:/home/anlh/ros2_humble/install/ros2multicast:/home/anlh/ros2_humble/install/ros2interface:/home/anlh/ros2_humble/install/ros2doctor:/home/anlh/ros2_humble/install/ros2action:/home/anlh/ros2_humble/install/ros2cli:/home/anlh/ros2_humble/install/quality_of_service_demo_py:/home/anlh/ros2_humble/install/lifecycle_py:/home/anlh/ros2_humble/install/launch_testing_ros:/home/anlh/ros2_humble/install/launch_ros:/home/anlh/ros2_humble/install/examples_rclpy_pointcloud_publisher:/home/anlh/ros2_humble/install/examples_rclpy_minimal_subscriber:/home/anlh/ros2_humble/install/examples_rclpy_minimal_service:/home/anlh/ros2_humble/install/examples_rclpy_minimal_publisher:/home/anlh/ros2_humble/install/examples_rclpy_minimal_client:/home/anlh/ros2_humble/install/examples_rclpy_minimal_action_server:/home/anlh/ros2_humble/install/examples_rclpy_minimal_action_client:/home/anlh/ros2_humble/install/examples_rclpy_guard_conditions:/home/anlh/ros2_humble/install/examples_rclpy_executors:/home/anlh/ros2_humble/install/demo_nodes_py:/home/anlh/ros2_humble/install/action_tutorials_py:/home/anlh/ros2_humble/install/ament_uncrustify:/home/anlh/ros2_humble/install/tracetools_trace:/home/anlh/ros2_humble/install/tracetools_read:/home/anlh/ros2_humble/install/test_tracetools_launch:/home/anlh/ros2_humble/install/test_launch_ros:/home/anlh/ros2_humble/install/sensor_msgs_py:/home/anlh/ros2_humble/install/rpyutils:/home/anlh/ros2_humble/install/rosidl_runtime_py:/home/anlh/ros2_humble/install/rosidl_cli:/home/anlh/ros2_humble/install/launch_pytest:/home/anlh/ros2_humble/install/launch_testing:/home/anlh/ros2_humble/install/launch_yaml:/home/anlh/ros2_humble/install/launch_xml:/home/anlh/ros2_humble/install/launch:/home/anlh/ros2_humble/install/osrf_pycommon:/home/anlh/ros2_humble/install/launch_testing_examples:/home/anlh/ros2_humble/install/domain_coordinator:/home/anlh/ros2_humble/install/ament_xmllint:/home/anlh/ros2_humble/install/ament_pyflakes:/home/anlh/ros2_humble/install/ament_pycodestyle:/home/anlh/ros2_humble/install/ament_pep257:/home/anlh/ros2_humble/install/ament_pclint:/home/anlh/ros2_humble/install/ament_package:/home/anlh/ros2_humble/install/ament_mypy:/home/anlh/ros2_humble/install/ament_lint_cmake:/home/anlh/ros2_humble/install/ament_flake8:/home/anlh/ros2_humble/install/ament_copyright:/home/anlh/ros2_humble/install/ament_lint:/home/anlh/ros2_humble/install/ament_index_python:/home/anlh/ros2_humble/install/ament_cpplint:/home/anlh/ros2_humble/install/ament_cppcheck:/home/anlh/ros2_humble/install/ament_clang_tidy:/home/anlh/ros2_humble/install/ament_clang_format /usr/local/bin/cmake /home/anlh/DRL_Velocity_Obstacles/src/drl_vo -DCMAKE_INSTALL_PREFIX=/home/anlh/DRL_Velocity_Obstacles/install/drl_vo[0m
[1.782s] [34mcolcon.colcon_core.event_handler.log_command[0m [1;30mDEBUG[0m [32mInvoking command in '/home/anlh/DRL_Velocity_Obstacles/build/drl_vo': CMAKE_PREFIX_PATH=${CMAKE_PREFIX_PATH}:/home/anlh/turtlebot3_ws/install/turtlebot3_teleop:/home/anlh/turtlebot3_ws/install/turtlebot3_example:/opt/ros/humble:/home/anlh/ros2_humble/install/rqt_bag_plugins:/home/anlh/ros2_humble/install/rqt_bag:/home/anlh/ros2_humble/install/ros2bag:/home/anlh/ros2_humble/install/tracetools_test:/home/anlh/ros2_humble/install/tracetools_launch:/home/anlh/ros2_humble/install/topic_monitor:/home/anlh/ros2_humble/install/tf2_tools:/home/anlh/ros2_humble/install/examples_tf2_py:/home/anlh/ros2_humble/install/tf2_ros_py:/home/anlh/ros2_humble/install/sros2:/home/anlh/ros2_humble/install/rqt_topic:/home/anlh/ros2_humble/install/rqt_srv:/home/anlh/ros2_humble/install/rqt_shell:/home/anlh/ros2_humble/install/rqt_service_caller:/home/anlh/ros2_humble/install/rqt_reconfigure:/home/anlh/ros2_humble/install/rqt_py_console:/home/anlh/ros2_humble/install/rqt_publisher:/home/anlh/ros2_humble/install/rqt_plot:/home/anlh/ros2_humble/install/rqt_action:/home/anlh/ros2_humble/install/rqt_msg:/home/anlh/ros2_humble/install/rqt_console:/home/anlh/ros2_humble/install/rqt:/home/anlh/ros2_humble/install/rqt_graph:/home/anlh/ros2_humble/install/rqt_gui_py:/home/anlh/ros2_humble/install/rqt_gui:/home/anlh/ros2_humble/install/ros2trace:/home/anlh/ros2_humble/install/ros2topic:/home/anlh/ros2_humble/install/ros2test:/home/anlh/ros2_humble/install/ros2component:/home/anlh/ros2_humble/install/ros2param:/home/anlh/ros2_humble/install/ros2lifecycle:/home/anlh/ros2_humble/install/ros2service:/home/anlh/ros2_humble/install/ros2run:/home/anlh/ros2_humble/install/ros2launch:/home/anlh/ros2_humble/install/ros2pkg:/home/anlh/ros2_humble/install/ros2node:/home/anlh/ros2_humble/install/ros2multicast:/home/anlh/ros2_humble/install/ros2interface:/home/anlh/ros2_humble/install/ros2doctor:/home/anlh/ros2_humble/install/ros2action:/home/anlh/ros2_humble/install/ros2cli:/home/anlh/ros2_humble/install/quality_of_service_demo_py:/home/anlh/ros2_humble/install/lifecycle_py:/home/anlh/ros2_humble/install/launch_testing_ros:/home/anlh/ros2_humble/install/launch_ros:/home/anlh/ros2_humble/install/examples_rclpy_pointcloud_publisher:/home/anlh/ros2_humble/install/examples_rclpy_minimal_subscriber:/home/anlh/ros2_humble/install/examples_rclpy_minimal_service:/home/anlh/ros2_humble/install/examples_rclpy_minimal_publisher:/home/anlh/ros2_humble/install/examples_rclpy_minimal_client:/home/anlh/ros2_humble/install/examples_rclpy_minimal_action_server:/home/anlh/ros2_humble/install/examples_rclpy_minimal_action_client:/home/anlh/ros2_humble/install/examples_rclpy_guard_conditions:/home/anlh/ros2_humble/install/examples_rclpy_executors:/home/anlh/ros2_humble/install/demo_nodes_py:/home/anlh/ros2_humble/install/action_tutorials_py:/home/anlh/ros2_humble/install/ament_uncrustify:/home/anlh/ros2_humble/install/tracetools_trace:/home/anlh/ros2_humble/install/tracetools_read:/home/anlh/ros2_humble/install/test_tracetools_launch:/home/anlh/ros2_humble/install/test_launch_ros:/home/anlh/ros2_humble/install/sensor_msgs_py:/home/anlh/ros2_humble/install/rpyutils:/home/anlh/ros2_humble/install/rosidl_runtime_py:/home/anlh/ros2_humble/install/rosidl_cli:/home/anlh/ros2_humble/install/launch_pytest:/home/anlh/ros2_humble/install/launch_testing:/home/anlh/ros2_humble/install/launch_yaml:/home/anlh/ros2_humble/install/launch_xml:/home/anlh/ros2_humble/install/launch:/home/anlh/ros2_humble/install/osrf_pycommon:/home/anlh/ros2_humble/install/launch_testing_examples:/home/anlh/ros2_humble/install/domain_coordinator:/home/anlh/ros2_humble/install/ament_xmllint:/home/anlh/ros2_humble/install/ament_pyflakes:/home/anlh/ros2_humble/install/ament_pycodestyle:/home/anlh/ros2_humble/install/ament_pep257:/home/anlh/ros2_humble/install/ament_pclint:/home/anlh/ros2_humble/install/ament_package:/home/anlh/ros2_humble/install/ament_mypy:/home/anlh/ros2_humble/install/ament_lint_cmake:/home/anlh/ros2_humble/install/ament_flake8:/home/anlh/ros2_humble/install/ament_copyright:/home/anlh/ros2_humble/install/ament_lint:/home/anlh/ros2_humble/install/ament_index_python:/home/anlh/ros2_humble/install/ament_cpplint:/home/anlh/ros2_humble/install/ament_cppcheck:/home/anlh/ros2_humble/install/ament_clang_tidy:/home/anlh/ros2_humble/install/ament_clang_format /usr/local/bin/cmake --build /home/anlh/DRL_Velocity_Obstacles/build/drl_vo -- -j16 -l16[0m
[1.819s] [34mcolcon.colcon_core.event_handler.log_command[0m [1;30mDEBUG[0m [32mInvoked command in '/home/anlh/DRL_Velocity_Obstacles/build/drl_vo' returned '0': CMAKE_PREFIX_PATH=${CMAKE_PREFIX_PATH}:/home/anlh/turtlebot3_ws/install/turtlebot3_teleop:/home/anlh/turtlebot3_ws/install/turtlebot3_example:/opt/ros/humble:/home/anlh/ros2_humble/install/rqt_bag_plugins:/home/anlh/ros2_humble/install/rqt_bag:/home/anlh/ros2_humble/install/ros2bag:/home/anlh/ros2_humble/install/tracetools_test:/home/anlh/ros2_humble/install/tracetools_launch:/home/anlh/ros2_humble/install/topic_monitor:/home/anlh/ros2_humble/install/tf2_tools:/home/anlh/ros2_humble/install/examples_tf2_py:/home/anlh/ros2_humble/install/tf2_ros_py:/home/anlh/ros2_humble/install/sros2:/home/anlh/ros2_humble/install/rqt_topic:/home/anlh/ros2_humble/install/rqt_srv:/home/anlh/ros2_humble/install/rqt_shell:/home/anlh/ros2_humble/install/rqt_service_caller:/home/anlh/ros2_humble/install/rqt_reconfigure:/home/anlh/ros2_humble/install/rqt_py_console:/home/anlh/ros2_humble/install/rqt_publisher:/home/anlh/ros2_humble/install/rqt_plot:/home/anlh/ros2_humble/install/rqt_action:/home/anlh/ros2_humble/install/rqt_msg:/home/anlh/ros2_humble/install/rqt_console:/home/anlh/ros2_humble/install/rqt:/home/anlh/ros2_humble/install/rqt_graph:/home/anlh/ros2_humble/install/rqt_gui_py:/home/anlh/ros2_humble/install/rqt_gui:/home/anlh/ros2_humble/install/ros2trace:/home/anlh/ros2_humble/install/ros2topic:/home/anlh/ros2_humble/install/ros2test:/home/anlh/ros2_humble/install/ros2component:/home/anlh/ros2_humble/install/ros2param:/home/anlh/ros2_humble/install/ros2lifecycle:/home/anlh/ros2_humble/install/ros2service:/home/anlh/ros2_humble/install/ros2run:/home/anlh/ros2_humble/install/ros2launch:/home/anlh/ros2_humble/install/ros2pkg:/home/anlh/ros2_humble/install/ros2node:/home/anlh/ros2_humble/install/ros2multicast:/home/anlh/ros2_humble/install/ros2interface:/home/anlh/ros2_humble/install/ros2doctor:/home/anlh/ros2_humble/install/ros2action:/home/anlh/ros2_humble/install/ros2cli:/home/anlh/ros2_humble/install/quality_of_service_demo_py:/home/anlh/ros2_humble/install/lifecycle_py:/home/anlh/ros2_humble/install/launch_testing_ros:/home/anlh/ros2_humble/install/launch_ros:/home/anlh/ros2_humble/install/examples_rclpy_pointcloud_publisher:/home/anlh/ros2_humble/install/examples_rclpy_minimal_subscriber:/home/anlh/ros2_humble/install/examples_rclpy_minimal_service:/home/anlh/ros2_humble/install/examples_rclpy_minimal_publisher:/home/anlh/ros2_humble/install/examples_rclpy_minimal_client:/home/anlh/ros2_humble/install/examples_rclpy_minimal_action_server:/home/anlh/ros2_humble/install/examples_rclpy_minimal_action_client:/home/anlh/ros2_humble/install/examples_rclpy_guard_conditions:/home/anlh/ros2_humble/install/examples_rclpy_executors:/home/anlh/ros2_humble/install/demo_nodes_py:/home/anlh/ros2_humble/install/action_tutorials_py:/home/anlh/ros2_humble/install/ament_uncrustify:/home/anlh/ros2_humble/install/tracetools_trace:/home/anlh/ros2_humble/install/tracetools_read:/home/anlh/ros2_humble/install/test_tracetools_launch:/home/anlh/ros2_humble/install/test_launch_ros:/home/anlh/ros2_humble/install/sensor_msgs_py:/home/anlh/ros2_humble/install/rpyutils:/home/anlh/ros2_humble/install/rosidl_runtime_py:/home/anlh/ros2_humble/install/rosidl_cli:/home/anlh/ros2_humble/install/launch_pytest:/home/anlh/ros2_humble/install/launch_testing:/home/anlh/ros2_humble/install/launch_yaml:/home/anlh/ros2_humble/install/launch_xml:/home/anlh/ros2_humble/install/launch:/home/anlh/ros2_humble/install/osrf_pycommon:/home/anlh/ros2_humble/install/launch_testing_examples:/home/anlh/ros2_humble/install/domain_coordinator:/home/anlh/ros2_humble/install/ament_xmllint:/home/anlh/ros2_humble/install/ament_pyflakes:/home/anlh/ros2_humble/install/ament_pycodestyle:/home/anlh/ros2_humble/install/ament_pep257:/home/anlh/ros2_humble/install/ament_pclint:/home/anlh/ros2_humble/install/ament_package:/home/anlh/ros2_humble/install/ament_mypy:/home/anlh/ros2_humble/install/ament_lint_cmake:/home/anlh/ros2_humble/install/ament_flake8:/home/anlh/ros2_humble/install/ament_copyright:/home/anlh/ros2_humble/install/ament_lint:/home/anlh/ros2_humble/install/ament_index_python:/home/anlh/ros2_humble/install/ament_cpplint:/home/anlh/ros2_humble/install/ament_cppcheck:/home/anlh/ros2_humble/install/ament_clang_tidy:/home/anlh/ros2_humble/install/ament_clang_format /usr/local/bin/cmake --build /home/anlh/DRL_Velocity_Obstacles/build/drl_vo -- -j16 -l16[0m
[1.881s] [34mcolcon.colcon_core.event_handler.log_command[0m [1;30mDEBUG[0m [32mInvoking command in '/home/anlh/DRL_Velocity_Obstacles/build/drl_vo': CMAKE_PREFIX_PATH=${CMAKE_PREFIX_PATH}:/home/anlh/turtlebot3_ws/install/turtlebot3_teleop:/home/anlh/turtlebot3_ws/install/turtlebot3_example:/opt/ros/humble:/home/anlh/ros2_humble/install/rqt_bag_plugins:/home/anlh/ros2_humble/install/rqt_bag:/home/anlh/ros2_humble/install/ros2bag:/home/anlh/ros2_humble/install/tracetools_test:/home/anlh/ros2_humble/install/tracetools_launch:/home/anlh/ros2_humble/install/topic_monitor:/home/anlh/ros2_humble/install/tf2_tools:/home/anlh/ros2_humble/install/examples_tf2_py:/home/anlh/ros2_humble/install/tf2_ros_py:/home/anlh/ros2_humble/install/sros2:/home/anlh/ros2_humble/install/rqt_topic:/home/anlh/ros2_humble/install/rqt_srv:/home/anlh/ros2_humble/install/rqt_shell:/home/anlh/ros2_humble/install/rqt_service_caller:/home/anlh/ros2_humble/install/rqt_reconfigure:/home/anlh/ros2_humble/install/rqt_py_console:/home/anlh/ros2_humble/install/rqt_publisher:/home/anlh/ros2_humble/install/rqt_plot:/home/anlh/ros2_humble/install/rqt_action:/home/anlh/ros2_humble/install/rqt_msg:/home/anlh/ros2_humble/install/rqt_console:/home/anlh/ros2_humble/install/rqt:/home/anlh/ros2_humble/install/rqt_graph:/home/anlh/ros2_humble/install/rqt_gui_py:/home/anlh/ros2_humble/install/rqt_gui:/home/anlh/ros2_humble/install/ros2trace:/home/anlh/ros2_humble/install/ros2topic:/home/anlh/ros2_humble/install/ros2test:/home/anlh/ros2_humble/install/ros2component:/home/anlh/ros2_humble/install/ros2param:/home/anlh/ros2_humble/install/ros2lifecycle:/home/anlh/ros2_humble/install/ros2service:/home/anlh/ros2_humble/install/ros2run:/home/anlh/ros2_humble/install/ros2launch:/home/anlh/ros2_humble/install/ros2pkg:/home/anlh/ros2_humble/install/ros2node:/home/anlh/ros2_humble/install/ros2multicast:/home/anlh/ros2_humble/install/ros2interface:/home/anlh/ros2_humble/install/ros2doctor:/home/anlh/ros2_humble/install/ros2action:/home/anlh/ros2_humble/install/ros2cli:/home/anlh/ros2_humble/install/quality_of_service_demo_py:/home/anlh/ros2_humble/install/lifecycle_py:/home/anlh/ros2_humble/install/launch_testing_ros:/home/anlh/ros2_humble/install/launch_ros:/home/anlh/ros2_humble/install/examples_rclpy_pointcloud_publisher:/home/anlh/ros2_humble/install/examples_rclpy_minimal_subscriber:/home/anlh/ros2_humble/install/examples_rclpy_minimal_service:/home/anlh/ros2_humble/install/examples_rclpy_minimal_publisher:/home/anlh/ros2_humble/install/examples_rclpy_minimal_client:/home/anlh/ros2_humble/install/examples_rclpy_minimal_action_server:/home/anlh/ros2_humble/install/examples_rclpy_minimal_action_client:/home/anlh/ros2_humble/install/examples_rclpy_guard_conditions:/home/anlh/ros2_humble/install/examples_rclpy_executors:/home/anlh/ros2_humble/install/demo_nodes_py:/home/anlh/ros2_humble/install/action_tutorials_py:/home/anlh/ros2_humble/install/ament_uncrustify:/home/anlh/ros2_humble/install/tracetools_trace:/home/anlh/ros2_humble/install/tracetools_read:/home/anlh/ros2_humble/install/test_tracetools_launch:/home/anlh/ros2_humble/install/test_launch_ros:/home/anlh/ros2_humble/install/sensor_msgs_py:/home/anlh/ros2_humble/install/rpyutils:/home/anlh/ros2_humble/install/rosidl_runtime_py:/home/anlh/ros2_humble/install/rosidl_cli:/home/anlh/ros2_humble/install/launch_pytest:/home/anlh/ros2_humble/install/launch_testing:/home/anlh/ros2_humble/install/launch_yaml:/home/anlh/ros2_humble/install/launch_xml:/home/anlh/ros2_humble/install/launch:/home/anlh/ros2_humble/install/osrf_pycommon:/home/anlh/ros2_humble/install/launch_testing_examples:/home/anlh/ros2_humble/install/domain_coordinator:/home/anlh/ros2_humble/install/ament_xmllint:/home/anlh/ros2_humble/install/ament_pyflakes:/home/anlh/ros2_humble/install/ament_pycodestyle:/home/anlh/ros2_humble/install/ament_pep257:/home/anlh/ros2_humble/install/ament_pclint:/home/anlh/ros2_humble/install/ament_package:/home/anlh/ros2_humble/install/ament_mypy:/home/anlh/ros2_humble/install/ament_lint_cmake:/home/anlh/ros2_humble/install/ament_flake8:/home/anlh/ros2_humble/install/ament_copyright:/home/anlh/ros2_humble/install/ament_lint:/home/anlh/ros2_humble/install/ament_index_python:/home/anlh/ros2_humble/install/ament_cpplint:/home/anlh/ros2_humble/install/ament_cppcheck:/home/anlh/ros2_humble/install/ament_clang_tidy:/home/anlh/ros2_humble/install/ament_clang_format /usr/local/bin/cmake --install /home/anlh/DRL_Velocity_Obstacles/build/drl_vo[0m
[2.022s] [34mcolcon.colcon_core.environment[0m [1;30mLevel 1[0m create_environment_scripts_only(drl_vo)
[2.022s] [34mcolcon.colcon_core.event_handler.log_command[0m [1;30mDEBUG[0m [32mInvoked command in '/home/anlh/DRL_Velocity_Obstacles/build/drl_vo' returned '0': CMAKE_PREFIX_PATH=${CMAKE_PREFIX_PATH}:/home/anlh/turtlebot3_ws/install/turtlebot3_teleop:/home/anlh/turtlebot3_ws/install/turtlebot3_example:/opt/ros/humble:/home/anlh/ros2_humble/install/rqt_bag_plugins:/home/anlh/ros2_humble/install/rqt_bag:/home/anlh/ros2_humble/install/ros2bag:/home/anlh/ros2_humble/install/tracetools_test:/home/anlh/ros2_humble/install/tracetools_launch:/home/anlh/ros2_humble/install/topic_monitor:/home/anlh/ros2_humble/install/tf2_tools:/home/anlh/ros2_humble/install/examples_tf2_py:/home/anlh/ros2_humble/install/tf2_ros_py:/home/anlh/ros2_humble/install/sros2:/home/anlh/ros2_humble/install/rqt_topic:/home/anlh/ros2_humble/install/rqt_srv:/home/anlh/ros2_humble/install/rqt_shell:/home/anlh/ros2_humble/install/rqt_service_caller:/home/anlh/ros2_humble/install/rqt_reconfigure:/home/anlh/ros2_humble/install/rqt_py_console:/home/anlh/ros2_humble/install/rqt_publisher:/home/anlh/ros2_humble/install/rqt_plot:/home/anlh/ros2_humble/install/rqt_action:/home/anlh/ros2_humble/install/rqt_msg:/home/anlh/ros2_humble/install/rqt_console:/home/anlh/ros2_humble/install/rqt:/home/anlh/ros2_humble/install/rqt_graph:/home/anlh/ros2_humble/install/rqt_gui_py:/home/anlh/ros2_humble/install/rqt_gui:/home/anlh/ros2_humble/install/ros2trace:/home/anlh/ros2_humble/install/ros2topic:/home/anlh/ros2_humble/install/ros2test:/home/anlh/ros2_humble/install/ros2component:/home/anlh/ros2_humble/install/ros2param:/home/anlh/ros2_humble/install/ros2lifecycle:/home/anlh/ros2_humble/install/ros2service:/home/anlh/ros2_humble/install/ros2run:/home/anlh/ros2_humble/install/ros2launch:/home/anlh/ros2_humble/install/ros2pkg:/home/anlh/ros2_humble/install/ros2node:/home/anlh/ros2_humble/install/ros2multicast:/home/anlh/ros2_humble/install/ros2interface:/home/anlh/ros2_humble/install/ros2doctor:/home/anlh/ros2_humble/install/ros2action:/home/anlh/ros2_humble/install/ros2cli:/home/anlh/ros2_humble/install/quality_of_service_demo_py:/home/anlh/ros2_humble/install/lifecycle_py:/home/anlh/ros2_humble/install/launch_testing_ros:/home/anlh/ros2_humble/install/launch_ros:/home/anlh/ros2_humble/install/examples_rclpy_pointcloud_publisher:/home/anlh/ros2_humble/install/examples_rclpy_minimal_subscriber:/home/anlh/ros2_humble/install/examples_rclpy_minimal_service:/home/anlh/ros2_humble/install/examples_rclpy_minimal_publisher:/home/anlh/ros2_humble/install/examples_rclpy_minimal_client:/home/anlh/ros2_humble/install/examples_rclpy_minimal_action_server:/home/anlh/ros2_humble/install/examples_rclpy_minimal_action_client:/home/anlh/ros2_humble/install/examples_rclpy_guard_conditions:/home/anlh/ros2_humble/install/examples_rclpy_executors:/home/anlh/ros2_humble/install/demo_nodes_py:/home/anlh/ros2_humble/install/action_tutorials_py:/home/anlh/ros2_humble/install/ament_uncrustify:/home/anlh/ros2_humble/install/tracetools_trace:/home/anlh/ros2_humble/install/tracetools_read:/home/anlh/ros2_humble/install/test_tracetools_launch:/home/anlh/ros2_humble/install/test_launch_ros:/home/anlh/ros2_humble/install/sensor_msgs_py:/home/anlh/ros2_humble/install/rpyutils:/home/anlh/ros2_humble/install/rosidl_runtime_py:/home/anlh/ros2_humble/install/rosidl_cli:/home/anlh/ros2_humble/install/launch_pytest:/home/anlh/ros2_humble/install/launch_testing:/home/anlh/ros2_humble/install/launch_yaml:/home/anlh/ros2_humble/install/launch_xml:/home/anlh/ros2_humble/install/launch:/home/anlh/ros2_humble/install/osrf_pycommon:/home/anlh/ros2_humble/install/launch_testing_examples:/home/anlh/ros2_humble/install/domain_coordinator:/home/anlh/ros2_humble/install/ament_xmllint:/home/anlh/ros2_humble/install/ament_pyflakes:/home/anlh/ros2_humble/install/ament_pycodestyle:/home/anlh/ros2_humble/install/ament_pep257:/home/anlh/ros2_humble/install/ament_pclint:/home/anlh/ros2_humble/install/ament_package:/home/anlh/ros2_humble/install/ament_mypy:/home/anlh/ros2_humble/install/ament_lint_cmake:/home/anlh/ros2_humble/install/ament_flake8:/home/anlh/ros2_humble/install/ament_copyright:/home/anlh/ros2_humble/install/ament_lint:/home/anlh/ros2_humble/install/ament_index_python:/home/anlh/ros2_humble/install/ament_cpplint:/home/anlh/ros2_humble/install/ament_cppcheck:/home/anlh/ros2_humble/install/ament_clang_tidy:/home/anlh/ros2_humble/install/ament_clang_format /usr/local/bin/cmake --install /home/anlh/DRL_Velocity_Obstacles/build/drl_vo[0m
[2.027s] [34mcolcon.colcon_core.environment[0m [1;30mLevel 1[0m checking '/home/anlh/DRL_Velocity_Obstacles/install/drl_vo' for CMake module files
[2.028s] [34mcolcon.colcon_core.environment[0m [1;30mLevel 1[0m checking '/home/anlh/DRL_Velocity_Obstacles/install/drl_vo' for CMake config files
[2.031s] [34mcolcon.colcon_core.shell[0m [1;30mLevel 1[0m create_environment_hook('drl_vo', 'cmake_prefix_path')
[2.031s] [34mcolcon.colcon_core.shell[0m [1;30mINFO[0m Creating environment hook '/home/anlh/DRL_Velocity_Obstacles/install/drl_vo/share/drl_vo/hook/cmake_prefix_path.ps1'
[2.031s] [34mcolcon.colcon_core.shell[0m [1;30mINFO[0m Creating environment descriptor '/home/anlh/DRL_Velocity_Obstacles/install/drl_vo/share/drl_vo/hook/cmake_prefix_path.dsv'
[2.031s] [34mcolcon.colcon_core.shell[0m [1;30mINFO[0m Creating environment hook '/home/anlh/DRL_Velocity_Obstacles/install/drl_vo/share/drl_vo/hook/cmake_prefix_path.sh'
[2.032s] [34mcolcon.colcon_core.environment[0m [1;30mLevel 1[0m checking '/home/anlh/DRL_Velocity_Obstacles/install/drl_vo/lib'
[2.032s] [34mcolcon.colcon_core.environment[0m [1;30mLevel 1[0m checking '/home/anlh/DRL_Velocity_Obstacles/install/drl_vo/bin'
[2.032s] [34mcolcon.colcon_core.environment[0m [1;30mLevel 1[0m checking '/home/anlh/DRL_Velocity_Obstacles/install/drl_vo/lib/pkgconfig/drl_vo.pc'
[2.032s] [34mcolcon.colcon_core.environment[0m [1;30mLevel 1[0m checking '/home/anlh/DRL_Velocity_Obstacles/install/drl_vo/lib/python3.10/site-packages'
[2.032s] [34mcolcon.colcon_core.environment[0m [1;30mLevel 1[0m checking '/home/anlh/DRL_Velocity_Obstacles/install/drl_vo/bin'
[2.032s] [34mcolcon.colcon_core.shell[0m [1;30mINFO[0m Creating package script '/home/anlh/DRL_Velocity_Obstacles/install/drl_vo/share/drl_vo/package.ps1'
[2.033s] [34mcolcon.colcon_core.shell[0m [1;30mINFO[0m Creating package descriptor '/home/anlh/DRL_Velocity_Obstacles/install/drl_vo/share/drl_vo/package.dsv'
[2.033s] [34mcolcon.colcon_core.shell[0m [1;30mINFO[0m Creating package script '/home/anlh/DRL_Velocity_Obstacles/install/drl_vo/share/drl_vo/package.sh'
[2.034s] [34mcolcon.colcon_core.shell[0m [1;30mINFO[0m Creating package script '/home/anlh/DRL_Velocity_Obstacles/install/drl_vo/share/drl_vo/package.bash'
[2.034s] [34mcolcon.colcon_core.shell[0m [1;30mINFO[0m Creating package script '/home/anlh/DRL_Velocity_Obstacles/install/drl_vo/share/drl_vo/package.zsh'
[2.034s] [34mcolcon.colcon_core.environment[0m [1;30mLevel 1[0m create_file_with_runtime_dependencies(/home/anlh/DRL_Velocity_Obstacles/install/drl_vo/share/colcon-core/packages/drl_vo)
[2.091s] [34mcolcon.colcon_core.environment[0m [1;30mLevel 1[0m create_environment_scripts_only(drl_vo)
[2.091s] [34mcolcon.colcon_core.environment[0m [1;30mLevel 1[0m checking '/home/anlh/DRL_Velocity_Obstacles/install/drl_vo' for CMake module files
[2.091s] [34mcolcon.colcon_core.environment[0m [1;30mLevel 1[0m checking '/home/anlh/DRL_Velocity_Obstacles/install/drl_vo' for CMake config files
[2.094s] [34mcolcon.colcon_core.shell[0m [1;30mLevel 1[0m create_environment_hook('drl_vo', 'cmake_prefix_path')
[2.094s] [34mcolcon.colcon_core.shell[0m [1;30mINFO[0m Creating environment hook '/home/anlh/DRL_Velocity_Obstacles/install/drl_vo/share/drl_vo/hook/cmake_prefix_path.ps1'
[2.095s] [34mcolcon.colcon_core.shell[0m [1;30mINFO[0m Creating environment descriptor '/home/anlh/DRL_Velocity_Obstacles/install/drl_vo/share/drl_vo/hook/cmake_prefix_path.dsv'
[2.095s] [34mcolcon.colcon_core.shell[0m [1;30mINFO[0m Creating environment hook '/home/anlh/DRL_Velocity_Obstacles/install/drl_vo/share/drl_vo/hook/cmake_prefix_path.sh'
[2.095s] [34mcolcon.colcon_core.environment[0m [1;30mLevel 1[0m checking '/home/anlh/DRL_Velocity_Obstacles/install/drl_vo/lib'
[2.095s] [34mcolcon.colcon_core.environment[0m [1;30mLevel 1[0m checking '/home/anlh/DRL_Velocity_Obstacles/install/drl_vo/bin'
[2.095s] [34mcolcon.colcon_core.environment[0m [1;30mLevel 1[0m checking '/home/anlh/DRL_Velocity_Obstacles/install/drl_vo/lib/pkgconfig/drl_vo.pc'
[2.095s] [34mcolcon.colcon_core.environment[0m [1;30mLevel 1[0m checking '/home/anlh/DRL_Velocity_Obstacles/install/drl_vo/lib/python3.10/site-packages'
[2.096s] [34mcolcon.colcon_core.environment[0m [1;30mLevel 1[0m checking '/home/anlh/DRL_Velocity_Obstacles/install/drl_vo/bin'
[2.096s] [34mcolcon.colcon_core.shell[0m [1;30mINFO[0m Creating package script '/home/anlh/DRL_Velocity_Obstacles/install/drl_vo/share/drl_vo/package.ps1'
[2.096s] [34mcolcon.colcon_core.shell[0m [1;30mINFO[0m Creating package descriptor '/home/anlh/DRL_Velocity_Obstacles/install/drl_vo/share/drl_vo/package.dsv'
[2.096s] [34mcolcon.colcon_core.shell[0m [1;30mINFO[0m Creating package script '/home/anlh/DRL_Velocity_Obstacles/install/drl_vo/share/drl_vo/package.sh'
[2.096s] [34mcolcon.colcon_core.shell[0m [1;30mINFO[0m Creating package script '/home/anlh/DRL_Velocity_Obstacles/install/drl_vo/share/drl_vo/package.bash'
[2.097s] [34mcolcon.colcon_core.shell[0m [1;30mINFO[0m Creating package script '/home/anlh/DRL_Velocity_Obstacles/install/drl_vo/share/drl_vo/package.zsh'
[2.097s] [34mcolcon.colcon_core.environment[0m [1;30mLevel 1[0m create_file_with_runtime_dependencies(/home/anlh/DRL_Velocity_Obstacles/install/drl_vo/share/colcon-core/packages/drl_vo)
[4.781s] [34mcolcon.colcon_core.event_handler.log_command[0m [1;30mDEBUG[0m [32mInvoked command in '/home/anlh/DRL_Velocity_Obstacles/build/cnn_msgs' returned '0': CMAKE_PREFIX_PATH=${CMAKE_PREFIX_PATH}:/home/anlh/turtlebot3_ws/install/turtlebot3_teleop:/home/anlh/turtlebot3_ws/install/turtlebot3_example:/opt/ros/humble:/home/anlh/ros2_humble/install/rqt_bag_plugins:/home/anlh/ros2_humble/install/rqt_bag:/home/anlh/ros2_humble/install/ros2bag:/home/anlh/ros2_humble/install/tracetools_test:/home/anlh/ros2_humble/install/tracetools_launch:/home/anlh/ros2_humble/install/topic_monitor:/home/anlh/ros2_humble/install/tf2_tools:/home/anlh/ros2_humble/install/examples_tf2_py:/home/anlh/ros2_humble/install/tf2_ros_py:/home/anlh/ros2_humble/install/sros2:/home/anlh/ros2_humble/install/rqt_topic:/home/anlh/ros2_humble/install/rqt_srv:/home/anlh/ros2_humble/install/rqt_shell:/home/anlh/ros2_humble/install/rqt_service_caller:/home/anlh/ros2_humble/install/rqt_reconfigure:/home/anlh/ros2_humble/install/rqt_py_console:/home/anlh/ros2_humble/install/rqt_publisher:/home/anlh/ros2_humble/install/rqt_plot:/home/anlh/ros2_humble/install/rqt_action:/home/anlh/ros2_humble/install/rqt_msg:/home/anlh/ros2_humble/install/rqt_console:/home/anlh/ros2_humble/install/rqt:/home/anlh/ros2_humble/install/rqt_graph:/home/anlh/ros2_humble/install/rqt_gui_py:/home/anlh/ros2_humble/install/rqt_gui:/home/anlh/ros2_humble/install/ros2trace:/home/anlh/ros2_humble/install/ros2topic:/home/anlh/ros2_humble/install/ros2test:/home/anlh/ros2_humble/install/ros2component:/home/anlh/ros2_humble/install/ros2param:/home/anlh/ros2_humble/install/ros2lifecycle:/home/anlh/ros2_humble/install/ros2service:/home/anlh/ros2_humble/install/ros2run:/home/anlh/ros2_humble/install/ros2launch:/home/anlh/ros2_humble/install/ros2pkg:/home/anlh/ros2_humble/install/ros2node:/home/anlh/ros2_humble/install/ros2multicast:/home/anlh/ros2_humble/install/ros2interface:/home/anlh/ros2_humble/install/ros2doctor:/home/anlh/ros2_humble/install/ros2action:/home/anlh/ros2_humble/install/ros2cli:/home/anlh/ros2_humble/install/quality_of_service_demo_py:/home/anlh/ros2_humble/install/lifecycle_py:/home/anlh/ros2_humble/install/launch_testing_ros:/home/anlh/ros2_humble/install/launch_ros:/home/anlh/ros2_humble/install/examples_rclpy_pointcloud_publisher:/home/anlh/ros2_humble/install/examples_rclpy_minimal_subscriber:/home/anlh/ros2_humble/install/examples_rclpy_minimal_service:/home/anlh/ros2_humble/install/examples_rclpy_minimal_publisher:/home/anlh/ros2_humble/install/examples_rclpy_minimal_client:/home/anlh/ros2_humble/install/examples_rclpy_minimal_action_server:/home/anlh/ros2_humble/install/examples_rclpy_minimal_action_client:/home/anlh/ros2_humble/install/examples_rclpy_guard_conditions:/home/anlh/ros2_humble/install/examples_rclpy_executors:/home/anlh/ros2_humble/install/demo_nodes_py:/home/anlh/ros2_humble/install/action_tutorials_py:/home/anlh/ros2_humble/install/ament_uncrustify:/home/anlh/ros2_humble/install/tracetools_trace:/home/anlh/ros2_humble/install/tracetools_read:/home/anlh/ros2_humble/install/test_tracetools_launch:/home/anlh/ros2_humble/install/test_launch_ros:/home/anlh/ros2_humble/install/sensor_msgs_py:/home/anlh/ros2_humble/install/rpyutils:/home/anlh/ros2_humble/install/rosidl_runtime_py:/home/anlh/ros2_humble/install/rosidl_cli:/home/anlh/ros2_humble/install/launch_pytest:/home/anlh/ros2_humble/install/launch_testing:/home/anlh/ros2_humble/install/launch_yaml:/home/anlh/ros2_humble/install/launch_xml:/home/anlh/ros2_humble/install/launch:/home/anlh/ros2_humble/install/osrf_pycommon:/home/anlh/ros2_humble/install/launch_testing_examples:/home/anlh/ros2_humble/install/domain_coordinator:/home/anlh/ros2_humble/install/ament_xmllint:/home/anlh/ros2_humble/install/ament_pyflakes:/home/anlh/ros2_humble/install/ament_pycodestyle:/home/anlh/ros2_humble/install/ament_pep257:/home/anlh/ros2_humble/install/ament_pclint:/home/anlh/ros2_humble/install/ament_package:/home/anlh/ros2_humble/install/ament_mypy:/home/anlh/ros2_humble/install/ament_lint_cmake:/home/anlh/ros2_humble/install/ament_flake8:/home/anlh/ros2_humble/install/ament_copyright:/home/anlh/ros2_humble/install/ament_lint:/home/anlh/ros2_humble/install/ament_index_python:/home/anlh/ros2_humble/install/ament_cpplint:/home/anlh/ros2_humble/install/ament_cppcheck:/home/anlh/ros2_humble/install/ament_clang_tidy:/home/anlh/ros2_humble/install/ament_clang_format /usr/local/bin/cmake /home/anlh/DRL_Velocity_Obstacles/src/cnn_msgs -DCMAKE_INSTALL_PREFIX=/home/anlh/DRL_Velocity_Obstacles/install/cnn_msgs[0m
[4.783s] [34mcolcon.colcon_core.event_handler.log_command[0m [1;30mDEBUG[0m [32mInvoking command in '/home/anlh/DRL_Velocity_Obstacles/build/cnn_msgs': CMAKE_PREFIX_PATH=${CMAKE_PREFIX_PATH}:/home/anlh/turtlebot3_ws/install/turtlebot3_teleop:/home/anlh/turtlebot3_ws/install/turtlebot3_example:/opt/ros/humble:/home/anlh/ros2_humble/install/rqt_bag_plugins:/home/anlh/ros2_humble/install/rqt_bag:/home/anlh/ros2_humble/install/ros2bag:/home/anlh/ros2_humble/install/tracetools_test:/home/anlh/ros2_humble/install/tracetools_launch:/home/anlh/ros2_humble/install/topic_monitor:/home/anlh/ros2_humble/install/tf2_tools:/home/anlh/ros2_humble/install/examples_tf2_py:/home/anlh/ros2_humble/install/tf2_ros_py:/home/anlh/ros2_humble/install/sros2:/home/anlh/ros2_humble/install/rqt_topic:/home/anlh/ros2_humble/install/rqt_srv:/home/anlh/ros2_humble/install/rqt_shell:/home/anlh/ros2_humble/install/rqt_service_caller:/home/anlh/ros2_humble/install/rqt_reconfigure:/home/anlh/ros2_humble/install/rqt_py_console:/home/anlh/ros2_humble/install/rqt_publisher:/home/anlh/ros2_humble/install/rqt_plot:/home/anlh/ros2_humble/install/rqt_action:/home/anlh/ros2_humble/install/rqt_msg:/home/anlh/ros2_humble/install/rqt_console:/home/anlh/ros2_humble/install/rqt:/home/anlh/ros2_humble/install/rqt_graph:/home/anlh/ros2_humble/install/rqt_gui_py:/home/anlh/ros2_humble/install/rqt_gui:/home/anlh/ros2_humble/install/ros2trace:/home/anlh/ros2_humble/install/ros2topic:/home/anlh/ros2_humble/install/ros2test:/home/anlh/ros2_humble/install/ros2component:/home/anlh/ros2_humble/install/ros2param:/home/anlh/ros2_humble/install/ros2lifecycle:/home/anlh/ros2_humble/install/ros2service:/home/anlh/ros2_humble/install/ros2run:/home/anlh/ros2_humble/install/ros2launch:/home/anlh/ros2_humble/install/ros2pkg:/home/anlh/ros2_humble/install/ros2node:/home/anlh/ros2_humble/install/ros2multicast:/home/anlh/ros2_humble/install/ros2interface:/home/anlh/ros2_humble/install/ros2doctor:/home/anlh/ros2_humble/install/ros2action:/home/anlh/ros2_humble/install/ros2cli:/home/anlh/ros2_humble/install/quality_of_service_demo_py:/home/anlh/ros2_humble/install/lifecycle_py:/home/anlh/ros2_humble/install/launch_testing_ros:/home/anlh/ros2_humble/install/launch_ros:/home/anlh/ros2_humble/install/examples_rclpy_pointcloud_publisher:/home/anlh/ros2_humble/install/examples_rclpy_minimal_subscriber:/home/anlh/ros2_humble/install/examples_rclpy_minimal_service:/home/anlh/ros2_humble/install/examples_rclpy_minimal_publisher:/home/anlh/ros2_humble/install/examples_rclpy_minimal_client:/home/anlh/ros2_humble/install/examples_rclpy_minimal_action_server:/home/anlh/ros2_humble/install/examples_rclpy_minimal_action_client:/home/anlh/ros2_humble/install/examples_rclpy_guard_conditions:/home/anlh/ros2_humble/install/examples_rclpy_executors:/home/anlh/ros2_humble/install/demo_nodes_py:/home/anlh/ros2_humble/install/action_tutorials_py:/home/anlh/ros2_humble/install/ament_uncrustify:/home/anlh/ros2_humble/install/tracetools_trace:/home/anlh/ros2_humble/install/tracetools_read:/home/anlh/ros2_humble/install/test_tracetools_launch:/home/anlh/ros2_humble/install/test_launch_ros:/home/anlh/ros2_humble/install/sensor_msgs_py:/home/anlh/ros2_humble/install/rpyutils:/home/anlh/ros2_humble/install/rosidl_runtime_py:/home/anlh/ros2_humble/install/rosidl_cli:/home/anlh/ros2_humble/install/launch_pytest:/home/anlh/ros2_humble/install/launch_testing:/home/anlh/ros2_humble/install/launch_yaml:/home/anlh/ros2_humble/install/launch_xml:/home/anlh/ros2_humble/install/launch:/home/anlh/ros2_humble/install/osrf_pycommon:/home/anlh/ros2_humble/install/launch_testing_examples:/home/anlh/ros2_humble/install/domain_coordinator:/home/anlh/ros2_humble/install/ament_xmllint:/home/anlh/ros2_humble/install/ament_pyflakes:/home/anlh/ros2_humble/install/ament_pycodestyle:/home/anlh/ros2_humble/install/ament_pep257:/home/anlh/ros2_humble/install/ament_pclint:/home/anlh/ros2_humble/install/ament_package:/home/anlh/ros2_humble/install/ament_mypy:/home/anlh/ros2_humble/install/ament_lint_cmake:/home/anlh/ros2_humble/install/ament_flake8:/home/anlh/ros2_humble/install/ament_copyright:/home/anlh/ros2_humble/install/ament_lint:/home/anlh/ros2_humble/install/ament_index_python:/home/anlh/ros2_humble/install/ament_cpplint:/home/anlh/ros2_humble/install/ament_cppcheck:/home/anlh/ros2_humble/install/ament_clang_tidy:/home/anlh/ros2_humble/install/ament_clang_format /usr/local/bin/cmake --build /home/anlh/DRL_Velocity_Obstacles/build/cnn_msgs -- -j16 -l16[0m
[4.941s] [34mcolcon.colcon_core.event_handler.log_command[0m [1;30mDEBUG[0m [32mInvoked command in '/home/anlh/DRL_Velocity_Obstacles/build/track_ped_msgs' returned '0': /usr/local/bin/cmake /home/anlh/DRL_Velocity_Obstacles/src/track_ped_msgs -DCATKIN_INSTALL_INTO_PREFIX_ROOT=0 -DCMAKE_INSTALL_PREFIX=/home/anlh/DRL_Velocity_Obstacles/install/track_ped_msgs[0m
[4.941s] [34mcolcon.colcon_core.event_handler.log_command[0m [1;30mDEBUG[0m [32mInvoking command in '/home/anlh/DRL_Velocity_Obstacles/build/track_ped_msgs': /usr/local/bin/cmake --build /home/anlh/DRL_Velocity_Obstacles/build/track_ped_msgs -- -j16 -l16[0m
[7.087s] [34mcolcon.colcon_core.event_handler.log_command[0m [1;30mDEBUG[0m [32mInvoked command in '/home/anlh/DRL_Velocity_Obstacles/build/cnn_msgs' returned '0': CMAKE_PREFIX_PATH=${CMAKE_PREFIX_PATH}:/home/anlh/turtlebot3_ws/install/turtlebot3_teleop:/home/anlh/turtlebot3_ws/install/turtlebot3_example:/opt/ros/humble:/home/anlh/ros2_humble/install/rqt_bag_plugins:/home/anlh/ros2_humble/install/rqt_bag:/home/anlh/ros2_humble/install/ros2bag:/home/anlh/ros2_humble/install/tracetools_test:/home/anlh/ros2_humble/install/tracetools_launch:/home/anlh/ros2_humble/install/topic_monitor:/home/anlh/ros2_humble/install/tf2_tools:/home/anlh/ros2_humble/install/examples_tf2_py:/home/anlh/ros2_humble/install/tf2_ros_py:/home/anlh/ros2_humble/install/sros2:/home/anlh/ros2_humble/install/rqt_topic:/home/anlh/ros2_humble/install/rqt_srv:/home/anlh/ros2_humble/install/rqt_shell:/home/anlh/ros2_humble/install/rqt_service_caller:/home/anlh/ros2_humble/install/rqt_reconfigure:/home/anlh/ros2_humble/install/rqt_py_console:/home/anlh/ros2_humble/install/rqt_publisher:/home/anlh/ros2_humble/install/rqt_plot:/home/anlh/ros2_humble/install/rqt_action:/home/anlh/ros2_humble/install/rqt_msg:/home/anlh/ros2_humble/install/rqt_console:/home/anlh/ros2_humble/install/rqt:/home/anlh/ros2_humble/install/rqt_graph:/home/anlh/ros2_humble/install/rqt_gui_py:/home/anlh/ros2_humble/install/rqt_gui:/home/anlh/ros2_humble/install/ros2trace:/home/anlh/ros2_humble/install/ros2topic:/home/anlh/ros2_humble/install/ros2test:/home/anlh/ros2_humble/install/ros2component:/home/anlh/ros2_humble/install/ros2param:/home/anlh/ros2_humble/install/ros2lifecycle:/home/anlh/ros2_humble/install/ros2service:/home/anlh/ros2_humble/install/ros2run:/home/anlh/ros2_humble/install/ros2launch:/home/anlh/ros2_humble/install/ros2pkg:/home/anlh/ros2_humble/install/ros2node:/home/anlh/ros2_humble/install/ros2multicast:/home/anlh/ros2_humble/install/ros2interface:/home/anlh/ros2_humble/install/ros2doctor:/home/anlh/ros2_humble/install/ros2action:/home/anlh/ros2_humble/install/ros2cli:/home/anlh/ros2_humble/install/quality_of_service_demo_py:/home/anlh/ros2_humble/install/lifecycle_py:/home/anlh/ros2_humble/install/launch_testing_ros:/home/anlh/ros2_humble/install/launch_ros:/home/anlh/ros2_humble/install/examples_rclpy_pointcloud_publisher:/home/anlh/ros2_humble/install/examples_rclpy_minimal_subscriber:/home/anlh/ros2_humble/install/examples_rclpy_minimal_service:/home/anlh/ros2_humble/install/examples_rclpy_minimal_publisher:/home/anlh/ros2_humble/install/examples_rclpy_minimal_client:/home/anlh/ros2_humble/install/examples_rclpy_minimal_action_server:/home/anlh/ros2_humble/install/examples_rclpy_minimal_action_client:/home/anlh/ros2_humble/install/examples_rclpy_guard_conditions:/home/anlh/ros2_humble/install/examples_rclpy_executors:/home/anlh/ros2_humble/install/demo_nodes_py:/home/anlh/ros2_humble/install/action_tutorials_py:/home/anlh/ros2_humble/install/ament_uncrustify:/home/anlh/ros2_humble/install/tracetools_trace:/home/anlh/ros2_humble/install/tracetools_read:/home/anlh/ros2_humble/install/test_tracetools_launch:/home/anlh/ros2_humble/install/test_launch_ros:/home/anlh/ros2_humble/install/sensor_msgs_py:/home/anlh/ros2_humble/install/rpyutils:/home/anlh/ros2_humble/install/rosidl_runtime_py:/home/anlh/ros2_humble/install/rosidl_cli:/home/anlh/ros2_humble/install/launch_pytest:/home/anlh/ros2_humble/install/launch_testing:/home/anlh/ros2_humble/install/launch_yaml:/home/anlh/ros2_humble/install/launch_xml:/home/anlh/ros2_humble/install/launch:/home/anlh/ros2_humble/install/osrf_pycommon:/home/anlh/ros2_humble/install/launch_testing_examples:/home/anlh/ros2_humble/install/domain_coordinator:/home/anlh/ros2_humble/install/ament_xmllint:/home/anlh/ros2_humble/install/ament_pyflakes:/home/anlh/ros2_humble/install/ament_pycodestyle:/home/anlh/ros2_humble/install/ament_pep257:/home/anlh/ros2_humble/install/ament_pclint:/home/anlh/ros2_humble/install/ament_package:/home/anlh/ros2_humble/install/ament_mypy:/home/anlh/ros2_humble/install/ament_lint_cmake:/home/anlh/ros2_humble/install/ament_flake8:/home/anlh/ros2_humble/install/ament_copyright:/home/anlh/ros2_humble/install/ament_lint:/home/anlh/ros2_humble/install/ament_index_python:/home/anlh/ros2_humble/install/ament_cpplint:/home/anlh/ros2_humble/install/ament_cppcheck:/home/anlh/ros2_humble/install/ament_clang_tidy:/home/anlh/ros2_humble/install/ament_clang_format /usr/local/bin/cmake --build /home/anlh/DRL_Velocity_Obstacles/build/cnn_msgs -- -j16 -l16[0m
[7.285s] [34mcolcon.colcon_core.event_handler.log_command[0m [1;30mDEBUG[0m [32mInvoking command in '/home/anlh/DRL_Velocity_Obstacles/build/cnn_msgs': CMAKE_PREFIX_PATH=${CMAKE_PREFIX_PATH}:/home/anlh/turtlebot3_ws/install/turtlebot3_teleop:/home/anlh/turtlebot3_ws/install/turtlebot3_example:/opt/ros/humble:/home/anlh/ros2_humble/install/rqt_bag_plugins:/home/anlh/ros2_humble/install/rqt_bag:/home/anlh/ros2_humble/install/ros2bag:/home/anlh/ros2_humble/install/tracetools_test:/home/anlh/ros2_humble/install/tracetools_launch:/home/anlh/ros2_humble/install/topic_monitor:/home/anlh/ros2_humble/install/tf2_tools:/home/anlh/ros2_humble/install/examples_tf2_py:/home/anlh/ros2_humble/install/tf2_ros_py:/home/anlh/ros2_humble/install/sros2:/home/anlh/ros2_humble/install/rqt_topic:/home/anlh/ros2_humble/install/rqt_srv:/home/anlh/ros2_humble/install/rqt_shell:/home/anlh/ros2_humble/install/rqt_service_caller:/home/anlh/ros2_humble/install/rqt_reconfigure:/home/anlh/ros2_humble/install/rqt_py_console:/home/anlh/ros2_humble/install/rqt_publisher:/home/anlh/ros2_humble/install/rqt_plot:/home/anlh/ros2_humble/install/rqt_action:/home/anlh/ros2_humble/install/rqt_msg:/home/anlh/ros2_humble/install/rqt_console:/home/anlh/ros2_humble/install/rqt:/home/anlh/ros2_humble/install/rqt_graph:/home/anlh/ros2_humble/install/rqt_gui_py:/home/anlh/ros2_humble/install/rqt_gui:/home/anlh/ros2_humble/install/ros2trace:/home/anlh/ros2_humble/install/ros2topic:/home/anlh/ros2_humble/install/ros2test:/home/anlh/ros2_humble/install/ros2component:/home/anlh/ros2_humble/install/ros2param:/home/anlh/ros2_humble/install/ros2lifecycle:/home/anlh/ros2_humble/install/ros2service:/home/anlh/ros2_humble/install/ros2run:/home/anlh/ros2_humble/install/ros2launch:/home/anlh/ros2_humble/install/ros2pkg:/home/anlh/ros2_humble/install/ros2node:/home/anlh/ros2_humble/install/ros2multicast:/home/anlh/ros2_humble/install/ros2interface:/home/anlh/ros2_humble/install/ros2doctor:/home/anlh/ros2_humble/install/ros2action:/home/anlh/ros2_humble/install/ros2cli:/home/anlh/ros2_humble/install/quality_of_service_demo_py:/home/anlh/ros2_humble/install/lifecycle_py:/home/anlh/ros2_humble/install/launch_testing_ros:/home/anlh/ros2_humble/install/launch_ros:/home/anlh/ros2_humble/install/examples_rclpy_pointcloud_publisher:/home/anlh/ros2_humble/install/examples_rclpy_minimal_subscriber:/home/anlh/ros2_humble/install/examples_rclpy_minimal_service:/home/anlh/ros2_humble/install/examples_rclpy_minimal_publisher:/home/anlh/ros2_humble/install/examples_rclpy_minimal_client:/home/anlh/ros2_humble/install/examples_rclpy_minimal_action_server:/home/anlh/ros2_humble/install/examples_rclpy_minimal_action_client:/home/anlh/ros2_humble/install/examples_rclpy_guard_conditions:/home/anlh/ros2_humble/install/examples_rclpy_executors:/home/anlh/ros2_humble/install/demo_nodes_py:/home/anlh/ros2_humble/install/action_tutorials_py:/home/anlh/ros2_humble/install/ament_uncrustify:/home/anlh/ros2_humble/install/tracetools_trace:/home/anlh/ros2_humble/install/tracetools_read:/home/anlh/ros2_humble/install/test_tracetools_launch:/home/anlh/ros2_humble/install/test_launch_ros:/home/anlh/ros2_humble/install/sensor_msgs_py:/home/anlh/ros2_humble/install/rpyutils:/home/anlh/ros2_humble/install/rosidl_runtime_py:/home/anlh/ros2_humble/install/rosidl_cli:/home/anlh/ros2_humble/install/launch_pytest:/home/anlh/ros2_humble/install/launch_testing:/home/anlh/ros2_humble/install/launch_yaml:/home/anlh/ros2_humble/install/launch_xml:/home/anlh/ros2_humble/install/launch:/home/anlh/ros2_humble/install/osrf_pycommon:/home/anlh/ros2_humble/install/launch_testing_examples:/home/anlh/ros2_humble/install/domain_coordinator:/home/anlh/ros2_humble/install/ament_xmllint:/home/anlh/ros2_humble/install/ament_pyflakes:/home/anlh/ros2_humble/install/ament_pycodestyle:/home/anlh/ros2_humble/install/ament_pep257:/home/anlh/ros2_humble/install/ament_pclint:/home/anlh/ros2_humble/install/ament_package:/home/anlh/ros2_humble/install/ament_mypy:/home/anlh/ros2_humble/install/ament_lint_cmake:/home/anlh/ros2_humble/install/ament_flake8:/home/anlh/ros2_humble/install/ament_copyright:/home/anlh/ros2_humble/install/ament_lint:/home/anlh/ros2_humble/install/ament_index_python:/home/anlh/ros2_humble/install/ament_cpplint:/home/anlh/ros2_humble/install/ament_cppcheck:/home/anlh/ros2_humble/install/ament_clang_tidy:/home/anlh/ros2_humble/install/ament_clang_format /usr/local/bin/cmake --install /home/anlh/DRL_Velocity_Obstacles/build/cnn_msgs[0m
[7.302s] [34mcolcon.colcon_core.event_handler.log_command[0m [1;30mDEBUG[0m [32mInvoked command in '/home/anlh/DRL_Velocity_Obstacles/build/track_ped_msgs' returned '0': /usr/local/bin/cmake --build /home/anlh/DRL_Velocity_Obstacles/build/track_ped_msgs -- -j16 -l16[0m
[7.398s] [34mcolcon.colcon_core.environment[0m [1;30mLevel 1[0m create_environment_scripts_only(cnn_msgs)
[7.398s] [34mcolcon.colcon_core.environment[0m [1;30mLevel 1[0m checking '/home/anlh/DRL_Velocity_Obstacles/install/cnn_msgs' for CMake module files
[7.399s] [34mcolcon.colcon_core.event_handler.log_command[0m [1;30mDEBUG[0m [32mInvoked command in '/home/anlh/DRL_Velocity_Obstacles/build/cnn_msgs' returned '0': CMAKE_PREFIX_PATH=${CMAKE_PREFIX_PATH}:/home/anlh/turtlebot3_ws/install/turtlebot3_teleop:/home/anlh/turtlebot3_ws/install/turtlebot3_example:/opt/ros/humble:/home/anlh/ros2_humble/install/rqt_bag_plugins:/home/anlh/ros2_humble/install/rqt_bag:/home/anlh/ros2_humble/install/ros2bag:/home/anlh/ros2_humble/install/tracetools_test:/home/anlh/ros2_humble/install/tracetools_launch:/home/anlh/ros2_humble/install/topic_monitor:/home/anlh/ros2_humble/install/tf2_tools:/home/anlh/ros2_humble/install/examples_tf2_py:/home/anlh/ros2_humble/install/tf2_ros_py:/home/anlh/ros2_humble/install/sros2:/home/anlh/ros2_humble/install/rqt_topic:/home/anlh/ros2_humble/install/rqt_srv:/home/anlh/ros2_humble/install/rqt_shell:/home/anlh/ros2_humble/install/rqt_service_caller:/home/anlh/ros2_humble/install/rqt_reconfigure:/home/anlh/ros2_humble/install/rqt_py_console:/home/anlh/ros2_humble/install/rqt_publisher:/home/anlh/ros2_humble/install/rqt_plot:/home/anlh/ros2_humble/install/rqt_action:/home/anlh/ros2_humble/install/rqt_msg:/home/anlh/ros2_humble/install/rqt_console:/home/anlh/ros2_humble/install/rqt:/home/anlh/ros2_humble/install/rqt_graph:/home/anlh/ros2_humble/install/rqt_gui_py:/home/anlh/ros2_humble/install/rqt_gui:/home/anlh/ros2_humble/install/ros2trace:/home/anlh/ros2_humble/install/ros2topic:/home/anlh/ros2_humble/install/ros2test:/home/anlh/ros2_humble/install/ros2component:/home/anlh/ros2_humble/install/ros2param:/home/anlh/ros2_humble/install/ros2lifecycle:/home/anlh/ros2_humble/install/ros2service:/home/anlh/ros2_humble/install/ros2run:/home/anlh/ros2_humble/install/ros2launch:/home/anlh/ros2_humble/install/ros2pkg:/home/anlh/ros2_humble/install/ros2node:/home/anlh/ros2_humble/install/ros2multicast:/home/anlh/ros2_humble/install/ros2interface:/home/anlh/ros2_humble/install/ros2doctor:/home/anlh/ros2_humble/install/ros2action:/home/anlh/ros2_humble/install/ros2cli:/home/anlh/ros2_humble/install/quality_of_service_demo_py:/home/anlh/ros2_humble/install/lifecycle_py:/home/anlh/ros2_humble/install/launch_testing_ros:/home/anlh/ros2_humble/install/launch_ros:/home/anlh/ros2_humble/install/examples_rclpy_pointcloud_publisher:/home/anlh/ros2_humble/install/examples_rclpy_minimal_subscriber:/home/anlh/ros2_humble/install/examples_rclpy_minimal_service:/home/anlh/ros2_humble/install/examples_rclpy_minimal_publisher:/home/anlh/ros2_humble/install/examples_rclpy_minimal_client:/home/anlh/ros2_humble/install/examples_rclpy_minimal_action_server:/home/anlh/ros2_humble/install/examples_rclpy_minimal_action_client:/home/anlh/ros2_humble/install/examples_rclpy_guard_conditions:/home/anlh/ros2_humble/install/examples_rclpy_executors:/home/anlh/ros2_humble/install/demo_nodes_py:/home/anlh/ros2_humble/install/action_tutorials_py:/home/anlh/ros2_humble/install/ament_uncrustify:/home/anlh/ros2_humble/install/tracetools_trace:/home/anlh/ros2_humble/install/tracetools_read:/home/anlh/ros2_humble/install/test_tracetools_launch:/home/anlh/ros2_humble/install/test_launch_ros:/home/anlh/ros2_humble/install/sensor_msgs_py:/home/anlh/ros2_humble/install/rpyutils:/home/anlh/ros2_humble/install/rosidl_runtime_py:/home/anlh/ros2_humble/install/rosidl_cli:/home/anlh/ros2_humble/install/launch_pytest:/home/anlh/ros2_humble/install/launch_testing:/home/anlh/ros2_humble/install/launch_yaml:/home/anlh/ros2_humble/install/launch_xml:/home/anlh/ros2_humble/install/launch:/home/anlh/ros2_humble/install/osrf_pycommon:/home/anlh/ros2_humble/install/launch_testing_examples:/home/anlh/ros2_humble/install/domain_coordinator:/home/anlh/ros2_humble/install/ament_xmllint:/home/anlh/ros2_humble/install/ament_pyflakes:/home/anlh/ros2_humble/install/ament_pycodestyle:/home/anlh/ros2_humble/install/ament_pep257:/home/anlh/ros2_humble/install/ament_pclint:/home/anlh/ros2_humble/install/ament_package:/home/anlh/ros2_humble/install/ament_mypy:/home/anlh/ros2_humble/install/ament_lint_cmake:/home/anlh/ros2_humble/install/ament_flake8:/home/anlh/ros2_humble/install/ament_copyright:/home/anlh/ros2_humble/install/ament_lint:/home/anlh/ros2_humble/install/ament_index_python:/home/anlh/ros2_humble/install/ament_cpplint:/home/anlh/ros2_humble/install/ament_cppcheck:/home/anlh/ros2_humble/install/ament_clang_tidy:/home/anlh/ros2_humble/install/ament_clang_format /usr/local/bin/cmake --install /home/anlh/DRL_Velocity_Obstacles/build/cnn_msgs[0m
[7.399s] [34mcolcon.colcon_core.environment[0m [1;30mLevel 1[0m checking '/home/anlh/DRL_Velocity_Obstacles/install/cnn_msgs' for CMake config files
[7.399s] [34mcolcon.colcon_core.shell[0m [1;30mLevel 1[0m create_environment_hook('cnn_msgs', 'cmake_prefix_path')
[7.399s] [34mcolcon.colcon_core.shell[0m [1;30mINFO[0m Creating environment hook '/home/anlh/DRL_Velocity_Obstacles/install/cnn_msgs/share/cnn_msgs/hook/cmake_prefix_path.ps1'
[7.399s] [34mcolcon.colcon_core.shell[0m [1;30mINFO[0m Creating environment descriptor '/home/anlh/DRL_Velocity_Obstacles/install/cnn_msgs/share/cnn_msgs/hook/cmake_prefix_path.dsv'
[7.400s] [34mcolcon.colcon_core.shell[0m [1;30mINFO[0m Creating environment hook '/home/anlh/DRL_Velocity_Obstacles/install/cnn_msgs/share/cnn_msgs/hook/cmake_prefix_path.sh'
[7.400s] [34mcolcon.colcon_core.environment[0m [1;30mLevel 1[0m checking '/home/anlh/DRL_Velocity_Obstacles/install/cnn_msgs/lib'
[7.400s] [34mcolcon.colcon_core.shell[0m [1;30mLevel 1[0m create_environment_hook('cnn_msgs', 'ld_library_path_lib')
[7.400s] [34mcolcon.colcon_core.shell[0m [1;30mINFO[0m Creating environment hook '/home/anlh/DRL_Velocity_Obstacles/install/cnn_msgs/share/cnn_msgs/hook/ld_library_path_lib.ps1'
[7.400s] [34mcolcon.colcon_core.shell[0m [1;30mINFO[0m Creating environment descriptor '/home/anlh/DRL_Velocity_Obstacles/install/cnn_msgs/share/cnn_msgs/hook/ld_library_path_lib.dsv'
[7.400s] [34mcolcon.colcon_core.shell[0m [1;30mINFO[0m Creating environment hook '/home/anlh/DRL_Velocity_Obstacles/install/cnn_msgs/share/cnn_msgs/hook/ld_library_path_lib.sh'
[7.401s] [34mcolcon.colcon_core.environment[0m [1;30mLevel 1[0m checking '/home/anlh/DRL_Velocity_Obstacles/install/cnn_msgs/bin'
[7.401s] [34mcolcon.colcon_core.environment[0m [1;30mLevel 1[0m checking '/home/anlh/DRL_Velocity_Obstacles/install/cnn_msgs/lib/pkgconfig/cnn_msgs.pc'
[7.401s] [34mcolcon.colcon_core.environment[0m [1;30mLevel 1[0m checking '/home/anlh/DRL_Velocity_Obstacles/install/cnn_msgs/lib/python3.10/site-packages'
[7.401s] [34mcolcon.colcon_core.environment[0m [1;30mLevel 1[0m checking '/home/anlh/DRL_Velocity_Obstacles/install/cnn_msgs/bin'
[7.401s] [34mcolcon.colcon_core.shell[0m [1;30mINFO[0m Creating package script '/home/anlh/DRL_Velocity_Obstacles/install/cnn_msgs/share/cnn_msgs/package.ps1'
[7.401s] [34mcolcon.colcon_core.shell[0m [1;30mINFO[0m Creating package descriptor '/home/anlh/DRL_Velocity_Obstacles/install/cnn_msgs/share/cnn_msgs/package.dsv'
[7.402s] [34mcolcon.colcon_core.shell[0m [1;30mINFO[0m Creating package script '/home/anlh/DRL_Velocity_Obstacles/install/cnn_msgs/share/cnn_msgs/package.sh'
[7.402s] [34mcolcon.colcon_core.shell[0m [1;30mINFO[0m Creating package script '/home/anlh/DRL_Velocity_Obstacles/install/cnn_msgs/share/cnn_msgs/package.bash'
[7.402s] [34mcolcon.colcon_core.shell[0m [1;30mINFO[0m Creating package script '/home/anlh/DRL_Velocity_Obstacles/install/cnn_msgs/share/cnn_msgs/package.zsh'
[7.402s] [34mcolcon.colcon_core.environment[0m [1;30mLevel 1[0m create_file_with_runtime_dependencies(/home/anlh/DRL_Velocity_Obstacles/install/cnn_msgs/share/colcon-core/packages/cnn_msgs)
[7.594s] [34mcolcon.colcon_core.environment[0m [1;30mLevel 1[0m create_environment_scripts_only(cnn_msgs)
[7.594s] [34mcolcon.colcon_core.environment[0m [1;30mLevel 1[0m checking '/home/anlh/DRL_Velocity_Obstacles/install/cnn_msgs' for CMake module files
[7.594s] [34mcolcon.colcon_core.environment[0m [1;30mLevel 1[0m checking '/home/anlh/DRL_Velocity_Obstacles/install/cnn_msgs' for CMake config files
[7.594s] [34mcolcon.colcon_core.shell[0m [1;30mLevel 1[0m create_environment_hook('cnn_msgs', 'cmake_prefix_path')
[7.595s] [34mcolcon.colcon_core.shell[0m [1;30mINFO[0m Creating environment hook '/home/anlh/DRL_Velocity_Obstacles/install/cnn_msgs/share/cnn_msgs/hook/cmake_prefix_path.ps1'
[7.595s] [34mcolcon.colcon_core.shell[0m [1;30mINFO[0m Creating environment descriptor '/home/anlh/DRL_Velocity_Obstacles/install/cnn_msgs/share/cnn_msgs/hook/cmake_prefix_path.dsv'
[7.595s] [34mcolcon.colcon_core.shell[0m [1;30mINFO[0m Creating environment hook '/home/anlh/DRL_Velocity_Obstacles/install/cnn_msgs/share/cnn_msgs/hook/cmake_prefix_path.sh'
[7.595s] [34mcolcon.colcon_core.environment[0m [1;30mLevel 1[0m checking '/home/anlh/DRL_Velocity_Obstacles/install/cnn_msgs/lib'
[7.595s] [34mcolcon.colcon_core.shell[0m [1;30mLevel 1[0m create_environment_hook('cnn_msgs', 'ld_library_path_lib')
[7.596s] [34mcolcon.colcon_core.shell[0m [1;30mINFO[0m Creating environment hook '/home/anlh/DRL_Velocity_Obstacles/install/cnn_msgs/share/cnn_msgs/hook/ld_library_path_lib.ps1'
[7.596s] [34mcolcon.colcon_core.shell[0m [1;30mINFO[0m Creating environment descriptor '/home/anlh/DRL_Velocity_Obstacles/install/cnn_msgs/share/cnn_msgs/hook/ld_library_path_lib.dsv'
[7.596s] [34mcolcon.colcon_core.shell[0m [1;30mINFO[0m Creating environment hook '/home/anlh/DRL_Velocity_Obstacles/install/cnn_msgs/share/cnn_msgs/hook/ld_library_path_lib.sh'
[7.596s] [34mcolcon.colcon_core.environment[0m [1;30mLevel 1[0m checking '/home/anlh/DRL_Velocity_Obstacles/install/cnn_msgs/bin'
[7.596s] [34mcolcon.colcon_core.environment[0m [1;30mLevel 1[0m checking '/home/anlh/DRL_Velocity_Obstacles/install/cnn_msgs/lib/pkgconfig/cnn_msgs.pc'
[7.596s] [34mcolcon.colcon_core.environment[0m [1;30mLevel 1[0m checking '/home/anlh/DRL_Velocity_Obstacles/install/cnn_msgs/lib/python3.10/site-packages'
[7.596s] [34mcolcon.colcon_core.environment[0m [1;30mLevel 1[0m checking '/home/anlh/DRL_Velocity_Obstacles/install/cnn_msgs/bin'
[7.597s] [34mcolcon.colcon_core.shell[0m [1;30mINFO[0m Creating package script '/home/anlh/DRL_Velocity_Obstacles/install/cnn_msgs/share/cnn_msgs/package.ps1'
[7.597s] [34mcolcon.colcon_core.shell[0m [1;30mINFO[0m Creating package descriptor '/home/anlh/DRL_Velocity_Obstacles/install/cnn_msgs/share/cnn_msgs/package.dsv'
[7.597s] [34mcolcon.colcon_core.shell[0m [1;30mINFO[0m Creating package script '/home/anlh/DRL_Velocity_Obstacles/install/cnn_msgs/share/cnn_msgs/package.sh'
[7.597s] [34mcolcon.colcon_core.shell[0m [1;30mINFO[0m Creating package script '/home/anlh/DRL_Velocity_Obstacles/install/cnn_msgs/share/cnn_msgs/package.bash'
[7.598s] [34mcolcon.colcon_core.shell[0m [1;30mINFO[0m Creating package script '/home/anlh/DRL_Velocity_Obstacles/install/cnn_msgs/share/cnn_msgs/package.zsh'
[7.598s] [34mcolcon.colcon_core.environment[0m [1;30mLevel 1[0m create_file_with_runtime_dependencies(/home/anlh/DRL_Velocity_Obstacles/install/cnn_msgs/share/colcon-core/packages/cnn_msgs)
[7.820s] [34mcolcon.colcon_core.event_handler.log_command[0m [1;30mDEBUG[0m [32mInvoking command in '/home/anlh/DRL_Velocity_Obstacles/build/track_ped_msgs': /usr/local/bin/cmake --install /home/anlh/DRL_Velocity_Obstacles/build/track_ped_msgs[0m
[7.946s] [34mcolcon.colcon_core.event_handler.log_command[0m [1;30mDEBUG[0m [32mInvoked command in '/home/anlh/DRL_Velocity_Obstacles/build/track_ped_msgs' returned '0': /usr/local/bin/cmake --install /home/anlh/DRL_Velocity_Obstacles/build/track_ped_msgs[0m
[8.202s] [34mcolcon.colcon_core.shell[0m [1;30mLevel 1[0m create_environment_hook('track_ped_msgs', 'ros_package_path')
[8.202s] [34mcolcon.colcon_core.shell[0m [1;30mINFO[0m Creating environment hook '/home/anlh/DRL_Velocity_Obstacles/install/track_ped_msgs/share/track_ped_msgs/hook/ros_package_path.ps1'
[8.203s] [34mcolcon.colcon_core.shell[0m [1;30mINFO[0m Creating environment descriptor '/home/anlh/DRL_Velocity_Obstacles/install/track_ped_msgs/share/track_ped_msgs/hook/ros_package_path.dsv'
[8.203s] [34mcolcon.colcon_core.shell[0m [1;30mINFO[0m Creating environment hook '/home/anlh/DRL_Velocity_Obstacles/install/track_ped_msgs/share/track_ped_msgs/hook/ros_package_path.sh'
[8.203s] [34mcolcon.colcon_ros.task.catkin[0m [1;30mLevel 1[0m checking '/home/anlh/DRL_Velocity_Obstacles/install/track_ped_msgs/local/lib/python3.10/dist-packages'
[8.203s] [34mcolcon.colcon_core.shell[0m [1;30mLevel 1[0m create_environment_hook('track_ped_msgs', 'catkin_pythonpath')
[8.203s] [34mcolcon.colcon_core.shell[0m [1;30mINFO[0m Creating environment hook '/home/anlh/DRL_Velocity_Obstacles/install/track_ped_msgs/share/track_ped_msgs/hook/catkin_pythonpath.ps1'
[8.204s] [34mcolcon.colcon_core.shell[0m [1;30mINFO[0m Creating environment descriptor '/home/anlh/DRL_Velocity_Obstacles/install/track_ped_msgs/share/track_ped_msgs/hook/catkin_pythonpath.dsv'
[8.204s] [34mcolcon.colcon_core.shell[0m [1;30mINFO[0m Creating environment hook '/home/anlh/DRL_Velocity_Obstacles/install/track_ped_msgs/share/track_ped_msgs/hook/catkin_pythonpath.sh'
[8.204s] [34mcolcon.colcon_core.shell[0m [1;30mLevel 1[0m create_environment_hook('track_ped_msgs', 'pkg_config_path')
[8.204s] [34mcolcon.colcon_core.shell[0m [1;30mINFO[0m Creating environment hook '/home/anlh/DRL_Velocity_Obstacles/install/track_ped_msgs/share/track_ped_msgs/hook/pkg_config_path.ps1'
[8.204s] [34mcolcon.colcon_core.shell[0m [1;30mINFO[0m Creating environment descriptor '/home/anlh/DRL_Velocity_Obstacles/install/track_ped_msgs/share/track_ped_msgs/hook/pkg_config_path.dsv'
[8.204s] [34mcolcon.colcon_core.shell[0m [1;30mINFO[0m Creating environment hook '/home/anlh/DRL_Velocity_Obstacles/install/track_ped_msgs/share/track_ped_msgs/hook/pkg_config_path.sh'
[8.208s] [34mcolcon.colcon_core.shell[0m [1;30mLevel 1[0m create_environment_hook('track_ped_msgs', 'pkg_config_path_multiarch')
[8.208s] [34mcolcon.colcon_core.shell[0m [1;30mINFO[0m Creating environment hook '/home/anlh/DRL_Velocity_Obstacles/install/track_ped_msgs/share/track_ped_msgs/hook/pkg_config_path_multiarch.ps1'
[8.208s] [34mcolcon.colcon_core.shell[0m [1;30mINFO[0m Creating environment descriptor '/home/anlh/DRL_Velocity_Obstacles/install/track_ped_msgs/share/track_ped_msgs/hook/pkg_config_path_multiarch.dsv'
[8.208s] [34mcolcon.colcon_core.shell[0m [1;30mINFO[0m Creating environment hook '/home/anlh/DRL_Velocity_Obstacles/install/track_ped_msgs/share/track_ped_msgs/hook/pkg_config_path_multiarch.sh'
[8.209s] [34mcolcon.colcon_core.environment[0m [1;30mLevel 1[0m create_environment_scripts_only(track_ped_msgs)
[8.209s] [34mcolcon.colcon_core.environment[0m [1;30mLevel 1[0m checking '/home/anlh/DRL_Velocity_Obstacles/install/track_ped_msgs' for CMake module files
[8.209s] [34mcolcon.colcon_core.environment[0m [1;30mLevel 1[0m checking '/home/anlh/DRL_Velocity_Obstacles/install/track_ped_msgs' for CMake config files
[8.210s] [34mcolcon.colcon_core.shell[0m [1;30mLevel 1[0m create_environment_hook('track_ped_msgs', 'cmake_prefix_path')
[8.210s] [34mcolcon.colcon_core.shell[0m [1;30mINFO[0m Creating environment hook '/home/anlh/DRL_Velocity_Obstacles/install/track_ped_msgs/share/track_ped_msgs/hook/cmake_prefix_path.ps1'
[8.210s] [34mcolcon.colcon_core.shell[0m [1;30mINFO[0m Creating environment descriptor '/home/anlh/DRL_Velocity_Obstacles/install/track_ped_msgs/share/track_ped_msgs/hook/cmake_prefix_path.dsv'
[8.210s] [34mcolcon.colcon_core.shell[0m [1;30mINFO[0m Creating environment hook '/home/anlh/DRL_Velocity_Obstacles/install/track_ped_msgs/share/track_ped_msgs/hook/cmake_prefix_path.sh'
[8.210s] [34mcolcon.colcon_core.environment[0m [1;30mLevel 1[0m checking '/home/anlh/DRL_Velocity_Obstacles/install/track_ped_msgs/lib'
[8.210s] [34mcolcon.colcon_core.shell[0m [1;30mLevel 1[0m create_environment_hook('track_ped_msgs', 'ld_library_path_lib')
[8.210s] [34mcolcon.colcon_core.shell[0m [1;30mINFO[0m Creating environment hook '/home/anlh/DRL_Velocity_Obstacles/install/track_ped_msgs/share/track_ped_msgs/hook/ld_library_path_lib.ps1'
[8.211s] [34mcolcon.colcon_core.shell[0m [1;30mINFO[0m Creating environment descriptor '/home/anlh/DRL_Velocity_Obstacles/install/track_ped_msgs/share/track_ped_msgs/hook/ld_library_path_lib.dsv'
[8.211s] [34mcolcon.colcon_core.shell[0m [1;30mINFO[0m Creating environment hook '/home/anlh/DRL_Velocity_Obstacles/install/track_ped_msgs/share/track_ped_msgs/hook/ld_library_path_lib.sh'
[8.211s] [34mcolcon.colcon_core.environment[0m [1;30mLevel 1[0m checking '/home/anlh/DRL_Velocity_Obstacles/install/track_ped_msgs/bin'
[8.211s] [34mcolcon.colcon_core.environment[0m [1;30mLevel 1[0m checking '/home/anlh/DRL_Velocity_Obstacles/install/track_ped_msgs/lib/pkgconfig/track_ped_msgs.pc'
[8.211s] [34mcolcon.colcon_core.environment[0m [1;30mLevel 1[0m checking '/home/anlh/DRL_Velocity_Obstacles/install/track_ped_msgs/lib/python3.10/site-packages'
[8.211s] [34mcolcon.colcon_core.environment[0m [1;30mLevel 1[0m checking '/home/anlh/DRL_Velocity_Obstacles/install/track_ped_msgs/bin'
[8.212s] [34mcolcon.colcon_core.shell[0m [1;30mINFO[0m Creating package script '/home/anlh/DRL_Velocity_Obstacles/install/track_ped_msgs/share/track_ped_msgs/package.ps1'
[8.212s] [34mcolcon.colcon_core.shell[0m [1;30mINFO[0m Creating package descriptor '/home/anlh/DRL_Velocity_Obstacles/install/track_ped_msgs/share/track_ped_msgs/package.dsv'
[8.212s] [34mcolcon.colcon_core.shell[0m [1;30mINFO[0m Creating package script '/home/anlh/DRL_Velocity_Obstacles/install/track_ped_msgs/share/track_ped_msgs/package.sh'
[8.213s] [34mcolcon.colcon_core.shell[0m [1;30mINFO[0m Creating package script '/home/anlh/DRL_Velocity_Obstacles/install/track_ped_msgs/share/track_ped_msgs/package.bash'
[8.213s] [34mcolcon.colcon_core.shell[0m [1;30mINFO[0m Creating package script '/home/anlh/DRL_Velocity_Obstacles/install/track_ped_msgs/share/track_ped_msgs/package.zsh'
[8.213s] [34mcolcon.colcon_core.environment[0m [1;30mLevel 1[0m create_file_with_runtime_dependencies(/home/anlh/DRL_Velocity_Obstacles/install/track_ped_msgs/share/colcon-core/packages/track_ped_msgs)
[8.213s] [34mcolcon.colcon_parallel_executor.executor.parallel[0m [1;30mDEBUG[0m [32mclosing loop[0m
[8.213s] [34mcolcon.colcon_parallel_executor.executor.parallel[0m [1;30mDEBUG[0m [32mloop closed[0m
[8.213s] [34mcolcon.colcon_parallel_executor.executor.parallel[0m [1;30mDEBUG[0m [32mrun_until_complete finished with '0'[0m
[8.213s] [34mcolcon.colcon_core.event_reactor[0m [1;30mDEBUG[0m [32mjoining thread[0m
[8.221s] [34mcolcon.colcon_core.plugin_system[0m [1;30mINFO[0m Skipping extension 'colcon_notification.desktop_notification.terminal_notifier': Not used on non-Darwin systems
[8.221s] [34mcolcon.colcon_core.plugin_system[0m [1;30mINFO[0m Skipping extension 'colcon_notification.desktop_notification.win32': Not used on non-Windows systems
[8.221s] [34mcolcon.colcon_notification.desktop_notification[0m [1;30mINFO[0m Sending desktop notification using 'notify2'
[8.229s] [34mcolcon.colcon_core.event_reactor[0m [1;30mDEBUG[0m [32mjoined thread[0m
[8.229s] [34mcolcon.colcon_core.shell[0m [1;30mINFO[0m Creating prefix script '/home/anlh/DRL_Velocity_Obstacles/install/local_setup.ps1'
[8.230s] [34mcolcon.colcon_core.shell[0m [1;30mINFO[0m Creating prefix util module '/home/anlh/DRL_Velocity_Obstacles/install/_local_setup_util_ps1.py'
[8.231s] [34mcolcon.colcon_core.shell[0m [1;30mINFO[0m Creating prefix chain script '/home/anlh/DRL_Velocity_Obstacles/install/setup.ps1'
[8.238s] [34mcolcon.colcon_core.shell[0m [1;30mINFO[0m Creating prefix script '/home/anlh/DRL_Velocity_Obstacles/install/local_setup.sh'
[8.238s] [34mcolcon.colcon_core.shell[0m [1;30mINFO[0m Creating prefix util module '/home/anlh/DRL_Velocity_Obstacles/install/_local_setup_util_sh.py'
[8.239s] [34mcolcon.colcon_core.shell[0m [1;30mINFO[0m Creating prefix chain script '/home/anlh/DRL_Velocity_Obstacles/install/setup.sh'
[8.245s] [34mcolcon.colcon_core.shell[0m [1;30mINFO[0m Creating prefix script '/home/anlh/DRL_Velocity_Obstacles/install/local_setup.bash'
[8.246s] [34mcolcon.colcon_core.shell[0m [1;30mINFO[0m Creating prefix chain script '/home/anlh/DRL_Velocity_Obstacles/install/setup.bash'
[8.252s] [34mcolcon.colcon_core.shell[0m [1;30mINFO[0m Creating prefix script '/home/anlh/DRL_Velocity_Obstacles/install/local_setup.zsh'
[8.252s] [34mcolcon.colcon_core.shell[0m [1;30mINFO[0m Creating prefix chain script '/home/anlh/DRL_Velocity_Obstacles/install/setup.zsh'
