-- Install configuration: ""
-- Up-to-date: /home/anlh/DRL_Velocity_Obstacles/install/drl_vo/lib/drl_vo/cmd_vel_pub.py
-- Up-to-date: /home/anlh/DRL_Velocity_Obstacles/install/drl_vo/lib/drl_vo/cnn_data_pub.py
-- Up-to-date: /home/anlh/DRL_Velocity_Obstacles/install/drl_vo/lib/drl_vo/drl_vo_inference.py
-- Up-to-date: /home/anlh/DRL_Velocity_Obstacles/install/drl_vo/lib/drl_vo/drl_vo_train.py
-- Installing: /home/anlh/DRL_Velocity_Obstacles/install/drl_vo/lib/drl_vo/track_data_pub.py
-- Up-to-date: /home/anlh/DRL_Velocity_Obstacles/install/drl_vo/share/drl_vo/launch/launch
-- Up-to-date: /home/anlh/DRL_Velocity_Obstacles/install/drl_vo/share/drl_vo/launch/launch/drl_vo_nav_train.launch.py
-- Up-to-date: /home/anlh/DRL_Velocity_Obstacles/install/drl_vo/share/drl_vo/launch/launch/drl_vo_train.launch.py
-- Up-to-date: /home/anlh/DRL_Velocity_Obstacles/install/drl_vo/share/ament_index/resource_index/package_run_dependencies/drl_vo
-- Up-to-date: /home/anlh/DRL_Velocity_Obstacles/install/drl_vo/share/ament_index/resource_index/parent_prefix_path/drl_vo
-- Up-to-date: /home/anlh/DRL_Velocity_Obstacles/install/drl_vo/share/drl_vo/environment/ament_prefix_path.dsv
-- Up-to-date: /home/anlh/DRL_Velocity_Obstacles/install/drl_vo/share/drl_vo/environment/path.dsv
-- Up-to-date: /home/anlh/DRL_Velocity_Obstacles/install/drl_vo/share/drl_vo/local_setup.bash
-- Up-to-date: /home/anlh/DRL_Velocity_Obstacles/install/drl_vo/share/drl_vo/local_setup.sh
-- Up-to-date: /home/anlh/DRL_Velocity_Obstacles/install/drl_vo/share/drl_vo/local_setup.zsh
-- Up-to-date: /home/anlh/DRL_Velocity_Obstacles/install/drl_vo/share/drl_vo/local_setup.dsv
-- Up-to-date: /home/anlh/DRL_Velocity_Obstacles/install/drl_vo/share/drl_vo/package.dsv
-- Up-to-date: /home/anlh/DRL_Velocity_Obstacles/install/drl_vo/share/ament_index/resource_index/packages/drl_vo
-- Up-to-date: /home/anlh/DRL_Velocity_Obstacles/install/drl_vo/share/drl_vo/cmake/drl_voConfig.cmake
-- Up-to-date: /home/anlh/DRL_Velocity_Obstacles/install/drl_vo/share/drl_vo/cmake/drl_voConfig-version.cmake
-- Up-to-date: /home/anlh/DRL_Velocity_Obstacles/install/drl_vo/share/drl_vo/package.xml
