[0.025s] Invoking command in '/home/anlh/DRL_Velocity_Obstacles/build/cnn_msgs': CMAKE_PREFIX_PATH=${CMAKE_PREFIX_PATH}:/home/anlh/turtlebot3_ws/install/turtlebot3_teleop:/home/anlh/turtlebot3_ws/install/turtlebot3_example:/opt/ros/humble:/home/anlh/ros2_humble/install/rqt_bag_plugins:/home/anlh/ros2_humble/install/rqt_bag:/home/anlh/ros2_humble/install/ros2bag:/home/anlh/ros2_humble/install/tracetools_test:/home/anlh/ros2_humble/install/tracetools_launch:/home/anlh/ros2_humble/install/topic_monitor:/home/anlh/ros2_humble/install/tf2_tools:/home/anlh/ros2_humble/install/examples_tf2_py:/home/anlh/ros2_humble/install/tf2_ros_py:/home/anlh/ros2_humble/install/sros2:/home/anlh/ros2_humble/install/rqt_topic:/home/anlh/ros2_humble/install/rqt_srv:/home/anlh/ros2_humble/install/rqt_shell:/home/anlh/ros2_humble/install/rqt_service_caller:/home/anlh/ros2_humble/install/rqt_reconfigure:/home/anlh/ros2_humble/install/rqt_py_console:/home/anlh/ros2_humble/install/rqt_publisher:/home/anlh/ros2_humble/install/rqt_plot:/home/anlh/ros2_humble/install/rqt_action:/home/anlh/ros2_humble/install/rqt_msg:/home/anlh/ros2_humble/install/rqt_console:/home/anlh/ros2_humble/install/rqt:/home/anlh/ros2_humble/install/rqt_graph:/home/anlh/ros2_humble/install/rqt_gui_py:/home/anlh/ros2_humble/install/rqt_gui:/home/anlh/ros2_humble/install/ros2trace:/home/anlh/ros2_humble/install/ros2topic:/home/anlh/ros2_humble/install/ros2test:/home/anlh/ros2_humble/install/ros2component:/home/anlh/ros2_humble/install/ros2param:/home/anlh/ros2_humble/install/ros2lifecycle:/home/anlh/ros2_humble/install/ros2service:/home/anlh/ros2_humble/install/ros2run:/home/anlh/ros2_humble/install/ros2launch:/home/anlh/ros2_humble/install/ros2pkg:/home/anlh/ros2_humble/install/ros2node:/home/anlh/ros2_humble/install/ros2multicast:/home/anlh/ros2_humble/install/ros2interface:/home/anlh/ros2_humble/install/ros2doctor:/home/anlh/ros2_humble/install/ros2action:/home/anlh/ros2_humble/install/ros2cli:/home/anlh/ros2_humble/install/quality_of_service_demo_py:/home/anlh/ros2_humble/install/lifecycle_py:/home/anlh/ros2_humble/install/launch_testing_ros:/home/anlh/ros2_humble/install/launch_ros:/home/anlh/ros2_humble/install/examples_rclpy_pointcloud_publisher:/home/anlh/ros2_humble/install/examples_rclpy_minimal_subscriber:/home/anlh/ros2_humble/install/examples_rclpy_minimal_service:/home/anlh/ros2_humble/install/examples_rclpy_minimal_publisher:/home/anlh/ros2_humble/install/examples_rclpy_minimal_client:/home/anlh/ros2_humble/install/examples_rclpy_minimal_action_server:/home/anlh/ros2_humble/install/examples_rclpy_minimal_action_client:/home/anlh/ros2_humble/install/examples_rclpy_guard_conditions:/home/anlh/ros2_humble/install/examples_rclpy_executors:/home/anlh/ros2_humble/install/demo_nodes_py:/home/anlh/ros2_humble/install/action_tutorials_py:/home/anlh/ros2_humble/install/ament_uncrustify:/home/anlh/ros2_humble/install/tracetools_trace:/home/anlh/ros2_humble/install/tracetools_read:/home/anlh/ros2_humble/install/test_tracetools_launch:/home/anlh/ros2_humble/install/test_launch_ros:/home/anlh/ros2_humble/install/sensor_msgs_py:/home/anlh/ros2_humble/install/rpyutils:/home/anlh/ros2_humble/install/rosidl_runtime_py:/home/anlh/ros2_humble/install/rosidl_cli:/home/anlh/ros2_humble/install/launch_pytest:/home/anlh/ros2_humble/install/launch_testing:/home/anlh/ros2_humble/install/launch_yaml:/home/anlh/ros2_humble/install/launch_xml:/home/anlh/ros2_humble/install/launch:/home/anlh/ros2_humble/install/osrf_pycommon:/home/anlh/ros2_humble/install/launch_testing_examples:/home/anlh/ros2_humble/install/domain_coordinator:/home/anlh/ros2_humble/install/ament_xmllint:/home/anlh/ros2_humble/install/ament_pyflakes:/home/anlh/ros2_humble/install/ament_pycodestyle:/home/anlh/ros2_humble/install/ament_pep257:/home/anlh/ros2_humble/install/ament_pclint:/home/anlh/ros2_humble/install/ament_package:/home/anlh/ros2_humble/install/ament_mypy:/home/anlh/ros2_humble/install/ament_lint_cmake:/home/anlh/ros2_humble/install/ament_flake8:/home/anlh/ros2_humble/install/ament_copyright:/home/anlh/ros2_humble/install/ament_lint:/home/anlh/ros2_humble/install/ament_index_python:/home/anlh/ros2_humble/install/ament_cpplint:/home/anlh/ros2_humble/install/ament_cppcheck:/home/anlh/ros2_humble/install/ament_clang_tidy:/home/anlh/ros2_humble/install/ament_clang_format /usr/local/bin/cmake /home/anlh/DRL_Velocity_Obstacles/src/cnn_msgs -DCMAKE_INSTALL_PREFIX=/home/anlh/DRL_Velocity_Obstacles/install/cnn_msgs
[0.037s] -- Found ament_cmake: 1.3.10 (/home/anlh/ros2_humble/install/ament_cmake/share/ament_cmake/cmake)
[0.387s] -- Found rosidl_default_generators: 1.2.0 (/home/anlh/ros2_humble/install/rosidl_default_generators/share/rosidl_default_generators/cmake)
[0.457s] -- Using all available rosidl_typesupport_c: rosidl_typesupport_fastrtps_c;rosidl_typesupport_introspection_c
[0.459s] -- Found rosidl_adapter: 3.1.5 (/home/anlh/ros2_humble/install/rosidl_adapter/share/rosidl_adapter/cmake)
[0.502s] -- Using all available rosidl_typesupport_cpp: rosidl_typesupport_fastrtps_cpp;rosidl_typesupport_introspection_cpp
[0.520s] -- Found std_msgs: 4.2.4 (/home/anlh/ros2_humble/install/std_msgs/share/std_msgs/cmake)
[1.282s] -- Found ament_cmake_ros: 0.10.0 (/home/anlh/ros2_humble/install/ament_cmake_ros/share/ament_cmake_ros/cmake)
[2.075s] -- Using all available rosidl_typesupport_c: rosidl_typesupport_fastrtps_c;rosidl_typesupport_introspection_c
[3.082s] -- Using all available rosidl_typesupport_cpp: rosidl_typesupport_fastrtps_cpp;rosidl_typesupport_introspection_cpp
[3.092s] [33mCMake Warning (dev) at /home/anlh/ros2_humble/install/rosidl_generator_py/share/rosidl_generator_py/cmake/rosidl_generator_py_generate_interfaces.cmake:20 (find_package):
[3.092s]   Policy CMP0148 is not set: The FindPythonInterp and FindPythonLibs modules
[3.092s]   are removed.  Run "cmake --help-policy CMP0148" for policy details.  Use
[3.092s]   the cmake_policy command to set the policy and suppress this warning.
[3.092s] 
[3.092s] Call Stack (most recent call first):
[3.092s]   /home/anlh/ros2_humble/install/ament_cmake_core/share/ament_cmake_core/cmake/core/ament_execute_extensions.cmake:48 (include)
[3.092s]   /home/anlh/ros2_humble/install/rosidl_cmake/share/rosidl_cmake/cmake/rosidl_generate_interfaces.cmake:286 (ament_execute_extensions)
[3.093s]   CMakeLists.txt:24 (rosidl_generate_interfaces)
[3.093s] This warning is for project developers.  Use -Wno-dev to suppress it.
[3.093s] [0m
[3.130s] -- Found PythonInterp: /usr/bin/python3 (found suitable version "3.10.12", minimum required is "3.6")
[3.139s] -- Found python_cmake_module: 0.10.0 (/home/anlh/ros2_humble/install/python_cmake_module/share/python_cmake_module/cmake)
[3.140s] [33mCMake Warning (dev) at /home/anlh/ros2_humble/install/python_cmake_module/share/python_cmake_module/cmake/Modules/FindPythonExtra.cmake:52 (find_package):
[3.140s]   Policy CMP0148 is not set: The FindPythonInterp and FindPythonLibs modules
[3.140s]   are removed.  Run "cmake --help-policy CMP0148" for policy details.  Use
[3.141s]   the cmake_policy command to set the policy and suppress this warning.
[3.141s] 
[3.141s] Call Stack (most recent call first):
[3.141s]   /home/anlh/ros2_humble/install/rosidl_generator_py/share/rosidl_generator_py/cmake/rosidl_generator_py_generate_interfaces.cmake:23 (find_package)
[3.141s]   /home/anlh/ros2_humble/install/ament_cmake_core/share/ament_cmake_core/cmake/core/ament_execute_extensions.cmake:48 (include)
[3.141s]   /home/anlh/ros2_humble/install/rosidl_cmake/share/rosidl_cmake/cmake/rosidl_generate_interfaces.cmake:286 (ament_execute_extensions)
[3.141s]   CMakeLists.txt:24 (rosidl_generate_interfaces)
[3.141s] This warning is for project developers.  Use -Wno-dev to suppress it.
[3.141s] [0m
[3.175s] [33mCMake Warning (dev) at /home/anlh/ros2_humble/install/python_cmake_module/share/python_cmake_module/cmake/Modules/FindPythonExtra.cmake:140 (find_package):
[3.175s]   Policy CMP0148 is not set: The FindPythonInterp and FindPythonLibs modules
[3.175s]   are removed.  Run "cmake --help-policy CMP0148" for policy details.  Use
[3.175s]   the cmake_policy command to set the policy and suppress this warning.
[3.175s] 
[3.175s] Call Stack (most recent call first):
[3.175s]   /home/anlh/ros2_humble/install/rosidl_generator_py/share/rosidl_generator_py/cmake/rosidl_generator_py_generate_interfaces.cmake:23 (find_package)
[3.175s]   /home/anlh/ros2_humble/install/ament_cmake_core/share/ament_cmake_core/cmake/core/ament_execute_extensions.cmake:48 (include)
[3.175s]   /home/anlh/ros2_humble/install/rosidl_cmake/share/rosidl_cmake/cmake/rosidl_generate_interfaces.cmake:286 (ament_execute_extensions)
[3.175s]   CMakeLists.txt:24 (rosidl_generate_interfaces)
[3.175s] This warning is for project developers.  Use -Wno-dev to suppress it.
[3.175s] [0m
[3.201s] -- Found PythonLibs: /usr/lib/x86_64-linux-gnu/libpython3.10.so (found suitable version "3.10.12", minimum required is "3.5")
[3.201s] -- Using PYTHON_EXECUTABLE: /usr/bin/python3
[3.201s] -- Using PYTHON_INCLUDE_DIRS: /usr/include/python3.10
[3.201s] -- Using PYTHON_LIBRARIES: /usr/lib/x86_64-linux-gnu/libpython3.10.so
[3.236s] -- Found PythonExtra: .so
[3.562s] -- Configuring done (3.5s)
[3.584s] -- Generating done (0.0s)
[3.585s] -- Build files have been written to: /home/anlh/DRL_Velocity_Obstacles/build/cnn_msgs
[3.590s] Invoked command in '/home/anlh/DRL_Velocity_Obstacles/build/cnn_msgs' returned '0': CMAKE_PREFIX_PATH=${CMAKE_PREFIX_PATH}:/home/anlh/turtlebot3_ws/install/turtlebot3_teleop:/home/anlh/turtlebot3_ws/install/turtlebot3_example:/opt/ros/humble:/home/anlh/ros2_humble/install/rqt_bag_plugins:/home/anlh/ros2_humble/install/rqt_bag:/home/anlh/ros2_humble/install/ros2bag:/home/anlh/ros2_humble/install/tracetools_test:/home/anlh/ros2_humble/install/tracetools_launch:/home/anlh/ros2_humble/install/topic_monitor:/home/anlh/ros2_humble/install/tf2_tools:/home/anlh/ros2_humble/install/examples_tf2_py:/home/anlh/ros2_humble/install/tf2_ros_py:/home/anlh/ros2_humble/install/sros2:/home/anlh/ros2_humble/install/rqt_topic:/home/anlh/ros2_humble/install/rqt_srv:/home/anlh/ros2_humble/install/rqt_shell:/home/anlh/ros2_humble/install/rqt_service_caller:/home/anlh/ros2_humble/install/rqt_reconfigure:/home/anlh/ros2_humble/install/rqt_py_console:/home/anlh/ros2_humble/install/rqt_publisher:/home/anlh/ros2_humble/install/rqt_plot:/home/anlh/ros2_humble/install/rqt_action:/home/anlh/ros2_humble/install/rqt_msg:/home/anlh/ros2_humble/install/rqt_console:/home/anlh/ros2_humble/install/rqt:/home/anlh/ros2_humble/install/rqt_graph:/home/anlh/ros2_humble/install/rqt_gui_py:/home/anlh/ros2_humble/install/rqt_gui:/home/anlh/ros2_humble/install/ros2trace:/home/anlh/ros2_humble/install/ros2topic:/home/anlh/ros2_humble/install/ros2test:/home/anlh/ros2_humble/install/ros2component:/home/anlh/ros2_humble/install/ros2param:/home/anlh/ros2_humble/install/ros2lifecycle:/home/anlh/ros2_humble/install/ros2service:/home/anlh/ros2_humble/install/ros2run:/home/anlh/ros2_humble/install/ros2launch:/home/anlh/ros2_humble/install/ros2pkg:/home/anlh/ros2_humble/install/ros2node:/home/anlh/ros2_humble/install/ros2multicast:/home/anlh/ros2_humble/install/ros2interface:/home/anlh/ros2_humble/install/ros2doctor:/home/anlh/ros2_humble/install/ros2action:/home/anlh/ros2_humble/install/ros2cli:/home/anlh/ros2_humble/install/quality_of_service_demo_py:/home/anlh/ros2_humble/install/lifecycle_py:/home/anlh/ros2_humble/install/launch_testing_ros:/home/anlh/ros2_humble/install/launch_ros:/home/anlh/ros2_humble/install/examples_rclpy_pointcloud_publisher:/home/anlh/ros2_humble/install/examples_rclpy_minimal_subscriber:/home/anlh/ros2_humble/install/examples_rclpy_minimal_service:/home/anlh/ros2_humble/install/examples_rclpy_minimal_publisher:/home/anlh/ros2_humble/install/examples_rclpy_minimal_client:/home/anlh/ros2_humble/install/examples_rclpy_minimal_action_server:/home/anlh/ros2_humble/install/examples_rclpy_minimal_action_client:/home/anlh/ros2_humble/install/examples_rclpy_guard_conditions:/home/anlh/ros2_humble/install/examples_rclpy_executors:/home/anlh/ros2_humble/install/demo_nodes_py:/home/anlh/ros2_humble/install/action_tutorials_py:/home/anlh/ros2_humble/install/ament_uncrustify:/home/anlh/ros2_humble/install/tracetools_trace:/home/anlh/ros2_humble/install/tracetools_read:/home/anlh/ros2_humble/install/test_tracetools_launch:/home/anlh/ros2_humble/install/test_launch_ros:/home/anlh/ros2_humble/install/sensor_msgs_py:/home/anlh/ros2_humble/install/rpyutils:/home/anlh/ros2_humble/install/rosidl_runtime_py:/home/anlh/ros2_humble/install/rosidl_cli:/home/anlh/ros2_humble/install/launch_pytest:/home/anlh/ros2_humble/install/launch_testing:/home/anlh/ros2_humble/install/launch_yaml:/home/anlh/ros2_humble/install/launch_xml:/home/anlh/ros2_humble/install/launch:/home/anlh/ros2_humble/install/osrf_pycommon:/home/anlh/ros2_humble/install/launch_testing_examples:/home/anlh/ros2_humble/install/domain_coordinator:/home/anlh/ros2_humble/install/ament_xmllint:/home/anlh/ros2_humble/install/ament_pyflakes:/home/anlh/ros2_humble/install/ament_pycodestyle:/home/anlh/ros2_humble/install/ament_pep257:/home/anlh/ros2_humble/install/ament_pclint:/home/anlh/ros2_humble/install/ament_package:/home/anlh/ros2_humble/install/ament_mypy:/home/anlh/ros2_humble/install/ament_lint_cmake:/home/anlh/ros2_humble/install/ament_flake8:/home/anlh/ros2_humble/install/ament_copyright:/home/anlh/ros2_humble/install/ament_lint:/home/anlh/ros2_humble/install/ament_index_python:/home/anlh/ros2_humble/install/ament_cpplint:/home/anlh/ros2_humble/install/ament_cppcheck:/home/anlh/ros2_humble/install/ament_clang_tidy:/home/anlh/ros2_humble/install/ament_clang_format /usr/local/bin/cmake /home/anlh/DRL_Velocity_Obstacles/src/cnn_msgs -DCMAKE_INSTALL_PREFIX=/home/anlh/DRL_Velocity_Obstacles/install/cnn_msgs
[3.592s] Invoking command in '/home/anlh/DRL_Velocity_Obstacles/build/cnn_msgs': CMAKE_PREFIX_PATH=${CMAKE_PREFIX_PATH}:/home/anlh/turtlebot3_ws/install/turtlebot3_teleop:/home/anlh/turtlebot3_ws/install/turtlebot3_example:/opt/ros/humble:/home/anlh/ros2_humble/install/rqt_bag_plugins:/home/anlh/ros2_humble/install/rqt_bag:/home/anlh/ros2_humble/install/ros2bag:/home/anlh/ros2_humble/install/tracetools_test:/home/anlh/ros2_humble/install/tracetools_launch:/home/anlh/ros2_humble/install/topic_monitor:/home/anlh/ros2_humble/install/tf2_tools:/home/anlh/ros2_humble/install/examples_tf2_py:/home/anlh/ros2_humble/install/tf2_ros_py:/home/anlh/ros2_humble/install/sros2:/home/anlh/ros2_humble/install/rqt_topic:/home/anlh/ros2_humble/install/rqt_srv:/home/anlh/ros2_humble/install/rqt_shell:/home/anlh/ros2_humble/install/rqt_service_caller:/home/anlh/ros2_humble/install/rqt_reconfigure:/home/anlh/ros2_humble/install/rqt_py_console:/home/anlh/ros2_humble/install/rqt_publisher:/home/anlh/ros2_humble/install/rqt_plot:/home/anlh/ros2_humble/install/rqt_action:/home/anlh/ros2_humble/install/rqt_msg:/home/anlh/ros2_humble/install/rqt_console:/home/anlh/ros2_humble/install/rqt:/home/anlh/ros2_humble/install/rqt_graph:/home/anlh/ros2_humble/install/rqt_gui_py:/home/anlh/ros2_humble/install/rqt_gui:/home/anlh/ros2_humble/install/ros2trace:/home/anlh/ros2_humble/install/ros2topic:/home/anlh/ros2_humble/install/ros2test:/home/anlh/ros2_humble/install/ros2component:/home/anlh/ros2_humble/install/ros2param:/home/anlh/ros2_humble/install/ros2lifecycle:/home/anlh/ros2_humble/install/ros2service:/home/anlh/ros2_humble/install/ros2run:/home/anlh/ros2_humble/install/ros2launch:/home/anlh/ros2_humble/install/ros2pkg:/home/anlh/ros2_humble/install/ros2node:/home/anlh/ros2_humble/install/ros2multicast:/home/anlh/ros2_humble/install/ros2interface:/home/anlh/ros2_humble/install/ros2doctor:/home/anlh/ros2_humble/install/ros2action:/home/anlh/ros2_humble/install/ros2cli:/home/anlh/ros2_humble/install/quality_of_service_demo_py:/home/anlh/ros2_humble/install/lifecycle_py:/home/anlh/ros2_humble/install/launch_testing_ros:/home/anlh/ros2_humble/install/launch_ros:/home/anlh/ros2_humble/install/examples_rclpy_pointcloud_publisher:/home/anlh/ros2_humble/install/examples_rclpy_minimal_subscriber:/home/anlh/ros2_humble/install/examples_rclpy_minimal_service:/home/anlh/ros2_humble/install/examples_rclpy_minimal_publisher:/home/anlh/ros2_humble/install/examples_rclpy_minimal_client:/home/anlh/ros2_humble/install/examples_rclpy_minimal_action_server:/home/anlh/ros2_humble/install/examples_rclpy_minimal_action_client:/home/anlh/ros2_humble/install/examples_rclpy_guard_conditions:/home/anlh/ros2_humble/install/examples_rclpy_executors:/home/anlh/ros2_humble/install/demo_nodes_py:/home/anlh/ros2_humble/install/action_tutorials_py:/home/anlh/ros2_humble/install/ament_uncrustify:/home/anlh/ros2_humble/install/tracetools_trace:/home/anlh/ros2_humble/install/tracetools_read:/home/anlh/ros2_humble/install/test_tracetools_launch:/home/anlh/ros2_humble/install/test_launch_ros:/home/anlh/ros2_humble/install/sensor_msgs_py:/home/anlh/ros2_humble/install/rpyutils:/home/anlh/ros2_humble/install/rosidl_runtime_py:/home/anlh/ros2_humble/install/rosidl_cli:/home/anlh/ros2_humble/install/launch_pytest:/home/anlh/ros2_humble/install/launch_testing:/home/anlh/ros2_humble/install/launch_yaml:/home/anlh/ros2_humble/install/launch_xml:/home/anlh/ros2_humble/install/launch:/home/anlh/ros2_humble/install/osrf_pycommon:/home/anlh/ros2_humble/install/launch_testing_examples:/home/anlh/ros2_humble/install/domain_coordinator:/home/anlh/ros2_humble/install/ament_xmllint:/home/anlh/ros2_humble/install/ament_pyflakes:/home/anlh/ros2_humble/install/ament_pycodestyle:/home/anlh/ros2_humble/install/ament_pep257:/home/anlh/ros2_humble/install/ament_pclint:/home/anlh/ros2_humble/install/ament_package:/home/anlh/ros2_humble/install/ament_mypy:/home/anlh/ros2_humble/install/ament_lint_cmake:/home/anlh/ros2_humble/install/ament_flake8:/home/anlh/ros2_humble/install/ament_copyright:/home/anlh/ros2_humble/install/ament_lint:/home/anlh/ros2_humble/install/ament_index_python:/home/anlh/ros2_humble/install/ament_cpplint:/home/anlh/ros2_humble/install/ament_cppcheck:/home/anlh/ros2_humble/install/ament_clang_tidy:/home/anlh/ros2_humble/install/ament_clang_format /usr/local/bin/cmake --build /home/anlh/DRL_Velocity_Obstacles/build/cnn_msgs -- -j16 -l16
[3.625s] [  3%] [34m[1mGenerating C code for ROS interfaces[0m
[3.637s] [  6%] [34m[1mGenerating C++ code for ROS interfaces[0m
[3.642s] [  6%] Built target ament_cmake_python_copy_cnn_msgs
[3.955s] [  6%] Built target cnn_msgs__cpp
[3.958s] [  9%] [32mBuilding C object CMakeFiles/cnn_msgs__rosidl_generator_c.dir/rosidl_generator_c/cnn_msgs/msg/detail/cnn_data__functions.c.o[0m
[3.967s] [ 19%] [34m[1mGenerating C++ type support dispatch for ROS interfaces[0m
[3.967s] [ 19%] [34m[1mGenerating C++ type support for eProsima Fast-RTPS[0m
[3.967s] [ 19%] [34m[1mGenerating C++ introspection for ROS interfaces[0m
[3.986s] running egg_info
[3.986s] creating cnn_msgs.egg-info
[3.986s] writing cnn_msgs.egg-info/PKG-INFO
[3.986s] writing dependency_links to cnn_msgs.egg-info/dependency_links.txt
[3.987s] writing top-level names to cnn_msgs.egg-info/top_level.txt
[3.987s] writing manifest file 'cnn_msgs.egg-info/SOURCES.txt'
[3.988s] reading manifest file 'cnn_msgs.egg-info/SOURCES.txt'
[3.989s] writing manifest file 'cnn_msgs.egg-info/SOURCES.txt'
[4.012s] [ 19%] Built target ament_cmake_python_build_cnn_msgs_egg
[4.014s] [ 22%] [32m[1mLinking C shared library libcnn_msgs__rosidl_generator_c.so[0m
[4.049s] [ 22%] Built target cnn_msgs__rosidl_generator_c
[4.062s] [ 32%] [34m[1mGenerating C introspection for ROS interfaces[0m
[4.062s] [ 32%] [34m[1mGenerating C type support dispatch for ROS interfaces[0m
[4.062s] [ 32%] [34m[1mGenerating C type support for eProsima Fast-RTPS[0m
[4.302s] [ 35%] [32mBuilding CXX object CMakeFiles/cnn_msgs__rosidl_typesupport_cpp.dir/rosidl_typesupport_cpp/cnn_msgs/msg/cnn_data__type_support.cpp.o[0m
[4.311s] [ 38%] [32mBuilding CXX object CMakeFiles/cnn_msgs__rosidl_typesupport_introspection_cpp.dir/rosidl_typesupport_introspection_cpp/cnn_msgs/msg/detail/cnn_data__type_support.cpp.o[0m
[4.320s] [ 41%] [32mBuilding CXX object CMakeFiles/cnn_msgs__rosidl_typesupport_fastrtps_cpp.dir/rosidl_typesupport_fastrtps_cpp/cnn_msgs/msg/detail/dds_fastrtps/cnn_data__type_support.cpp.o[0m
[4.390s] [ 45%] [32mBuilding CXX object CMakeFiles/cnn_msgs__rosidl_typesupport_c.dir/rosidl_typesupport_c/cnn_msgs/msg/cnn_data__type_support.cpp.o[0m
[4.411s] [ 51%] [32mBuilding C object CMakeFiles/cnn_msgs__rosidl_typesupport_introspection_c.dir/rosidl_typesupport_introspection_c/cnn_msgs/msg/detail/cnn_data__type_support.c.o[0m
[4.411s] [ 51%] [32mBuilding CXX object CMakeFiles/cnn_msgs__rosidl_typesupport_fastrtps_c.dir/rosidl_typesupport_fastrtps_c/cnn_msgs/msg/detail/cnn_data__type_support_c.cpp.o[0m
[4.422s] [ 54%] [32m[1mLinking CXX shared library libcnn_msgs__rosidl_typesupport_c.so[0m
[4.459s] [ 58%] [32m[1mLinking C shared library libcnn_msgs__rosidl_typesupport_introspection_c.so[0m
[4.463s] [ 58%] Built target cnn_msgs__rosidl_typesupport_c
[4.491s] [ 58%] Built target cnn_msgs__rosidl_typesupport_introspection_c
[4.504s] [ 61%] [32m[1mLinking CXX shared library libcnn_msgs__rosidl_typesupport_cpp.so[0m
[4.543s] [ 61%] Built target cnn_msgs__rosidl_typesupport_cpp
[4.613s] [ 64%] [32m[1mLinking CXX shared library libcnn_msgs__rosidl_typesupport_introspection_cpp.so[0m
[4.625s] [ 67%] [32m[1mLinking CXX shared library libcnn_msgs__rosidl_typesupport_fastrtps_cpp.so[0m
[4.641s] [ 70%] [32m[1mLinking CXX shared library libcnn_msgs__rosidl_typesupport_fastrtps_c.so[0m
[4.675s] [ 70%] Built target cnn_msgs__rosidl_typesupport_introspection_cpp
[4.688s] [ 70%] Built target cnn_msgs__rosidl_typesupport_fastrtps_cpp
[4.702s] [ 70%] Built target cnn_msgs__rosidl_typesupport_fastrtps_c
[4.724s] [ 70%] Built target cnn_msgs
[4.746s] [ 74%] [34m[1mGenerating Python code for ROS interfaces[0m
[5.139s] [ 74%] Built target cnn_msgs__py
[5.161s] [ 77%] [32mBuilding C object CMakeFiles/cnn_msgs__rosidl_generator_py.dir/rosidl_generator_py/cnn_msgs/msg/_cnn_data_s.c.o[0m
[5.269s] [ 80%] [32m[1mLinking C shared library rosidl_generator_py/cnn_msgs/libcnn_msgs__rosidl_generator_py.so[0m
[5.304s] [ 80%] Built target cnn_msgs__rosidl_generator_py
[5.326s] [ 90%] [32mBuilding C object CMakeFiles/cnn_msgs__rosidl_typesupport_fastrtps_c__pyext.dir/rosidl_generator_py/cnn_msgs/_cnn_msgs_s.ep.rosidl_typesupport_fastrtps_c.c.o[0m
[5.327s] [ 90%] [32mBuilding C object CMakeFiles/cnn_msgs__rosidl_typesupport_introspection_c__pyext.dir/rosidl_generator_py/cnn_msgs/_cnn_msgs_s.ep.rosidl_typesupport_introspection_c.c.o[0m
[5.327s] [ 90%] [32mBuilding C object CMakeFiles/cnn_msgs__rosidl_typesupport_c__pyext.dir/rosidl_generator_py/cnn_msgs/_cnn_msgs_s.ep.rosidl_typesupport_c.c.o[0m
[5.399s] [100%] [32m[1mLinking C shared library rosidl_generator_py/cnn_msgs/cnn_msgs_s__rosidl_typesupport_fastrtps_c.cpython-310-x86_64-linux-gnu.so[0m
[5.399s] [100%] [32m[1mLinking C shared library rosidl_generator_py/cnn_msgs/cnn_msgs_s__rosidl_typesupport_c.cpython-310-x86_64-linux-gnu.so[0m
[5.399s] [100%] [32m[1mLinking C shared library rosidl_generator_py/cnn_msgs/cnn_msgs_s__rosidl_typesupport_introspection_c.cpython-310-x86_64-linux-gnu.so[0m
[5.434s] [100%] Built target cnn_msgs__rosidl_typesupport_c__pyext
[5.434s] [100%] Built target cnn_msgs__rosidl_typesupport_fastrtps_c__pyext
[5.434s] [100%] Built target cnn_msgs__rosidl_typesupport_introspection_c__pyext
[5.440s] Invoked command in '/home/anlh/DRL_Velocity_Obstacles/build/cnn_msgs' returned '0': CMAKE_PREFIX_PATH=${CMAKE_PREFIX_PATH}:/home/anlh/turtlebot3_ws/install/turtlebot3_teleop:/home/anlh/turtlebot3_ws/install/turtlebot3_example:/opt/ros/humble:/home/anlh/ros2_humble/install/rqt_bag_plugins:/home/anlh/ros2_humble/install/rqt_bag:/home/anlh/ros2_humble/install/ros2bag:/home/anlh/ros2_humble/install/tracetools_test:/home/anlh/ros2_humble/install/tracetools_launch:/home/anlh/ros2_humble/install/topic_monitor:/home/anlh/ros2_humble/install/tf2_tools:/home/anlh/ros2_humble/install/examples_tf2_py:/home/anlh/ros2_humble/install/tf2_ros_py:/home/anlh/ros2_humble/install/sros2:/home/anlh/ros2_humble/install/rqt_topic:/home/anlh/ros2_humble/install/rqt_srv:/home/anlh/ros2_humble/install/rqt_shell:/home/anlh/ros2_humble/install/rqt_service_caller:/home/anlh/ros2_humble/install/rqt_reconfigure:/home/anlh/ros2_humble/install/rqt_py_console:/home/anlh/ros2_humble/install/rqt_publisher:/home/anlh/ros2_humble/install/rqt_plot:/home/anlh/ros2_humble/install/rqt_action:/home/anlh/ros2_humble/install/rqt_msg:/home/anlh/ros2_humble/install/rqt_console:/home/anlh/ros2_humble/install/rqt:/home/anlh/ros2_humble/install/rqt_graph:/home/anlh/ros2_humble/install/rqt_gui_py:/home/anlh/ros2_humble/install/rqt_gui:/home/anlh/ros2_humble/install/ros2trace:/home/anlh/ros2_humble/install/ros2topic:/home/anlh/ros2_humble/install/ros2test:/home/anlh/ros2_humble/install/ros2component:/home/anlh/ros2_humble/install/ros2param:/home/anlh/ros2_humble/install/ros2lifecycle:/home/anlh/ros2_humble/install/ros2service:/home/anlh/ros2_humble/install/ros2run:/home/anlh/ros2_humble/install/ros2launch:/home/anlh/ros2_humble/install/ros2pkg:/home/anlh/ros2_humble/install/ros2node:/home/anlh/ros2_humble/install/ros2multicast:/home/anlh/ros2_humble/install/ros2interface:/home/anlh/ros2_humble/install/ros2doctor:/home/anlh/ros2_humble/install/ros2action:/home/anlh/ros2_humble/install/ros2cli:/home/anlh/ros2_humble/install/quality_of_service_demo_py:/home/anlh/ros2_humble/install/lifecycle_py:/home/anlh/ros2_humble/install/launch_testing_ros:/home/anlh/ros2_humble/install/launch_ros:/home/anlh/ros2_humble/install/examples_rclpy_pointcloud_publisher:/home/anlh/ros2_humble/install/examples_rclpy_minimal_subscriber:/home/anlh/ros2_humble/install/examples_rclpy_minimal_service:/home/anlh/ros2_humble/install/examples_rclpy_minimal_publisher:/home/anlh/ros2_humble/install/examples_rclpy_minimal_client:/home/anlh/ros2_humble/install/examples_rclpy_minimal_action_server:/home/anlh/ros2_humble/install/examples_rclpy_minimal_action_client:/home/anlh/ros2_humble/install/examples_rclpy_guard_conditions:/home/anlh/ros2_humble/install/examples_rclpy_executors:/home/anlh/ros2_humble/install/demo_nodes_py:/home/anlh/ros2_humble/install/action_tutorials_py:/home/anlh/ros2_humble/install/ament_uncrustify:/home/anlh/ros2_humble/install/tracetools_trace:/home/anlh/ros2_humble/install/tracetools_read:/home/anlh/ros2_humble/install/test_tracetools_launch:/home/anlh/ros2_humble/install/test_launch_ros:/home/anlh/ros2_humble/install/sensor_msgs_py:/home/anlh/ros2_humble/install/rpyutils:/home/anlh/ros2_humble/install/rosidl_runtime_py:/home/anlh/ros2_humble/install/rosidl_cli:/home/anlh/ros2_humble/install/launch_pytest:/home/anlh/ros2_humble/install/launch_testing:/home/anlh/ros2_humble/install/launch_yaml:/home/anlh/ros2_humble/install/launch_xml:/home/anlh/ros2_humble/install/launch:/home/anlh/ros2_humble/install/osrf_pycommon:/home/anlh/ros2_humble/install/launch_testing_examples:/home/anlh/ros2_humble/install/domain_coordinator:/home/anlh/ros2_humble/install/ament_xmllint:/home/anlh/ros2_humble/install/ament_pyflakes:/home/anlh/ros2_humble/install/ament_pycodestyle:/home/anlh/ros2_humble/install/ament_pep257:/home/anlh/ros2_humble/install/ament_pclint:/home/anlh/ros2_humble/install/ament_package:/home/anlh/ros2_humble/install/ament_mypy:/home/anlh/ros2_humble/install/ament_lint_cmake:/home/anlh/ros2_humble/install/ament_flake8:/home/anlh/ros2_humble/install/ament_copyright:/home/anlh/ros2_humble/install/ament_lint:/home/anlh/ros2_humble/install/ament_index_python:/home/anlh/ros2_humble/install/ament_cpplint:/home/anlh/ros2_humble/install/ament_cppcheck:/home/anlh/ros2_humble/install/ament_clang_tidy:/home/anlh/ros2_humble/install/ament_clang_format /usr/local/bin/cmake --build /home/anlh/DRL_Velocity_Obstacles/build/cnn_msgs -- -j16 -l16
[5.630s] Invoking command in '/home/anlh/DRL_Velocity_Obstacles/build/cnn_msgs': CMAKE_PREFIX_PATH=${CMAKE_PREFIX_PATH}:/home/anlh/turtlebot3_ws/install/turtlebot3_teleop:/home/anlh/turtlebot3_ws/install/turtlebot3_example:/opt/ros/humble:/home/anlh/ros2_humble/install/rqt_bag_plugins:/home/anlh/ros2_humble/install/rqt_bag:/home/anlh/ros2_humble/install/ros2bag:/home/anlh/ros2_humble/install/tracetools_test:/home/anlh/ros2_humble/install/tracetools_launch:/home/anlh/ros2_humble/install/topic_monitor:/home/anlh/ros2_humble/install/tf2_tools:/home/anlh/ros2_humble/install/examples_tf2_py:/home/anlh/ros2_humble/install/tf2_ros_py:/home/anlh/ros2_humble/install/sros2:/home/anlh/ros2_humble/install/rqt_topic:/home/anlh/ros2_humble/install/rqt_srv:/home/anlh/ros2_humble/install/rqt_shell:/home/anlh/ros2_humble/install/rqt_service_caller:/home/anlh/ros2_humble/install/rqt_reconfigure:/home/anlh/ros2_humble/install/rqt_py_console:/home/anlh/ros2_humble/install/rqt_publisher:/home/anlh/ros2_humble/install/rqt_plot:/home/anlh/ros2_humble/install/rqt_action:/home/anlh/ros2_humble/install/rqt_msg:/home/anlh/ros2_humble/install/rqt_console:/home/anlh/ros2_humble/install/rqt:/home/anlh/ros2_humble/install/rqt_graph:/home/anlh/ros2_humble/install/rqt_gui_py:/home/anlh/ros2_humble/install/rqt_gui:/home/anlh/ros2_humble/install/ros2trace:/home/anlh/ros2_humble/install/ros2topic:/home/anlh/ros2_humble/install/ros2test:/home/anlh/ros2_humble/install/ros2component:/home/anlh/ros2_humble/install/ros2param:/home/anlh/ros2_humble/install/ros2lifecycle:/home/anlh/ros2_humble/install/ros2service:/home/anlh/ros2_humble/install/ros2run:/home/anlh/ros2_humble/install/ros2launch:/home/anlh/ros2_humble/install/ros2pkg:/home/anlh/ros2_humble/install/ros2node:/home/anlh/ros2_humble/install/ros2multicast:/home/anlh/ros2_humble/install/ros2interface:/home/anlh/ros2_humble/install/ros2doctor:/home/anlh/ros2_humble/install/ros2action:/home/anlh/ros2_humble/install/ros2cli:/home/anlh/ros2_humble/install/quality_of_service_demo_py:/home/anlh/ros2_humble/install/lifecycle_py:/home/anlh/ros2_humble/install/launch_testing_ros:/home/anlh/ros2_humble/install/launch_ros:/home/anlh/ros2_humble/install/examples_rclpy_pointcloud_publisher:/home/anlh/ros2_humble/install/examples_rclpy_minimal_subscriber:/home/anlh/ros2_humble/install/examples_rclpy_minimal_service:/home/anlh/ros2_humble/install/examples_rclpy_minimal_publisher:/home/anlh/ros2_humble/install/examples_rclpy_minimal_client:/home/anlh/ros2_humble/install/examples_rclpy_minimal_action_server:/home/anlh/ros2_humble/install/examples_rclpy_minimal_action_client:/home/anlh/ros2_humble/install/examples_rclpy_guard_conditions:/home/anlh/ros2_humble/install/examples_rclpy_executors:/home/anlh/ros2_humble/install/demo_nodes_py:/home/anlh/ros2_humble/install/action_tutorials_py:/home/anlh/ros2_humble/install/ament_uncrustify:/home/anlh/ros2_humble/install/tracetools_trace:/home/anlh/ros2_humble/install/tracetools_read:/home/anlh/ros2_humble/install/test_tracetools_launch:/home/anlh/ros2_humble/install/test_launch_ros:/home/anlh/ros2_humble/install/sensor_msgs_py:/home/anlh/ros2_humble/install/rpyutils:/home/anlh/ros2_humble/install/rosidl_runtime_py:/home/anlh/ros2_humble/install/rosidl_cli:/home/anlh/ros2_humble/install/launch_pytest:/home/anlh/ros2_humble/install/launch_testing:/home/anlh/ros2_humble/install/launch_yaml:/home/anlh/ros2_humble/install/launch_xml:/home/anlh/ros2_humble/install/launch:/home/anlh/ros2_humble/install/osrf_pycommon:/home/anlh/ros2_humble/install/launch_testing_examples:/home/anlh/ros2_humble/install/domain_coordinator:/home/anlh/ros2_humble/install/ament_xmllint:/home/anlh/ros2_humble/install/ament_pyflakes:/home/anlh/ros2_humble/install/ament_pycodestyle:/home/anlh/ros2_humble/install/ament_pep257:/home/anlh/ros2_humble/install/ament_pclint:/home/anlh/ros2_humble/install/ament_package:/home/anlh/ros2_humble/install/ament_mypy:/home/anlh/ros2_humble/install/ament_lint_cmake:/home/anlh/ros2_humble/install/ament_flake8:/home/anlh/ros2_humble/install/ament_copyright:/home/anlh/ros2_humble/install/ament_lint:/home/anlh/ros2_humble/install/ament_index_python:/home/anlh/ros2_humble/install/ament_cpplint:/home/anlh/ros2_humble/install/ament_cppcheck:/home/anlh/ros2_humble/install/ament_clang_tidy:/home/anlh/ros2_humble/install/ament_clang_format /usr/local/bin/cmake --install /home/anlh/DRL_Velocity_Obstacles/build/cnn_msgs
[5.635s] -- Install configuration: ""
[5.635s] -- Installing: /home/anlh/DRL_Velocity_Obstacles/install/cnn_msgs/share/ament_index/resource_index/rosidl_interfaces/cnn_msgs
[5.635s] -- Installing: /home/anlh/DRL_Velocity_Obstacles/install/cnn_msgs/include/cnn_msgs/cnn_msgs
[5.635s] -- Installing: /home/anlh/DRL_Velocity_Obstacles/install/cnn_msgs/include/cnn_msgs/cnn_msgs/msg
[5.635s] -- Installing: /home/anlh/DRL_Velocity_Obstacles/install/cnn_msgs/include/cnn_msgs/cnn_msgs/msg/rosidl_generator_c__visibility_control.h
[5.635s] -- Installing: /home/anlh/DRL_Velocity_Obstacles/install/cnn_msgs/include/cnn_msgs/cnn_msgs/msg/detail
[5.635s] -- Installing: /home/anlh/DRL_Velocity_Obstacles/install/cnn_msgs/include/cnn_msgs/cnn_msgs/msg/detail/cnn_data__functions.c
[5.635s] -- Installing: /home/anlh/DRL_Velocity_Obstacles/install/cnn_msgs/include/cnn_msgs/cnn_msgs/msg/detail/cnn_data__type_support.h
[5.635s] -- Installing: /home/anlh/DRL_Velocity_Obstacles/install/cnn_msgs/include/cnn_msgs/cnn_msgs/msg/detail/cnn_data__functions.h
[5.635s] -- Installing: /home/anlh/DRL_Velocity_Obstacles/install/cnn_msgs/include/cnn_msgs/cnn_msgs/msg/detail/cnn_data__struct.h
[5.635s] -- Installing: /home/anlh/DRL_Velocity_Obstacles/install/cnn_msgs/include/cnn_msgs/cnn_msgs/msg/cnn_data.h
[5.635s] -- Installing: /home/anlh/DRL_Velocity_Obstacles/install/cnn_msgs/share/cnn_msgs/environment/library_path.sh
[5.635s] -- Installing: /home/anlh/DRL_Velocity_Obstacles/install/cnn_msgs/share/cnn_msgs/environment/library_path.dsv
[5.635s] -- Installing: /home/anlh/DRL_Velocity_Obstacles/install/cnn_msgs/lib/libcnn_msgs__rosidl_generator_c.so
[5.636s] -- Set non-toolchain portion of runtime path of "/home/anlh/DRL_Velocity_Obstacles/install/cnn_msgs/lib/libcnn_msgs__rosidl_generator_c.so" to ""
[5.636s] -- Up-to-date: /home/anlh/DRL_Velocity_Obstacles/install/cnn_msgs/include/cnn_msgs/cnn_msgs
[5.636s] -- Up-to-date: /home/anlh/DRL_Velocity_Obstacles/install/cnn_msgs/include/cnn_msgs/cnn_msgs/msg
[5.636s] -- Installing: /home/anlh/DRL_Velocity_Obstacles/install/cnn_msgs/include/cnn_msgs/cnn_msgs/msg/rosidl_typesupport_fastrtps_c__visibility_control.h
[5.636s] -- Up-to-date: /home/anlh/DRL_Velocity_Obstacles/install/cnn_msgs/include/cnn_msgs/cnn_msgs/msg/detail
[5.636s] -- Installing: /home/anlh/DRL_Velocity_Obstacles/install/cnn_msgs/include/cnn_msgs/cnn_msgs/msg/detail/cnn_data__rosidl_typesupport_fastrtps_c.h
[5.636s] -- Installing: /home/anlh/DRL_Velocity_Obstacles/install/cnn_msgs/lib/libcnn_msgs__rosidl_typesupport_fastrtps_c.so
[5.636s] -- Set non-toolchain portion of runtime path of "/home/anlh/DRL_Velocity_Obstacles/install/cnn_msgs/lib/libcnn_msgs__rosidl_typesupport_fastrtps_c.so" to ""
[5.636s] -- Up-to-date: /home/anlh/DRL_Velocity_Obstacles/install/cnn_msgs/include/cnn_msgs/cnn_msgs
[5.636s] -- Up-to-date: /home/anlh/DRL_Velocity_Obstacles/install/cnn_msgs/include/cnn_msgs/cnn_msgs/msg
[5.636s] -- Up-to-date: /home/anlh/DRL_Velocity_Obstacles/install/cnn_msgs/include/cnn_msgs/cnn_msgs/msg/detail
[5.636s] -- Installing: /home/anlh/DRL_Velocity_Obstacles/install/cnn_msgs/include/cnn_msgs/cnn_msgs/msg/detail/cnn_data__type_support.c
[5.636s] -- Installing: /home/anlh/DRL_Velocity_Obstacles/install/cnn_msgs/include/cnn_msgs/cnn_msgs/msg/detail/cnn_data__rosidl_typesupport_introspection_c.h
[5.636s] -- Installing: /home/anlh/DRL_Velocity_Obstacles/install/cnn_msgs/include/cnn_msgs/cnn_msgs/msg/rosidl_typesupport_introspection_c__visibility_control.h
[5.636s] -- Installing: /home/anlh/DRL_Velocity_Obstacles/install/cnn_msgs/lib/libcnn_msgs__rosidl_typesupport_introspection_c.so
[5.636s] -- Set non-toolchain portion of runtime path of "/home/anlh/DRL_Velocity_Obstacles/install/cnn_msgs/lib/libcnn_msgs__rosidl_typesupport_introspection_c.so" to ""
[5.636s] -- Installing: /home/anlh/DRL_Velocity_Obstacles/install/cnn_msgs/lib/libcnn_msgs__rosidl_typesupport_c.so
[5.637s] -- Set non-toolchain portion of runtime path of "/home/anlh/DRL_Velocity_Obstacles/install/cnn_msgs/lib/libcnn_msgs__rosidl_typesupport_c.so" to ""
[5.637s] -- Up-to-date: /home/anlh/DRL_Velocity_Obstacles/install/cnn_msgs/include/cnn_msgs/cnn_msgs
[5.637s] -- Up-to-date: /home/anlh/DRL_Velocity_Obstacles/install/cnn_msgs/include/cnn_msgs/cnn_msgs/msg
[5.637s] -- Up-to-date: /home/anlh/DRL_Velocity_Obstacles/install/cnn_msgs/include/cnn_msgs/cnn_msgs/msg/detail
[5.637s] -- Installing: /home/anlh/DRL_Velocity_Obstacles/install/cnn_msgs/include/cnn_msgs/cnn_msgs/msg/detail/cnn_data__struct.hpp
[5.637s] -- Installing: /home/anlh/DRL_Velocity_Obstacles/install/cnn_msgs/include/cnn_msgs/cnn_msgs/msg/detail/cnn_data__builder.hpp
[5.637s] -- Installing: /home/anlh/DRL_Velocity_Obstacles/install/cnn_msgs/include/cnn_msgs/cnn_msgs/msg/detail/cnn_data__traits.hpp
[5.637s] -- Installing: /home/anlh/DRL_Velocity_Obstacles/install/cnn_msgs/include/cnn_msgs/cnn_msgs/msg/cnn_data.hpp
[5.637s] -- Up-to-date: /home/anlh/DRL_Velocity_Obstacles/install/cnn_msgs/include/cnn_msgs/cnn_msgs
[5.637s] -- Up-to-date: /home/anlh/DRL_Velocity_Obstacles/install/cnn_msgs/include/cnn_msgs/cnn_msgs/msg
[5.637s] -- Installing: /home/anlh/DRL_Velocity_Obstacles/install/cnn_msgs/include/cnn_msgs/cnn_msgs/msg/rosidl_typesupport_fastrtps_cpp__visibility_control.h
[5.637s] -- Up-to-date: /home/anlh/DRL_Velocity_Obstacles/install/cnn_msgs/include/cnn_msgs/cnn_msgs/msg/detail
[5.637s] -- Installing: /home/anlh/DRL_Velocity_Obstacles/install/cnn_msgs/include/cnn_msgs/cnn_msgs/msg/detail/dds_fastrtps
[5.637s] -- Installing: /home/anlh/DRL_Velocity_Obstacles/install/cnn_msgs/include/cnn_msgs/cnn_msgs/msg/detail/cnn_data__rosidl_typesupport_fastrtps_cpp.hpp
[5.637s] -- Installing: /home/anlh/DRL_Velocity_Obstacles/install/cnn_msgs/lib/libcnn_msgs__rosidl_typesupport_fastrtps_cpp.so
[5.637s] -- Set non-toolchain portion of runtime path of "/home/anlh/DRL_Velocity_Obstacles/install/cnn_msgs/lib/libcnn_msgs__rosidl_typesupport_fastrtps_cpp.so" to ""
[5.637s] -- Up-to-date: /home/anlh/DRL_Velocity_Obstacles/install/cnn_msgs/include/cnn_msgs/cnn_msgs
[5.637s] -- Up-to-date: /home/anlh/DRL_Velocity_Obstacles/install/cnn_msgs/include/cnn_msgs/cnn_msgs/msg
[5.637s] -- Up-to-date: /home/anlh/DRL_Velocity_Obstacles/install/cnn_msgs/include/cnn_msgs/cnn_msgs/msg/detail
[5.637s] -- Installing: /home/anlh/DRL_Velocity_Obstacles/install/cnn_msgs/include/cnn_msgs/cnn_msgs/msg/detail/cnn_data__type_support.cpp
[5.637s] -- Installing: /home/anlh/DRL_Velocity_Obstacles/install/cnn_msgs/include/cnn_msgs/cnn_msgs/msg/detail/cnn_data__rosidl_typesupport_introspection_cpp.hpp
[5.637s] -- Installing: /home/anlh/DRL_Velocity_Obstacles/install/cnn_msgs/lib/libcnn_msgs__rosidl_typesupport_introspection_cpp.so
[5.638s] -- Set non-toolchain portion of runtime path of "/home/anlh/DRL_Velocity_Obstacles/install/cnn_msgs/lib/libcnn_msgs__rosidl_typesupport_introspection_cpp.so" to ""
[5.638s] -- Installing: /home/anlh/DRL_Velocity_Obstacles/install/cnn_msgs/lib/libcnn_msgs__rosidl_typesupport_cpp.so
[5.638s] -- Set non-toolchain portion of runtime path of "/home/anlh/DRL_Velocity_Obstacles/install/cnn_msgs/lib/libcnn_msgs__rosidl_typesupport_cpp.so" to ""
[5.638s] -- Installing: /home/anlh/DRL_Velocity_Obstacles/install/cnn_msgs/share/cnn_msgs/environment/pythonpath.sh
[5.638s] -- Installing: /home/anlh/DRL_Velocity_Obstacles/install/cnn_msgs/share/cnn_msgs/environment/pythonpath.dsv
[5.638s] -- Installing: /home/anlh/DRL_Velocity_Obstacles/install/cnn_msgs/local/lib/python3.10/dist-packages/cnn_msgs-1.1.3-py3.10.egg-info
[5.638s] -- Installing: /home/anlh/DRL_Velocity_Obstacles/install/cnn_msgs/local/lib/python3.10/dist-packages/cnn_msgs-1.1.3-py3.10.egg-info/dependency_links.txt
[5.638s] -- Installing: /home/anlh/DRL_Velocity_Obstacles/install/cnn_msgs/local/lib/python3.10/dist-packages/cnn_msgs-1.1.3-py3.10.egg-info/PKG-INFO
[5.638s] -- Installing: /home/anlh/DRL_Velocity_Obstacles/install/cnn_msgs/local/lib/python3.10/dist-packages/cnn_msgs-1.1.3-py3.10.egg-info/SOURCES.txt
[5.638s] -- Installing: /home/anlh/DRL_Velocity_Obstacles/install/cnn_msgs/local/lib/python3.10/dist-packages/cnn_msgs-1.1.3-py3.10.egg-info/top_level.txt
[5.638s] -- Installing: /home/anlh/DRL_Velocity_Obstacles/install/cnn_msgs/local/lib/python3.10/dist-packages/cnn_msgs
[5.638s] -- Installing: /home/anlh/DRL_Velocity_Obstacles/install/cnn_msgs/local/lib/python3.10/dist-packages/cnn_msgs/cnn_msgs_s__rosidl_typesupport_c.cpython-310-x86_64-linux-gnu.so
[5.638s] -- Installing: /home/anlh/DRL_Velocity_Obstacles/install/cnn_msgs/local/lib/python3.10/dist-packages/cnn_msgs/__init__.py
[5.638s] -- Installing: /home/anlh/DRL_Velocity_Obstacles/install/cnn_msgs/local/lib/python3.10/dist-packages/cnn_msgs/msg
[5.638s] -- Installing: /home/anlh/DRL_Velocity_Obstacles/install/cnn_msgs/local/lib/python3.10/dist-packages/cnn_msgs/msg/__init__.py
[5.638s] -- Installing: /home/anlh/DRL_Velocity_Obstacles/install/cnn_msgs/local/lib/python3.10/dist-packages/cnn_msgs/msg/_cnn_data_s.c
[5.638s] -- Installing: /home/anlh/DRL_Velocity_Obstacles/install/cnn_msgs/local/lib/python3.10/dist-packages/cnn_msgs/msg/_cnn_data.py
[5.639s] -- Installing: /home/anlh/DRL_Velocity_Obstacles/install/cnn_msgs/local/lib/python3.10/dist-packages/cnn_msgs/_cnn_msgs_s.ep.rosidl_typesupport_introspection_c.c
[5.639s] -- Installing: /home/anlh/DRL_Velocity_Obstacles/install/cnn_msgs/local/lib/python3.10/dist-packages/cnn_msgs/cnn_msgs_s__rosidl_typesupport_introspection_c.cpython-310-x86_64-linux-gnu.so
[5.639s] -- Installing: /home/anlh/DRL_Velocity_Obstacles/install/cnn_msgs/local/lib/python3.10/dist-packages/cnn_msgs/libcnn_msgs__rosidl_generator_py.so
[5.639s] -- Installing: /home/anlh/DRL_Velocity_Obstacles/install/cnn_msgs/local/lib/python3.10/dist-packages/cnn_msgs/cnn_msgs_s__rosidl_typesupport_fastrtps_c.cpython-310-x86_64-linux-gnu.so
[5.639s] -- Installing: /home/anlh/DRL_Velocity_Obstacles/install/cnn_msgs/local/lib/python3.10/dist-packages/cnn_msgs/_cnn_msgs_s.ep.rosidl_typesupport_c.c
[5.639s] -- Installing: /home/anlh/DRL_Velocity_Obstacles/install/cnn_msgs/local/lib/python3.10/dist-packages/cnn_msgs/_cnn_msgs_s.ep.rosidl_typesupport_fastrtps_c.c
[5.728s] Listing '/home/anlh/DRL_Velocity_Obstacles/install/cnn_msgs/local/lib/python3.10/dist-packages/cnn_msgs'...
[5.728s] Compiling '/home/anlh/DRL_Velocity_Obstacles/install/cnn_msgs/local/lib/python3.10/dist-packages/cnn_msgs/__init__.py'...
[5.728s] Listing '/home/anlh/DRL_Velocity_Obstacles/install/cnn_msgs/local/lib/python3.10/dist-packages/cnn_msgs/msg'...
[5.728s] Compiling '/home/anlh/DRL_Velocity_Obstacles/install/cnn_msgs/local/lib/python3.10/dist-packages/cnn_msgs/msg/__init__.py'...
[5.728s] Compiling '/home/anlh/DRL_Velocity_Obstacles/install/cnn_msgs/local/lib/python3.10/dist-packages/cnn_msgs/msg/_cnn_data.py'...
[5.731s] -- Installing: /home/anlh/DRL_Velocity_Obstacles/install/cnn_msgs/local/lib/python3.10/dist-packages/cnn_msgs/cnn_msgs_s__rosidl_typesupport_fastrtps_c.cpython-310-x86_64-linux-gnu.so
[5.731s] -- Set non-toolchain portion of runtime path of "/home/anlh/DRL_Velocity_Obstacles/install/cnn_msgs/local/lib/python3.10/dist-packages/cnn_msgs/cnn_msgs_s__rosidl_typesupport_fastrtps_c.cpython-310-x86_64-linux-gnu.so" to ""
[5.731s] -- Installing: /home/anlh/DRL_Velocity_Obstacles/install/cnn_msgs/local/lib/python3.10/dist-packages/cnn_msgs/cnn_msgs_s__rosidl_typesupport_introspection_c.cpython-310-x86_64-linux-gnu.so
[5.731s] -- Set non-toolchain portion of runtime path of "/home/anlh/DRL_Velocity_Obstacles/install/cnn_msgs/local/lib/python3.10/dist-packages/cnn_msgs/cnn_msgs_s__rosidl_typesupport_introspection_c.cpython-310-x86_64-linux-gnu.so" to ""
[5.731s] -- Installing: /home/anlh/DRL_Velocity_Obstacles/install/cnn_msgs/local/lib/python3.10/dist-packages/cnn_msgs/cnn_msgs_s__rosidl_typesupport_c.cpython-310-x86_64-linux-gnu.so
[5.732s] -- Set non-toolchain portion of runtime path of "/home/anlh/DRL_Velocity_Obstacles/install/cnn_msgs/local/lib/python3.10/dist-packages/cnn_msgs/cnn_msgs_s__rosidl_typesupport_c.cpython-310-x86_64-linux-gnu.so" to ""
[5.732s] -- Installing: /home/anlh/DRL_Velocity_Obstacles/install/cnn_msgs/lib/libcnn_msgs__rosidl_generator_py.so
[5.732s] -- Set non-toolchain portion of runtime path of "/home/anlh/DRL_Velocity_Obstacles/install/cnn_msgs/lib/libcnn_msgs__rosidl_generator_py.so" to ""
[5.732s] -- Installing: /home/anlh/DRL_Velocity_Obstacles/install/cnn_msgs/share/cnn_msgs/msg/CnnData.idl
[5.732s] -- Installing: /home/anlh/DRL_Velocity_Obstacles/install/cnn_msgs/share/cnn_msgs/msg/CnnData.msg
[5.732s] -- Installing: /home/anlh/DRL_Velocity_Obstacles/install/cnn_msgs/share/ament_index/resource_index/package_run_dependencies/cnn_msgs
[5.732s] -- Installing: /home/anlh/DRL_Velocity_Obstacles/install/cnn_msgs/share/ament_index/resource_index/parent_prefix_path/cnn_msgs
[5.732s] -- Installing: /home/anlh/DRL_Velocity_Obstacles/install/cnn_msgs/share/cnn_msgs/environment/ament_prefix_path.sh
[5.732s] -- Installing: /home/anlh/DRL_Velocity_Obstacles/install/cnn_msgs/share/cnn_msgs/environment/ament_prefix_path.dsv
[5.732s] -- Installing: /home/anlh/DRL_Velocity_Obstacles/install/cnn_msgs/share/cnn_msgs/environment/path.sh
[5.732s] -- Installing: /home/anlh/DRL_Velocity_Obstacles/install/cnn_msgs/share/cnn_msgs/environment/path.dsv
[5.732s] -- Installing: /home/anlh/DRL_Velocity_Obstacles/install/cnn_msgs/share/cnn_msgs/local_setup.bash
[5.733s] -- Installing: /home/anlh/DRL_Velocity_Obstacles/install/cnn_msgs/share/cnn_msgs/local_setup.sh
[5.733s] -- Installing: /home/anlh/DRL_Velocity_Obstacles/install/cnn_msgs/share/cnn_msgs/local_setup.zsh
[5.733s] -- Installing: /home/anlh/DRL_Velocity_Obstacles/install/cnn_msgs/share/cnn_msgs/local_setup.dsv
[5.733s] -- Installing: /home/anlh/DRL_Velocity_Obstacles/install/cnn_msgs/share/cnn_msgs/package.dsv
[5.733s] -- Installing: /home/anlh/DRL_Velocity_Obstacles/install/cnn_msgs/share/ament_index/resource_index/packages/cnn_msgs
[5.733s] -- Installing: /home/anlh/DRL_Velocity_Obstacles/install/cnn_msgs/share/cnn_msgs/cmake/export_cnn_msgs__rosidl_generator_cExport.cmake
[5.733s] -- Installing: /home/anlh/DRL_Velocity_Obstacles/install/cnn_msgs/share/cnn_msgs/cmake/export_cnn_msgs__rosidl_generator_cExport-noconfig.cmake
[5.733s] -- Installing: /home/anlh/DRL_Velocity_Obstacles/install/cnn_msgs/share/cnn_msgs/cmake/export_cnn_msgs__rosidl_typesupport_fastrtps_cExport.cmake
[5.733s] -- Installing: /home/anlh/DRL_Velocity_Obstacles/install/cnn_msgs/share/cnn_msgs/cmake/export_cnn_msgs__rosidl_typesupport_fastrtps_cExport-noconfig.cmake
[5.733s] -- Installing: /home/anlh/DRL_Velocity_Obstacles/install/cnn_msgs/share/cnn_msgs/cmake/cnn_msgs__rosidl_typesupport_introspection_cExport.cmake
[5.733s] -- Installing: /home/anlh/DRL_Velocity_Obstacles/install/cnn_msgs/share/cnn_msgs/cmake/cnn_msgs__rosidl_typesupport_introspection_cExport-noconfig.cmake
[5.733s] -- Installing: /home/anlh/DRL_Velocity_Obstacles/install/cnn_msgs/share/cnn_msgs/cmake/cnn_msgs__rosidl_typesupport_cExport.cmake
[5.733s] -- Installing: /home/anlh/DRL_Velocity_Obstacles/install/cnn_msgs/share/cnn_msgs/cmake/cnn_msgs__rosidl_typesupport_cExport-noconfig.cmake
[5.733s] -- Installing: /home/anlh/DRL_Velocity_Obstacles/install/cnn_msgs/share/cnn_msgs/cmake/export_cnn_msgs__rosidl_generator_cppExport.cmake
[5.733s] -- Installing: /home/anlh/DRL_Velocity_Obstacles/install/cnn_msgs/share/cnn_msgs/cmake/export_cnn_msgs__rosidl_typesupport_fastrtps_cppExport.cmake
[5.734s] -- Installing: /home/anlh/DRL_Velocity_Obstacles/install/cnn_msgs/share/cnn_msgs/cmake/export_cnn_msgs__rosidl_typesupport_fastrtps_cppExport-noconfig.cmake
[5.734s] -- Installing: /home/anlh/DRL_Velocity_Obstacles/install/cnn_msgs/share/cnn_msgs/cmake/cnn_msgs__rosidl_typesupport_introspection_cppExport.cmake
[5.734s] -- Installing: /home/anlh/DRL_Velocity_Obstacles/install/cnn_msgs/share/cnn_msgs/cmake/cnn_msgs__rosidl_typesupport_introspection_cppExport-noconfig.cmake
[5.734s] -- Installing: /home/anlh/DRL_Velocity_Obstacles/install/cnn_msgs/share/cnn_msgs/cmake/cnn_msgs__rosidl_typesupport_cppExport.cmake
[5.734s] -- Installing: /home/anlh/DRL_Velocity_Obstacles/install/cnn_msgs/share/cnn_msgs/cmake/cnn_msgs__rosidl_typesupport_cppExport-noconfig.cmake
[5.734s] -- Installing: /home/anlh/DRL_Velocity_Obstacles/install/cnn_msgs/share/cnn_msgs/cmake/export_cnn_msgs__rosidl_generator_pyExport.cmake
[5.734s] -- Installing: /home/anlh/DRL_Velocity_Obstacles/install/cnn_msgs/share/cnn_msgs/cmake/export_cnn_msgs__rosidl_generator_pyExport-noconfig.cmake
[5.734s] -- Installing: /home/anlh/DRL_Velocity_Obstacles/install/cnn_msgs/share/cnn_msgs/cmake/rosidl_cmake-extras.cmake
[5.734s] -- Installing: /home/anlh/DRL_Velocity_Obstacles/install/cnn_msgs/share/cnn_msgs/cmake/ament_cmake_export_dependencies-extras.cmake
[5.734s] -- Installing: /home/anlh/DRL_Velocity_Obstacles/install/cnn_msgs/share/cnn_msgs/cmake/ament_cmake_export_include_directories-extras.cmake
[5.734s] -- Installing: /home/anlh/DRL_Velocity_Obstacles/install/cnn_msgs/share/cnn_msgs/cmake/ament_cmake_export_libraries-extras.cmake
[5.734s] -- Installing: /home/anlh/DRL_Velocity_Obstacles/install/cnn_msgs/share/cnn_msgs/cmake/ament_cmake_export_targets-extras.cmake
[5.734s] -- Installing: /home/anlh/DRL_Velocity_Obstacles/install/cnn_msgs/share/cnn_msgs/cmake/rosidl_cmake_export_typesupport_targets-extras.cmake
[5.734s] -- Installing: /home/anlh/DRL_Velocity_Obstacles/install/cnn_msgs/share/cnn_msgs/cmake/rosidl_cmake_export_typesupport_libraries-extras.cmake
[5.734s] -- Installing: /home/anlh/DRL_Velocity_Obstacles/install/cnn_msgs/share/cnn_msgs/cmake/cnn_msgsConfig.cmake
[5.735s] -- Installing: /home/anlh/DRL_Velocity_Obstacles/install/cnn_msgs/share/cnn_msgs/cmake/cnn_msgsConfig-version.cmake
[5.735s] -- Installing: /home/anlh/DRL_Velocity_Obstacles/install/cnn_msgs/share/cnn_msgs/package.xml
[5.736s] Invoked command in '/home/anlh/DRL_Velocity_Obstacles/build/cnn_msgs' returned '0': CMAKE_PREFIX_PATH=${CMAKE_PREFIX_PATH}:/home/anlh/turtlebot3_ws/install/turtlebot3_teleop:/home/anlh/turtlebot3_ws/install/turtlebot3_example:/opt/ros/humble:/home/anlh/ros2_humble/install/rqt_bag_plugins:/home/anlh/ros2_humble/install/rqt_bag:/home/anlh/ros2_humble/install/ros2bag:/home/anlh/ros2_humble/install/tracetools_test:/home/anlh/ros2_humble/install/tracetools_launch:/home/anlh/ros2_humble/install/topic_monitor:/home/anlh/ros2_humble/install/tf2_tools:/home/anlh/ros2_humble/install/examples_tf2_py:/home/anlh/ros2_humble/install/tf2_ros_py:/home/anlh/ros2_humble/install/sros2:/home/anlh/ros2_humble/install/rqt_topic:/home/anlh/ros2_humble/install/rqt_srv:/home/anlh/ros2_humble/install/rqt_shell:/home/anlh/ros2_humble/install/rqt_service_caller:/home/anlh/ros2_humble/install/rqt_reconfigure:/home/anlh/ros2_humble/install/rqt_py_console:/home/anlh/ros2_humble/install/rqt_publisher:/home/anlh/ros2_humble/install/rqt_plot:/home/anlh/ros2_humble/install/rqt_action:/home/anlh/ros2_humble/install/rqt_msg:/home/anlh/ros2_humble/install/rqt_console:/home/anlh/ros2_humble/install/rqt:/home/anlh/ros2_humble/install/rqt_graph:/home/anlh/ros2_humble/install/rqt_gui_py:/home/anlh/ros2_humble/install/rqt_gui:/home/anlh/ros2_humble/install/ros2trace:/home/anlh/ros2_humble/install/ros2topic:/home/anlh/ros2_humble/install/ros2test:/home/anlh/ros2_humble/install/ros2component:/home/anlh/ros2_humble/install/ros2param:/home/anlh/ros2_humble/install/ros2lifecycle:/home/anlh/ros2_humble/install/ros2service:/home/anlh/ros2_humble/install/ros2run:/home/anlh/ros2_humble/install/ros2launch:/home/anlh/ros2_humble/install/ros2pkg:/home/anlh/ros2_humble/install/ros2node:/home/anlh/ros2_humble/install/ros2multicast:/home/anlh/ros2_humble/install/ros2interface:/home/anlh/ros2_humble/install/ros2doctor:/home/anlh/ros2_humble/install/ros2action:/home/anlh/ros2_humble/install/ros2cli:/home/anlh/ros2_humble/install/quality_of_service_demo_py:/home/anlh/ros2_humble/install/lifecycle_py:/home/anlh/ros2_humble/install/launch_testing_ros:/home/anlh/ros2_humble/install/launch_ros:/home/anlh/ros2_humble/install/examples_rclpy_pointcloud_publisher:/home/anlh/ros2_humble/install/examples_rclpy_minimal_subscriber:/home/anlh/ros2_humble/install/examples_rclpy_minimal_service:/home/anlh/ros2_humble/install/examples_rclpy_minimal_publisher:/home/anlh/ros2_humble/install/examples_rclpy_minimal_client:/home/anlh/ros2_humble/install/examples_rclpy_minimal_action_server:/home/anlh/ros2_humble/install/examples_rclpy_minimal_action_client:/home/anlh/ros2_humble/install/examples_rclpy_guard_conditions:/home/anlh/ros2_humble/install/examples_rclpy_executors:/home/anlh/ros2_humble/install/demo_nodes_py:/home/anlh/ros2_humble/install/action_tutorials_py:/home/anlh/ros2_humble/install/ament_uncrustify:/home/anlh/ros2_humble/install/tracetools_trace:/home/anlh/ros2_humble/install/tracetools_read:/home/anlh/ros2_humble/install/test_tracetools_launch:/home/anlh/ros2_humble/install/test_launch_ros:/home/anlh/ros2_humble/install/sensor_msgs_py:/home/anlh/ros2_humble/install/rpyutils:/home/anlh/ros2_humble/install/rosidl_runtime_py:/home/anlh/ros2_humble/install/rosidl_cli:/home/anlh/ros2_humble/install/launch_pytest:/home/anlh/ros2_humble/install/launch_testing:/home/anlh/ros2_humble/install/launch_yaml:/home/anlh/ros2_humble/install/launch_xml:/home/anlh/ros2_humble/install/launch:/home/anlh/ros2_humble/install/osrf_pycommon:/home/anlh/ros2_humble/install/launch_testing_examples:/home/anlh/ros2_humble/install/domain_coordinator:/home/anlh/ros2_humble/install/ament_xmllint:/home/anlh/ros2_humble/install/ament_pyflakes:/home/anlh/ros2_humble/install/ament_pycodestyle:/home/anlh/ros2_humble/install/ament_pep257:/home/anlh/ros2_humble/install/ament_pclint:/home/anlh/ros2_humble/install/ament_package:/home/anlh/ros2_humble/install/ament_mypy:/home/anlh/ros2_humble/install/ament_lint_cmake:/home/anlh/ros2_humble/install/ament_flake8:/home/anlh/ros2_humble/install/ament_copyright:/home/anlh/ros2_humble/install/ament_lint:/home/anlh/ros2_humble/install/ament_index_python:/home/anlh/ros2_humble/install/ament_cpplint:/home/anlh/ros2_humble/install/ament_cppcheck:/home/anlh/ros2_humble/install/ament_clang_tidy:/home/anlh/ros2_humble/install/ament_clang_format /usr/local/bin/cmake --install /home/anlh/DRL_Velocity_Obstacles/build/cnn_msgs
